[2024-09-16 23:54:23]
CONSTANTS:
  device_count              1
  seed                      0
  tau                       1/6 pi^-1
  I0                        1.25
  eps                       1e-06
  Nout                      20
  w_scale                   0.5
  T                         2
  K                         700
  dt                        0.001
  gamma                     0.01
  Nbatch                    1000
  lr                        0.004
  tau_lr                    100
  beta1                     0.9
  beta2                     0.999
  p_flip                    0
  Nepochs                   50
  Ntrain                    None
  Nin                       700
  Nsamples                  3
  normalize_times           1
[2024-09-16 23:54:23]
VARIABLES: Nin_virtual, Nhidden, Nlayer
[2024-09-16 23:54:39]
120 configs remaining (~11h 32m 10s, ETA: 11:26:49, based on a mean trial duration of 346.1s)
[2024-09-16 23:54:39]
========== CONFIG 1 ==========
Nin_virtual               1
Nhidden                   100
Nlayer                    2
[2024-09-16 23:54:39]
Starting trial 72c0c2eac27447d2e8e9b8ecea3b8c47.
[2024-09-16 23:56:25]
acc_max_epoch             24
acc_max_mean              0.434
acc_max_std               0.00903
[2024-09-16 23:56:25]
Finished trial 72c0c2eac27447d2e8e9b8ecea3b8c47 after 105.9s
[2024-09-16 23:56:41]
119 configs remaining (~11h 22m 26s, ETA: 11:19:07, based on a mean trial duration of 344.1s)
[2024-09-16 23:56:41]
========== CONFIG 2 ==========
Nin_virtual               4
Nhidden                   100
Nlayer                    2
[2024-09-16 23:56:41]
Starting trial 08c15974c4e55e5e323124b948d6758f.
[2024-09-16 23:58:19]
acc_max_epoch             50
acc_max_mean              0.585
acc_max_std               0.0279
[2024-09-16 23:58:19]
Finished trial 08c15974c4e55e5e323124b948d6758f after 98.5s
[2024-09-16 23:58:35]
118 configs remaining (~11h 5m 29s, ETA: 11:04:05, based on a mean trial duration of 338.4s)
[2024-09-16 23:58:35]
========== CONFIG 3 ==========
Nin_virtual               8
Nhidden                   100
Nlayer                    2
[2024-09-16 23:58:35]
Starting trial 1869fbae000104e16ba8ba85d8cc1ae7.
[2024-09-17 00:00:26]
acc_max_epoch             27
acc_max_mean              0.579
acc_max_std               0.0448
[2024-09-17 00:00:26]
Finished trial 1869fbae000104e16ba8ba85d8cc1ae7 after 110.4s
[2024-09-17 00:00:42]
117 configs remaining (~10h 49m 17s, ETA: 10:49:59, based on a mean trial duration of 333.0s)
[2024-09-17 00:00:42]
========== CONFIG 4 ==========
Nin_virtual               16
Nhidden                   100
Nlayer                    2
[2024-09-17 00:00:42]
Starting trial 07402a511346f2149ffc985476e16c38.
[2024-09-17 00:02:59]
acc_max_epoch             45
acc_max_mean              0.553
acc_max_std               0.0434
[2024-09-17 00:02:59]
Finished trial 07402a511346f2149ffc985476e16c38 after 136.9s
[2024-09-17 00:03:16]
116 configs remaining (~10h 34m 30s, ETA: 10:37:46, based on a mean trial duration of 328.2s)
[2024-09-17 00:03:16]
========== CONFIG 5 ==========
Nin_virtual               32
Nhidden                   100
Nlayer                    2
[2024-09-17 00:03:16]
Starting trial 0d2887624017bd2e9b29937bca8427d7.
[2024-09-17 00:05:45]
acc_max_epoch             34
acc_max_mean              0.518
acc_max_std               0.0216
[2024-09-17 00:05:45]
Finished trial 0d2887624017bd2e9b29937bca8427d7 after 149.0s
[2024-09-17 00:06:01]
115 configs remaining (~10h 20m 42s, ETA: 10:26:44, based on a mean trial duration of 323.9s)
[2024-09-17 00:06:01]
========== CONFIG 6 ==========
Nin_virtual               48
Nhidden                   100
Nlayer                    2
[2024-09-17 00:06:01]
Starting trial ce7b05d30344edf722f6553643e06726.
[2024-09-17 00:08:36]
acc_max_epoch             49
acc_max_mean              0.51
acc_max_std               0.0146
[2024-09-17 00:08:36]
Finished trial ce7b05d30344edf722f6553643e06726 after 154.8s
[2024-09-17 00:08:53]
114 configs remaining (~10h 10m 11s, ETA: 10:19:04, based on a mean trial duration of 321.2s)
[2024-09-17 00:08:53]
========== CONFIG 7 ==========
Nin_virtual               64
Nhidden                   100
Nlayer                    2
[2024-09-17 00:08:53]
Starting trial 87dfb67dbf740b6a6c31a3281f78bc16.
[2024-09-17 00:11:34]
acc_max_epoch             26
acc_max_mean              0.485
acc_max_std               0.0198
[2024-09-17 00:11:34]
Finished trial 87dfb67dbf740b6a6c31a3281f78bc16 after 160.8s
[2024-09-17 00:11:51]
113 configs remaining (~10h 8m 32s, ETA: 10:20:24, based on a mean trial duration of 323.1s)
[2024-09-17 00:11:51]
========== CONFIG 8 ==========
Nin_virtual               80
Nhidden                   100
Nlayer                    2
[2024-09-17 00:11:51]
Starting trial d9fbfe474905ff6bb3c184b2d15dbbf0.
[2024-09-17 00:14:40]
acc_max_epoch             41
acc_max_mean              0.489
acc_max_std               0.0322
[2024-09-17 00:14:40]
Finished trial d9fbfe474905ff6bb3c184b2d15dbbf0 after 169.0s
[2024-09-17 00:14:58]
112 configs remaining (~9h 57m 6s, ETA: 10:12:05, based on a mean trial duration of 319.9s)
[2024-09-17 00:14:58]
========== CONFIG 9 ==========
Nin_virtual               100
Nhidden                   100
Nlayer                    2
[2024-09-17 00:14:58]
Starting trial b6542165ed5a32a815d4944a077c0ed7.
[2024-09-17 00:17:52]
acc_max_epoch             35
acc_max_mean              0.497
acc_max_std               0.0336
[2024-09-17 00:17:52]
Finished trial b6542165ed5a32a815d4944a077c0ed7 after 174.0s
[2024-09-17 00:18:09]
111 configs remaining (~9h 46m 16s, ETA: 10:04:26, based on a mean trial duration of 316.9s)
[2024-09-17 00:18:09]
========== CONFIG 10 ==========
Nin_virtual               120
Nhidden                   100
Nlayer                    2
[2024-09-17 00:18:09]
Starting trial 61eb52735d6abcb8ddda4e53fdf13f4a.
[2024-09-17 00:21:07]
acc_max_epoch             31
acc_max_mean              0.504
acc_max_std               0.0222
[2024-09-17 00:21:07]
Finished trial 61eb52735d6abcb8ddda4e53fdf13f4a after 177.9s
[2024-09-17 00:21:26]
110 configs remaining (~9h 35m 54s, ETA: 09:57:20, based on a mean trial duration of 314.1s)
[2024-09-17 00:21:26]
========== CONFIG 11 ==========
Nin_virtual               1
Nhidden                   200
Nlayer                    2
[2024-09-17 00:21:26]
Starting trial a202423ae927429bbed3e485b6315321.
[2024-09-17 00:23:25]
acc_max_epoch             44
acc_max_mean              0.442
acc_max_std               0.0259
[2024-09-17 00:23:25]
Finished trial a202423ae927429bbed3e485b6315321 after 119.1s
[2024-09-17 00:23:44]
109 configs remaining (~9h 24m 34s, ETA: 09:48:19, based on a mean trial duration of 310.8s)
[2024-09-17 00:23:44]
========== CONFIG 12 ==========
Nin_virtual               1
Nhidden                   300
Nlayer                    2
[2024-09-17 00:23:44]
Starting trial d67bffaa140aa3ea4e1c73dee907ed08.
[2024-09-17 00:26:04]
acc_max_epoch             44
acc_max_mean              0.434
acc_max_std               0.0389
[2024-09-17 00:26:04]
Finished trial d67bffaa140aa3ea4e1c73dee907ed08 after 140.6s
[2024-09-17 00:26:23]
108 configs remaining (~9h 15m 21s, ETA: 09:41:44, based on a mean trial duration of 308.5s)
[2024-09-17 00:26:23]
========== CONFIG 13 ==========
Nin_virtual               1
Nhidden                   400
Nlayer                    2
[2024-09-17 00:26:23]
Starting trial f3e61063b5a2787f04f7fa6260d5d547.
[2024-09-17 00:29:07]
acc_max_epoch             50
acc_max_mean              0.435
acc_max_std               0.0271
[2024-09-17 00:29:07]
Finished trial f3e61063b5a2787f04f7fa6260d5d547 after 164.7s
[2024-09-17 00:29:26]
107 configs remaining (~9h 5m 47s, ETA: 09:35:14, based on a mean trial duration of 306.1s)
[2024-09-17 00:29:26]
========== CONFIG 14 ==========
Nin_virtual               4
Nhidden                   200
Nlayer                    2
[2024-09-17 00:29:26]
Starting trial 34d9a0c006f701ef257ec63b7502a2b8.
[2024-09-17 00:31:37]
acc_max_epoch             46
acc_max_mean              0.561
acc_max_std               0.00946
[2024-09-17 00:31:37]
Finished trial 34d9a0c006f701ef257ec63b7502a2b8 after 130.6s
[2024-09-17 00:31:56]
106 configs remaining (~8h 55m 2s, ETA: 09:26:58, based on a mean trial duration of 302.9s)
[2024-09-17 00:31:56]
========== CONFIG 15 ==========
Nin_virtual               4
Nhidden                   300
Nlayer                    2
[2024-09-17 00:31:56]
Starting trial 526e1c65fee6697ec518cb49c2dcecc4.
[2024-09-17 00:34:41]
acc_max_epoch             45
acc_max_mean              0.573
acc_max_std               0.0199
[2024-09-17 00:34:41]
Finished trial 526e1c65fee6697ec518cb49c2dcecc4 after 165.3s
[2024-09-17 00:35:00]
105 configs remaining (~8h 57m 23s, ETA: 09:32:24, based on a mean trial duration of 307.1s)
[2024-09-17 00:35:00]
========== CONFIG 16 ==========
Nin_virtual               4
Nhidden                   400
Nlayer                    2
[2024-09-17 00:35:00]
Starting trial 2fe9e0cff79331a7a41df8f85d32f745.
[2024-09-17 00:38:22]
acc_max_epoch             46
acc_max_mean              0.571
acc_max_std               0.0325
[2024-09-17 00:38:22]
Finished trial 2fe9e0cff79331a7a41df8f85d32f745 after 201.8s
[2024-09-17 00:38:41]
104 configs remaining (~8h 48m 43s, ETA: 09:27:24, based on a mean trial duration of 305.0s)
[2024-09-17 00:38:41]
========== CONFIG 17 ==========
Nin_virtual               8
Nhidden                   200
Nlayer                    2
[2024-09-17 00:38:41]
Starting trial 31834facf7fba6a3456986900169e9d8.
[2024-09-17 00:41:26]
acc_max_epoch             48
acc_max_mean              0.591
acc_max_std               0.034
[2024-09-17 00:41:26]
Finished trial 31834facf7fba6a3456986900169e9d8 after 164.7s
[2024-09-17 00:41:46]
103 configs remaining (~8h 39m 3s, ETA: 09:20:49, based on a mean trial duration of 302.4s)
[2024-09-17 00:41:46]
========== CONFIG 18 ==========
Nin_virtual               8
Nhidden                   300
Nlayer                    2
[2024-09-17 00:41:46]
Starting trial fdd9ea23398988829c38dc4a78a43842.
[2024-09-17 00:45:11]
acc_max_epoch             37
acc_max_mean              0.578
acc_max_std               0.0112
[2024-09-17 00:45:11]
Finished trial fdd9ea23398988829c38dc4a78a43842 after 205.8s
[2024-09-17 00:45:31]
102 configs remaining (~8h 30m 48s, ETA: 09:16:19, based on a mean trial duration of 300.5s)
[2024-09-17 00:45:31]
========== CONFIG 19 ==========
Nin_virtual               8
Nhidden                   400
Nlayer                    2
[2024-09-17 00:45:31]
Starting trial a72961639a1ae795bfcb30137733b4bd.
[2024-09-17 00:49:44]
acc_max_epoch             40
acc_max_mean              0.6
acc_max_std               0.0167
[2024-09-17 00:49:44]
Finished trial a72961639a1ae795bfcb30137733b4bd after 253.1s
[2024-09-17 00:50:03]
101 configs remaining (~8h 24m 1s, ETA: 09:14:05, based on a mean trial duration of 299.4s)
[2024-09-17 00:50:03]
========== CONFIG 20 ==========
Nin_virtual               16
Nhidden                   200
Nlayer                    2
[2024-09-17 00:50:03]
Starting trial 9156cd2a330e4277104d0348e6000e7e.
[2024-09-17 00:53:05]
acc_max_epoch             37
acc_max_mean              0.597
acc_max_std               0.0317
[2024-09-17 00:53:05]
Finished trial 9156cd2a330e4277104d0348e6000e7e after 181.7s
[2024-09-17 00:53:26]
100 configs remaining (~8h 15m 25s, ETA: 09:08:52, based on a mean trial duration of 297.3s)
[2024-09-17 00:53:26]
========== CONFIG 21 ==========
Nin_virtual               16
Nhidden                   300
Nlayer                    2
[2024-09-17 00:53:26]
Starting trial 7f31cf4e05935eb3a2ad22b4dcf1f369.
[2024-09-17 00:57:13]
acc_max_epoch             40
acc_max_mean              0.596
acc_max_std               0.00731
[2024-09-17 00:57:13]
Finished trial 7f31cf4e05935eb3a2ad22b4dcf1f369 after 226.6s
[2024-09-17 00:57:33]
99 configs remaining (~8h 8m 30s, ETA: 09:06:03, based on a mean trial duration of 296.1s)
[2024-09-17 00:57:33]
========== CONFIG 22 ==========
Nin_virtual               16
Nhidden                   400
Nlayer                    2
[2024-09-17 00:57:33]
Starting trial 8a0bf727852b6f2c979253f5c30a3377.
[2024-09-17 01:02:12]
acc_max_epoch             37
acc_max_mean              0.626
acc_max_std               0.0278
[2024-09-17 01:02:12]
Finished trial 8a0bf727852b6f2c979253f5c30a3377 after 278.9s
[2024-09-17 01:02:32]
98 configs remaining (~8h 14m 38s, ETA: 09:17:11, based on a mean trial duration of 302.8s)
[2024-09-17 01:02:32]
========== CONFIG 23 ==========
Nin_virtual               32
Nhidden                   200
Nlayer                    2
[2024-09-17 01:02:32]
Starting trial d62508ff90a0d4a05d7fa66a286e3e8e.
[2024-09-17 01:05:51]
acc_max_epoch             35
acc_max_mean              0.532
acc_max_std               0.0222
[2024-09-17 01:05:51]
Finished trial d62508ff90a0d4a05d7fa66a286e3e8e after 199.1s
[2024-09-17 01:06:13]
97 configs remaining (~8h 6m 56s, ETA: 09:13:10, based on a mean trial duration of 301.2s)
[2024-09-17 01:06:13]
========== CONFIG 24 ==========
Nin_virtual               32
Nhidden                   300
Nlayer                    2
[2024-09-17 01:06:13]
Starting trial 842a32b29ca7d85a7ef23ef167515514.
[2024-09-17 01:10:27]
acc_max_epoch             46
acc_max_mean              0.527
acc_max_std               0.0162
[2024-09-17 01:10:27]
Finished trial 842a32b29ca7d85a7ef23ef167515514 after 253.4s
[2024-09-17 01:10:48]
96 configs remaining (~8h 0m 40s, ETA: 09:11:28, based on a mean trial duration of 300.4s)
[2024-09-17 01:10:48]
========== CONFIG 25 ==========
Nin_virtual               32
Nhidden                   400
Nlayer                    2
[2024-09-17 01:10:48]
Starting trial 766d87fb029f55ee1bb3a9b08d3eec4c.
[2024-09-17 01:16:01]
acc_max_epoch             42
acc_max_mean              0.534
acc_max_std               0.0213
[2024-09-17 01:16:01]
Finished trial 766d87fb029f55ee1bb3a9b08d3eec4c after 313.4s
[2024-09-17 01:16:22]
95 configs remaining (~7h 55m 3s, ETA: 09:11:25, based on a mean trial duration of 300.0s)
[2024-09-17 01:16:22]
========== CONFIG 26 ==========
Nin_virtual               48
Nhidden                   200
Nlayer                    2
[2024-09-17 01:16:22]
Starting trial 82ef0ceb0ef29892323c281d2a6ad0d7.
[2024-09-17 01:19:54]
acc_max_epoch             48
acc_max_mean              0.516
acc_max_std               0.0219
[2024-09-17 01:19:54]
Finished trial 82ef0ceb0ef29892323c281d2a6ad0d7 after 211.6s
[2024-09-17 01:20:17]
94 configs remaining (~7h 48m 49s, ETA: 09:09:06, based on a mean trial duration of 299.3s)
[2024-09-17 01:20:17]
========== CONFIG 27 ==========
Nin_virtual               48
Nhidden                   300
Nlayer                    2
[2024-09-17 01:20:17]
Starting trial d0d53b8a248b7e149e337c74c83327f3.
[2024-09-17 01:24:46]
acc_max_epoch             46
acc_max_mean              0.509
acc_max_std               0.0313
[2024-09-17 01:24:46]
Finished trial d0d53b8a248b7e149e337c74c83327f3 after 269.5s
[2024-09-17 01:25:08]
93 configs remaining (~7h 43m 13s, ETA: 09:08:21, based on a mean trial duration of 298.9s)
[2024-09-17 01:25:08]
========== CONFIG 28 ==========
Nin_virtual               48
Nhidden                   400
Nlayer                    2
[2024-09-17 01:25:08]
Starting trial 3387afd4e3c6b7eac1250be72ed99a8f.
[2024-09-17 01:30:44]
acc_max_epoch             35
acc_max_mean              0.526
acc_max_std               0.022
[2024-09-17 01:30:44]
Finished trial 3387afd4e3c6b7eac1250be72ed99a8f after 336.0s
[2024-09-17 01:31:06]
92 configs remaining (~7h 49m 4s, ETA: 09:20:10, based on a mean trial duration of 305.9s)
[2024-09-17 01:31:06]
========== CONFIG 29 ==========
Nin_virtual               64
Nhidden                   200
Nlayer                    2
[2024-09-17 01:31:06]
Starting trial 3ad58eac0b4f89a2c95068f2861205d9.
[2024-09-17 01:34:47]
acc_max_epoch             47
acc_max_mean              0.501
acc_max_std               0.0344
[2024-09-17 01:34:47]
Finished trial 3ad58eac0b4f89a2c95068f2861205d9 after 221.0s
[2024-09-17 01:35:09]
91 configs remaining (~7h 42m 38s, ETA: 09:17:48, based on a mean trial duration of 305.0s)
[2024-09-17 01:35:09]
========== CONFIG 30 ==========
Nin_virtual               64
Nhidden                   300
Nlayer                    2
[2024-09-17 01:35:09]
Starting trial 5dc5cd7302f71aa2e8b8b746a9384a6c.
[2024-09-17 01:39:51]
acc_max_epoch             14
acc_max_mean              0.5
acc_max_std               0.0108
[2024-09-17 01:39:51]
Finished trial 5dc5cd7302f71aa2e8b8b746a9384a6c after 282.0s
[2024-09-17 01:40:14]
90 configs remaining (~7h 37m 24s, ETA: 09:17:38, based on a mean trial duration of 304.9s)
[2024-09-17 01:40:14]
========== CONFIG 31 ==========
Nin_virtual               64
Nhidden                   400
Nlayer                    2
[2024-09-17 01:40:14]
Starting trial 63a2923c76354ffd670593bbe1a0d85d.
[2024-09-17 01:46:07]
acc_max_epoch             32
acc_max_mean              0.502
acc_max_std               0.0545
[2024-09-17 01:46:07]
Finished trial 63a2923c76354ffd670593bbe1a0d85d after 353.5s
[2024-09-17 01:46:30]
89 configs remaining (~7h 32m 44s, ETA: 09:19:15, based on a mean trial duration of 305.2s)
[2024-09-17 01:46:30]
========== CONFIG 32 ==========
Nin_virtual               80
Nhidden                   200
Nlayer                    2
[2024-09-17 01:46:30]
Starting trial 15344b90883c3d48b1b2ff727da23214.
[2024-09-17 01:50:20]
acc_max_epoch             42
acc_max_mean              0.501
acc_max_std               0.0155
[2024-09-17 01:50:21]
Finished trial 15344b90883c3d48b1b2ff727da23214 after 230.5s
[2024-09-17 01:50:43]
88 configs remaining (~7h 27m 0s, ETA: 09:17:44, based on a mean trial duration of 304.8s)
[2024-09-17 01:50:43]
========== CONFIG 33 ==========
Nin_virtual               80
Nhidden                   300
Nlayer                    2
[2024-09-17 01:50:43]
Starting trial cb70702533e7d976797692b948ebf20a.
[2024-09-17 01:55:41]
acc_max_epoch             35
acc_max_mean              0.482
acc_max_std               0.0323
[2024-09-17 01:55:41]
Finished trial cb70702533e7d976797692b948ebf20a after 297.3s
[2024-09-17 01:56:04]
87 configs remaining (~7h 21m 32s, ETA: 09:17:37, based on a mean trial duration of 304.5s)
[2024-09-17 01:56:04]
========== CONFIG 34 ==========
Nin_virtual               80
Nhidden                   400
Nlayer                    2
[2024-09-17 01:56:04]
Starting trial bca323a4ec66e9acfeffaaea2f36f487.
[2024-09-17 02:02:16]
acc_max_epoch             49
acc_max_mean              0.518
acc_max_std               0.0201
[2024-09-17 02:02:16]
Finished trial bca323a4ec66e9acfeffaaea2f36f487 after 371.9s
[2024-09-17 02:02:39]
86 configs remaining (~7h 16m 50s, ETA: 09:19:30, based on a mean trial duration of 304.8s)
[2024-09-17 02:02:39]
========== CONFIG 35 ==========
Nin_virtual               100
Nhidden                   200
Nlayer                    2
[2024-09-17 02:02:39]
Starting trial e18ff2e2646ff6d7779d9181d74755a7.
[2024-09-17 02:06:37]
acc_max_epoch             44
acc_max_mean              0.514
acc_max_std               0.0345
[2024-09-17 02:06:37]
Finished trial e18ff2e2646ff6d7779d9181d74755a7 after 238.1s
[2024-09-17 02:07:01]
85 configs remaining (~7h 11m 49s, ETA: 09:18:50, based on a mean trial duration of 304.8s)
[2024-09-17 02:07:01]
========== CONFIG 36 ==========
Nin_virtual               100
Nhidden                   300
Nlayer                    2
[2024-09-17 02:07:01]
Starting trial 5897bb2af82087727f9fc420c23e34f9.
[2024-09-17 02:12:08]
acc_max_epoch             46
acc_max_mean              0.51
acc_max_std               0.00343
[2024-09-17 02:12:08]
Finished trial 5897bb2af82087727f9fc420c23e34f9 after 307.1s
[2024-09-17 02:12:30]
84 configs remaining (~7h 6m 56s, ETA: 09:19:27, based on a mean trial duration of 305.0s)
[2024-09-17 02:12:30]
========== CONFIG 37 ==========
Nin_virtual               100
Nhidden                   400
Nlayer                    2
[2024-09-17 02:12:30]
Starting trial 307640c0236dbd6589e17d15eaf298aa.
[2024-09-17 02:18:55]
acc_max_epoch             49
acc_max_mean              0.504
acc_max_std               0.0161
[2024-09-17 02:18:55]
Finished trial 307640c0236dbd6589e17d15eaf298aa after 384.6s
[2024-09-17 02:19:19]
83 configs remaining (~7h 2m 2s, ETA: 09:21:22, based on a mean trial duration of 305.1s)
[2024-09-17 02:19:19]
========== CONFIG 38 ==========
Nin_virtual               120
Nhidden                   200
Nlayer                    2
[2024-09-17 02:19:19]
Starting trial c1e5c71edf821d5a45f7b64beb7f67c6.
[2024-09-17 02:23:20]
acc_max_epoch             35
acc_max_mean              0.513
acc_max_std               0.0111
[2024-09-17 02:23:20]
Finished trial c1e5c71edf821d5a45f7b64beb7f67c6 after 241.0s
[2024-09-17 02:23:44]
82 configs remaining (~6h 57m 8s, ETA: 09:20:52, based on a mean trial duration of 305.2s)
[2024-09-17 02:23:44]
========== CONFIG 39 ==========
Nin_virtual               120
Nhidden                   300
Nlayer                    2
[2024-09-17 02:23:44]
Starting trial 88ffa03bc2a78cb7e3a50d4107878583.
[2024-09-17 02:28:51]
acc_max_epoch             34
acc_max_mean              0.523
acc_max_std               0.0135
[2024-09-17 02:28:51]
Finished trial 88ffa03bc2a78cb7e3a50d4107878583 after 306.7s
[2024-09-17 02:29:15]
81 configs remaining (~6h 52m 15s, ETA: 09:21:30, based on a mean trial duration of 305.4s)
[2024-09-17 02:29:15]
========== CONFIG 40 ==========
Nin_virtual               120
Nhidden                   400
Nlayer                    2
[2024-09-17 02:29:15]
Starting trial 300c8306f2abc00d6f0151ef3c2d5669.
[2024-09-17 02:35:38]
acc_max_epoch             34
acc_max_mean              0.539
acc_max_std               0.0277
[2024-09-17 02:35:38]
Finished trial 300c8306f2abc00d6f0151ef3c2d5669 after 382.9s
[2024-09-17 02:36:03]
80 configs remaining (~6h 44m 40s, ETA: 09:20:43, based on a mean trial duration of 303.5s)
[2024-09-17 02:36:03]
========== CONFIG 41 ==========
Nin_virtual               1
Nhidden                   100
Nlayer                    3
[2024-09-17 02:36:03]
Starting trial 3252034537f80912f9f6bbf0b73d4f24.
[2024-09-17 02:37:56]
acc_max_epoch             47
acc_max_mean              0.464
acc_max_std               0.0156
[2024-09-17 02:37:56]
Finished trial 3252034537f80912f9f6bbf0b73d4f24 after 112.8s
[2024-09-17 02:38:21]
79 configs remaining (~6h 37m 45s, ETA: 09:16:06, based on a mean trial duration of 302.1s)
[2024-09-17 02:38:21]
========== CONFIG 42 ==========
Nin_virtual               1
Nhidden                   100
Nlayer                    4
[2024-09-17 02:38:21]
Starting trial 03c6cb3a0e6cbad0f20539b58b72217d.
[2024-09-17 02:40:31]
acc_max_epoch             49
acc_max_mean              0.401
acc_max_std               0.00707
[2024-09-17 02:40:31]
Finished trial 03c6cb3a0e6cbad0f20539b58b72217d after 130.6s
[2024-09-17 02:40:56]
78 configs remaining (~6h 32m 27s, ETA: 09:13:24, based on a mean trial duration of 301.9s)
[2024-09-17 02:40:56]
========== CONFIG 43 ==========
Nin_virtual               4
Nhidden                   100
Nlayer                    3
[2024-09-17 02:40:56]
Starting trial d5de977eac6751e452436486feae0925.
[2024-09-17 02:43:04]
acc_max_epoch             38
acc_max_mean              0.678
acc_max_std               0.00363
[2024-09-17 02:43:04]
Finished trial d5de977eac6751e452436486feae0925 after 127.1s
[2024-09-17 02:43:29]
77 configs remaining (~6h 25m 43s, ETA: 09:09:12, based on a mean trial duration of 300.6s)
[2024-09-17 02:43:29]
========== CONFIG 44 ==========
Nin_virtual               4
Nhidden                   100
Nlayer                    4
[2024-09-17 02:43:29]
Starting trial 1f0e860f6f1fe8446a1698e4811bc228.
[2024-09-17 02:46:12]
acc_max_epoch             46
acc_max_mean              0.638
acc_max_std               0.012
[2024-09-17 02:46:12]
Finished trial 1f0e860f6f1fe8446a1698e4811bc228 after 162.7s
[2024-09-17 02:46:37]
76 configs remaining (~6h 19m 20s, ETA: 09:05:58, based on a mean trial duration of 299.5s)
[2024-09-17 02:46:37]
========== CONFIG 45 ==========
Nin_virtual               8
Nhidden                   100
Nlayer                    3
[2024-09-17 02:46:37]
Starting trial afc352ea8dd37e654474d4ddf62c6c16.
[2024-09-17 02:49:20]
acc_max_epoch             45
acc_max_mean              0.734
acc_max_std               0.0125
[2024-09-17 02:49:20]
Finished trial afc352ea8dd37e654474d4ddf62c6c16 after 162.4s
[2024-09-17 02:49:45]
75 configs remaining (~6h 12m 59s, ETA: 09:02:45, based on a mean trial duration of 298.4s)
[2024-09-17 02:49:45]
========== CONFIG 46 ==========
Nin_virtual               8
Nhidden                   100
Nlayer                    4
[2024-09-17 02:49:45]
Starting trial b5aae863ccf93c87d13d618f4cac5068.
[2024-09-17 02:53:09]
acc_max_epoch             48
acc_max_mean              0.722
acc_max_std               0.0121
[2024-09-17 02:53:10]
Finished trial b5aae863ccf93c87d13d618f4cac5068 after 204.1s
[2024-09-17 02:53:35]
74 configs remaining (~6h 7m 21s, ETA: 09:00:57, based on a mean trial duration of 297.9s)
[2024-09-17 02:53:35]
========== CONFIG 47 ==========
Nin_virtual               16
Nhidden                   100
Nlayer                    3
[2024-09-17 02:53:35]
Starting trial 4193d3f98e71459126f7cc7aa73d0f6d.
[2024-09-17 02:56:35]
acc_max_epoch             47
acc_max_mean              0.752
acc_max_std               0.00632
[2024-09-17 02:56:35]
Finished trial 4193d3f98e71459126f7cc7aa73d0f6d after 179.8s
[2024-09-17 02:57:00]
73 configs remaining (~6h 1m 17s, ETA: 08:58:17, based on a mean trial duration of 297.0s)
[2024-09-17 02:57:00]
========== CONFIG 48 ==========
Nin_virtual               16
Nhidden                   100
Nlayer                    4
[2024-09-17 02:57:00]
Starting trial 998a56095329e001a58dded40cebdeb0.
[2024-09-17 03:00:47]
acc_max_epoch             48
acc_max_mean              0.741
acc_max_std               0.021
[2024-09-17 03:00:47]
Finished trial 998a56095329e001a58dded40cebdeb0 after 226.9s
[2024-09-17 03:01:11]
72 configs remaining (~5h 56m 20s, ETA: 08:57:31, based on a mean trial duration of 296.9s)
[2024-09-17 03:01:11]
========== CONFIG 49 ==========
Nin_virtual               32
Nhidden                   100
Nlayer                    3
[2024-09-17 03:01:11]
Starting trial ee945397ca1d2e4f2016d40baa6ae0c0.
[2024-09-17 03:04:30]
acc_max_epoch             50
acc_max_mean              0.734
acc_max_std               0.0276
[2024-09-17 03:04:30]
Finished trial ee945397ca1d2e4f2016d40baa6ae0c0 after 198.6s
[2024-09-17 03:04:56]
71 configs remaining (~5h 49m 12s, ETA: 08:54:09, based on a mean trial duration of 295.1s)
[2024-09-17 03:04:56]
========== CONFIG 50 ==========
Nin_virtual               32
Nhidden                   100
Nlayer                    4
[2024-09-17 03:04:56]
Starting trial 459459df48da4d430b5b94945a2ea459.
[2024-09-17 03:09:09]
acc_max_epoch             50
acc_max_mean              0.691
acc_max_std               0.00709
[2024-09-17 03:09:09]
Finished trial 459459df48da4d430b5b94945a2ea459 after 252.7s
[2024-09-17 03:09:36]
70 configs remaining (~5h 43m 16s, ETA: 08:52:53, based on a mean trial duration of 294.2s)
[2024-09-17 03:09:36]
========== CONFIG 51 ==========
Nin_virtual               48
Nhidden                   100
Nlayer                    3
[2024-09-17 03:09:36]
Starting trial e6414158b9cf84898da453c8413dad25.
[2024-09-17 03:13:05]
acc_max_epoch             44
acc_max_mean              0.706
acc_max_std               0.015
[2024-09-17 03:13:05]
Finished trial e6414158b9cf84898da453c8413dad25 after 209.4s
[2024-09-17 03:13:32]
69 configs remaining (~5h 37m 8s, ETA: 08:50:41, based on a mean trial duration of 293.2s)
[2024-09-17 03:13:32]
========== CONFIG 52 ==========
Nin_virtual               48
Nhidden                   100
Nlayer                    4
[2024-09-17 03:13:32]
Starting trial 04ff1303dab7b7bb5822348926894a53.
[2024-09-17 03:18:01]
acc_max_epoch             48
acc_max_mean              0.704
acc_max_std               0.00945
[2024-09-17 03:18:01]
Finished trial 04ff1303dab7b7bb5822348926894a53 after 268.1s
[2024-09-17 03:18:28]
68 configs remaining (~5h 31m 31s, ETA: 08:49:59, based on a mean trial duration of 292.5s)
[2024-09-17 03:18:28]
========== CONFIG 53 ==========
Nin_virtual               64
Nhidden                   100
Nlayer                    3
[2024-09-17 03:18:28]
Starting trial 547f4d01d95ad66bebc2b1b81612e214.
[2024-09-17 03:22:07]
acc_max_epoch             48
acc_max_mean              0.698
acc_max_std               0.024
[2024-09-17 03:22:07]
Finished trial 547f4d01d95ad66bebc2b1b81612e214 after 219.3s
[2024-09-17 03:22:35]
67 configs remaining (~5h 25m 48s, ETA: 08:48:23, based on a mean trial duration of 291.8s)
[2024-09-17 03:22:35]
========== CONFIG 54 ==========
Nin_virtual               64
Nhidden                   100
Nlayer                    4
[2024-09-17 03:22:35]
Starting trial 77301bcf735050dfea58d1cafed1cd08.
[2024-09-17 03:27:16]
acc_max_epoch             50
acc_max_mean              0.696
acc_max_std               0.0111
[2024-09-17 03:27:16]
Finished trial 77301bcf735050dfea58d1cafed1cd08 after 281.3s
[2024-09-17 03:27:44]
66 configs remaining (~5h 20m 27s, ETA: 08:48:12, based on a mean trial duration of 291.3s)
[2024-09-17 03:27:44]
========== CONFIG 55 ==========
Nin_virtual               80
Nhidden                   100
Nlayer                    3
[2024-09-17 03:27:44]
Starting trial 6f40d76d1375753ed89b0b051907242d.
[2024-09-17 03:31:34]
acc_max_epoch             36
acc_max_mean              0.693
acc_max_std               0.00375
[2024-09-17 03:31:34]
Finished trial 6f40d76d1375753ed89b0b051907242d after 230.5s
[2024-09-17 03:32:02]
65 configs remaining (~5h 15m 7s, ETA: 08:47:09, based on a mean trial duration of 290.9s)
[2024-09-17 03:32:02]
========== CONFIG 56 ==========
Nin_virtual               80
Nhidden                   100
Nlayer                    4
[2024-09-17 03:32:02]
Starting trial 54545709add8dd903c5226dab0c6a596.
[2024-09-17 03:36:58]
acc_max_epoch             50
acc_max_mean              0.678
acc_max_std               0.0335
[2024-09-17 03:36:58]
Finished trial 54545709add8dd903c5226dab0c6a596 after 296.0s
[2024-09-17 03:37:26]
64 configs remaining (~5h 10m 5s, ETA: 08:47:32, based on a mean trial duration of 290.7s)
[2024-09-17 03:37:26]
========== CONFIG 57 ==========
Nin_virtual               100
Nhidden                   100
Nlayer                    3
[2024-09-17 03:37:26]
Starting trial fa346d59a66de7d86e6fb08ed94b6538.
[2024-09-17 03:41:25]
acc_max_epoch             50
acc_max_mean              0.71
acc_max_std               0.0141
[2024-09-17 03:41:25]
Finished trial fa346d59a66de7d86e6fb08ed94b6538 after 238.2s
[2024-09-17 03:41:53]
63 configs remaining (~5h 4m 49s, ETA: 08:46:42, based on a mean trial duration of 290.3s)
[2024-09-17 03:41:53]
========== CONFIG 58 ==========
Nin_virtual               100
Nhidden                   100
Nlayer                    4
[2024-09-17 03:41:53]
Starting trial 5163f2addf507ef4b345620f34cd5af0.
[2024-09-17 03:46:58]
acc_max_epoch             49
acc_max_mean              0.667
acc_max_std               0.0147
[2024-09-17 03:46:58]
Finished trial 5163f2addf507ef4b345620f34cd5af0 after 305.2s
[2024-09-17 03:47:27]
62 configs remaining (~4h 59m 53s, ETA: 08:47:20, based on a mean trial duration of 290.2s)
[2024-09-17 03:47:27]
========== CONFIG 59 ==========
Nin_virtual               120
Nhidden                   100
Nlayer                    3
[2024-09-17 03:47:27]
Starting trial c2c1ff31ef056b0d68ca3978e4bd77c7.
[2024-09-17 03:51:26]
acc_max_epoch             49
acc_max_mean              0.698
acc_max_std               0.00944
[2024-09-17 03:51:26]
Finished trial c2c1ff31ef056b0d68ca3978e4bd77c7 after 239.6s
[2024-09-17 03:51:55]
61 configs remaining (~4h 54m 27s, ETA: 08:46:23, based on a mean trial duration of 289.6s)
[2024-09-17 03:51:55]
========== CONFIG 60 ==========
Nin_virtual               120
Nhidden                   100
Nlayer                    4
[2024-09-17 03:51:55]
Starting trial 07aabf9dc21b05cabe6374b217afca1e.
[2024-09-17 03:57:01]
acc_max_epoch             49
acc_max_mean              0.687
acc_max_std               0.0347
[2024-09-17 03:57:02]
Finished trial 07aabf9dc21b05cabe6374b217afca1e after 306.4s
[2024-09-17 03:57:31]
60 configs remaining (~4h 49m 1s, ETA: 08:46:33, based on a mean trial duration of 289.0s)
[2024-09-17 03:57:31]
========== CONFIG 61 ==========
Nin_virtual               1
Nhidden                   200
Nlayer                    3
[2024-09-17 03:57:31]
Starting trial d65296cf25014270b4d5e5113698603e.
[2024-09-17 04:00:09]
acc_max_epoch             47
acc_max_mean              0.472
acc_max_std               0.0304
[2024-09-17 04:00:09]
Finished trial d65296cf25014270b4d5e5113698603e after 158.0s
[2024-09-17 04:00:38]
59 configs remaining (~4h 43m 53s, ETA: 08:44:31, based on a mean trial duration of 288.7s)
[2024-09-17 04:00:38]
========== CONFIG 62 ==========
Nin_virtual               1
Nhidden                   200
Nlayer                    4
[2024-09-17 04:00:38]
Starting trial 4dc503e8fd3ab3d4bcfb457b1565d382.
[2024-09-17 04:04:12]
acc_max_epoch             47
acc_max_mean              0.384
acc_max_std               0.0212
[2024-09-17 04:04:12]
Finished trial 4dc503e8fd3ab3d4bcfb457b1565d382 after 214.5s
[2024-09-17 04:04:42]
58 configs remaining (~4h 38m 45s, ETA: 08:43:27, based on a mean trial duration of 288.4s)
[2024-09-17 04:04:42]
========== CONFIG 63 ==========
Nin_virtual               1
Nhidden                   300
Nlayer                    3
[2024-09-17 04:04:42]
Starting trial 61aaada7411bd18d7dce0701e78e5272.
[2024-09-17 04:08:21]
acc_max_epoch             50
acc_max_mean              0.483
acc_max_std               0.00851
[2024-09-17 04:08:21]
Finished trial 61aaada7411bd18d7dce0701e78e5272 after 219.5s
[2024-09-17 04:08:51]
57 configs remaining (~4h 33m 39s, ETA: 08:42:30, based on a mean trial duration of 288.1s)
[2024-09-17 04:08:51]
========== CONFIG 64 ==========
Nin_virtual               1
Nhidden                   300
Nlayer                    4
[2024-09-17 04:08:51]
Starting trial 88491fefc5c5224e6a456a16a50e8839.
[2024-09-17 04:13:49]
acc_max_epoch             49
acc_max_mean              0.321
acc_max_std               0.0679
[2024-09-17 04:13:50]
Finished trial 88491fefc5c5224e6a456a16a50e8839 after 298.8s
[2024-09-17 04:14:19]
56 configs remaining (~4h 29m 16s, ETA: 08:43:36, based on a mean trial duration of 288.5s)
[2024-09-17 04:14:19]
========== CONFIG 65 ==========
Nin_virtual               1
Nhidden                   400
Nlayer                    3
[2024-09-17 04:14:19]
Starting trial 4a9c1497c7e75971b2aaa76fa75a2a79.
[2024-09-17 04:18:51]
acc_max_epoch             43
acc_max_mean              0.491
acc_max_std               0.0215
[2024-09-17 04:18:52]
Finished trial 4a9c1497c7e75971b2aaa76fa75a2a79 after 272.1s
[2024-09-17 04:19:22]
55 configs remaining (~4h 24m 6s, ETA: 08:43:28, based on a mean trial duration of 288.1s)
[2024-09-17 04:19:22]
========== CONFIG 66 ==========
Nin_virtual               1
Nhidden                   400
Nlayer                    4
[2024-09-17 04:19:22]
Starting trial d5ec262cb0b0cfa33fae1aeb559e621c.
[2024-09-17 04:26:11]
acc_max_epoch             50
acc_max_mean              0.274
acc_max_std               0.0467
[2024-09-17 04:26:11]
Finished trial d5ec262cb0b0cfa33fae1aeb559e621c after 409.9s
[2024-09-17 04:26:42]
54 configs remaining (~4h 19m 34s, ETA: 08:46:16, based on a mean trial duration of 288.4s)
[2024-09-17 04:26:42]
========== CONFIG 67 ==========
Nin_virtual               4
Nhidden                   200
Nlayer                    3
[2024-09-17 04:26:42]
Starting trial c7cdf173f583c9f304dd7705d4786b66.
[2024-09-17 04:30:01]
acc_max_epoch             43
acc_max_mean              0.694
acc_max_std               0.0264
[2024-09-17 04:30:01]
Finished trial c7cdf173f583c9f304dd7705d4786b66 after 199.1s
[2024-09-17 04:30:31]
53 configs remaining (~4h 14m 30s, ETA: 08:45:02, based on a mean trial duration of 288.1s)
[2024-09-17 04:30:31]
========== CONFIG 68 ==========
Nin_virtual               4
Nhidden                   200
Nlayer                    4
[2024-09-17 04:30:31]
Starting trial fb268de2469d27ca21223a9f92bee5b7.
[2024-09-17 04:35:01]
acc_max_epoch             49
acc_max_mean              0.653
acc_max_std               0.0116
[2024-09-17 04:35:01]
Finished trial fb268de2469d27ca21223a9f92bee5b7 after 269.4s
[2024-09-17 04:35:31]
52 configs remaining (~4h 9m 42s, ETA: 08:45:14, based on a mean trial duration of 288.1s)
[2024-09-17 04:35:31]
========== CONFIG 69 ==========
Nin_virtual               4
Nhidden                   300
Nlayer                    3
[2024-09-17 04:35:31]
Starting trial 7717a8179bd722a3a24c5c0f3c3e6c7e.
[2024-09-17 04:40:03]
acc_max_epoch             31
acc_max_mean              0.699
acc_max_std               0.00939
[2024-09-17 04:40:03]
Finished trial 7717a8179bd722a3a24c5c0f3c3e6c7e after 271.2s
[2024-09-17 04:40:34]
51 configs remaining (~4h 4m 50s, ETA: 08:45:24, based on a mean trial duration of 288.0s)
[2024-09-17 04:40:34]
========== CONFIG 70 ==========
Nin_virtual               4
Nhidden                   300
Nlayer                    4
[2024-09-17 04:40:34]
Starting trial 7a7f5761595fb4c5b6077162d8979f53.
[2024-09-17 04:46:34]
acc_max_epoch             3
acc_max_mean              0.0906
acc_max_std               0.0405
[2024-09-17 04:46:34]
Finished trial 7a7f5761595fb4c5b6077162d8979f53 after 360.1s
[2024-09-17 04:47:05]
50 configs remaining (~4h 0m 26s, ETA: 08:47:32, based on a mean trial duration of 288.5s)
[2024-09-17 04:47:05]
========== CONFIG 71 ==========
Nin_virtual               4
Nhidden                   400
Nlayer                    3
[2024-09-17 04:47:05]
Starting trial d74b83cd4b67af576380a619c58cfa2d.
[2024-09-17 04:52:51]
acc_max_epoch             39
acc_max_mean              0.699
acc_max_std               0.0259
[2024-09-17 04:52:51]
Finished trial d74b83cd4b67af576380a619c58cfa2d after 346.0s
[2024-09-17 04:53:22]
49 configs remaining (~3h 55m 45s, ETA: 08:49:08, based on a mean trial duration of 288.7s)
[2024-09-17 04:53:22]
========== CONFIG 72 ==========
Nin_virtual               4
Nhidden                   400
Nlayer                    4
[2024-09-17 04:53:22]
Starting trial 15e3a2d2fad1fdd85e5bb95f3b7c0ae6.
[2024-09-17 05:01:00]
acc_max_epoch             2
acc_max_mean              0.0834
acc_max_std               0.0203
[2024-09-17 05:01:00]
Finished trial 15e3a2d2fad1fdd85e5bb95f3b7c0ae6 after 457.9s
[2024-09-17 05:01:32]
48 configs remaining (~3h 51m 28s, ETA: 08:53:00, based on a mean trial duration of 289.3s)
[2024-09-17 05:01:32]
========== CONFIG 73 ==========
Nin_virtual               8
Nhidden                   200
Nlayer                    3
[2024-09-17 05:01:32]
Starting trial 64f26db3f69ace706f36a71263790377.
[2024-09-17 05:05:41]
acc_max_epoch             50
acc_max_mean              0.765
acc_max_std               0.00547
[2024-09-17 05:05:41]
Finished trial 64f26db3f69ace706f36a71263790377 after 249.9s
[2024-09-17 05:06:13]
47 configs remaining (~3h 47m 1s, ETA: 08:53:15, based on a mean trial duration of 289.8s)
[2024-09-17 05:06:13]
========== CONFIG 74 ==========
Nin_virtual               8
Nhidden                   200
Nlayer                    4
[2024-09-17 05:06:13]
Starting trial b5e11d550ee7424ae93d1350beca7b1e.
[2024-09-17 05:11:58]
acc_max_epoch             50
acc_max_mean              0.745
acc_max_std               0.016
[2024-09-17 05:11:58]
Finished trial b5e11d550ee7424ae93d1350beca7b1e after 344.7s
[2024-09-17 05:12:30]
46 configs remaining (~3h 42m 35s, ETA: 08:55:05, based on a mean trial duration of 290.3s)
[2024-09-17 05:12:30]
========== CONFIG 75 ==========
Nin_virtual               8
Nhidden                   300
Nlayer                    3
[2024-09-17 05:12:30]
Starting trial 933bfbf592cf31f8ecfec8ced45f4077.
[2024-09-17 05:18:17]
acc_max_epoch             50
acc_max_mean              0.758
acc_max_std               0.0178
[2024-09-17 05:18:17]
Finished trial 933bfbf592cf31f8ecfec8ced45f4077 after 346.8s
[2024-09-17 05:18:49]
45 configs remaining (~3h 37m 55s, ETA: 08:56:45, based on a mean trial duration of 290.6s)
[2024-09-17 05:18:49]
========== CONFIG 76 ==========
Nin_virtual               8
Nhidden                   300
Nlayer                    4
[2024-09-17 05:18:49]
Starting trial 6569674bfc02081824f0f45aeb5ce8a5.
[2024-09-17 05:26:43]
acc_max_epoch             2
acc_max_mean              0.113
acc_max_std               0.0284
[2024-09-17 05:26:43]
Finished trial 6569674bfc02081824f0f45aeb5ce8a5 after 473.8s
[2024-09-17 05:27:16]
44 configs remaining (~3h 33m 59s, ETA: 09:01:15, based on a mean trial duration of 291.8s)
[2024-09-17 05:27:16]
========== CONFIG 77 ==========
Nin_virtual               8
Nhidden                   400
Nlayer                    3
[2024-09-17 05:27:16]
Starting trial 5d790a7255d67e4f09c7eafd6ac195a3.
[2024-09-17 05:34:48]
acc_max_epoch             44
acc_max_mean              0.759
acc_max_std               0.0133
[2024-09-17 05:34:48]
Finished trial 5d790a7255d67e4f09c7eafd6ac195a3 after 451.9s
[2024-09-17 05:35:20]
43 configs remaining (~3h 30m 7s, ETA: 09:05:28, based on a mean trial duration of 293.2s)
[2024-09-17 05:35:20]
========== CONFIG 78 ==========
Nin_virtual               8
Nhidden                   400
Nlayer                    4
[2024-09-17 05:35:20]
Starting trial d47d8dba6b26e0ef7ce00f65ece9399f.
[2024-09-17 05:45:35]
acc_max_epoch             10
acc_max_mean              0.0577
acc_max_std               0.0141
[2024-09-17 05:45:35]
Finished trial d47d8dba6b26e0ef7ce00f65ece9399f after 615.2s
[2024-09-17 05:46:08]
42 configs remaining (~3h 26m 22s, ETA: 09:12:31, based on a mean trial duration of 294.8s)
[2024-09-17 05:46:08]
========== CONFIG 79 ==========
Nin_virtual               16
Nhidden                   200
Nlayer                    3
[2024-09-17 05:46:08]
Starting trial 475a5c9166087bcbdce3c88b4a247c05.
[2024-09-17 05:50:44]
acc_max_epoch             50
acc_max_mean              0.773
acc_max_std               0.00429
[2024-09-17 05:50:44]
Finished trial 475a5c9166087bcbdce3c88b4a247c05 after 275.8s
[2024-09-17 05:51:17]
41 configs remaining (~3h 21m 33s, ETA: 09:12:51, based on a mean trial duration of 295.0s)
[2024-09-17 05:51:17]
========== CONFIG 80 ==========
Nin_virtual               16
Nhidden                   200
Nlayer                    4
[2024-09-17 05:51:17]
Starting trial c66caa59ccfbc4e43c26f1e3d921d1ed.
[2024-09-17 05:57:38]
acc_max_epoch             44
acc_max_mean              0.517
acc_max_std               0.331
[2024-09-17 05:57:38]
Finished trial c66caa59ccfbc4e43c26f1e3d921d1ed after 381.3s
[2024-09-17 05:58:12]
40 configs remaining (~3h 17m 22s, ETA: 09:15:34, based on a mean trial duration of 296.1s)
[2024-09-17 05:58:12]
========== CONFIG 81 ==========
Nin_virtual               16
Nhidden                   300
Nlayer                    3
[2024-09-17 05:58:12]
Starting trial de81d285948bd474175e06d80e9948ed.
[2024-09-17 06:04:39]
acc_max_epoch             47
acc_max_mean              0.762
acc_max_std               0.00436
[2024-09-17 06:04:39]
Finished trial de81d285948bd474175e06d80e9948ed after 387.8s
[2024-09-17 06:05:13]
39 configs remaining (~3h 13m 6s, ETA: 09:18:19, based on a mean trial duration of 297.1s)
[2024-09-17 06:05:13]
========== CONFIG 82 ==========
Nin_virtual               16
Nhidden                   300
Nlayer                    4
[2024-09-17 06:05:13]
Starting trial e0460c54fde3202029c1d359bef3d116.
[2024-09-17 06:13:54]
acc_max_epoch             2
acc_max_mean              0.128
acc_max_std               0.0153
[2024-09-17 06:13:54]
Finished trial e0460c54fde3202029c1d359bef3d116 after 520.8s
[2024-09-17 06:14:27]
38 configs remaining (~3h 8m 53s, ETA: 09:23:21, based on a mean trial duration of 298.2s)
[2024-09-17 06:14:27]
========== CONFIG 83 ==========
Nin_virtual               16
Nhidden                   400
Nlayer                    3
[2024-09-17 06:14:27]
Starting trial 2b5c49f604ff37d84ca1dfdb418d1c00.
[2024-09-17 06:22:57]
acc_max_epoch             37
acc_max_mean              0.76
acc_max_std               0.0387
[2024-09-17 06:22:57]
Finished trial 2b5c49f604ff37d84ca1dfdb418d1c00 after 509.7s
[2024-09-17 06:23:31]
37 configs remaining (~3h 5m 7s, ETA: 09:28:38, based on a mean trial duration of 300.2s)
[2024-09-17 06:23:31]
========== CONFIG 84 ==========
Nin_virtual               16
Nhidden                   400
Nlayer                    4
[2024-09-17 06:23:31]
Starting trial c7c357773f326e65cf1d1c6a48fb5086.
[2024-09-17 06:34:40]
acc_max_epoch             1
acc_max_mean              0.0532
acc_max_std               0.00369
[2024-09-17 06:34:40]
Finished trial c7c357773f326e65cf1d1c6a48fb5086 after 668.8s
[2024-09-17 06:35:14]
36 configs remaining (~3h 1m 25s, ETA: 09:36:40, based on a mean trial duration of 302.4s)
[2024-09-17 06:35:14]
========== CONFIG 85 ==========
Nin_virtual               32
Nhidden                   200
Nlayer                    3
[2024-09-17 06:35:14]
Starting trial 8980fcc6e5817f2fef5c559b94fa9067.
[2024-09-17 06:40:25]
acc_max_epoch             46
acc_max_mean              0.737
acc_max_std               0.0275
[2024-09-17 06:40:25]
Finished trial 8980fcc6e5817f2fef5c559b94fa9067 after 310.9s
[2024-09-17 06:41:00]
35 configs remaining (~2h 56m 35s, ETA: 09:37:36, based on a mean trial duration of 302.7s)
[2024-09-17 06:41:00]
========== CONFIG 86 ==========
Nin_virtual               32
Nhidden                   200
Nlayer                    4
[2024-09-17 06:41:00]
Starting trial bb6fcfb90070c05fde26bd6f7a28017d.
[2024-09-17 06:48:10]
acc_max_epoch             50
acc_max_mean              0.513
acc_max_std               0.332
[2024-09-17 06:48:10]
Finished trial bb6fcfb90070c05fde26bd6f7a28017d after 429.8s
[2024-09-17 06:48:44]
34 configs remaining (~2h 52m 20s, ETA: 09:41:04, based on a mean trial duration of 304.1s)
[2024-09-17 06:48:44]
========== CONFIG 87 ==========
Nin_virtual               32
Nhidden                   300
Nlayer                    3
[2024-09-17 06:48:44]
Starting trial 1b69bd153437e10b8cde2dff3b104914.
[2024-09-17 06:56:04]
acc_max_epoch             37
acc_max_mean              0.736
acc_max_std               0.0235
[2024-09-17 06:56:04]
Finished trial 1b69bd153437e10b8cde2dff3b104914 after 439.7s
[2024-09-17 06:56:39]
33 configs remaining (~2h 48m 1s, ETA: 09:44:40, based on a mean trial duration of 305.5s)
[2024-09-17 06:56:39]
========== CONFIG 88 ==========
Nin_virtual               32
Nhidden                   300
Nlayer                    4
[2024-09-17 06:56:39]
Starting trial 1717d8e83418115df3f40dcf43e546d2.
[2024-09-17 07:06:22]
acc_max_epoch             2
acc_max_mean              0.107
acc_max_std               0.0411
[2024-09-17 07:06:22]
Finished trial 1717d8e83418115df3f40dcf43e546d2 after 582.8s
[2024-09-17 07:06:57]
32 configs remaining (~2h 43m 39s, ETA: 09:50:37, based on a mean trial duration of 306.9s)
[2024-09-17 07:06:57]
========== CONFIG 89 ==========
Nin_virtual               32
Nhidden                   400
Nlayer                    3
[2024-09-17 07:06:57]
Starting trial da4c9dd828d2fe8b75ed18170cb78fb5.
[2024-09-17 07:16:35]
acc_max_epoch             30
acc_max_mean              0.704
acc_max_std               0.0106
[2024-09-17 07:16:35]
Finished trial da4c9dd828d2fe8b75ed18170cb78fb5 after 577.9s
[2024-09-17 07:17:10]
31 configs remaining (~2h 39m 44s, ETA: 09:56:54, based on a mean trial duration of 309.2s)
[2024-09-17 07:17:10]
========== CONFIG 90 ==========
Nin_virtual               32
Nhidden                   400
Nlayer                    4
[2024-09-17 07:17:10]
Starting trial 6133be3486583a614db86fc8feb68328.
[2024-09-17 07:30:06]
acc_max_epoch             27
acc_max_mean              0.0955
acc_max_std               0.0714
[2024-09-17 07:30:06]
Finished trial 6133be3486583a614db86fc8feb68328 after 776.3s
[2024-09-17 07:30:42]
30 configs remaining (~2h 36m 6s, ETA: 10:06:48, based on a mean trial duration of 312.2s)
[2024-09-17 07:30:42]
========== CONFIG 91 ==========
Nin_virtual               48
Nhidden                   200
Nlayer                    3
[2024-09-17 07:30:42]
Starting trial eae54d38c6dccc6c27c52a2e7d2590ea.
[2024-09-17 07:36:14]
acc_max_epoch             50
acc_max_mean              0.739
acc_max_std               0.0189
[2024-09-17 07:36:14]
Finished trial eae54d38c6dccc6c27c52a2e7d2590ea after 332.3s
[2024-09-17 07:36:50]
29 configs remaining (~2h 31m 7s, ETA: 10:07:57, based on a mean trial duration of 312.7s)
[2024-09-17 07:36:50]
========== CONFIG 92 ==========
Nin_virtual               48
Nhidden                   200
Nlayer                    4
[2024-09-17 07:36:50]
Starting trial 91259d002202a31f436b3976d58848d9.
[2024-09-17 07:44:24]
acc_max_epoch             45
acc_max_mean              0.272
acc_max_std               0.32
[2024-09-17 07:44:24]
Finished trial 91259d002202a31f436b3976d58848d9 after 454.2s
[2024-09-17 07:45:00]
28 configs remaining (~2h 26m 26s, ETA: 10:11:27, based on a mean trial duration of 313.8s)
[2024-09-17 07:45:00]
========== CONFIG 93 ==========
Nin_virtual               48
Nhidden                   300
Nlayer                    3
[2024-09-17 07:45:00]
Starting trial 04cd541c7a242085ad13b05f10732d56.
[2024-09-17 07:52:51]
acc_max_epoch             50
acc_max_mean              0.714
acc_max_std               0.0405
[2024-09-17 07:52:51]
Finished trial 04cd541c7a242085ad13b05f10732d56 after 471.2s
[2024-09-17 07:53:27]
27 configs remaining (~2h 21m 54s, ETA: 10:15:22, based on a mean trial duration of 315.4s)
[2024-09-17 07:53:27]
========== CONFIG 94 ==========
Nin_virtual               48
Nhidden                   300
Nlayer                    4
[2024-09-17 07:53:27]
Starting trial 8be38c81f0dafabf2c0177ffeec9847f.
[2024-09-17 08:03:56]
acc_max_epoch             2
acc_max_mean              0.109
acc_max_std               0.0425
[2024-09-17 08:03:56]
Finished trial 8be38c81f0dafabf2c0177ffeec9847f after 629.0s
[2024-09-17 08:04:33]
26 configs remaining (~2h 17m 19s, ETA: 10:21:52, based on a mean trial duration of 316.9s)
[2024-09-17 08:04:33]
========== CONFIG 95 ==========
Nin_virtual               48
Nhidden                   400
Nlayer                    3
[2024-09-17 08:04:33]
Starting trial 8e713b2c6c7687a9fe8000f8bfac9bbe.
[2024-09-17 08:14:53]
acc_max_epoch             38
acc_max_mean              0.699
acc_max_std               0.00845
[2024-09-17 08:14:53]
Finished trial 8e713b2c6c7687a9fe8000f8bfac9bbe after 620.4s
[2024-09-17 08:15:30]
25 configs remaining (~2h 13m 5s, ETA: 10:28:35, based on a mean trial duration of 319.4s)
[2024-09-17 08:15:30]
========== CONFIG 96 ==========
Nin_virtual               48
Nhidden                   400
Nlayer                    4
[2024-09-17 08:15:30]
Starting trial 140acf91df4f6fe7ee246c22588bedaf.
[2024-09-17 08:29:16]
acc_max_epoch             16
acc_max_mean              0.0618
acc_max_std               0.0212
[2024-09-17 08:29:16]
Finished trial 140acf91df4f6fe7ee246c22588bedaf after 826.1s
[2024-09-17 08:29:53]
24 configs remaining (~2h 9m 5s, ETA: 10:38:58, based on a mean trial duration of 322.7s)
[2024-09-17 08:29:53]
========== CONFIG 97 ==========
Nin_virtual               64
Nhidden                   200
Nlayer                    3
[2024-09-17 08:29:53]
Starting trial 7bbfc79332ce9aa63ac315ea74bafafe.
[2024-09-17 08:35:41]
acc_max_epoch             49
acc_max_mean              0.717
acc_max_std               0.01
[2024-09-17 08:35:41]
Finished trial 7bbfc79332ce9aa63ac315ea74bafafe after 348.2s
[2024-09-17 08:36:18]
23 configs remaining (~2h 3m 53s, ETA: 10:40:12, based on a mean trial duration of 323.2s)
[2024-09-17 08:36:18]
========== CONFIG 98 ==========
Nin_virtual               64
Nhidden                   200
Nlayer                    4
[2024-09-17 08:36:18]
Starting trial 2fd819b39d88640434c3d06030962b8a.
[2024-09-17 08:44:09]
acc_max_epoch             24
acc_max_mean              0.253
acc_max_std               0.291
[2024-09-17 08:44:09]
Finished trial 2fd819b39d88640434c3d06030962b8a after 470.8s
[2024-09-17 08:44:46]
22 configs remaining (~1h 58m 56s, ETA: 10:43:42, based on a mean trial duration of 324.4s)
[2024-09-17 08:44:46]
========== CONFIG 99 ==========
Nin_virtual               64
Nhidden                   300
Nlayer                    3
[2024-09-17 08:44:46]
Starting trial 8ba253bb3135c5b0bdf8d8b67185e5d1.
[2024-09-17 08:53:01]
acc_max_epoch             47
acc_max_mean              0.714
acc_max_std               0.00604
[2024-09-17 08:53:01]
Finished trial 8ba253bb3135c5b0bdf8d8b67185e5d1 after 494.8s
[2024-09-17 08:53:38]
21 configs remaining (~1h 54m 5s, ETA: 10:47:44, based on a mean trial duration of 326.0s)
[2024-09-17 08:53:38]
========== CONFIG 100 ==========
Nin_virtual               64
Nhidden                   300
Nlayer                    4
[2024-09-17 08:53:38]
Starting trial 6c3732099b351c819fec0ca9345d3eb5.
