[2024-09-15 18:10:16]
CONSTANTS:
  device_count              1
  seed                      0
  tau                       1/6 pi^-1
  I0                        1.25
  eps                       1e-06
  Nhidden                   100
  Nlayer                    2
  Nout                      20
  w_scale                   0.5
  T                         2
  K                         300
  dt                        0.001
  gamma                     0.01
  Nbatch                    1000
  lr                        0.004
  tau_lr                    100
  beta1                     0.9
  beta2                     0.999
  p_flip                    0
  Nepochs                   40
  Ntrain                    None
  Nin                       700
  Kin                       80
  Nsamples                  3
[2024-09-15 18:10:16]
VARIABLES: 
[2024-09-15 18:10:16]
1 configs remaining (could not estimate remaining time)
[2024-09-15 18:10:16]
========== CONFIG 1 ==========

[2024-09-15 18:10:16]
Starting trial 922e1970f27ab6c2281a71126a49e358.
[2024-09-15 18:13:52]
acc_max_epoch             39
acc_max_mean              0.145
acc_max_std               0.0122
[2024-09-15 18:13:52]
Finished trial 922e1970f27ab6c2281a71126a49e358 after 215.7s
