[2024-09-13 12:21:08]
CONSTANTS:
  device_count              1
  seed                      0
  tau                       1/6 pi^-1
  I0                        1.25
  eps                       1e-06
  Nhidden                   100
  Nlayer                    2
  Nout                      20
  w_scale                   0.5
  T                         2.0
  K                         300
  dt                        0.001
  gamma                     0.01
  Nbatch                    2000
  lr                        0.004
  tau_lr                    100.0
  beta1                     0.9
  beta2                     0.999
  p_flip                    0.0
  Nepochs                   20
  Ntrain                    None
  Nin_data                  700
  Nsamples                  3
[2024-09-13 12:21:08]
VARIABLES: Nin_virtual, Nt, Nin
[2024-09-13 12:21:34]
285 configs remaining (~3h 49m 49s, ETA: 16:11:23, based on a mean trial duration of 48.4s)
[2024-09-13 12:21:34]
========== CONFIG 1 ==========
Nin_virtual               1
Nt                        2
Nin                       1400
[2024-09-13 12:21:34]
Starting trial ca0405c904a22fe195b5d2b3e3a3fba8.
[2024-09-13 12:22:15]
acc_max_epoch             16
acc_max_mean              0.4829326868057251
acc_max_std               0.012177884578704834
[2024-09-13 12:22:15]
Finished trial ca0405c904a22fe195b5d2b3e3a3fba8 after 41.0s
[2024-09-13 12:22:42]
284 configs remaining (~3h 48m 58s, ETA: 16:11:40, based on a mean trial duration of 48.4s)
[2024-09-13 12:22:42]
========== CONFIG 2 ==========
Nin_virtual               2
Nt                        2
Nin                       1400
[2024-09-13 12:22:42]
Starting trial 5bf2ed6ff3ce754bcaa31e2009060daf.
[2024-09-13 12:23:16]
acc_max_epoch             20
acc_max_mean              0.4934276342391968
acc_max_std               0.008064392022788525
[2024-09-13 12:23:16]
Finished trial 5bf2ed6ff3ce754bcaa31e2009060daf after 34.6s
[2024-09-13 12:23:43]
283 configs remaining (~3h 48m 4s, ETA: 16:11:48, based on a mean trial duration of 48.4s)
[2024-09-13 12:23:43]
========== CONFIG 3 ==========
Nin_virtual               4
Nt                        2
Nin                       1400
[2024-09-13 12:23:43]
Starting trial 46675c3bacbb0efb20cbcf83c802b29b.
[2024-09-13 12:24:19]
acc_max_epoch             17
acc_max_mean              0.49871382117271423
acc_max_std               0.01185005996376276
[2024-09-13 12:24:19]
Finished trial 46675c3bacbb0efb20cbcf83c802b29b after 36.1s
[2024-09-13 12:24:45]
282 configs remaining (~3h 47m 13s, ETA: 16:11:59, based on a mean trial duration of 48.3s)
[2024-09-13 12:24:45]
========== CONFIG 4 ==========
Nin_virtual               8
Nt                        2
Nin                       1400
[2024-09-13 12:24:45]
Starting trial a70f8af51c3d6f884b56d31740640ec6.
[2024-09-13 12:25:25]
acc_max_epoch             15
acc_max_mean              0.5322996973991394
acc_max_std               0.007410306949168444
[2024-09-13 12:25:25]
Finished trial a70f8af51c3d6f884b56d31740640ec6 after 39.3s
[2024-09-13 12:25:51]
281 configs remaining (~3h 46m 5s, ETA: 16:11:56, based on a mean trial duration of 48.3s)
[2024-09-13 12:25:51]
========== CONFIG 5 ==========
Nin_virtual               12
Nt                        2
Nin                       1400
[2024-09-13 12:25:51]
Starting trial f76d0d4b457143f1e4a96e9fc8646959.
[2024-09-13 12:26:32]
acc_max_epoch             20
acc_max_mean              0.5605489015579224
acc_max_std               0.018162168562412262
[2024-09-13 12:26:32]
Finished trial f76d0d4b457143f1e4a96e9fc8646959 after 40.7s
[2024-09-13 12:26:58]
280 configs remaining (~3h 45m 11s, ETA: 16:12:09, based on a mean trial duration of 48.3s)
[2024-09-13 12:26:58]
========== CONFIG 6 ==========
Nin_virtual               16
Nt                        2
Nin                       1400
[2024-09-13 12:26:58]
Starting trial 1f439488c1a68af567ded2f265764233.
[2024-09-13 12:27:39]
acc_max_epoch             18
acc_max_mean              0.5738552808761597
acc_max_std               0.023840945214033127
[2024-09-13 12:27:39]
Finished trial 1f439488c1a68af567ded2f265764233 after 41.1s
[2024-09-13 12:28:06]
279 configs remaining (~3h 44m 17s, ETA: 16:12:24, based on a mean trial duration of 48.2s)
[2024-09-13 12:28:06]
========== CONFIG 7 ==========
Nin_virtual               24
Nt                        2
Nin                       1400
[2024-09-13 12:28:06]
Starting trial 468555138076170f3f9d1e3c3d3afc00.
[2024-09-13 12:28:48]
acc_max_epoch             20
acc_max_mean              0.6128653883934021
acc_max_std               0.004563409369438887
[2024-09-13 12:28:48]
Finished trial 468555138076170f3f9d1e3c3d3afc00 after 42.1s
[2024-09-13 12:29:15]
278 configs remaining (~3h 43m 24s, ETA: 16:12:40, based on a mean trial duration of 48.2s)
[2024-09-13 12:29:15]
========== CONFIG 8 ==========
Nin_virtual               32
Nt                        2
Nin                       1400
[2024-09-13 12:29:15]
Starting trial e99259f2e19b1c6fa74a88e57fe2a946.
[2024-09-13 12:29:58]
acc_max_epoch             15
acc_max_mean              0.6231279969215393
acc_max_std               0.030841000378131866
[2024-09-13 12:29:58]
Finished trial e99259f2e19b1c6fa74a88e57fe2a946 after 43.0s
[2024-09-13 12:30:25]
277 configs remaining (~3h 42m 31s, ETA: 16:12:57, based on a mean trial duration of 48.2s)
[2024-09-13 12:30:25]
========== CONFIG 9 ==========
Nin_virtual               40
Nt                        2
Nin                       1400
[2024-09-13 12:30:25]
Starting trial 443c9022456f788aa84ee80b189f6e93.
[2024-09-13 12:31:10]
acc_max_epoch             17
acc_max_mean              0.6462020874023438
acc_max_std               0.028657756745815277
[2024-09-13 12:31:10]
Finished trial 443c9022456f788aa84ee80b189f6e93 after 44.1s
[2024-09-13 12:31:36]
276 configs remaining (~3h 41m 39s, ETA: 16:13:16, based on a mean trial duration of 48.2s)
[2024-09-13 12:31:36]
========== CONFIG 10 ==========
Nin_virtual               48
Nt                        2
Nin                       1400
[2024-09-13 12:31:36]
Starting trial 6489a660b94f525e312e04d499938779.
[2024-09-13 12:32:21]
acc_max_epoch             14
acc_max_mean              0.6511313915252686
acc_max_std               0.01580313965678215
[2024-09-13 12:32:21]
Finished trial 6489a660b94f525e312e04d499938779 after 44.3s
[2024-09-13 12:32:48]
275 configs remaining (~3h 40m 47s, ETA: 16:13:35, based on a mean trial duration of 48.2s)
[2024-09-13 12:32:48]
========== CONFIG 11 ==========
Nin_virtual               56
Nt                        2
Nin                       1400
[2024-09-13 12:32:48]
Starting trial ed59e4d0ab84b285c9b5de4bea84435e.
[2024-09-13 12:33:34]
acc_max_epoch             20
acc_max_mean              0.6612526178359985
acc_max_std               0.017367755994200706
[2024-09-13 12:33:34]
Finished trial ed59e4d0ab84b285c9b5de4bea84435e after 45.8s
[2024-09-13 12:34:01]
274 configs remaining (~3h 39m 55s, ETA: 16:13:57, based on a mean trial duration of 48.2s)
[2024-09-13 12:34:01]
========== CONFIG 12 ==========
Nin_virtual               64
Nt                        2
Nin                       1400
[2024-09-13 12:34:01]
Starting trial 840846577053b6d7cc30d41524d11573.
[2024-09-13 12:34:46]
acc_max_epoch             16
acc_max_mean              0.6692222952842712
acc_max_std               0.005033746361732483
[2024-09-13 12:34:46]
Finished trial 840846577053b6d7cc30d41524d11573 after 45.5s
[2024-09-13 12:35:14]
273 configs remaining (~3h 39m 4s, ETA: 16:14:18, based on a mean trial duration of 48.1s)
[2024-09-13 12:35:14]
========== CONFIG 13 ==========
Nin_virtual               80
Nt                        2
Nin                       1400
[2024-09-13 12:35:14]
Starting trial e2a55e500b9272457b922547ade4adcd.
[2024-09-13 12:36:01]
acc_max_epoch             18
acc_max_mean              0.6780809164047241
acc_max_std               0.01627342589199543
[2024-09-13 12:36:01]
Finished trial e2a55e500b9272457b922547ade4adcd after 47.0s
[2024-09-13 12:36:28]
272 configs remaining (~3h 38m 13s, ETA: 16:14:42, based on a mean trial duration of 48.1s)
[2024-09-13 12:36:28]
========== CONFIG 14 ==========
Nin_virtual               96
Nt                        2
Nin                       1400
[2024-09-13 12:36:28]
Starting trial a545ff1b949859d657190cd054681ae3.
[2024-09-13 12:37:16]
acc_max_epoch             20
acc_max_mean              0.6677240133285522
acc_max_std               0.01881193183362484
[2024-09-13 12:37:16]
Finished trial a545ff1b949859d657190cd054681ae3 after 48.0s
[2024-09-13 12:37:43]
271 configs remaining (~3h 37m 23s, ETA: 16:15:06, based on a mean trial duration of 48.1s)
[2024-09-13 12:37:43]
========== CONFIG 15 ==========
Nin_virtual               128
Nt                        2
Nin                       1400
[2024-09-13 12:37:43]
Starting trial ffaf2e80428fdb4bc6b70922f8567b19.
[2024-09-13 12:37:43]
error                     Traceback (most recent call last):
                            File "/home/s6caweni_hpc/spikegd-carlo/experiments/heidelberg/hyperparam_scan_util.py", line 645, in process_config
                              metrics = func(config)
                                        ^^^^^^^^^^^^
                            File "/home/s6caweni_hpc/spikegd-carlo/experiments/heidelberg/heidelberg_v01.py", line 967, in run_theta_ensemble
                              data_loaders = load_data(datasets, config)
                                             ^^^^^^^^^^^^^^^^^^^^^^^^^^^
                            File "/home/s6caweni_hpc/spikegd-carlo/experiments/heidelberg/heidelberg_v01.py", line 134, in load_data
                              train_set = quantize_dataset(train_set, config)
                                          ^^^^^^^^^^^^^^^^^^^^^^^^^^^^^^^^^^^
                            File "/home/s6caweni_hpc/spikegd-carlo/experiments/heidelberg/heidelberg_v01.py", line 44, in quantize_dataset
                              raise ValueError(
                          ValueError: Number of bins N_bin = 129 exceeds maximum value for torch.int8: 127
                          
[2024-09-13 12:37:43]
Finished trial ffaf2e80428fdb4bc6b70922f8567b19 after 0.0s
[2024-09-13 12:38:10]
270 configs remaining (~3h 36m 19s, ETA: 16:14:29, based on a mean trial duration of 48.1s)
[2024-09-13 12:38:10]
========== CONFIG 16 ==========
Nin_virtual               1
Nt                        4
Nin                       2800
[2024-09-13 12:38:10]
Starting trial bf0d3b79ca5412040729224bc9ec5d1f.
[2024-09-13 12:38:48]
acc_max_epoch             15
acc_max_mean              0.604222297668457
acc_max_std               0.03599262237548828
[2024-09-13 12:38:48]
Finished trial bf0d3b79ca5412040729224bc9ec5d1f after 38.4s
[2024-09-13 12:39:15]
269 configs remaining (~3h 35m 25s, ETA: 16:14:40, based on a mean trial duration of 48.1s)
[2024-09-13 12:39:15]
========== CONFIG 17 ==========
Nin_virtual               1
Nt                        6
Nin                       4200
[2024-09-13 12:39:15]
Starting trial 010c523d464354f09bc43f6b020be3f5.
[2024-09-13 12:39:54]
acc_max_epoch             16
acc_max_mean              0.7438081502914429
acc_max_std               0.006621314212679863
[2024-09-13 12:39:54]
Finished trial 010c523d464354f09bc43f6b020be3f5 after 38.9s
[2024-09-13 12:40:22]
268 configs remaining (~3h 34m 32s, ETA: 16:14:55, based on a mean trial duration of 48.0s)
[2024-09-13 12:40:22]
========== CONFIG 18 ==========
Nin_virtual               1
Nt                        8
Nin                       5600
[2024-09-13 12:40:22]
Starting trial ec2c7d631d518c3ba21532a19c54dba4.
[2024-09-13 12:41:00]
acc_max_epoch             20
acc_max_mean              0.7971684336662292
acc_max_std               0.0156642384827137
[2024-09-13 12:41:00]
Finished trial ec2c7d631d518c3ba21532a19c54dba4 after 38.0s
[2024-09-13 12:41:28]
267 configs remaining (~3h 33m 39s, ETA: 16:15:07, based on a mean trial duration of 48.0s)
[2024-09-13 12:41:28]
========== CONFIG 19 ==========
Nin_virtual               1
Nt                        10
Nin                       7000
[2024-09-13 12:41:28]
Starting trial 49edd437e29e86627f02b02f91633007.
[2024-09-13 12:42:06]
acc_max_epoch             19
acc_max_mean              0.8171886801719666
acc_max_std               0.00969015434384346
[2024-09-13 12:42:06]
Finished trial 49edd437e29e86627f02b02f91633007 after 38.4s
[2024-09-13 12:42:34]
266 configs remaining (~3h 32m 46s, ETA: 16:15:21, based on a mean trial duration of 48.0s)
[2024-09-13 12:42:34]
========== CONFIG 20 ==========
Nin_virtual               1
Nt                        12
Nin                       8400
[2024-09-13 12:42:34]
Starting trial def36965805e11974a9c260dccad8c8d.
[2024-09-13 12:43:13]
acc_max_epoch             20
acc_max_mean              0.8128317594528198
acc_max_std               0.010297564789652824
[2024-09-13 12:43:13]
Finished trial def36965805e11974a9c260dccad8c8d after 38.6s
[2024-09-13 12:43:41]
265 configs remaining (~3h 31m 54s, ETA: 16:15:35, based on a mean trial duration of 48.0s)
[2024-09-13 12:43:41]
========== CONFIG 21 ==========
Nin_virtual               1
Nt                        14
Nin                       9800
[2024-09-13 12:43:41]
Starting trial 0ff8a058a39de6c4a3b66cf88c569a91.
[2024-09-13 12:44:20]
acc_max_epoch             19
acc_max_mean              0.8307003974914551
acc_max_std               0.011744149960577488
[2024-09-13 12:44:21]
Finished trial 0ff8a058a39de6c4a3b66cf88c569a91 after 39.5s
[2024-09-13 12:44:49]
264 configs remaining (~3h 31m 3s, ETA: 16:15:52, based on a mean trial duration of 48.0s)
[2024-09-13 12:44:49]
========== CONFIG 22 ==========
Nin_virtual               1
Nt                        16
Nin                       11200
[2024-09-13 12:44:49]
Starting trial 73a421b5b99f7c9cff15b95d21fe5670.
[2024-09-13 12:45:28]
acc_max_epoch             20
acc_max_mean              0.8313031196594238
acc_max_std               0.00928057823330164
[2024-09-13 12:45:28]
Finished trial 73a421b5b99f7c9cff15b95d21fe5670 after 38.9s
[2024-09-13 12:45:55]
263 configs remaining (~3h 30m 12s, ETA: 16:16:07, based on a mean trial duration of 48.0s)
[2024-09-13 12:45:55]
========== CONFIG 23 ==========
Nin_virtual               1
Nt                        18
Nin                       12600
[2024-09-13 12:45:55]
Starting trial 0b8dd76795711e0072087be994563cfb.
[2024-09-13 12:46:35]
acc_max_epoch             17
acc_max_mean              0.8163098096847534
acc_max_std               0.01926390267908573
[2024-09-13 12:46:35]
Finished trial 0b8dd76795711e0072087be994563cfb after 40.3s
[2024-09-13 12:47:02]
262 configs remaining (~3h 29m 22s, ETA: 16:16:25, based on a mean trial duration of 47.9s)
[2024-09-13 12:47:02]
========== CONFIG 24 ==========
Nin_virtual               1
Nt                        20
Nin                       14000
[2024-09-13 12:47:02]
Starting trial 998ba093518416bfd57dc35d6c96489a.
[2024-09-13 12:47:42]
acc_max_epoch             18
acc_max_mean              0.7933030128479004
acc_max_std               0.02488384023308754
[2024-09-13 12:47:42]
Finished trial 998ba093518416bfd57dc35d6c96489a after 39.5s
[2024-09-13 12:48:10]
261 configs remaining (~3h 28m 28s, ETA: 16:16:39, based on a mean trial duration of 47.9s)
[2024-09-13 12:48:10]
========== CONFIG 25 ==========
Nin_virtual               1
Nt                        24
Nin                       16800
[2024-09-13 12:48:10]
Starting trial 3f8fde13f263c00dc807f5cac22a3bc4.
[2024-09-13 12:48:50]
acc_max_epoch             18
acc_max_mean              0.801306426525116
acc_max_std               0.009570147842168808
[2024-09-13 12:48:50]
Finished trial 3f8fde13f263c00dc807f5cac22a3bc4 after 40.0s
[2024-09-13 12:49:17]
260 configs remaining (~3h 27m 34s, ETA: 16:16:52, based on a mean trial duration of 47.9s)
[2024-09-13 12:49:17]
========== CONFIG 26 ==========
Nin_virtual               1
Nt                        28
Nin                       19600
[2024-09-13 12:49:17]
Starting trial 141280de42a5ac3ff35a8cf174a14e49.
[2024-09-13 12:49:59]
acc_max_epoch             17
acc_max_mean              0.7933435440063477
acc_max_std               0.02567410282790661
[2024-09-13 12:49:59]
Finished trial 141280de42a5ac3ff35a8cf174a14e49 after 41.3s
[2024-09-13 12:50:26]
259 configs remaining (~3h 26m 41s, ETA: 16:17:07, based on a mean trial duration of 47.9s)
[2024-09-13 12:50:26]
========== CONFIG 27 ==========
Nin_virtual               1
Nt                        32
Nin                       22400
[2024-09-13 12:50:26]
Starting trial 14a4db20fcde3b521286a2d89d5ad1e3.
[2024-09-13 12:51:07]
acc_max_epoch             19
acc_max_mean              0.8038722276687622
acc_max_std               0.030834300443530083
[2024-09-13 12:51:07]
Finished trial 14a4db20fcde3b521286a2d89d5ad1e3 after 40.3s
[2024-09-13 12:51:35]
258 configs remaining (~3h 25m 47s, ETA: 16:17:23, based on a mean trial duration of 47.9s)
[2024-09-13 12:51:35]
========== CONFIG 28 ==========
Nin_virtual               1
Nt                        40
Nin                       28000
[2024-09-13 12:51:35]
Starting trial a5b4ea075bbefca5ebee76b8a5f40e9c.
[2024-09-13 12:52:17]
acc_max_epoch             14
acc_max_mean              0.7577643394470215
acc_max_std               0.01627453789114952
[2024-09-13 12:52:17]
Finished trial a5b4ea075bbefca5ebee76b8a5f40e9c after 41.5s
[2024-09-13 12:52:44]
257 configs remaining (~3h 24m 54s, ETA: 16:17:39, based on a mean trial duration of 47.8s)
[2024-09-13 12:52:44]
========== CONFIG 29 ==========
Nin_virtual               1
Nt                        48
Nin                       33600
[2024-09-13 12:52:44]
Starting trial e01b4ed8e1fb8b42c0d76d22b7529cbd.
[2024-09-13 12:53:27]
acc_max_epoch             20
acc_max_mean              0.7739900350570679
acc_max_std               0.017191091552376747
[2024-09-13 12:53:27]
Finished trial e01b4ed8e1fb8b42c0d76d22b7529cbd after 43.0s
[2024-09-13 12:53:56]
256 configs remaining (~3h 24m 2s, ETA: 16:17:58, based on a mean trial duration of 47.8s)
[2024-09-13 12:53:56]
========== CONFIG 30 ==========
Nin_virtual               1
Nt                        64
Nin                       44800
[2024-09-13 12:53:56]
Starting trial 893c29771799ff06d19a4b695b3bf96d.
[2024-09-13 12:54:40]
acc_max_epoch             20
acc_max_mean              0.7699024081230164
acc_max_std               0.015633901581168175
[2024-09-13 12:54:40]
Finished trial 893c29771799ff06d19a4b695b3bf96d after 44.6s
[2024-09-13 12:55:08]
255 configs remaining (~3h 23m 10s, ETA: 16:18:18, based on a mean trial duration of 47.8s)
[2024-09-13 12:55:08]
========== CONFIG 31 ==========
Nin_virtual               1
Nt                        80
Nin                       56000
[2024-09-13 12:55:08]
Starting trial 87a70d1dd965f0569417add8383a8037.
[2024-09-13 12:55:55]
acc_max_epoch             18
acc_max_mean              0.7563132047653198
acc_max_std               0.04324795678257942
[2024-09-13 12:55:55]
Finished trial 87a70d1dd965f0569417add8383a8037 after 46.9s
[2024-09-13 12:56:24]
254 configs remaining (~3h 22m 19s, ETA: 16:18:43, based on a mean trial duration of 47.8s)
[2024-09-13 12:56:24]
========== CONFIG 32 ==========
Nin_virtual               1
Nt                        96
Nin                       67200
[2024-09-13 12:56:24]
Starting trial b204e6630b5d690caae5f9c981586094.
[2024-09-13 12:57:19]
acc_max_epoch             18
acc_max_mean              0.7612020969390869
acc_max_std               0.005687464028596878
[2024-09-13 12:57:19]
Finished trial b204e6630b5d690caae5f9c981586094 after 54.9s
[2024-09-13 12:57:46]
253 configs remaining (~3h 21m 30s, ETA: 16:19:17, based on a mean trial duration of 47.8s)
[2024-09-13 12:57:46]
========== CONFIG 33 ==========
Nin_virtual               1
Nt                        128
Nin                       89600
[2024-09-13 12:57:46]
Starting trial f8a26d1a3815d14af60c89594f4cb60d.
[2024-09-13 12:58:41]
acc_max_epoch             20
acc_max_mean              0.7338249087333679
acc_max_std               0.018341170623898506
[2024-09-13 12:58:41]
Finished trial f8a26d1a3815d14af60c89594f4cb60d after 54.4s
[2024-09-13 12:59:09]
252 configs remaining (~3h 20m 40s, ETA: 16:19:49, based on a mean trial duration of 47.8s)
[2024-09-13 12:59:09]
========== CONFIG 34 ==========
Nin_virtual               2
Nt                        4
Nin                       2800
[2024-09-13 12:59:09]
Starting trial 388ff67c186f17e16c8ad5e1941ad098.
[2024-09-13 12:59:44]
acc_max_epoch             18
acc_max_mean              0.6212458610534668
acc_max_std               0.020187698304653168
[2024-09-13 12:59:44]
Finished trial 388ff67c186f17e16c8ad5e1941ad098 after 34.9s
[2024-09-13 13:00:13]
251 configs remaining (~3h 19m 46s, ETA: 16:20:00, based on a mean trial duration of 47.8s)
[2024-09-13 13:00:13]
========== CONFIG 35 ==========
Nin_virtual               2
Nt                        6
Nin                       4200
[2024-09-13 13:00:13]
Starting trial 804d327cc8d6baffa9e9b51f8b46350a.
[2024-09-13 13:00:47]
acc_max_epoch             18
acc_max_mean              0.7416431307792664
acc_max_std               0.03047635778784752
[2024-09-13 13:00:47]
Finished trial 804d327cc8d6baffa9e9b51f8b46350a after 33.6s
[2024-09-13 13:01:16]
250 configs remaining (~3h 18m 52s, ETA: 16:20:09, based on a mean trial duration of 47.7s)
[2024-09-13 13:01:16]
========== CONFIG 36 ==========
Nin_virtual               2
Nt                        8
Nin                       5600
[2024-09-13 13:01:16]
Starting trial ab2c93a27d3cf04610fdcf9727981cb8.
[2024-09-13 13:01:52]
acc_max_epoch             14
acc_max_mean              0.8072559237480164
acc_max_std               0.011241846717894077
[2024-09-13 13:01:52]
Finished trial ab2c93a27d3cf04610fdcf9727981cb8 after 35.4s
[2024-09-13 13:02:19]
249 configs remaining (~3h 18m 1s, ETA: 16:20:21, based on a mean trial duration of 47.7s)
[2024-09-13 13:02:19]
========== CONFIG 37 ==========
Nin_virtual               2
Nt                        10
Nin                       7000
[2024-09-13 13:02:19]
Starting trial 9b15d7c779c515b168a86328ce0373c0.
[2024-09-13 13:02:55]
acc_max_epoch             19
acc_max_mean              0.8240405321121216
acc_max_std               0.01491412241011858
[2024-09-13 13:02:55]
Finished trial 9b15d7c779c515b168a86328ce0373c0 after 35.8s
[2024-09-13 13:03:23]
248 configs remaining (~3h 17m 8s, ETA: 16:20:32, based on a mean trial duration of 47.7s)
[2024-09-13 13:03:23]
========== CONFIG 38 ==========
Nin_virtual               2
Nt                        12
Nin                       8400
[2024-09-13 13:03:23]
Starting trial c369d70ad0d0039e95cd42f7923a6ae7.
[2024-09-13 13:03:59]
acc_max_epoch             18
acc_max_mean              0.81122225522995
acc_max_std               0.022660937160253525
[2024-09-13 13:03:59]
Finished trial c369d70ad0d0039e95cd42f7923a6ae7 after 36.0s
[2024-09-13 13:04:27]
247 configs remaining (~3h 16m 15s, ETA: 16:20:43, based on a mean trial duration of 47.7s)
[2024-09-13 13:04:27]
========== CONFIG 39 ==========
Nin_virtual               2
Nt                        14
Nin                       9800
[2024-09-13 13:04:27]
Starting trial eb912b8e71807c3cfbbed77ab7acc908.
[2024-09-13 13:05:04]
acc_max_epoch             19
acc_max_mean              0.8274209499359131
acc_max_std               0.01788078062236309
[2024-09-13 13:05:04]
Finished trial eb912b8e71807c3cfbbed77ab7acc908 after 36.2s
[2024-09-13 13:05:34]
246 configs remaining (~3h 15m 23s, ETA: 16:20:57, based on a mean trial duration of 47.7s)
[2024-09-13 13:05:34]
========== CONFIG 40 ==========
Nin_virtual               2
Nt                        16
Nin                       11200
[2024-09-13 13:05:34]
Starting trial 2586e2201c4ef30612bb3a698b58252b.
[2024-09-13 13:06:10]
acc_max_epoch             14
acc_max_mean              0.8242055177688599
acc_max_std               0.007218829356133938
[2024-09-13 13:06:10]
Finished trial 2586e2201c4ef30612bb3a698b58252b after 36.7s
[2024-09-13 13:06:39]
245 configs remaining (~3h 14m 32s, ETA: 16:21:11, based on a mean trial duration of 47.6s)
[2024-09-13 13:06:39]
========== CONFIG 41 ==========
Nin_virtual               2
Nt                        18
Nin                       12600
[2024-09-13 13:06:39]
Starting trial f0f73809efddc9543f68acb70e6b428e.
[2024-09-13 13:07:16]
acc_max_epoch             16
acc_max_mean              0.8158620595932007
acc_max_std               0.010500896722078323
[2024-09-13 13:07:16]
Finished trial f0f73809efddc9543f68acb70e6b428e after 37.0s
[2024-09-13 13:07:44]
244 configs remaining (~3h 13m 41s, ETA: 16:21:26, based on a mean trial duration of 47.6s)
[2024-09-13 13:07:44]
========== CONFIG 42 ==========
Nin_virtual               2
Nt                        20
Nin                       14000
[2024-09-13 13:07:44]
Starting trial c53d885c853902945a52472815fb10e7.
[2024-09-13 13:08:21]
acc_max_epoch             19
acc_max_mean              0.8065051436424255
acc_max_std               0.018690478056669235
[2024-09-13 13:08:21]
Finished trial c53d885c853902945a52472815fb10e7 after 37.4s
[2024-09-13 13:08:50]
243 configs remaining (~3h 12m 48s, ETA: 16:21:38, based on a mean trial duration of 47.6s)
[2024-09-13 13:08:50]
========== CONFIG 43 ==========
Nin_virtual               2
Nt                        24
Nin                       16800
[2024-09-13 13:08:50]
Starting trial b6a67f01a558913a0051efb950addcab.
[2024-09-13 13:09:28]
acc_max_epoch             20
acc_max_mean              0.8134040832519531
acc_max_std               0.015107741579413414
[2024-09-13 13:09:28]
Finished trial b6a67f01a558913a0051efb950addcab after 37.8s
[2024-09-13 13:09:56]
242 configs remaining (~3h 11m 54s, ETA: 16:21:51, based on a mean trial duration of 47.6s)
[2024-09-13 13:09:56]
========== CONFIG 44 ==========
Nin_virtual               2
Nt                        28
Nin                       19600
[2024-09-13 13:09:56]
Starting trial c1ee7132ecf7bcda0d5674847166d2d1.
[2024-09-13 13:10:34]
acc_max_epoch             20
acc_max_mean              0.8008114695549011
acc_max_std               0.020437857136130333
[2024-09-13 13:10:34]
Finished trial c1ee7132ecf7bcda0d5674847166d2d1 after 38.0s
[2024-09-13 13:11:05]
241 configs remaining (~3h 11m 1s, ETA: 16:22:06, based on a mean trial duration of 47.6s)
[2024-09-13 13:11:05]
========== CONFIG 45 ==========
Nin_virtual               2
Nt                        32
Nin                       22400
[2024-09-13 13:11:05]
Starting trial c350c1e5d67246caa0de8a5fdd6f7c87.
[2024-09-13 13:11:41]
acc_max_epoch             20
acc_max_mean              0.7810068130493164
acc_max_std               0.01188725046813488
[2024-09-13 13:11:41]
Finished trial c350c1e5d67246caa0de8a5fdd6f7c87 after 36.4s
[2024-09-13 13:12:12]
240 configs remaining (~3h 10m 8s, ETA: 16:22:20, based on a mean trial duration of 47.5s)
[2024-09-13 13:12:12]
========== CONFIG 46 ==========
Nin_virtual               2
Nt                        40
Nin                       28000
[2024-09-13 13:12:12]
Starting trial 43fb346a20255676b7f6b9e10a655892.
[2024-09-13 13:12:49]
acc_max_epoch             20
acc_max_mean              0.7675354480743408
acc_max_std               0.01264358963817358
[2024-09-13 13:12:49]
Finished trial 43fb346a20255676b7f6b9e10a655892 after 37.6s
[2024-09-13 13:13:20]
239 configs remaining (~3h 9m 16s, ETA: 16:22:36, based on a mean trial duration of 47.5s)
[2024-09-13 13:13:20]
========== CONFIG 47 ==========
Nin_virtual               2
Nt                        48
Nin                       33600
[2024-09-13 13:13:20]
Starting trial a87e5c8a3da42b7ee978c9d4a3066ebf.
[2024-09-13 13:13:59]
acc_max_epoch             15
acc_max_mean              0.7542626857757568
acc_max_std               0.041770465672016144
[2024-09-13 13:13:59]
Finished trial a87e5c8a3da42b7ee978c9d4a3066ebf after 38.7s
[2024-09-13 13:14:29]
238 configs remaining (~3h 8m 23s, ETA: 16:22:53, based on a mean trial duration of 47.5s)
[2024-09-13 13:14:29]
========== CONFIG 48 ==========
Nin_virtual               2
Nt                        64
Nin                       44800
[2024-09-13 13:14:29]
Starting trial 2196dcd5d0454e35a4535efd58f2c274.
[2024-09-13 13:15:13]
acc_max_epoch             18
acc_max_mean              0.7609226107597351
acc_max_std               0.03377961367368698
[2024-09-13 13:15:13]
Finished trial 2196dcd5d0454e35a4535efd58f2c274 after 44.0s
[2024-09-13 13:15:42]
237 configs remaining (~3h 7m 32s, ETA: 16:23:14, based on a mean trial duration of 47.5s)
[2024-09-13 13:15:42]
========== CONFIG 49 ==========
Nin_virtual               2
Nt                        80
Nin                       56000
[2024-09-13 13:15:42]
Starting trial 664b263619d11bb9142913fc87387ff0.
[2024-09-13 13:16:24]
acc_max_epoch             20
acc_max_mean              0.7707980871200562
acc_max_std               0.028487883508205414
[2024-09-13 13:16:24]
Finished trial 664b263619d11bb9142913fc87387ff0 after 41.8s
[2024-09-13 13:16:55]
236 configs remaining (~3h 6m 40s, ETA: 16:23:36, based on a mean trial duration of 47.5s)
[2024-09-13 13:16:55]
========== CONFIG 50 ==========
Nin_virtual               2
Nt                        96
Nin                       67200
[2024-09-13 13:16:55]
Starting trial 30468a4bbeefa5b199ece1eed218dc50.
[2024-09-13 13:17:38]
acc_max_epoch             17
acc_max_mean              0.7570741176605225
acc_max_std               0.030552687123417854
[2024-09-13 13:17:38]
Finished trial 30468a4bbeefa5b199ece1eed218dc50 after 43.4s
[2024-09-13 13:18:10]
235 configs remaining (~3h 5m 49s, ETA: 16:23:59, based on a mean trial duration of 47.4s)
[2024-09-13 13:18:10]
========== CONFIG 51 ==========
Nin_virtual               2
Nt                        128
Nin                       89600
[2024-09-13 13:18:10]
Starting trial 0eaebecb6169bdd7314b091fc601b78d.
[2024-09-13 13:18:57]
acc_max_epoch             20
acc_max_mean              0.7342526316642761
acc_max_std               0.020168375223875046
[2024-09-13 13:18:57]
Finished trial 0eaebecb6169bdd7314b091fc601b78d after 47.5s
[2024-09-13 13:19:29]
234 configs remaining (~3h 4m 59s, ETA: 16:24:28, based on a mean trial duration of 47.4s)
[2024-09-13 13:19:29]
========== CONFIG 52 ==========
Nin_virtual               4
Nt                        4
Nin                       2800
[2024-09-13 13:19:29]
Starting trial 06736bb8eecfc92e44ed447951a49227.
[2024-09-13 13:20:04]
acc_max_epoch             13
acc_max_mean              0.621734082698822
acc_max_std               0.017258672043681145
[2024-09-13 13:20:04]
Finished trial 06736bb8eecfc92e44ed447951a49227 after 35.2s
[2024-09-13 13:20:35]
233 configs remaining (~3h 4m 7s, ETA: 16:24:42, based on a mean trial duration of 47.4s)
[2024-09-13 13:20:35]
========== CONFIG 53 ==========
Nin_virtual               4
Nt                        6
Nin                       4200
[2024-09-13 13:20:35]
Starting trial 1871baf4c624571711aa63412f564af4.
[2024-09-13 13:21:13]
acc_max_epoch             15
acc_max_mean              0.7451280355453491
acc_max_std               0.018585266545414925
[2024-09-13 13:21:13]
Finished trial 1871baf4c624571711aa63412f564af4 after 37.6s
[2024-09-13 13:21:42]
232 configs remaining (~3h 3m 15s, ETA: 16:24:58, based on a mean trial duration of 47.4s)
[2024-09-13 13:21:42]
========== CONFIG 54 ==========
Nin_virtual               4
Nt                        8
Nin                       5600
[2024-09-13 13:21:42]
Starting trial c90222b5cb22243bb616948d63d60886.
[2024-09-13 13:22:18]
acc_max_epoch             16
acc_max_mean              0.8200472593307495
acc_max_std               0.013973068445920944
[2024-09-13 13:22:18]
Finished trial c90222b5cb22243bb616948d63d60886 after 36.0s
[2024-09-13 13:22:49]
231 configs remaining (~3h 2m 23s, ETA: 16:25:13, based on a mean trial duration of 47.4s)
[2024-09-13 13:22:49]
========== CONFIG 55 ==========
Nin_virtual               4
Nt                        10
Nin                       7000
[2024-09-13 13:22:49]
Starting trial 544ccc13e8590ff806f59c729796c9dc.
[2024-09-13 13:23:25]
acc_max_epoch             14
acc_max_mean              0.817060649394989
acc_max_std               0.005471536424010992
[2024-09-13 13:23:25]
Finished trial 544ccc13e8590ff806f59c729796c9dc after 36.2s
[2024-09-13 13:23:57]
230 configs remaining (~3h 1m 32s, ETA: 16:25:29, based on a mean trial duration of 47.4s)
[2024-09-13 13:23:57]
========== CONFIG 56 ==========
Nin_virtual               4
Nt                        12
Nin                       8400
[2024-09-13 13:23:57]
Starting trial d1f0f2cf32f3ad85cd46fa04e9ec0741.
[2024-09-13 13:24:33]
acc_max_epoch             18
acc_max_mean              0.8286296725273132
acc_max_std               0.027415698394179344
[2024-09-13 13:24:33]
Finished trial d1f0f2cf32f3ad85cd46fa04e9ec0741 after 36.3s
[2024-09-13 13:25:05]
229 configs remaining (~3h 0m 41s, ETA: 16:25:46, based on a mean trial duration of 47.3s)
[2024-09-13 13:25:05]
========== CONFIG 57 ==========
Nin_virtual               4
Nt                        14
Nin                       9800
[2024-09-13 13:25:05]
Starting trial 5bc531f13dd6a0d49d27d55c6d00a6c5.
[2024-09-13 13:25:43]
acc_max_epoch             20
acc_max_mean              0.8304613828659058
acc_max_std               0.0030895760282874107
[2024-09-13 13:25:43]
Finished trial 5bc531f13dd6a0d49d27d55c6d00a6c5 after 38.7s
[2024-09-13 13:26:13]
228 configs remaining (~2h 59m 51s, ETA: 16:26:04, based on a mean trial duration of 47.3s)
[2024-09-13 13:26:13]
========== CONFIG 58 ==========
Nin_virtual               4
Nt                        16
Nin                       11200
[2024-09-13 13:26:13]
Starting trial 8d2577960c0e8312061e4ec71e865cf1.
[2024-09-13 13:26:52]
acc_max_epoch             17
acc_max_mean              0.8151549696922302
acc_max_std               0.022120900452136993
[2024-09-13 13:26:52]
Finished trial 8d2577960c0e8312061e4ec71e865cf1 after 39.1s
[2024-09-13 13:27:22]
227 configs remaining (~2h 59m 2s, ETA: 16:26:24, based on a mean trial duration of 47.3s)
[2024-09-13 13:27:22]
========== CONFIG 59 ==========
Nin_virtual               4
Nt                        18
Nin                       12600
[2024-09-13 13:27:22]
Starting trial 1a1d9c1442ed92d91b8f179cd336b632.
[2024-09-13 13:28:01]
acc_max_epoch             11
acc_max_mean              0.8109899759292603
acc_max_std               0.0033861580304801464
[2024-09-13 13:28:01]
Finished trial 1a1d9c1442ed92d91b8f179cd336b632 after 39.3s
[2024-09-13 13:28:31]
226 configs remaining (~2h 58m 13s, ETA: 16:26:44, based on a mean trial duration of 47.3s)
[2024-09-13 13:28:31]
========== CONFIG 60 ==========
Nin_virtual               4
Nt                        20
Nin                       14000
[2024-09-13 13:28:31]
Starting trial 8ee01709efe0ef290bc70ed7e90df36f.
[2024-09-13 13:29:10]
acc_max_epoch             20
acc_max_mean              0.8183333873748779
acc_max_std               0.02572312392294407
[2024-09-13 13:29:10]
Finished trial 8ee01709efe0ef290bc70ed7e90df36f after 39.7s
[2024-09-13 13:29:40]
225 configs remaining (~2h 57m 25s, ETA: 16:27:05, based on a mean trial duration of 47.3s)
[2024-09-13 13:29:40]
========== CONFIG 61 ==========
Nin_virtual               4
Nt                        24
Nin                       16800
[2024-09-13 13:29:40]
Starting trial 7092019ce2a1427018549299ee2e5186.
[2024-09-13 13:30:20]
acc_max_epoch             14
acc_max_mean              0.7946364283561707
acc_max_std               0.018241584300994873
[2024-09-13 13:30:20]
Finished trial 7092019ce2a1427018549299ee2e5186 after 40.4s
[2024-09-13 13:30:50]
224 configs remaining (~2h 56m 34s, ETA: 16:27:25, based on a mean trial duration of 47.3s)
[2024-09-13 13:30:50]
========== CONFIG 62 ==========
Nin_virtual               4
Nt                        28
Nin                       19600
[2024-09-13 13:30:50]
Starting trial b470c96853485b957c1b0fddb5506ee7.
[2024-09-13 13:31:31]
acc_max_epoch             20
acc_max_mean              0.7900640368461609
acc_max_std               0.018764374777674675
[2024-09-13 13:31:31]
Finished trial b470c96853485b957c1b0fddb5506ee7 after 40.6s
[2024-09-13 13:32:00]
223 configs remaining (~2h 55m 44s, ETA: 16:27:45, based on a mean trial duration of 47.3s)
[2024-09-13 13:32:00]
========== CONFIG 63 ==========
Nin_virtual               4
Nt                        32
Nin                       22400
[2024-09-13 13:32:00]
Starting trial 0514dc5dad8f8e379ff2330359c6a778.
[2024-09-13 13:32:39]
acc_max_epoch             17
acc_max_mean              0.7809361219406128
acc_max_std               0.016718624159693718
[2024-09-13 13:32:39]
Finished trial 0514dc5dad8f8e379ff2330359c6a778 after 38.9s
[2024-09-13 13:33:11]
222 configs remaining (~2h 54m 53s, ETA: 16:28:05, based on a mean trial duration of 47.3s)
[2024-09-13 13:33:11]
========== CONFIG 64 ==========
Nin_virtual               4
Nt                        40
Nin                       28000
[2024-09-13 13:33:11]
Starting trial 1f2708edfaf4f5a309d75c6e14c50974.
[2024-09-13 13:33:54]
acc_max_epoch             16
acc_max_mean              0.7696263194084167
acc_max_std               0.013873741030693054
[2024-09-13 13:33:54]
Finished trial 1f2708edfaf4f5a309d75c6e14c50974 after 42.3s
[2024-09-13 13:34:23]
221 configs remaining (~2h 54m 3s, ETA: 16:28:27, based on a mean trial duration of 47.3s)
[2024-09-13 13:34:23]
========== CONFIG 65 ==========
Nin_virtual               4
Nt                        48
Nin                       33600
[2024-09-13 13:34:23]
Starting trial d470d032635aab6a6125c3eb6d3a2237.
[2024-09-13 13:35:05]
acc_max_epoch             14
acc_max_mean              0.7694714069366455
acc_max_std               0.021801263093948364
[2024-09-13 13:35:05]
Finished trial d470d032635aab6a6125c3eb6d3a2237 after 42.0s
[2024-09-13 13:35:38]
220 configs remaining (~2h 53m 13s, ETA: 16:28:51, based on a mean trial duration of 47.2s)
[2024-09-13 13:35:38]
========== CONFIG 66 ==========
Nin_virtual               4
Nt                        64
Nin                       44800
[2024-09-13 13:35:38]
Starting trial d02f22cd9d6433bce2a40a1c57cfaa2e.
[2024-09-13 13:36:22]
acc_max_epoch             19
acc_max_mean              0.7778654098510742
acc_max_std               0.006783230695873499
[2024-09-13 13:36:22]
Finished trial d02f22cd9d6433bce2a40a1c57cfaa2e after 43.8s
[2024-09-13 13:36:54]
219 configs remaining (~2h 52m 24s, ETA: 16:29:18, based on a mean trial duration of 47.2s)
[2024-09-13 13:36:54]
========== CONFIG 67 ==========
Nin_virtual               4
Nt                        80
Nin                       56000
[2024-09-13 13:36:54]
Starting trial a5a013008153f10410b93d260e81a051.
[2024-09-13 13:37:45]
acc_max_epoch             19
acc_max_mean              0.7641920447349548
acc_max_std               0.027084631845355034
[2024-09-13 13:37:45]
Finished trial a5a013008153f10410b93d260e81a051 after 50.4s
[2024-09-13 13:38:17]
218 configs remaining (~2h 51m 36s, ETA: 16:29:54, based on a mean trial duration of 47.2s)
[2024-09-13 13:38:17]
========== CONFIG 68 ==========
Nin_virtual               4
Nt                        96
Nin                       67200
[2024-09-13 13:38:17]
Starting trial f696253d19227fcce76689f931301281.
[2024-09-13 13:39:07]
acc_max_epoch             20
acc_max_mean              0.7715152502059937
acc_max_std               0.02166789025068283
[2024-09-13 13:39:07]
Finished trial f696253d19227fcce76689f931301281 after 49.4s
[2024-09-13 13:39:37]
217 configs remaining (~2h 50m 48s, ETA: 16:30:25, based on a mean trial duration of 47.2s)
[2024-09-13 13:39:37]
========== CONFIG 69 ==========
Nin_virtual               4
Nt                        128
Nin                       89600
[2024-09-13 13:39:37]
Starting trial d94608d3da170b04fbe2e7253deb1053.
[2024-09-13 13:40:32]
acc_max_epoch             20
acc_max_mean              0.7469058036804199
acc_max_std               0.0031155261676758528
[2024-09-13 13:40:32]
Finished trial d94608d3da170b04fbe2e7253deb1053 after 55.1s
[2024-09-13 13:41:02]
216 configs remaining (~2h 50m 2s, ETA: 16:31:04, based on a mean trial duration of 47.2s)
[2024-09-13 13:41:02]
========== CONFIG 70 ==========
Nin_virtual               8
Nt                        4
Nin                       2800
[2024-09-13 13:41:02]
Starting trial 066aef604cfb409235f0b2f46cd756f5.
[2024-09-13 13:41:43]
acc_max_epoch             20
acc_max_mean              0.6548485159873962
acc_max_std               0.013645227067172527
[2024-09-13 13:41:43]
Finished trial 066aef604cfb409235f0b2f46cd756f5 after 40.7s
[2024-09-13 13:42:13]
215 configs remaining (~2h 49m 12s, ETA: 16:31:26, based on a mean trial duration of 47.2s)
[2024-09-13 13:42:13]
========== CONFIG 71 ==========
Nin_virtual               8
Nt                        6
Nin                       4200
[2024-09-13 13:42:13]
Starting trial 7420f045943ddfedd56eec96dfe25eb4.
[2024-09-13 13:42:54]
acc_max_epoch             19
acc_max_mean              0.761764407157898
acc_max_std               0.007913322187960148
[2024-09-13 13:42:54]
Finished trial 7420f045943ddfedd56eec96dfe25eb4 after 41.0s
[2024-09-13 13:43:25]
214 configs remaining (~2h 48m 23s, ETA: 16:31:48, based on a mean trial duration of 47.2s)
[2024-09-13 13:43:25]
========== CONFIG 72 ==========
Nin_virtual               8
Nt                        8
Nin                       5600
[2024-09-13 13:43:25]
Starting trial 28539227a52a87d401bfb75d5fa7b15c.
[2024-09-13 13:44:04]
acc_max_epoch             19
acc_max_mean              0.8165926933288574
acc_max_std               0.015576365403831005
[2024-09-13 13:44:04]
Finished trial 28539227a52a87d401bfb75d5fa7b15c after 39.1s
[2024-09-13 13:44:37]
213 configs remaining (~2h 47m 34s, ETA: 16:32:11, based on a mean trial duration of 47.2s)
[2024-09-13 13:44:37]
========== CONFIG 73 ==========
Nin_virtual               8
Nt                        10
Nin                       7000
[2024-09-13 13:44:37]
Starting trial 07037f57cbe96894b30ee37dec344d26.
[2024-09-13 13:45:19]
acc_max_epoch             16
acc_max_mean              0.8223469257354736
acc_max_std               0.009826136752963066
[2024-09-13 13:45:19]
Finished trial 07037f57cbe96894b30ee37dec344d26 after 41.9s
[2024-09-13 13:45:49]
212 configs remaining (~2h 46m 45s, ETA: 16:32:34, based on a mean trial duration of 47.2s)
[2024-09-13 13:45:49]
========== CONFIG 74 ==========
Nin_virtual               8
Nt                        12
Nin                       8400
[2024-09-13 13:45:49]
Starting trial dc7ae72be5313779c53dc3f5b7cd5ef9.
[2024-09-13 13:46:29]
acc_max_epoch             20
acc_max_mean              0.8265320658683777
acc_max_std               0.011901144869625568
[2024-09-13 13:46:29]
Finished trial dc7ae72be5313779c53dc3f5b7cd5ef9 after 39.9s
[2024-09-13 13:47:02]
211 configs remaining (~2h 45m 56s, ETA: 16:32:59, based on a mean trial duration of 47.2s)
[2024-09-13 13:47:02]
========== CONFIG 75 ==========
Nin_virtual               8
Nt                        14
Nin                       9800
[2024-09-13 13:47:02]
Starting trial 81eb7c963081558f5b2a8c9b5d405aed.
[2024-09-13 13:47:42]
acc_max_epoch             20
acc_max_mean              0.835612952709198
acc_max_std               0.010020175017416477
[2024-09-13 13:47:42]
Finished trial 81eb7c963081558f5b2a8c9b5d405aed after 40.1s
[2024-09-13 13:48:15]
210 configs remaining (~2h 45m 8s, ETA: 16:33:23, based on a mean trial duration of 47.2s)
[2024-09-13 13:48:15]
========== CONFIG 76 ==========
Nin_virtual               8
Nt                        16
Nin                       11200
[2024-09-13 13:48:15]
Starting trial ff269d86c5cfc7fefa356194dfa6484c.
[2024-09-13 13:48:56]
acc_max_epoch             20
acc_max_mean              0.8407273292541504
acc_max_std               0.006943773943930864
[2024-09-13 13:48:56]
Finished trial ff269d86c5cfc7fefa356194dfa6484c after 41.0s
[2024-09-13 13:49:29]
209 configs remaining (~2h 44m 20s, ETA: 16:33:50, based on a mean trial duration of 47.2s)
[2024-09-13 13:49:29]
========== CONFIG 77 ==========
Nin_virtual               8
Nt                        18
Nin                       12600
[2024-09-13 13:49:29]
Starting trial e07d33dd1a59b3a7c5ba891e0dfbe9e1.
[2024-09-13 13:50:13]
acc_max_epoch             20
acc_max_mean              0.8434243202209473
acc_max_std               0.0054565733298659325
[2024-09-13 13:50:13]
Finished trial e07d33dd1a59b3a7c5ba891e0dfbe9e1 after 43.3s
[2024-09-13 13:50:43]
208 configs remaining (~2h 43m 34s, ETA: 16:34:18, based on a mean trial duration of 47.2s)
[2024-09-13 13:50:43]
========== CONFIG 78 ==========
Nin_virtual               8
Nt                        20
Nin                       14000
[2024-09-13 13:50:43]
Starting trial a91c6f54e806df2b9438059677c86a4e.
[2024-09-13 13:51:27]
acc_max_epoch             19
acc_max_mean              0.8183469176292419
acc_max_std               0.01634635217487812
[2024-09-13 13:51:27]
Finished trial a91c6f54e806df2b9438059677c86a4e after 43.5s
[2024-09-13 13:51:58]
207 configs remaining (~2h 42m 49s, ETA: 16:34:47, based on a mean trial duration of 47.2s)
[2024-09-13 13:51:58]
========== CONFIG 79 ==========
Nin_virtual               8
Nt                        24
Nin                       16800
[2024-09-13 13:51:58]
Starting trial fe4de13d0fab674db4d9f860a7f2b355.
[2024-09-13 13:52:42]
acc_max_epoch             19
acc_max_mean              0.8144411444664001
acc_max_std               0.001892395899631083
[2024-09-13 13:52:42]
Finished trial fe4de13d0fab674db4d9f860a7f2b355 after 44.3s
[2024-09-13 13:53:13]
206 configs remaining (~2h 42m 0s, ETA: 16:35:14, based on a mean trial duration of 47.2s)
[2024-09-13 13:53:13]
========== CONFIG 80 ==========
Nin_virtual               8
Nt                        28
Nin                       19600
[2024-09-13 13:53:13]
Starting trial ba66b1e306cd6037cc4647f3f86de19c.
[2024-09-13 13:53:56]
acc_max_epoch             16
acc_max_mean              0.7873098254203796
acc_max_std               0.01870429329574108
[2024-09-13 13:53:56]
Finished trial ba66b1e306cd6037cc4647f3f86de19c after 42.6s
[2024-09-13 13:54:29]
205 configs remaining (~2h 41m 11s, ETA: 16:35:41, based on a mean trial duration of 47.2s)
[2024-09-13 13:54:29]
========== CONFIG 81 ==========
Nin_virtual               8
Nt                        32
Nin                       22400
[2024-09-13 13:54:29]
Starting trial 8ad5042fbe01c91fd1c8c0bddf52855f.
[2024-09-13 13:55:15]
acc_max_epoch             19
acc_max_mean              0.8020674586296082
acc_max_std               0.010311435908079147
[2024-09-13 13:55:15]
Finished trial 8ad5042fbe01c91fd1c8c0bddf52855f after 45.8s
[2024-09-13 13:55:46]
204 configs remaining (~2h 40m 23s, ETA: 16:36:10, based on a mean trial duration of 47.2s)
[2024-09-13 13:55:46]
========== CONFIG 82 ==========
Nin_virtual               8
Nt                        40
Nin                       28000
[2024-09-13 13:55:46]
Starting trial d338374373b56f7c09b2061cadb1dd25.
[2024-09-13 13:56:30]
acc_max_epoch             20
acc_max_mean              0.7990202903747559
acc_max_std               0.005305817350745201
[2024-09-13 13:56:30]
Finished trial d338374373b56f7c09b2061cadb1dd25 after 44.5s
[2024-09-13 13:57:04]
203 configs remaining (~2h 39m 35s, ETA: 16:36:40, based on a mean trial duration of 47.2s)
[2024-09-13 13:57:04]
========== CONFIG 83 ==========
Nin_virtual               8
Nt                        48
Nin                       33600
[2024-09-13 13:57:04]
Starting trial e05bdfb524ee33498a79a450b194c0c3.
[2024-09-13 13:57:50]
acc_max_epoch             18
acc_max_mean              0.7804849147796631
acc_max_std               0.03413626179099083
[2024-09-13 13:57:50]
Finished trial e05bdfb524ee33498a79a450b194c0c3 after 46.6s
[2024-09-13 13:58:24]
202 configs remaining (~2h 38m 47s, ETA: 16:37:12, based on a mean trial duration of 47.2s)
[2024-09-13 13:58:24]
========== CONFIG 84 ==========
Nin_virtual               8
Nt                        64
Nin                       44800
[2024-09-13 13:58:24]
Starting trial 150333920bb153d0c41d208ba912a331.
[2024-09-13 13:59:13]
acc_max_epoch             18
acc_max_mean              0.7759966850280762
acc_max_std               0.01793545112013817
[2024-09-13 13:59:13]
Finished trial 150333920bb153d0c41d208ba912a331 after 48.7s
[2024-09-13 13:59:47]
201 configs remaining (~2h 38m 0s, ETA: 16:37:47, based on a mean trial duration of 47.2s)
[2024-09-13 13:59:47]
========== CONFIG 85 ==========
Nin_virtual               8
Nt                        80
Nin                       56000
[2024-09-13 13:59:47]
Starting trial 2a7efde123d87b96a0b1347684044174.
[2024-09-13 14:00:41]
acc_max_epoch             20
acc_max_mean              0.7793333530426025
acc_max_std               0.01127411238849163
[2024-09-13 14:00:41]
Finished trial 2a7efde123d87b96a0b1347684044174 after 54.6s
[2024-09-13 14:01:15]
200 configs remaining (~2h 37m 13s, ETA: 16:38:29, based on a mean trial duration of 47.2s)
[2024-09-13 14:01:15]
========== CONFIG 86 ==========
Nin_virtual               8
Nt                        96
Nin                       67200
[2024-09-13 14:01:15]
Starting trial 0efac2efeb9cace4697d0426d02fffb1.
[2024-09-13 14:02:12]
acc_max_epoch             17
acc_max_mean              0.7641246318817139
acc_max_std               0.02233053557574749
[2024-09-13 14:02:12]
Finished trial 0efac2efeb9cace4697d0426d02fffb1 after 56.9s
[2024-09-13 14:02:44]
199 configs remaining (~2h 36m 28s, ETA: 16:39:12, based on a mean trial duration of 47.2s)
[2024-09-13 14:02:44]
========== CONFIG 87 ==========
Nin_virtual               8
Nt                        128
Nin                       89600
[2024-09-13 14:02:44]
Starting trial c0b6dec9b2e50091c177a9bc3c14b755.
[2024-09-13 14:03:45]
acc_max_epoch             20
acc_max_mean              0.7378182411193848
acc_max_std               0.01792500726878643
[2024-09-13 14:03:45]
Finished trial c0b6dec9b2e50091c177a9bc3c14b755 after 61.4s
[2024-09-13 14:04:17]
198 configs remaining (~2h 35m 43s, ETA: 16:40:00, based on a mean trial duration of 47.2s)
[2024-09-13 14:04:17]
========== CONFIG 88 ==========
Nin_virtual               12
Nt                        4
Nin                       2800
[2024-09-13 14:04:17]
Starting trial 4be2c22197e00aefe3946a3e433b0c4e.
[2024-09-13 14:04:56]
acc_max_epoch             18
acc_max_mean              0.6755825877189636
acc_max_std               0.016185879707336426
[2024-09-13 14:04:56]
Finished trial 4be2c22197e00aefe3946a3e433b0c4e after 39.8s
[2024-09-13 14:05:31]
197 configs remaining (~2h 34m 55s, ETA: 16:40:26, based on a mean trial duration of 47.2s)
[2024-09-13 14:05:31]
========== CONFIG 89 ==========
Nin_virtual               12
Nt                        6
Nin                       4200
[2024-09-13 14:05:31]
Starting trial f0cf0a8ce6e3e7ded8d7942b9794c889.
[2024-09-13 14:06:13]
acc_max_epoch             15
acc_max_mean              0.7789024114608765
acc_max_std               0.016161715611815453
[2024-09-13 14:06:13]
Finished trial f0cf0a8ce6e3e7ded8d7942b9794c889 after 42.7s
[2024-09-13 14:06:45]
196 configs remaining (~2h 34m 7s, ETA: 16:40:53, based on a mean trial duration of 47.2s)
[2024-09-13 14:06:45]
========== CONFIG 90 ==========
Nin_virtual               12
Nt                        8
Nin                       5600
[2024-09-13 14:06:45]
Starting trial eda4f168d490730f0157a054ab151c02.
[2024-09-13 14:07:28]
acc_max_epoch             20
acc_max_mean              0.8344041109085083
acc_max_std               0.009617988020181656
[2024-09-13 14:07:28]
Finished trial eda4f168d490730f0157a054ab151c02 after 43.0s
[2024-09-13 14:08:00]
195 configs remaining (~2h 33m 19s, ETA: 16:41:19, based on a mean trial duration of 47.2s)
[2024-09-13 14:08:00]
========== CONFIG 91 ==========
Nin_virtual               12
Nt                        10
Nin                       7000
[2024-09-13 14:08:00]
Starting trial b633b338ddd8f4eacbef1f2c1775c722.
[2024-09-13 14:08:44]
acc_max_epoch             20
acc_max_mean              0.8357172012329102
acc_max_std               0.009077838622033596
[2024-09-13 14:08:44]
Finished trial b633b338ddd8f4eacbef1f2c1775c722 after 43.8s
[2024-09-13 14:09:15]
194 configs remaining (~2h 32m 32s, ETA: 16:41:48, based on a mean trial duration of 47.2s)
[2024-09-13 14:09:15]
========== CONFIG 92 ==========
Nin_virtual               12
Nt                        12
Nin                       8400
[2024-09-13 14:09:15]
Starting trial 393af4e1bba8cc22b4028f458138a77a.
[2024-09-13 14:10:00]
acc_max_epoch             14
acc_max_mean              0.8384445905685425
acc_max_std               0.0032173434738069773
[2024-09-13 14:10:00]
Finished trial 393af4e1bba8cc22b4028f458138a77a after 44.1s
[2024-09-13 14:10:32]
193 configs remaining (~2h 31m 46s, ETA: 16:42:18, based on a mean trial duration of 47.2s)
[2024-09-13 14:10:32]
========== CONFIG 93 ==========
Nin_virtual               12
Nt                        14
Nin                       9800
[2024-09-13 14:10:32]
Starting trial e8761128adf29ae76749120f01081287.
[2024-09-13 14:11:16]
acc_max_epoch             19
acc_max_mean              0.8468047976493835
acc_max_std               0.009431332349777222
[2024-09-13 14:11:16]
Finished trial e8761128adf29ae76749120f01081287 after 44.6s
[2024-09-13 14:11:48]
192 configs remaining (~2h 31m 0s, ETA: 16:42:49, based on a mean trial duration of 47.2s)
[2024-09-13 14:11:48]
========== CONFIG 94 ==========
Nin_virtual               12
Nt                        16
Nin                       11200
[2024-09-13 14:11:48]
Starting trial a51c3d87d96e50bdd20efa9f5ee57ec1.
[2024-09-13 14:12:33]
acc_max_epoch             19
acc_max_mean              0.8486937284469604
acc_max_std               0.009283194318413734
[2024-09-13 14:12:33]
Finished trial a51c3d87d96e50bdd20efa9f5ee57ec1 after 45.1s
[2024-09-13 14:13:05]
191 configs remaining (~2h 30m 14s, ETA: 16:43:20, based on a mean trial duration of 47.2s)
[2024-09-13 14:13:05]
========== CONFIG 95 ==========
Nin_virtual               12
Nt                        18
Nin                       12600
[2024-09-13 14:13:05]
Starting trial 23ca181e0e5792f36f5558453a10522c.
[2024-09-13 14:13:51]
acc_max_epoch             17
acc_max_mean              0.8421448469161987
acc_max_std               0.0074383895844221115
[2024-09-13 14:13:51]
Finished trial 23ca181e0e5792f36f5558453a10522c after 45.6s
[2024-09-13 14:14:23]
190 configs remaining (~2h 29m 27s, ETA: 16:43:50, based on a mean trial duration of 47.2s)
[2024-09-13 14:14:23]
========== CONFIG 96 ==========
Nin_virtual               12
Nt                        20
Nin                       14000
[2024-09-13 14:14:23]
Starting trial 29e2279b528042cbadd661dba9d57f59.
[2024-09-13 14:15:09]
acc_max_epoch             20
acc_max_mean              0.8224849700927734
acc_max_std               0.027167409658432007
[2024-09-13 14:15:09]
Finished trial 29e2279b528042cbadd661dba9d57f59 after 46.0s
[2024-09-13 14:15:41]
189 configs remaining (~2h 28m 42s, ETA: 16:44:24, based on a mean trial duration of 47.2s)
[2024-09-13 14:15:41]
========== CONFIG 97 ==========
Nin_virtual               12
Nt                        24
Nin                       16800
[2024-09-13 14:15:41]
Starting trial 1442c15a3448224eac9fbe0ff6d98651.
[2024-09-13 14:16:28]
acc_max_epoch             20
acc_max_mean              0.8241516351699829
acc_max_std               0.011905297636985779
[2024-09-13 14:16:28]
Finished trial 1442c15a3448224eac9fbe0ff6d98651 after 47.0s
[2024-09-13 14:17:03]
188 configs remaining (~2h 27m 59s, ETA: 16:45:03, based on a mean trial duration of 47.2s)
[2024-09-13 14:17:03]
========== CONFIG 98 ==========
Nin_virtual               12
Nt                        28
Nin                       19600
[2024-09-13 14:17:03]
Starting trial c3749079e4897b2a6a8d5ade0e9e5c17.
[2024-09-13 14:17:48]
acc_max_epoch             19
acc_max_mean              0.8090035319328308
acc_max_std               0.0027970862574875355
[2024-09-13 14:17:48]
Finished trial c3749079e4897b2a6a8d5ade0e9e5c17 after 45.3s
[2024-09-13 14:18:23]
187 configs remaining (~2h 27m 11s, ETA: 16:45:34, based on a mean trial duration of 47.2s)
[2024-09-13 14:18:23]
========== CONFIG 99 ==========
Nin_virtual               12
Nt                        32
Nin                       22400
[2024-09-13 14:18:23]
Starting trial 161c16d3378f416081daefb1bec832a8.
[2024-09-13 14:19:09]
acc_max_epoch             20
acc_max_mean              0.8143469095230103
acc_max_std               0.019448893144726753
[2024-09-13 14:19:09]
Finished trial 161c16d3378f416081daefb1bec832a8 after 46.3s
[2024-09-13 14:19:44]
186 configs remaining (~2h 26m 23s, ETA: 16:46:08, based on a mean trial duration of 47.2s)
[2024-09-13 14:19:44]
========== CONFIG 100 ==========
Nin_virtual               12
Nt                        40
Nin                       28000
[2024-09-13 14:19:44]
Starting trial 44713d3530d75b0cf28078adfca33182.
[2024-09-13 14:20:32]
acc_max_epoch             19
acc_max_mean              0.7885960340499878
acc_max_std               0.005486124195158482
[2024-09-13 14:20:32]
Finished trial 44713d3530d75b0cf28078adfca33182 after 47.9s
[2024-09-13 14:21:07]
185 configs remaining (~2h 25m 35s, ETA: 16:46:43, based on a mean trial duration of 47.2s)
[2024-09-13 14:21:07]
========== CONFIG 101 ==========
Nin_virtual               12
Nt                        48
Nin                       33600
[2024-09-13 14:21:07]
Starting trial 94b4ced4ce33254c625e7a7a165f20cb.
[2024-09-13 14:22:00]
acc_max_epoch             20
acc_max_mean              0.7928990721702576
acc_max_std               0.010746654123067856
[2024-09-13 14:22:00]
Finished trial 94b4ced4ce33254c625e7a7a165f20cb after 52.8s
[2024-09-13 14:22:32]
184 configs remaining (~2h 24m 48s, ETA: 16:47:21, based on a mean trial duration of 47.2s)
[2024-09-13 14:22:32]
========== CONFIG 102 ==========
Nin_virtual               12
Nt                        64
Nin                       44800
[2024-09-13 14:22:32]
Starting trial 201bb06480c603ead68a0f7a4b26f8bc.
[2024-09-13 14:23:26]
acc_max_epoch             20
acc_max_mean              0.7812458872795105
acc_max_std               0.025130046531558037
[2024-09-13 14:23:26]
Finished trial 201bb06480c603ead68a0f7a4b26f8bc after 53.6s
[2024-09-13 14:24:01]
183 configs remaining (~2h 24m 2s, ETA: 16:48:03, based on a mean trial duration of 47.2s)
[2024-09-13 14:24:01]
========== CONFIG 103 ==========
Nin_virtual               12
Nt                        80
Nin                       56000
[2024-09-13 14:24:01]
Starting trial 568d1530ffaf0bceeb5b47ecc9ff425c.
[2024-09-13 14:24:58]
acc_max_epoch             20
acc_max_mean              0.7860708236694336
acc_max_std               0.02378091774880886
[2024-09-13 14:24:58]
Finished trial 568d1530ffaf0bceeb5b47ecc9ff425c after 56.9s
[2024-09-13 14:25:33]
182 configs remaining (~2h 23m 17s, ETA: 16:48:51, based on a mean trial duration of 47.2s)
[2024-09-13 14:25:33]
========== CONFIG 104 ==========
Nin_virtual               12
Nt                        96
Nin                       67200
[2024-09-13 14:25:33]
Starting trial a14ba85dbfa71a8f53a67bb74059bfc7.
[2024-09-13 14:26:34]
acc_max_epoch             18
acc_max_mean              0.7685758471488953
acc_max_std               0.012682512402534485
[2024-09-13 14:26:34]
Finished trial a14ba85dbfa71a8f53a67bb74059bfc7 after 60.6s
[2024-09-13 14:27:09]
181 configs remaining (~2h 22m 33s, ETA: 16:49:42, based on a mean trial duration of 47.3s)
[2024-09-13 14:27:09]
========== CONFIG 105 ==========
Nin_virtual               12
Nt                        128
Nin                       89600
[2024-09-13 14:27:09]
Starting trial 5d7090932cc286ccf99f8fa8299e416c.
[2024-09-13 14:28:17]
acc_max_epoch             20
acc_max_mean              0.744175136089325
acc_max_std               0.009491470642387867
[2024-09-13 14:28:17]
Finished trial 5d7090932cc286ccf99f8fa8299e416c after 67.5s
[2024-09-13 14:28:52]
180 configs remaining (~2h 21m 49s, ETA: 16:50:42, based on a mean trial duration of 47.3s)
[2024-09-13 14:28:52]
========== CONFIG 106 ==========
Nin_virtual               16
Nt                        4
Nin                       2800
[2024-09-13 14:28:52]
Starting trial a8b4506e6361755d5717f5f18aa6cbac.
[2024-09-13 14:29:33]
acc_max_epoch             17
acc_max_mean              0.691330075263977
acc_max_std               0.0070676119066774845
[2024-09-13 14:29:33]
Finished trial a8b4506e6361755d5717f5f18aa6cbac after 40.7s
[2024-09-13 14:30:08]
179 configs remaining (~2h 21m 1s, ETA: 16:51:10, based on a mean trial duration of 47.3s)
[2024-09-13 14:30:08]
========== CONFIG 107 ==========
Nin_virtual               16
Nt                        6
Nin                       4200
[2024-09-13 14:30:08]
Starting trial 6f219882c0e8fc5b9d4644dee1b0be65.
[2024-09-13 14:30:49]
acc_max_epoch             18
acc_max_mean              0.797771155834198
acc_max_std               0.01977294310927391
[2024-09-13 14:30:49]
Finished trial 6f219882c0e8fc5b9d4644dee1b0be65 after 41.2s
[2024-09-13 14:31:25]
178 configs remaining (~2h 20m 13s, ETA: 16:51:38, based on a mean trial duration of 47.3s)
[2024-09-13 14:31:25]
========== CONFIG 108 ==========
Nin_virtual               16
Nt                        8
Nin                       5600
[2024-09-13 14:31:25]
Starting trial 4ecf7ccc0a080b2c1a6b24c0cedd6aac.
[2024-09-13 14:32:06]
acc_max_epoch             18
acc_max_mean              0.8313097953796387
acc_max_std               0.022776491940021515
[2024-09-13 14:32:06]
Finished trial 4ecf7ccc0a080b2c1a6b24c0cedd6aac after 41.7s
[2024-09-13 14:32:42]
177 configs remaining (~2h 19m 26s, ETA: 16:52:08, based on a mean trial duration of 47.3s)
[2024-09-13 14:32:42]
========== CONFIG 109 ==========
Nin_virtual               16
Nt                        10
Nin                       7000
[2024-09-13 14:32:42]
Starting trial fdb6eb10c14315dfedb8206035feb5e5.
[2024-09-13 14:33:27]
acc_max_epoch             17
acc_max_mean              0.8354209661483765
acc_max_std               0.020102044567465782
[2024-09-13 14:33:27]
Finished trial fdb6eb10c14315dfedb8206035feb5e5 after 45.2s
[2024-09-13 14:34:00]
176 configs remaining (~2h 18m 39s, ETA: 16:52:40, based on a mean trial duration of 47.3s)
[2024-09-13 14:34:00]
========== CONFIG 110 ==========
Nin_virtual               16
Nt                        12
Nin                       8400
[2024-09-13 14:34:00]
Starting trial c494eab04a0fe50885437cf62ecba313.
[2024-09-13 14:34:46]
acc_max_epoch             16
acc_max_mean              0.8400168418884277
acc_max_std               0.009105369448661804
[2024-09-13 14:34:46]
Finished trial c494eab04a0fe50885437cf62ecba313 after 45.4s
[2024-09-13 14:35:19]
175 configs remaining (~2h 17m 51s, ETA: 16:53:10, based on a mean trial duration of 47.3s)
[2024-09-13 14:35:19]
========== CONFIG 111 ==========
Nin_virtual               16
Nt                        14
Nin                       9800
[2024-09-13 14:35:19]
Starting trial f613e8f1032166378535830ac37bcb89.
[2024-09-13 14:36:05]
acc_max_epoch             19
acc_max_mean              0.8452020883560181
acc_max_std               0.017446380108594894
[2024-09-13 14:36:05]
Finished trial f613e8f1032166378535830ac37bcb89 after 45.9s
[2024-09-13 14:36:38]
174 configs remaining (~2h 17m 5s, ETA: 16:53:43, based on a mean trial duration of 47.3s)
[2024-09-13 14:36:38]
========== CONFIG 112 ==========
Nin_virtual               16
Nt                        16
Nin                       11200
[2024-09-13 14:36:38]
Starting trial 15b28655f9098c1a2e8ed38c53bf52f5.
[2024-09-13 14:37:24]
acc_max_epoch             20
acc_max_mean              0.8414175510406494
acc_max_std               0.024076668545603752
[2024-09-13 14:37:24]
Finished trial 15b28655f9098c1a2e8ed38c53bf52f5 after 46.5s
[2024-09-13 14:37:58]
173 configs remaining (~2h 16m 20s, ETA: 16:54:18, based on a mean trial duration of 47.3s)
[2024-09-13 14:37:58]
========== CONFIG 113 ==========
Nin_virtual               16
Nt                        18
Nin                       12600
[2024-09-13 14:37:58]
Starting trial 19bb4e6c83c80a53b9b13cc319d72b5c.
[2024-09-13 14:38:45]
acc_max_epoch             15
acc_max_mean              0.8465522527694702
acc_max_std               0.009526309557259083
[2024-09-13 14:38:45]
Finished trial 19bb4e6c83c80a53b9b13cc319d72b5c after 47.0s
[2024-09-13 14:39:18]
172 configs remaining (~2h 15m 35s, ETA: 16:54:54, based on a mean trial duration of 47.3s)
[2024-09-13 14:39:18]
========== CONFIG 114 ==========
Nin_virtual               16
Nt                        20
Nin                       14000
[2024-09-13 14:39:18]
Starting trial 41ea4624b64645341ede089d67fa2bcc.
[2024-09-13 14:40:08]
acc_max_epoch             19
acc_max_mean              0.8357475996017456
acc_max_std               0.006357012782245874
[2024-09-13 14:40:08]
Finished trial 41ea4624b64645341ede089d67fa2bcc after 49.7s
[2024-09-13 14:40:44]
171 configs remaining (~2h 14m 54s, ETA: 16:55:38, based on a mean trial duration of 47.3s)
[2024-09-13 14:40:44]
========== CONFIG 115 ==========
Nin_virtual               16
Nt                        24
Nin                       16800
[2024-09-13 14:40:44]
Starting trial df4766feba49be91f7a66d5c8091628a.
[2024-09-13 14:41:33]
acc_max_epoch             20
acc_max_mean              0.8233973383903503
acc_max_std               0.011998132802546024
[2024-09-13 14:41:33]
Finished trial df4766feba49be91f7a66d5c8091628a after 49.0s
[2024-09-13 14:42:06]
170 configs remaining (~2h 14m 7s, ETA: 16:56:13, based on a mean trial duration of 47.3s)
[2024-09-13 14:42:06]
========== CONFIG 116 ==========
Nin_virtual               16
Nt                        28
Nin                       19600
[2024-09-13 14:42:06]
Starting trial ce1785b847ee2cfab9c2a1c4cc1bee38.
[2024-09-13 14:42:53]
acc_max_epoch             19
acc_max_mean              0.8129327297210693
acc_max_std               0.025895172730088234
[2024-09-13 14:42:53]
Finished trial ce1785b847ee2cfab9c2a1c4cc1bee38 after 47.1s
[2024-09-13 14:43:29]
169 configs remaining (~2h 13m 24s, ETA: 16:56:54, based on a mean trial duration of 47.4s)
[2024-09-13 14:43:29]
========== CONFIG 117 ==========
Nin_virtual               16
Nt                        32
Nin                       22400
[2024-09-13 14:43:29]
Starting trial 3e176ab96dde7116c2c61259b0fa9ec9.
[2024-09-13 14:44:20]
acc_max_epoch             18
acc_max_mean              0.8166667819023132
acc_max_std               0.017731068655848503
[2024-09-13 14:44:20]
Finished trial 3e176ab96dde7116c2c61259b0fa9ec9 after 50.7s
[2024-09-13 14:44:53]
168 configs remaining (~2h 12m 37s, ETA: 16:57:31, based on a mean trial duration of 47.4s)
[2024-09-13 14:44:53]
========== CONFIG 118 ==========
Nin_virtual               16
Nt                        40
Nin                       28000
[2024-09-13 14:44:53]
Starting trial a87062ced5a244c14ef33eb607d08547.
[2024-09-13 14:45:44]
acc_max_epoch             16
acc_max_mean              0.7991852760314941
acc_max_std               0.016355855390429497
[2024-09-13 14:45:44]
Finished trial a87062ced5a244c14ef33eb607d08547 after 50.3s
[2024-09-13 14:46:20]
167 configs remaining (~2h 11m 50s, ETA: 16:58:10, based on a mean trial duration of 47.4s)
[2024-09-13 14:46:20]
========== CONFIG 119 ==========
Nin_virtual               16
Nt                        48
Nin                       33600
[2024-09-13 14:46:20]
Starting trial f2eec098d7f87278d7947d759821ab96.
[2024-09-13 14:47:13]
acc_max_epoch             19
acc_max_mean              0.8081953525543213
acc_max_std               0.006835463456809521
[2024-09-13 14:47:13]
Finished trial f2eec098d7f87278d7947d759821ab96 after 52.8s
[2024-09-13 14:47:49]
166 configs remaining (~2h 11m 4s, ETA: 16:58:53, based on a mean trial duration of 47.4s)
[2024-09-13 14:47:49]
========== CONFIG 120 ==========
Nin_virtual               16
Nt                        64
Nin                       44800
[2024-09-13 14:47:49]
Starting trial b99a2a0b631fab24a4d687dc8633a44e.
[2024-09-13 14:48:46]
acc_max_epoch             19
acc_max_mean              0.7936263084411621
acc_max_std               0.00616668863222003
[2024-09-13 14:48:46]
Finished trial b99a2a0b631fab24a4d687dc8633a44e after 56.7s
[2024-09-13 14:49:22]
165 configs remaining (~2h 10m 18s, ETA: 16:59:41, based on a mean trial duration of 47.4s)
[2024-09-13 14:49:22]
========== CONFIG 121 ==========
Nin_virtual               16
Nt                        80
Nin                       56000
[2024-09-13 14:49:22]
Starting trial af9d64f4d3fc3e1b89e5028375aa6d8c.
[2024-09-13 14:50:27]
acc_max_epoch             18
acc_max_mean              0.7908014059066772
acc_max_std               0.02006068453192711
[2024-09-13 14:50:27]
Finished trial af9d64f4d3fc3e1b89e5028375aa6d8c after 64.1s
[2024-09-13 14:51:01]
164 configs remaining (~2h 9m 34s, ETA: 17:00:35, based on a mean trial duration of 47.4s)
[2024-09-13 14:51:01]
========== CONFIG 122 ==========
Nin_virtual               16
Nt                        96
Nin                       67200
[2024-09-13 14:51:01]
Starting trial 4e5f8ebeba7274376c0906c13254d277.
[2024-09-13 14:52:10]
acc_max_epoch             19
acc_max_mean              0.7895960211753845
acc_max_std               0.009543467313051224
[2024-09-13 14:52:10]
Finished trial 4e5f8ebeba7274376c0906c13254d277 after 69.0s
[2024-09-13 14:52:44]
163 configs remaining (~2h 8m 50s, ETA: 17:01:34, based on a mean trial duration of 47.4s)
[2024-09-13 14:52:44]
========== CONFIG 123 ==========
Nin_virtual               16
Nt                        128
Nin                       89600
[2024-09-13 14:52:44]
Starting trial f9dd6f64d2e17abc683f2af1de702864.
[2024-09-13 14:54:00]
acc_max_epoch             18
acc_max_mean              0.7512391805648804
acc_max_std               0.020359432324767113
[2024-09-13 14:54:00]
Finished trial f9dd6f64d2e17abc683f2af1de702864 after 76.0s
[2024-09-13 14:54:33]
162 configs remaining (~2h 8m 8s, ETA: 17:02:42, based on a mean trial duration of 47.5s)
[2024-09-13 14:54:33]
========== CONFIG 124 ==========
Nin_virtual               24
Nt                        4
Nin                       2800
[2024-09-13 14:54:33]
Starting trial 0b38d6b86e0706b67182cdf43801b2d5.
[2024-09-13 14:55:18]
acc_max_epoch             16
acc_max_mean              0.7116431593894958
acc_max_std               0.01643492467701435
[2024-09-13 14:55:18]
Finished trial 0b38d6b86e0706b67182cdf43801b2d5 after 44.5s
[2024-09-13 14:55:52]
161 configs remaining (~2h 7m 21s, ETA: 17:03:13, based on a mean trial duration of 47.5s)
[2024-09-13 14:55:52]
========== CONFIG 125 ==========
Nin_virtual               24
Nt                        6
Nin                       4200
[2024-09-13 14:55:52]
Starting trial ba82a238fbaf869503a9d04a19423408.
[2024-09-13 14:56:37]
acc_max_epoch             18
acc_max_mean              0.8184680938720703
acc_max_std               0.014887102879583836
[2024-09-13 14:56:37]
Finished trial ba82a238fbaf869503a9d04a19423408 after 45.3s
[2024-09-13 14:57:11]
160 configs remaining (~2h 6m 33s, ETA: 17:03:45, based on a mean trial duration of 47.5s)
[2024-09-13 14:57:11]
========== CONFIG 126 ==========
Nin_virtual               24
Nt                        8
Nin                       5600
[2024-09-13 14:57:11]
Starting trial b2eb97af37ae7afac20980ac3d176eeb.
[2024-09-13 14:57:57]
acc_max_epoch             20
acc_max_mean              0.8343671560287476
acc_max_std               0.023394228890538216
[2024-09-13 14:57:57]
Finished trial b2eb97af37ae7afac20980ac3d176eeb after 46.1s
[2024-09-13 14:58:31]
159 configs remaining (~2h 5m 47s, ETA: 17:04:18, based on a mean trial duration of 47.5s)
[2024-09-13 14:58:31]
========== CONFIG 127 ==========
Nin_virtual               24
Nt                        10
Nin                       7000
[2024-09-13 14:58:31]
Starting trial 4bf4f3dfbd4ecf03fd2c162f1dbad04d.
[2024-09-13 14:59:16]
acc_max_epoch             19
acc_max_mean              0.8481011390686035
acc_max_std               0.018293162807822227
[2024-09-13 14:59:16]
Finished trial 4bf4f3dfbd4ecf03fd2c162f1dbad04d after 44.5s
[2024-09-13 14:59:53]
158 configs remaining (~2h 5m 0s, ETA: 17:04:53, based on a mean trial duration of 47.5s)
[2024-09-13 14:59:53]
========== CONFIG 128 ==========
Nin_virtual               24
Nt                        12
Nin                       8400
[2024-09-13 14:59:53]
Starting trial 1c5a2e2b7cb67ba12ab838590004e9b2.
[2024-09-13 15:00:41]
acc_max_epoch             18
acc_max_mean              0.8365253210067749
acc_max_std               0.015515470877289772
[2024-09-13 15:00:41]
Finished trial 1c5a2e2b7cb67ba12ab838590004e9b2 after 47.8s
[2024-09-13 15:01:15]
157 configs remaining (~2h 4m 14s, ETA: 17:05:29, based on a mean trial duration of 47.5s)
[2024-09-13 15:01:15]
========== CONFIG 129 ==========
Nin_virtual               24
Nt                        14
Nin                       9800
[2024-09-13 15:01:15]
Starting trial 619a459bf6b1d7c2c30ea1eaa4c734f7.
[2024-09-13 15:02:01]
acc_max_epoch             16
acc_max_mean              0.8484479188919067
acc_max_std               0.018643716350197792
[2024-09-13 15:02:01]
Finished trial 619a459bf6b1d7c2c30ea1eaa4c734f7 after 46.0s
[2024-09-13 15:02:38]
156 configs remaining (~2h 3m 28s, ETA: 17:06:06, based on a mean trial duration of 47.5s)
[2024-09-13 15:02:38]
========== CONFIG 130 ==========
Nin_virtual               24
Nt                        16
Nin                       11200
[2024-09-13 15:02:38]
Starting trial a2323f3470815c13144913b9c9756571.
[2024-09-13 15:03:24]
acc_max_epoch             17
acc_max_mean              0.8459697961807251
acc_max_std               0.009884266182780266
[2024-09-13 15:03:24]
Finished trial a2323f3470815c13144913b9c9756571 after 46.4s
[2024-09-13 15:04:02]
155 configs remaining (~2h 2m 40s, ETA: 17:06:43, based on a mean trial duration of 47.5s)
[2024-09-13 15:04:02]
========== CONFIG 131 ==========
Nin_virtual               24
Nt                        18
Nin                       12600
[2024-09-13 15:04:02]
Starting trial 937f9eaa46371057125edcd337b8003e.
[2024-09-13 15:04:49]
acc_max_epoch             20
acc_max_mean              0.8404883146286011
acc_max_std               0.0128206517547369
[2024-09-13 15:04:49]
Finished trial 937f9eaa46371057125edcd337b8003e after 47.3s
[2024-09-13 15:05:26]
154 configs remaining (~2h 1m 56s, ETA: 17:07:23, based on a mean trial duration of 47.5s)
[2024-09-13 15:05:26]
========== CONFIG 132 ==========
Nin_virtual               24
Nt                        20
Nin                       14000
[2024-09-13 15:05:26]
Starting trial 46886dc2d4488d6aa66e15a07a9bdef0.
[2024-09-13 15:06:17]
acc_max_epoch             20
acc_max_mean              0.8424243330955505
acc_max_std               0.008833484724164009
[2024-09-13 15:06:17]
Finished trial 46886dc2d4488d6aa66e15a07a9bdef0 after 50.9s
[2024-09-13 15:06:52]
153 configs remaining (~2h 1m 13s, ETA: 17:08:06, based on a mean trial duration of 47.5s)
[2024-09-13 15:06:52]
========== CONFIG 133 ==========
Nin_virtual               24
Nt                        24
Nin                       16800
[2024-09-13 15:06:52]
Starting trial 3264ce3c765e141a7827c46bc72cc28a.
[2024-09-13 15:07:44]
acc_max_epoch             19
acc_max_mean              0.8403502702713013
acc_max_std               0.01952115260064602
[2024-09-13 15:07:44]
Finished trial 3264ce3c765e141a7827c46bc72cc28a after 52.2s
[2024-09-13 15:08:19]
152 configs remaining (~2h 0m 31s, ETA: 17:08:50, based on a mean trial duration of 47.6s)
[2024-09-13 15:08:19]
========== CONFIG 134 ==========
Nin_virtual               24
Nt                        28
Nin                       19600
[2024-09-13 15:08:19]
Starting trial e0cc46cfd5e717848ad6ecfa3d4732ee.
[2024-09-13 15:09:13]
acc_max_epoch             20
acc_max_mean              0.8312222957611084
acc_max_std               0.006104468833655119
[2024-09-13 15:09:13]
Finished trial e0cc46cfd5e717848ad6ecfa3d4732ee after 54.0s
[2024-09-13 15:09:48]
151 configs remaining (~1h 59m 44s, ETA: 17:09:32, based on a mean trial duration of 47.6s)
[2024-09-13 15:09:48]
========== CONFIG 135 ==========
Nin_virtual               24
Nt                        32
Nin                       22400
[2024-09-13 15:09:48]
Starting trial 875f82af2da944c4b29158652a7c1029.
[2024-09-13 15:10:43]
acc_max_epoch             14
acc_max_mean              0.8189597129821777
acc_max_std               0.012629411183297634
[2024-09-13 15:10:43]
Finished trial 875f82af2da944c4b29158652a7c1029 after 55.1s
[2024-09-13 15:11:17]
150 configs remaining (~1h 59m 4s, ETA: 17:10:22, based on a mean trial duration of 47.6s)
[2024-09-13 15:11:17]
========== CONFIG 136 ==========
Nin_virtual               24
Nt                        40
Nin                       28000
[2024-09-13 15:11:17]
Starting trial 8f49f1dfb550bb4bc512c14bc8eb3c22.
[2024-09-13 15:12:15]
acc_max_epoch             20
acc_max_mean              0.8091785311698914
acc_max_std               0.0039826943539083
[2024-09-13 15:12:15]
Finished trial 8f49f1dfb550bb4bc512c14bc8eb3c22 after 57.9s
[2024-09-13 15:12:50]
149 configs remaining (~1h 58m 17s, ETA: 17:11:08, based on a mean trial duration of 47.6s)
[2024-09-13 15:12:50]
========== CONFIG 137 ==========
Nin_virtual               24
Nt                        48
Nin                       33600
[2024-09-13 15:12:50]
Starting trial aae4e339a42c01fe6e16ab9dde15f342.
[2024-09-13 15:13:52]
acc_max_epoch             18
acc_max_mean              0.8169900178909302
acc_max_std               0.007808900438249111
[2024-09-13 15:13:52]
Finished trial aae4e339a42c01fe6e16ab9dde15f342 after 61.5s
[2024-09-13 15:14:26]
148 configs remaining (~1h 57m 32s, ETA: 17:11:59, based on a mean trial duration of 47.6s)
[2024-09-13 15:14:26]
========== CONFIG 138 ==========
Nin_virtual               24
Nt                        64
Nin                       44800
[2024-09-13 15:14:26]
Starting trial a27a0f7ac4f45510d83f074b2a88b9ec.
[2024-09-13 15:15:34]
acc_max_epoch             20
acc_max_mean              0.8180135488510132
acc_max_std               0.002090693451464176
[2024-09-13 15:15:34]
Finished trial a27a0f7ac4f45510d83f074b2a88b9ec after 67.3s
[2024-09-13 15:16:09]
147 configs remaining (~1h 56m 47s, ETA: 17:12:56, based on a mean trial duration of 47.7s)
[2024-09-13 15:16:09]
========== CONFIG 139 ==========
Nin_virtual               24
Nt                        80
Nin                       56000
[2024-09-13 15:16:09]
Starting trial 04493f4474638452bd9a069550af7042.
[2024-09-13 15:17:21]
acc_max_epoch             17
acc_max_mean              0.8178889155387878
acc_max_std               0.013369731605052948
[2024-09-13 15:17:21]
Finished trial 04493f4474638452bd9a069550af7042 after 72.5s
[2024-09-13 15:17:56]
146 configs remaining (~1h 56m 3s, ETA: 17:14:00, based on a mean trial duration of 47.7s)
[2024-09-13 15:17:56]
========== CONFIG 140 ==========
Nin_virtual               24
Nt                        96
Nin                       67200
[2024-09-13 15:17:56]
Starting trial 4d4ecba77808d4db5563a1427aec0141.
[2024-09-13 15:19:15]
acc_max_epoch             18
acc_max_mean              0.80544114112854
acc_max_std               0.005582837853580713
[2024-09-13 15:19:15]
Finished trial 4d4ecba77808d4db5563a1427aec0141 after 78.4s
[2024-09-13 15:19:50]
145 configs remaining (~1h 55m 20s, ETA: 17:15:10, based on a mean trial duration of 47.7s)
[2024-09-13 15:19:50]
========== CONFIG 141 ==========
Nin_virtual               24
Nt                        128
Nin                       89600
[2024-09-13 15:19:50]
Starting trial faeaacd44f2539d3bcfc2a0ca4481539.
[2024-09-13 15:21:28]
acc_max_epoch             20
acc_max_mean              0.7627577185630798
acc_max_std               0.008443443104624748
[2024-09-13 15:21:28]
Finished trial faeaacd44f2539d3bcfc2a0ca4481539 after 98.7s
[2024-09-13 15:22:07]
144 configs remaining (~1h 54m 41s, ETA: 17:16:48, based on a mean trial duration of 47.8s)
[2024-09-13 15:22:07]
========== CONFIG 142 ==========
Nin_virtual               32
Nt                        4
Nin                       2800
[2024-09-13 15:22:07]
Starting trial 643fc2571a02d5ee2d52aed06e0a1702.
[2024-09-13 15:22:49]
acc_max_epoch             18
acc_max_mean              0.7244243621826172
acc_max_std               0.022365285083651543
[2024-09-13 15:22:49]
Finished trial 643fc2571a02d5ee2d52aed06e0a1702 after 42.7s
[2024-09-13 15:23:28]
143 configs remaining (~1h 53m 54s, ETA: 17:17:22, based on a mean trial duration of 47.8s)
[2024-09-13 15:23:28]
========== CONFIG 143 ==========
Nin_virtual               32
Nt                        6
Nin                       4200
[2024-09-13 15:23:28]
Starting trial 83471a7b78c82aa431128863d938edda.
[2024-09-13 15:24:11]
acc_max_epoch             20
acc_max_mean              0.8144816160202026
acc_max_std               0.018521247431635857
[2024-09-13 15:24:11]
Finished trial 83471a7b78c82aa431128863d938edda after 43.6s
[2024-09-13 15:24:49]
142 configs remaining (~1h 53m 7s, ETA: 17:17:57, based on a mean trial duration of 47.8s)
[2024-09-13 15:24:49]
========== CONFIG 144 ==========
Nin_virtual               32
Nt                        8
Nin                       5600
[2024-09-13 15:24:49]
Starting trial 668a7c24f363ed34f6f161f6852514b2.
[2024-09-13 15:25:34]
acc_max_epoch             11
acc_max_mean              0.8434545397758484
acc_max_std               0.02169625461101532
[2024-09-13 15:25:34]
Finished trial 668a7c24f363ed34f6f161f6852514b2 after 44.6s
[2024-09-13 15:26:12]
141 configs remaining (~1h 52m 18s, ETA: 17:18:31, based on a mean trial duration of 47.8s)
[2024-09-13 15:26:12]
========== CONFIG 145 ==========
Nin_virtual               32
Nt                        10
Nin                       7000
[2024-09-13 15:26:12]
Starting trial bd81d7dea2806fa5b0f725d8d9eed326.
[2024-09-13 15:27:01]
acc_max_epoch             20
acc_max_mean              0.8458216190338135
acc_max_std               0.00464486051350832
[2024-09-13 15:27:01]
Finished trial bd81d7dea2806fa5b0f725d8d9eed326 after 48.9s
[2024-09-13 15:27:37]
140 configs remaining (~1h 51m 32s, ETA: 17:19:09, based on a mean trial duration of 47.8s)
[2024-09-13 15:27:37]
========== CONFIG 146 ==========
Nin_virtual               32
Nt                        12
Nin                       8400
[2024-09-13 15:27:37]
Starting trial 1384f8dfcc9b2f6813ad9b8d2aae0f82.
[2024-09-13 15:28:26]
acc_max_epoch             18
acc_max_mean              0.8541414737701416
acc_max_std               0.012669936753809452
[2024-09-13 15:28:26]
Finished trial 1384f8dfcc9b2f6813ad9b8d2aae0f82 after 49.9s
[2024-09-13 15:29:02]
139 configs remaining (~1h 50m 46s, ETA: 17:19:49, based on a mean trial duration of 47.8s)
[2024-09-13 15:29:02]
========== CONFIG 147 ==========
Nin_virtual               32
Nt                        14
Nin                       9800
[2024-09-13 15:29:02]
Starting trial c96b775f4196b00aae3e706ad73c7557.
[2024-09-13 15:29:53]
acc_max_epoch             18
acc_max_mean              0.8467340469360352
acc_max_std               0.015490498393774033
[2024-09-13 15:29:53]
Finished trial c96b775f4196b00aae3e706ad73c7557 after 50.9s
[2024-09-13 15:30:28]
138 configs remaining (~1h 50m 1s, ETA: 17:20:30, based on a mean trial duration of 47.8s)
[2024-09-13 15:30:28]
========== CONFIG 148 ==========
Nin_virtual               32
Nt                        16
Nin                       11200
[2024-09-13 15:30:28]
Starting trial eb9b46be103933439aae0d33963c20af.
[2024-09-13 15:31:19]
acc_max_epoch             19
acc_max_mean              0.8600540161132812
acc_max_std               0.008637151680886745
[2024-09-13 15:31:19]
Finished trial eb9b46be103933439aae0d33963c20af after 51.1s
[2024-09-13 15:31:55]
137 configs remaining (~1h 49m 16s, ETA: 17:21:11, based on a mean trial duration of 47.9s)
[2024-09-13 15:31:55]
========== CONFIG 149 ==========
Nin_virtual               32
Nt                        18
Nin                       12600
[2024-09-13 15:31:55]
Starting trial 08c731127e3b0cf0af1d622db58b503f.
[2024-09-13 15:32:47]
acc_max_epoch             20
acc_max_mean              0.8495522737503052
acc_max_std               0.004998772870749235
[2024-09-13 15:32:47]
Finished trial 08c731127e3b0cf0af1d622db58b503f after 52.0s
[2024-09-13 15:33:22]
136 configs remaining (~1h 48m 32s, ETA: 17:21:55, based on a mean trial duration of 47.9s)
[2024-09-13 15:33:22]
========== CONFIG 150 ==========
Nin_virtual               32
Nt                        20
Nin                       14000
[2024-09-13 15:33:22]
Starting trial 558caaa3b042af562e52baf38f48b9a1.
[2024-09-13 15:34:15]
acc_max_epoch             14
acc_max_mean              0.8407812118530273
acc_max_std               0.011363179422914982
[2024-09-13 15:34:15]
Finished trial 558caaa3b042af562e52baf38f48b9a1 after 52.9s
[2024-09-13 15:34:51]
135 configs remaining (~1h 47m 45s, ETA: 17:22:36, based on a mean trial duration of 47.9s)
[2024-09-13 15:34:51]
========== CONFIG 151 ==========
Nin_virtual               32
Nt                        24
Nin                       16800
[2024-09-13 15:34:51]
Starting trial babec8340341030d54f0b1eef9bd86a5.
[2024-09-13 15:35:46]
acc_max_epoch             20
acc_max_mean              0.8421920537948608
acc_max_std               0.00803295336663723
[2024-09-13 15:35:46]
Finished trial babec8340341030d54f0b1eef9bd86a5 after 54.7s
[2024-09-13 15:36:21]
134 configs remaining (~1h 47m 2s, ETA: 17:23:24, based on a mean trial duration of 47.9s)
[2024-09-13 15:36:21]
========== CONFIG 152 ==========
Nin_virtual               32
Nt                        28
Nin                       19600
[2024-09-13 15:36:21]
Starting trial 92323aaf58753b0a6b75e82308be63ed.
[2024-09-13 15:37:18]
acc_max_epoch             20
acc_max_mean              0.8410674333572388
acc_max_std               0.01185422483831644
[2024-09-13 15:37:18]
Finished trial 92323aaf58753b0a6b75e82308be63ed after 56.7s
[2024-09-13 15:37:54]
133 configs remaining (~1h 46m 21s, ETA: 17:24:15, based on a mean trial duration of 48.0s)
[2024-09-13 15:37:54]
========== CONFIG 153 ==========
Nin_virtual               32
Nt                        32
Nin                       22400
[2024-09-13 15:37:54]
Starting trial dc00c1a5f57322d5066243ca0c023b6b.
[2024-09-13 15:38:53]
acc_max_epoch             20
acc_max_mean              0.8169496059417725
acc_max_std               0.010813729837536812
[2024-09-13 15:38:53]
Finished trial dc00c1a5f57322d5066243ca0c023b6b after 58.7s
[2024-09-13 15:39:28]
132 configs remaining (~1h 45m 41s, ETA: 17:25:10, based on a mean trial duration of 48.0s)
[2024-09-13 15:39:28]
========== CONFIG 154 ==========
Nin_virtual               32
Nt                        40
Nin                       28000
[2024-09-13 15:39:28]
Starting trial d71e670f45a6a504bee679032b2f6c38.
[2024-09-13 15:40:31]
acc_max_epoch             18
acc_max_mean              0.8193873167037964
acc_max_std               0.005343295633792877
[2024-09-13 15:40:31]
Finished trial d71e670f45a6a504bee679032b2f6c38 after 62.2s
[2024-09-13 15:41:06]
131 configs remaining (~1h 44m 55s, ETA: 17:26:02, based on a mean trial duration of 48.1s)
[2024-09-13 15:41:06]
========== CONFIG 155 ==========
Nin_virtual               32
Nt                        48
Nin                       33600
[2024-09-13 15:41:06]
Starting trial 70653dac67e0b4bc7c81905cf85fd43b.
[2024-09-13 15:42:20]
acc_max_epoch             20
acc_max_mean              0.8124344348907471
acc_max_std               0.002679899800568819
[2024-09-13 15:42:20]
Finished trial 70653dac67e0b4bc7c81905cf85fd43b after 73.5s
