[2024-09-12 15:48:46]
CONSTANTS:
  device_count              1
  seed                      0
  tau                       1/6 pi^-1
  I0                        1.25
  eps                       1e-06
  Nlayer                    2
  Nout                      20
  w_scale                   0.5
  T                         2.0
  K                         300
  dt                        0.001
  gamma                     0.01
  Nbatch                    1000
  lr                        0.004
  tau_lr                    100.0
  beta1                     0.9
  beta2                     0.999
  p_flip                    0.0
  Nepochs                   20
  Ntrain                    None
  Nin_data                  700
  Nsamples                  3
[2024-09-12 15:48:46]
VARIABLES: Nin_virtual, Nhidden, Nt, Nin
[2024-09-12 15:48:53]
252 configs remaining (~3h 0m 50s, ETA: 18:49:43, based on a mean trial duration of 43.1s)
[2024-09-12 15:48:53]
========== CONFIG 1 ==========
Nin_virtual               1
Nhidden                   50
Nt                        2
Nin                       1400
[2024-09-12 15:48:53]
Starting trial 19587ac485d83bfeb035905ef514e8ed.
[2024-09-12 15:49:37]
acc_max_epoch             17
acc_max_mean              0.4871078133583069
acc_max_std               0.021620426326990128
[2024-09-12 15:49:38]
Finished trial 19587ac485d83bfeb035905ef514e8ed after 44.2s
[2024-09-12 15:49:44]
251 configs remaining (~3h 0m 8s, ETA: 18:49:53, based on a mean trial duration of 43.1s)
[2024-09-12 15:49:44]
========== CONFIG 2 ==========
Nin_virtual               2
Nhidden                   50
Nt                        2
Nin                       1400
[2024-09-12 15:49:44]
Starting trial 14c538c15a8f3135082aeafef4a56c06.
[2024-09-12 15:50:19]
acc_max_epoch             13
acc_max_mean              0.5001919865608215
acc_max_std               0.018775690346956253
[2024-09-12 15:50:19]
Finished trial 14c538c15a8f3135082aeafef4a56c06 after 35.1s
[2024-09-12 15:50:26]
250 configs remaining (~2h 59m 15s, ETA: 18:49:41, based on a mean trial duration of 43.0s)
[2024-09-12 15:50:26]
========== CONFIG 3 ==========
Nin_virtual               4
Nhidden                   50
Nt                        2
Nin                       1400
[2024-09-12 15:50:26]
Starting trial 2924626b90ff33a397a77ec7369a6163.
[2024-09-12 15:51:01]
acc_max_epoch             13
acc_max_mean              0.5193536281585693
acc_max_std               0.020038744434714317
[2024-09-12 15:51:01]
Finished trial 2924626b90ff33a397a77ec7369a6163 after 35.5s
[2024-09-12 15:51:08]
249 configs remaining (~2h 58m 31s, ETA: 18:49:40, based on a mean trial duration of 43.0s)
[2024-09-12 15:51:08]
========== CONFIG 4 ==========
Nin_virtual               8
Nhidden                   50
Nt                        2
Nin                       1400
[2024-09-12 15:51:08]
Starting trial 72361e42d2937b3a82c18c3a74f29d74.
[2024-09-12 15:51:44]
acc_max_epoch             13
acc_max_mean              0.5668351054191589
acc_max_std               0.031918883323669434
[2024-09-12 15:51:44]
Finished trial 72361e42d2937b3a82c18c3a74f29d74 after 36.1s
[2024-09-12 15:51:51]
248 configs remaining (~2h 57m 35s, ETA: 18:49:26, based on a mean trial duration of 43.0s)
[2024-09-12 15:51:51]
========== CONFIG 5 ==========
Nin_virtual               12
Nhidden                   50
Nt                        2
Nin                       1400
[2024-09-12 15:51:51]
Starting trial 490aabf0333c99895d6ca711af05ecfe.
[2024-09-12 15:52:27]
acc_max_epoch             20
acc_max_mean              0.5747509002685547
acc_max_std               0.0078843142837286
[2024-09-12 15:52:27]
Finished trial 490aabf0333c99895d6ca711af05ecfe after 36.8s
[2024-09-12 15:52:34]
247 configs remaining (~2h 56m 40s, ETA: 18:49:15, based on a mean trial duration of 42.9s)
[2024-09-12 15:52:34]
========== CONFIG 6 ==========
Nin_virtual               16
Nhidden                   50
Nt                        2
Nin                       1400
[2024-09-12 15:52:34]
Starting trial b4d3479cbdfe8a922abbc1350e2fb14a.
[2024-09-12 15:53:11]
acc_max_epoch             18
acc_max_mean              0.6046835780143738
acc_max_std               0.02811216004192829
[2024-09-12 15:53:11]
Finished trial b4d3479cbdfe8a922abbc1350e2fb14a after 37.1s
[2024-09-12 15:53:18]
246 configs remaining (~2h 55m 49s, ETA: 18:49:08, based on a mean trial duration of 42.9s)
[2024-09-12 15:53:18]
========== CONFIG 7 ==========
Nin_virtual               24
Nhidden                   50
Nt                        2
Nin                       1400
[2024-09-12 15:53:18]
Starting trial 1af26466f6edac46d50bf441ddef462f.
[2024-09-12 15:53:58]
acc_max_epoch             18
acc_max_mean              0.6261583566665649
acc_max_std               0.010827049612998962
[2024-09-12 15:53:58]
Finished trial 1af26466f6edac46d50bf441ddef462f after 40.3s
[2024-09-12 15:54:05]
245 configs remaining (~2h 55m 6s, ETA: 18:49:12, based on a mean trial duration of 42.9s)
[2024-09-12 15:54:05]
========== CONFIG 8 ==========
Nin_virtual               1
Nhidden                   100
Nt                        2
Nin                       1400
[2024-09-12 15:54:05]
Starting trial 297784a186f579ca60abfb9cc923b17e.
[2024-09-12 15:54:46]
acc_max_epoch             16
acc_max_mean              0.49509769678115845
acc_max_std               0.01566915772855282
[2024-09-12 15:54:46]
Finished trial 297784a186f579ca60abfb9cc923b17e after 40.4s
[2024-09-12 15:54:53]
244 configs remaining (~2h 54m 20s, ETA: 18:49:14, based on a mean trial duration of 42.9s)
[2024-09-12 15:54:53]
========== CONFIG 9 ==========
Nin_virtual               1
Nhidden                   150
Nt                        2
Nin                       1400
[2024-09-12 15:54:53]
Starting trial fde24f0808cfe649eddc62045d919999.
[2024-09-12 15:55:36]
acc_max_epoch             13
acc_max_mean              0.5063198804855347
acc_max_std               0.018809037283062935
[2024-09-12 15:55:36]
Finished trial fde24f0808cfe649eddc62045d919999 after 43.5s
[2024-09-12 15:55:43]
243 configs remaining (~2h 53m 43s, ETA: 18:49:26, based on a mean trial duration of 42.9s)
[2024-09-12 15:55:43]
========== CONFIG 10 ==========
Nin_virtual               1
Nhidden                   200
Nt                        2
Nin                       1400
[2024-09-12 15:55:43]
Starting trial 8739a37538bc2a7d7099646eb02805ca.
[2024-09-12 15:56:28]
acc_max_epoch             18
acc_max_mean              0.5004310011863708
acc_max_std               0.019456326961517334
[2024-09-12 15:56:28]
Finished trial 8739a37538bc2a7d7099646eb02805ca after 45.5s
[2024-09-12 15:56:36]
242 configs remaining (~2h 53m 8s, ETA: 18:49:45, based on a mean trial duration of 42.9s)
[2024-09-12 15:56:36]
========== CONFIG 11 ==========
Nin_virtual               2
Nhidden                   100
Nt                        2
Nin                       1400
[2024-09-12 15:56:36]
Starting trial cd86d48bc071b893c4c538bb8d7f1cd3.
[2024-09-12 15:57:12]
acc_max_epoch             15
acc_max_mean              0.5080034732818604
acc_max_std               0.01795964501798153
[2024-09-12 15:57:12]
Finished trial cd86d48bc071b893c4c538bb8d7f1cd3 after 36.2s
[2024-09-12 15:57:19]
241 configs remaining (~2h 52m 24s, ETA: 18:49:44, based on a mean trial duration of 42.9s)
[2024-09-12 15:57:19]
========== CONFIG 12 ==========
Nin_virtual               2
Nhidden                   150
Nt                        2
Nin                       1400
[2024-09-12 15:57:19]
Starting trial e1e4988cf907b2992ed22141af3bedd0.
[2024-09-12 15:57:58]
acc_max_epoch             17
acc_max_mean              0.5105757713317871
acc_max_std               0.016596021130681038
[2024-09-12 15:57:58]
Finished trial e1e4988cf907b2992ed22141af3bedd0 after 38.7s
[2024-09-12 15:58:06]
240 configs remaining (~2h 51m 53s, ETA: 18:49:59, based on a mean trial duration of 43.0s)
[2024-09-12 15:58:06]
========== CONFIG 13 ==========
Nin_virtual               2
Nhidden                   200
Nt                        2
Nin                       1400
[2024-09-12 15:58:06]
Starting trial bea4047c6ce0a2a80c576a8b6ad206a4.
[2024-09-12 15:58:47]
acc_max_epoch             20
acc_max_mean              0.50725257396698
acc_max_std               0.02409030869603157
[2024-09-12 15:58:47]
Finished trial bea4047c6ce0a2a80c576a8b6ad206a4 after 41.3s
[2024-09-12 15:58:54]
239 configs remaining (~2h 51m 8s, ETA: 18:50:02, based on a mean trial duration of 43.0s)
[2024-09-12 15:58:54]
========== CONFIG 14 ==========
Nin_virtual               4
Nhidden                   100
Nt                        2
Nin                       1400
[2024-09-12 15:58:54]
Starting trial 55465214d847427bdbf8261609aed935.
[2024-09-12 15:59:32]
acc_max_epoch             19
acc_max_mean              0.5284175872802734
acc_max_std               0.014388899318873882
[2024-09-12 15:59:32]
Finished trial 55465214d847427bdbf8261609aed935 after 37.6s
[2024-09-12 15:59:39]
238 configs remaining (~2h 50m 36s, ETA: 18:50:15, based on a mean trial duration of 43.0s)
[2024-09-12 15:59:39]
========== CONFIG 15 ==========
Nin_virtual               4
Nhidden                   150
Nt                        2
Nin                       1400
[2024-09-12 15:59:39]
Starting trial 6192897f7131323cb3bda4deac07eb3c.
[2024-09-12 16:00:20]
acc_max_epoch             17
acc_max_mean              0.5370067954063416
acc_max_std               0.02154191955924034
[2024-09-12 16:00:20]
Finished trial 6192897f7131323cb3bda4deac07eb3c after 41.0s
[2024-09-12 16:00:27]
237 configs remaining (~2h 49m 52s, ETA: 18:50:19, based on a mean trial duration of 43.0s)
[2024-09-12 16:00:27]
========== CONFIG 16 ==========
Nin_virtual               4
Nhidden                   200
Nt                        2
Nin                       1400
[2024-09-12 16:00:27]
Starting trial fc2379c7b9ab21bf95e94b82d375f595.
[2024-09-12 16:01:10]
acc_max_epoch             17
acc_max_mean              0.5283164978027344
acc_max_std               0.01178906112909317
[2024-09-12 16:01:10]
Finished trial fc2379c7b9ab21bf95e94b82d375f595 after 43.5s
[2024-09-12 16:01:18]
236 configs remaining (~2h 49m 19s, ETA: 18:50:37, based on a mean trial duration of 43.0s)
[2024-09-12 16:01:18]
========== CONFIG 17 ==========
Nin_virtual               8
Nhidden                   100
Nt                        2
Nin                       1400
[2024-09-12 16:01:18]
Starting trial dad94fe979d15088101980a0a9483a7b.
[2024-09-12 16:01:57]
acc_max_epoch             15
acc_max_mean              0.5708653926849365
acc_max_std               0.009980146773159504
[2024-09-12 16:01:57]
Finished trial dad94fe979d15088101980a0a9483a7b after 38.7s
[2024-09-12 16:02:04]
235 configs remaining (~2h 48m 44s, ETA: 18:50:49, based on a mean trial duration of 43.1s)
[2024-09-12 16:02:04]
========== CONFIG 18 ==========
Nin_virtual               8
Nhidden                   150
Nt                        2
Nin                       1400
[2024-09-12 16:02:04]
Starting trial 7edb3b4418940d44d77528007d97265e.
[2024-09-12 16:02:50]
acc_max_epoch             20
acc_max_mean              0.5792289972305298
acc_max_std               0.018778249621391296
[2024-09-12 16:02:51]
Finished trial 7edb3b4418940d44d77528007d97265e after 46.4s
[2024-09-12 16:02:58]
234 configs remaining (~2h 48m 8s, ETA: 18:51:06, based on a mean trial duration of 43.1s)
[2024-09-12 16:02:58]
========== CONFIG 19 ==========
Nin_virtual               8
Nhidden                   200
Nt                        2
Nin                       1400
[2024-09-12 16:02:58]
Starting trial cc73ab2aaa5a47a2b9b660accbfcf908.
[2024-09-12 16:03:47]
acc_max_epoch             17
acc_max_mean              0.5678014159202576
acc_max_std               0.031924355775117874
[2024-09-12 16:03:47]
Finished trial cc73ab2aaa5a47a2b9b660accbfcf908 after 49.5s
[2024-09-12 16:03:55]
233 configs remaining (~2h 47m 44s, ETA: 18:51:40, based on a mean trial duration of 43.2s)
[2024-09-12 16:03:55]
========== CONFIG 20 ==========
Nin_virtual               12
Nhidden                   100
Nt                        2
Nin                       1400
[2024-09-12 16:03:55]
Starting trial aff25e99a8a173c0d5d8c1f624a4e177.
[2024-09-12 16:04:37]
acc_max_epoch             17
acc_max_mean              0.6033132076263428
acc_max_std               0.025846688076853752
[2024-09-12 16:04:37]
Finished trial aff25e99a8a173c0d5d8c1f624a4e177 after 42.3s
[2024-09-12 16:04:45]
232 configs remaining (~2h 47m 0s, ETA: 18:51:46, based on a mean trial duration of 43.2s)
[2024-09-12 16:04:45]
========== CONFIG 21 ==========
Nin_virtual               12
Nhidden                   150
Nt                        2
Nin                       1400
[2024-09-12 16:04:45]
Starting trial 33075a83142ccb3fb03e3dd1522cc61c.
[2024-09-12 16:05:33]
acc_max_epoch             18
acc_max_mean              0.5916969776153564
acc_max_std               0.014314914122223854
[2024-09-12 16:05:33]
Finished trial 33075a83142ccb3fb03e3dd1522cc61c after 47.4s
[2024-09-12 16:05:40]
231 configs remaining (~2h 46m 39s, ETA: 18:52:20, based on a mean trial duration of 43.3s)
[2024-09-12 16:05:40]
========== CONFIG 22 ==========
Nin_virtual               12
Nhidden                   200
Nt                        2
Nin                       1400
[2024-09-12 16:05:40]
Starting trial 338a637fee98d93a2da81c1a15cbfc13.
[2024-09-12 16:06:32]
acc_max_epoch             19
acc_max_mean              0.590744137763977
acc_max_std               0.016811953857541084
[2024-09-12 16:06:32]
Finished trial 338a637fee98d93a2da81c1a15cbfc13 after 51.6s
[2024-09-12 16:06:40]
230 configs remaining (~2h 46m 12s, ETA: 18:52:52, based on a mean trial duration of 43.4s)
[2024-09-12 16:06:40]
========== CONFIG 23 ==========
Nin_virtual               16
Nhidden                   100
Nt                        2
Nin                       1400
[2024-09-12 16:06:40]
Starting trial 2ed8dc98ac13ff83bb01e3234b1a7289.
[2024-09-12 16:07:23]
acc_max_epoch             16
acc_max_mean              0.6213873028755188
acc_max_std               0.019858621060848236
[2024-09-12 16:07:23]
Finished trial 2ed8dc98ac13ff83bb01e3234b1a7289 after 43.6s
[2024-09-12 16:07:31]
229 configs remaining (~2h 45m 48s, ETA: 18:53:20, based on a mean trial duration of 43.4s)
[2024-09-12 16:07:31]
========== CONFIG 24 ==========
Nin_virtual               16
Nhidden                   150
Nt                        2
Nin                       1400
[2024-09-12 16:07:31]
Starting trial 81c0eb5bce419abe1d3db31cf5d4ef5d.
[2024-09-12 16:08:19]
acc_max_epoch             20
acc_max_mean              0.609259307384491
acc_max_std               0.01142807025462389
[2024-09-12 16:08:19]
Finished trial 81c0eb5bce419abe1d3db31cf5d4ef5d after 48.2s
[2024-09-12 16:08:27]
228 configs remaining (~2h 45m 34s, ETA: 18:54:01, based on a mean trial duration of 43.6s)
[2024-09-12 16:08:27]
========== CONFIG 25 ==========
Nin_virtual               16
Nhidden                   200
Nt                        2
Nin                       1400
[2024-09-12 16:08:27]
Starting trial 1fb7a1b9292df700c68981efc64b11fa.
[2024-09-12 16:09:19]
acc_max_epoch             18
acc_max_mean              0.6113771796226501
acc_max_std               0.013624917715787888
[2024-09-12 16:09:19]
Finished trial 1fb7a1b9292df700c68981efc64b11fa after 52.8s
[2024-09-12 16:09:28]
227 configs remaining (~2h 45m 10s, ETA: 18:54:39, based on a mean trial duration of 43.7s)
[2024-09-12 16:09:28]
========== CONFIG 26 ==========
Nin_virtual               24
Nhidden                   100
Nt                        2
Nin                       1400
[2024-09-12 16:09:28]
Starting trial 83f215620b3297f346c72241453c8a5e.
[2024-09-12 16:10:12]
acc_max_epoch             15
acc_max_mean              0.6349765062332153
acc_max_std               0.0025192417670041323
[2024-09-12 16:10:12]
Finished trial 83f215620b3297f346c72241453c8a5e after 43.7s
[2024-09-12 16:10:21]
226 configs remaining (~2h 44m 26s, ETA: 18:54:48, based on a mean trial duration of 43.7s)
[2024-09-12 16:10:21]
========== CONFIG 27 ==========
Nin_virtual               24
Nhidden                   150
Nt                        2
Nin                       1400
[2024-09-12 16:10:21]
Starting trial 03f34cca154c45ce1288f9c5e64041a1.
[2024-09-12 16:11:10]
acc_max_epoch             17
acc_max_mean              0.6445252895355225
acc_max_std               0.0108036445453763
[2024-09-12 16:11:10]
Finished trial 03f34cca154c45ce1288f9c5e64041a1 after 48.9s
[2024-09-12 16:11:18]
225 configs remaining (~2h 44m 8s, ETA: 18:55:26, based on a mean trial duration of 43.8s)
[2024-09-12 16:11:18]
========== CONFIG 28 ==========
Nin_virtual               24
Nhidden                   200
Nt                        2
Nin                       1400
[2024-09-12 16:11:18]
Starting trial 8e9e906cd21507d0307ce0b2f0275682.
[2024-09-12 16:12:12]
acc_max_epoch             19
acc_max_mean              0.6411111950874329
acc_max_std               0.006144350860267878
[2024-09-12 16:12:12]
Finished trial 8e9e906cd21507d0307ce0b2f0275682 after 54.9s
[2024-09-12 16:12:22]
224 configs remaining (~2h 44m 0s, ETA: 18:56:22, based on a mean trial duration of 43.9s)
[2024-09-12 16:12:22]
========== CONFIG 29 ==========
Nin_virtual               1
Nhidden                   50
Nt                        4
Nin                       2800
[2024-09-12 16:12:22]
Starting trial b7d5cc770ac419c174c9eff7e6f6581b.
[2024-09-12 16:12:59]
acc_max_epoch             9
acc_max_mean              0.6203199625015259
acc_max_std               0.002104423474520445
[2024-09-12 16:12:59]
Finished trial b7d5cc770ac419c174c9eff7e6f6581b after 37.6s
[2024-09-12 16:13:08]
223 configs remaining (~2h 43m 21s, ETA: 18:56:30, based on a mean trial duration of 44.0s)
[2024-09-12 16:13:08]
========== CONFIG 30 ==========
Nin_virtual               1
Nhidden                   50
Nt                        6
Nin                       4200
[2024-09-12 16:13:08]
Starting trial 76acdc0b554005cad859e3d86a23a3a0.
[2024-09-12 16:13:46]
acc_max_epoch             9
acc_max_mean              0.7185859084129333
acc_max_std               0.01651540957391262
[2024-09-12 16:13:46]
Finished trial 76acdc0b554005cad859e3d86a23a3a0 after 37.8s
[2024-09-12 16:13:56]
222 configs remaining (~2h 42m 31s, ETA: 18:56:27, based on a mean trial duration of 43.9s)
[2024-09-12 16:13:56]
========== CONFIG 31 ==========
Nin_virtual               1
Nhidden                   50
Nt                        8
Nin                       5600
[2024-09-12 16:13:56]
Starting trial 5f23b84758b9f360605cdae93c506b55.
[2024-09-12 16:14:34]
acc_max_epoch             19
acc_max_mean              0.7928754687309265
acc_max_std               0.018017005175352097
[2024-09-12 16:14:34]
Finished trial 5f23b84758b9f360605cdae93c506b55 after 38.1s
[2024-09-12 16:14:42]
221 configs remaining (~2h 42m 2s, ETA: 18:56:45, based on a mean trial duration of 44.0s)
[2024-09-12 16:14:42]
========== CONFIG 32 ==========
Nin_virtual               1
Nhidden                   50
Nt                        10
Nin                       7000
[2024-09-12 16:14:42]
Starting trial 923582a3f40a946538611be2895f8526.
[2024-09-12 16:15:22]
acc_max_epoch             14
acc_max_mean              0.8031953573226929
acc_max_std               0.01821529120206833
[2024-09-12 16:15:22]
Finished trial 923582a3f40a946538611be2895f8526 after 39.9s
[2024-09-12 16:15:30]
220 configs remaining (~2h 41m 15s, ETA: 18:56:45, based on a mean trial duration of 44.0s)
[2024-09-12 16:15:30]
========== CONFIG 33 ==========
Nin_virtual               1
Nhidden                   50
Nt                        12
Nin                       8400
[2024-09-12 16:15:30]
Starting trial 2975ad30c458492996c2355f1786d6cd.
[2024-09-12 16:16:10]
acc_max_epoch             19
acc_max_mean              0.8118687868118286
acc_max_std               0.016420284286141396
[2024-09-12 16:16:10]
Finished trial 2975ad30c458492996c2355f1786d6cd after 40.0s
[2024-09-12 16:16:18]
219 configs remaining (~2h 40m 53s, ETA: 18:57:11, based on a mean trial duration of 44.1s)
[2024-09-12 16:16:18]
========== CONFIG 34 ==========
Nin_virtual               1
Nhidden                   50
Nt                        14
Nin                       9800
[2024-09-12 16:16:18]
Starting trial 5c7ba958dba5b2b7838ad24f9a6367de.
[2024-09-12 16:17:02]
acc_max_epoch             14
acc_max_mean              0.8178620338439941
acc_max_std               0.004583518486469984
[2024-09-12 16:17:02]
Finished trial 5c7ba958dba5b2b7838ad24f9a6367de after 44.0s
[2024-09-12 16:17:10]
218 configs remaining (~2h 40m 20s, ETA: 18:57:31, based on a mean trial duration of 44.1s)
[2024-09-12 16:17:10]
========== CONFIG 35 ==========
Nin_virtual               1
Nhidden                   50
Nt                        16
Nin                       11200
[2024-09-12 16:17:10]
Starting trial de5537fad349352c01c83d8ddc6bca29.
[2024-09-12 16:17:58]
acc_max_epoch             12
acc_max_mean              0.8151853084564209
acc_max_std               0.0023459370713680983
[2024-09-12 16:17:58]
Finished trial de5537fad349352c01c83d8ddc6bca29 after 47.4s
[2024-09-12 16:18:06]
217 configs remaining (~2h 40m 0s, ETA: 18:58:07, based on a mean trial duration of 44.2s)
[2024-09-12 16:18:06]
========== CONFIG 36 ==========
Nin_virtual               1
Nhidden                   50
Nt                        18
Nin                       12600
[2024-09-12 16:18:06]
Starting trial fa18f766b57d0dddcba6f1166ba9e136.
[2024-09-12 16:18:54]
acc_max_epoch             20
acc_max_mean              0.8125455379486084
acc_max_std               0.0021870769560337067
[2024-09-12 16:18:54]
Finished trial fa18f766b57d0dddcba6f1166ba9e136 after 47.7s
[2024-09-12 16:19:02]
216 configs remaining (~2h 39m 19s, ETA: 18:58:22, based on a mean trial duration of 44.3s)
[2024-09-12 16:19:02]
========== CONFIG 37 ==========
Nin_virtual               2
Nhidden                   50
Nt                        4
Nin                       2800
[2024-09-12 16:19:02]
Starting trial 703f31c4b28b7889aae6b48b4f0e6615.
[2024-09-12 16:19:37]
acc_max_epoch             15
acc_max_mean              0.6199057102203369
acc_max_std               0.0027278431225568056
[2024-09-12 16:19:37]
Finished trial 703f31c4b28b7889aae6b48b4f0e6615 after 34.5s
[2024-09-12 16:19:45]
215 configs remaining (~2h 38m 54s, ETA: 18:58:40, based on a mean trial duration of 44.3s)
[2024-09-12 16:19:45]
========== CONFIG 38 ==========
Nin_virtual               2
Nhidden                   50
Nt                        6
Nin                       4200
[2024-09-12 16:19:45]
Starting trial 72bcdb8ab9e9ba86969f78ac00418fba.
[2024-09-12 16:20:21]
acc_max_epoch             13
acc_max_mean              0.7235826253890991
acc_max_std               0.009517044760286808
[2024-09-12 16:20:21]
Finished trial 72bcdb8ab9e9ba86969f78ac00418fba after 36.1s
[2024-09-12 16:20:30]
214 configs remaining (~2h 38m 2s, ETA: 18:58:32, based on a mean trial duration of 44.3s)
[2024-09-12 16:20:30]
========== CONFIG 39 ==========
Nin_virtual               2
Nhidden                   50
Nt                        8
Nin                       5600
[2024-09-12 16:20:30]
Starting trial 4935e8523b9d71e287ced15886db45ce.
[2024-09-12 16:21:06]
acc_max_epoch             14
acc_max_mean              0.7988182902336121
acc_max_std               0.012830189429223537
[2024-09-12 16:21:06]
Finished trial 4935e8523b9d71e287ced15886db45ce after 36.3s
[2024-09-12 16:21:14]
213 configs remaining (~2h 37m 10s, ETA: 18:58:25, based on a mean trial duration of 44.3s)
[2024-09-12 16:21:14]
========== CONFIG 40 ==========
Nin_virtual               2
Nhidden                   50
Nt                        10
Nin                       7000
[2024-09-12 16:21:14]
Starting trial 9262a6942763ecd8e6bb78a0b05e3a6c.
[2024-09-12 16:21:51]
acc_max_epoch             20
acc_max_mean              0.804750919342041
acc_max_std               0.005029662512242794
[2024-09-12 16:21:51]
Finished trial 9262a6942763ecd8e6bb78a0b05e3a6c after 36.7s
[2024-09-12 16:22:00]
212 configs remaining (~2h 36m 19s, ETA: 18:58:19, based on a mean trial duration of 44.2s)
[2024-09-12 16:22:00]
========== CONFIG 41 ==========
Nin_virtual               2
Nhidden                   50
Nt                        12
Nin                       8400
[2024-09-12 16:22:00]
Starting trial 1de07cc363131f97f3e1d6b5f11c24b3.
[2024-09-12 16:22:35]
acc_max_epoch             19
acc_max_mean              0.8235219717025757
acc_max_std               0.0072521427646279335
[2024-09-12 16:22:35]
Finished trial 1de07cc363131f97f3e1d6b5f11c24b3 after 35.2s
[2024-09-12 16:22:45]
211 configs remaining (~2h 35m 27s, ETA: 18:58:13, based on a mean trial duration of 44.2s)
[2024-09-12 16:22:45]
========== CONFIG 42 ==========
Nin_virtual               2
Nhidden                   50
Nt                        14
Nin                       9800
[2024-09-12 16:22:45]
Starting trial 70ac6d0a8f4e0984a49cddbbe5c2fec9.
[2024-09-12 16:23:20]
acc_max_epoch             20
acc_max_mean              0.8241987228393555
acc_max_std               0.015297762118279934
[2024-09-12 16:23:20]
Finished trial 70ac6d0a8f4e0984a49cddbbe5c2fec9 after 35.1s
[2024-09-12 16:23:29]
210 configs remaining (~2h 34m 36s, ETA: 18:58:05, based on a mean trial duration of 44.2s)
[2024-09-12 16:23:29]
========== CONFIG 43 ==========
Nin_virtual               2
Nhidden                   50
Nt                        16
Nin                       11200
[2024-09-12 16:23:29]
Starting trial 64b542fc1f5bb578911029de599e422b.
[2024-09-12 16:24:06]
acc_max_epoch             20
acc_max_mean              0.8221044540405273
acc_max_std               0.02334226854145527
[2024-09-12 16:24:06]
Finished trial 64b542fc1f5bb578911029de599e422b after 37.2s
[2024-09-12 16:24:15]
209 configs remaining (~2h 33m 46s, ETA: 18:58:02, based on a mean trial duration of 44.1s)
[2024-09-12 16:24:15]
========== CONFIG 44 ==========
Nin_virtual               2
Nhidden                   50
Nt                        18
Nin                       12600
[2024-09-12 16:24:15]
Starting trial c44912983ea3e928d0c7630c7d880866.
[2024-09-12 16:24:51]
acc_max_epoch             18
acc_max_mean              0.8125219345092773
acc_max_std               0.014214565046131611
[2024-09-12 16:24:51]
Finished trial c44912983ea3e928d0c7630c7d880866 after 35.7s
[2024-09-12 16:25:02]
208 configs remaining (~2h 32m 57s, ETA: 18:57:59, based on a mean trial duration of 44.1s)
[2024-09-12 16:25:02]
========== CONFIG 45 ==========
Nin_virtual               4
Nhidden                   50
Nt                        4
Nin                       2800
[2024-09-12 16:25:02]
Starting trial 8df2e827a32c08cccd5425b037035142.
[2024-09-12 16:25:37]
acc_max_epoch             9
acc_max_mean              0.6241852641105652
acc_max_std               0.0150274857878685
[2024-09-12 16:25:37]
Finished trial 8df2e827a32c08cccd5425b037035142 after 34.9s
[2024-09-12 16:25:45]
207 configs remaining (~2h 32m 10s, ETA: 18:57:56, based on a mean trial duration of 44.1s)
[2024-09-12 16:25:45]
========== CONFIG 46 ==========
Nin_virtual               4
Nhidden                   50
Nt                        6
Nin                       4200
[2024-09-12 16:25:45]
Starting trial f1a20246185bf928c234fb975b2e0824.
[2024-09-12 16:26:22]
acc_max_epoch             16
acc_max_mean              0.742330014705658
acc_max_std               0.019803529605269432
[2024-09-12 16:26:22]
Finished trial f1a20246185bf928c234fb975b2e0824 after 36.8s
[2024-09-12 16:26:31]
206 configs remaining (~2h 31m 20s, ETA: 18:57:52, based on a mean trial duration of 44.1s)
[2024-09-12 16:26:31]
========== CONFIG 47 ==========
Nin_virtual               4
Nhidden                   50
Nt                        8
Nin                       5600
[2024-09-12 16:26:31]
Starting trial 7dcdcd63ac3700b483de3c57007201c8.
[2024-09-12 16:27:08]
acc_max_epoch             20
acc_max_mean              0.803905725479126
acc_max_std               0.0051311952993273735
[2024-09-12 16:27:08]
Finished trial 7dcdcd63ac3700b483de3c57007201c8 after 36.9s
[2024-09-12 16:27:17]
205 configs remaining (~2h 30m 34s, ETA: 18:57:52, based on a mean trial duration of 44.1s)
[2024-09-12 16:27:17]
========== CONFIG 48 ==========
Nin_virtual               4
Nhidden                   50
Nt                        10
Nin                       7000
[2024-09-12 16:27:17]
Starting trial f82779bae89a82b98834cb3219e501c1.
[2024-09-12 16:27:53]
acc_max_epoch             14
acc_max_mean              0.8038350939750671
acc_max_std               0.013706473633646965
[2024-09-12 16:27:53]
Finished trial f82779bae89a82b98834cb3219e501c1 after 35.5s
[2024-09-12 16:28:02]
204 configs remaining (~2h 29m 41s, ETA: 18:57:43, based on a mean trial duration of 44.0s)
[2024-09-12 16:28:02]
========== CONFIG 49 ==========
Nin_virtual               4
Nhidden                   50
Nt                        12
Nin                       8400
[2024-09-12 16:28:02]
Starting trial 314f7de47923e9e651b6243d5c05d0db.
[2024-09-12 16:28:39]
acc_max_epoch             20
acc_max_mean              0.8283671140670776
acc_max_std               0.006140726152807474
[2024-09-12 16:28:39]
Finished trial 314f7de47923e9e651b6243d5c05d0db after 37.6s
[2024-09-12 16:28:49]
203 configs remaining (~2h 28m 49s, ETA: 18:57:38, based on a mean trial duration of 44.0s)
[2024-09-12 16:28:49]
========== CONFIG 50 ==========
Nin_virtual               4
Nhidden                   50
Nt                        14
Nin                       9800
[2024-09-12 16:28:49]
Starting trial 016199225c630fb81405612fbd6ebcce.
[2024-09-12 16:29:26]
acc_max_epoch             18
acc_max_mean              0.8315253257751465
acc_max_std               0.015711775049567223
[2024-09-12 16:29:26]
Finished trial 016199225c630fb81405612fbd6ebcce after 37.7s
[2024-09-12 16:29:36]
202 configs remaining (~2h 27m 58s, ETA: 18:57:34, based on a mean trial duration of 44.0s)
[2024-09-12 16:29:36]
========== CONFIG 51 ==========
Nin_virtual               4
Nhidden                   50
Nt                        16
Nin                       11200
[2024-09-12 16:29:36]
Starting trial ee3e5a7eae272b7ee30affd59370f84b.
[2024-09-12 16:30:12]
acc_max_epoch             20
acc_max_mean              0.8134175539016724
acc_max_std               0.026277821511030197
[2024-09-12 16:30:12]
Finished trial ee3e5a7eae272b7ee30affd59370f84b after 36.1s
[2024-09-12 16:30:21]
201 configs remaining (~2h 27m 5s, ETA: 18:57:26, based on a mean trial duration of 43.9s)
[2024-09-12 16:30:21]
========== CONFIG 52 ==========
Nin_virtual               4
Nhidden                   50
Nt                        18
Nin                       12600
[2024-09-12 16:30:21]
Starting trial 4272118d7880b66f4f830ebbbdabda97.
[2024-09-12 16:30:59]
acc_max_epoch             19
acc_max_mean              0.815767765045166
acc_max_std               0.013651346787810326
[2024-09-12 16:30:59]
Finished trial 4272118d7880b66f4f830ebbbdabda97 after 38.3s
[2024-09-12 16:31:09]
200 configs remaining (~2h 26m 14s, ETA: 18:57:23, based on a mean trial duration of 43.9s)
[2024-09-12 16:31:09]
========== CONFIG 53 ==========
Nin_virtual               8
Nhidden                   50
Nt                        4
Nin                       2800
[2024-09-12 16:31:09]
Starting trial 9c86d45e6de23bd4fdf199345599b3dd.
[2024-09-12 16:31:46]
acc_max_epoch             9
acc_max_mean              0.6508855819702148
acc_max_std               0.012160728685557842
[2024-09-12 16:31:46]
Finished trial 9c86d45e6de23bd4fdf199345599b3dd after 37.6s
[2024-09-12 16:31:56]
199 configs remaining (~2h 25m 23s, ETA: 18:57:19, based on a mean trial duration of 43.8s)
[2024-09-12 16:31:56]
========== CONFIG 54 ==========
Nin_virtual               8
Nhidden                   50
Nt                        6
Nin                       4200
[2024-09-12 16:31:56]
Starting trial 8f8ed58351f367e9f467c7b308b388f7.
[2024-09-12 16:32:31]
acc_max_epoch             18
acc_max_mean              0.7599865794181824
acc_max_std               0.010165568441152573
[2024-09-12 16:32:31]
Finished trial 8f8ed58351f367e9f467c7b308b388f7 after 35.7s
[2024-09-12 16:32:41]
198 configs remaining (~2h 24m 32s, ETA: 18:57:14, based on a mean trial duration of 43.8s)
[2024-09-12 16:32:41]
========== CONFIG 55 ==========
Nin_virtual               8
Nhidden                   50
Nt                        8
Nin                       5600
[2024-09-12 16:32:41]
Starting trial 48aba4b2ddb5fdf72b9940e3fdde7c53.
[2024-09-12 16:33:19]
acc_max_epoch             19
acc_max_mean              0.8154007792472839
acc_max_std               0.007552012801170349
[2024-09-12 16:33:19]
Finished trial 48aba4b2ddb5fdf72b9940e3fdde7c53 after 38.0s
[2024-09-12 16:33:29]
197 configs remaining (~2h 23m 42s, ETA: 18:57:11, based on a mean trial duration of 43.8s)
[2024-09-12 16:33:29]
========== CONFIG 56 ==========
Nin_virtual               8
Nhidden                   50
Nt                        10
Nin                       7000
[2024-09-12 16:33:29]
Starting trial 6fd78f386afba347f3d2dde422307083.
[2024-09-12 16:34:07]
acc_max_epoch             20
acc_max_mean              0.8143771886825562
acc_max_std               0.018859073519706726
[2024-09-12 16:34:07]
Finished trial 6fd78f386afba347f3d2dde422307083 after 38.4s
[2024-09-12 16:34:17]
196 configs remaining (~2h 22m 53s, ETA: 18:57:10, based on a mean trial duration of 43.7s)
[2024-09-12 16:34:17]
========== CONFIG 57 ==========
Nin_virtual               8
Nhidden                   50
Nt                        12
Nin                       8400
[2024-09-12 16:34:17]
Starting trial d326b48e8b13494f2b0711128043e584.
[2024-09-12 16:34:53]
acc_max_epoch             20
acc_max_mean              0.8197609782218933
acc_max_std               0.00978337973356247
[2024-09-12 16:34:53]
Finished trial d326b48e8b13494f2b0711128043e584 after 36.8s
[2024-09-12 16:35:03]
195 configs remaining (~2h 22m 2s, ETA: 18:57:06, based on a mean trial duration of 43.7s)
[2024-09-12 16:35:03]
========== CONFIG 58 ==========
Nin_virtual               8
Nhidden                   50
Nt                        14
Nin                       9800
[2024-09-12 16:35:03]
Starting trial 5ed335260fcf2ffe0b0e6cad3e713aa8.
[2024-09-12 16:35:42]
acc_max_epoch             20
acc_max_mean              0.8267139196395874
acc_max_std               0.015312236733734608
[2024-09-12 16:35:42]
Finished trial 5ed335260fcf2ffe0b0e6cad3e713aa8 after 38.9s
[2024-09-12 16:35:52]
194 configs remaining (~2h 21m 13s, ETA: 18:57:05, based on a mean trial duration of 43.7s)
[2024-09-12 16:35:52]
========== CONFIG 59 ==========
Nin_virtual               8
Nhidden                   50
Nt                        16
Nin                       11200
[2024-09-12 16:35:52]
Starting trial 78b41bd903b1aae7db847d96e4285190.
[2024-09-12 16:36:31]
acc_max_epoch             19
acc_max_mean              0.8268014788627625
acc_max_std               0.008616161532700062
[2024-09-12 16:36:31]
Finished trial 78b41bd903b1aae7db847d96e4285190 after 39.5s
[2024-09-12 16:36:41]
193 configs remaining (~2h 20m 24s, ETA: 18:57:05, based on a mean trial duration of 43.6s)
[2024-09-12 16:36:41]
========== CONFIG 60 ==========
Nin_virtual               8
Nhidden                   50
Nt                        18
Nin                       12600
[2024-09-12 16:36:41]
Starting trial bdbf09af19280c86c41aaa10ca1fc4da.
[2024-09-12 16:37:19]
acc_max_epoch             20
acc_max_mean              0.8185219764709473
acc_max_std               0.020214766263961792
[2024-09-12 16:37:19]
Finished trial bdbf09af19280c86c41aaa10ca1fc4da after 37.7s
[2024-09-12 16:37:29]
192 configs remaining (~2h 19m 35s, ETA: 18:57:05, based on a mean trial duration of 43.6s)
[2024-09-12 16:37:29]
========== CONFIG 61 ==========
Nin_virtual               12
Nhidden                   50
Nt                        4
Nin                       2800
[2024-09-12 16:37:29]
Starting trial 9a4b1222275e7e5770747c0b5ffec4ef.
[2024-09-12 16:38:07]
acc_max_epoch             9
acc_max_mean              0.6726869344711304
acc_max_std               0.015290724113583565
[2024-09-12 16:38:07]
Finished trial 9a4b1222275e7e5770747c0b5ffec4ef after 38.2s
[2024-09-12 16:38:17]
191 configs remaining (~2h 18m 46s, ETA: 18:57:04, based on a mean trial duration of 43.6s)
[2024-09-12 16:38:17]
========== CONFIG 62 ==========
Nin_virtual               12
Nhidden                   50
Nt                        6
Nin                       4200
[2024-09-12 16:38:17]
Starting trial f0fcdd78ae071677495387f40b9f4e8b.
[2024-09-12 16:38:55]
acc_max_epoch             11
acc_max_mean              0.7790471911430359
acc_max_std               0.008093834854662418
[2024-09-12 16:38:55]
Finished trial f0fcdd78ae071677495387f40b9f4e8b after 38.5s
[2024-09-12 16:39:05]
190 configs remaining (~2h 17m 59s, ETA: 18:57:05, based on a mean trial duration of 43.6s)
[2024-09-12 16:39:05]
========== CONFIG 63 ==========
Nin_virtual               12
Nhidden                   50
Nt                        8
Nin                       5600
[2024-09-12 16:39:05]
Starting trial cda04706fd73b24c7fea0eac9f0ce0b3.
[2024-09-12 16:39:42]
acc_max_epoch             18
acc_max_mean              0.8324141502380371
acc_max_std               0.014328829012811184
[2024-09-12 16:39:42]
Finished trial cda04706fd73b24c7fea0eac9f0ce0b3 after 36.7s
[2024-09-12 16:39:52]
189 configs remaining (~2h 17m 11s, ETA: 18:57:04, based on a mean trial duration of 43.6s)
[2024-09-12 16:39:52]
========== CONFIG 64 ==========
Nin_virtual               12
Nhidden                   50
Nt                        10
Nin                       7000
[2024-09-12 16:39:52]
Starting trial fdb80c9733f4fdb0e6430ea7726e919e.
[2024-09-12 16:40:32]
acc_max_epoch             20
acc_max_mean              0.8295556306838989
acc_max_std               0.012652896344661713
[2024-09-12 16:40:32]
Finished trial fdb80c9733f4fdb0e6430ea7726e919e after 39.4s
[2024-09-12 16:40:42]
188 configs remaining (~2h 16m 24s, ETA: 18:57:07, based on a mean trial duration of 43.5s)
[2024-09-12 16:40:42]
========== CONFIG 65 ==========
Nin_virtual               12
Nhidden                   50
Nt                        12
Nin                       8400
[2024-09-12 16:40:42]
Starting trial 3b33a04f21f6402bf2cd62002278cbf2.
[2024-09-12 16:41:22]
acc_max_epoch             19
acc_max_mean              0.8219125270843506
acc_max_std               0.02555113472044468
[2024-09-12 16:41:22]
Finished trial 3b33a04f21f6402bf2cd62002278cbf2 after 39.8s
[2024-09-12 16:41:32]
187 configs remaining (~2h 15m 37s, ETA: 18:57:10, based on a mean trial duration of 43.5s)
[2024-09-12 16:41:32]
========== CONFIG 66 ==========
Nin_virtual               12
Nhidden                   50
Nt                        14
Nin                       9800
[2024-09-12 16:41:32]
Starting trial 383d568d119ba7011a01d5c70d7facfc.
[2024-09-12 16:42:10]
acc_max_epoch             20
acc_max_mean              0.8351987600326538
acc_max_std               0.019984623417258263
[2024-09-12 16:42:10]
Finished trial 383d568d119ba7011a01d5c70d7facfc after 37.9s
[2024-09-12 16:42:22]
186 configs remaining (~2h 14m 49s, ETA: 18:57:12, based on a mean trial duration of 43.5s)
[2024-09-12 16:42:22]
========== CONFIG 67 ==========
Nin_virtual               12
Nhidden                   50
Nt                        16
Nin                       11200
[2024-09-12 16:42:22]
Starting trial d92a6cc2838d5626a400fbd115424d9e.
[2024-09-12 16:43:01]
acc_max_epoch             19
acc_max_mean              0.8158385157585144
acc_max_std               0.010485631413757801
[2024-09-12 16:43:01]
Finished trial d92a6cc2838d5626a400fbd115424d9e after 38.7s
[2024-09-12 16:43:11]
185 configs remaining (~2h 14m 3s, ETA: 18:57:15, based on a mean trial duration of 43.5s)
[2024-09-12 16:43:11]
========== CONFIG 68 ==========
Nin_virtual               12
Nhidden                   50
Nt                        18
Nin                       12600
[2024-09-12 16:43:11]
Starting trial 2542b2dd7fd912765c31ce151f3b957b.
[2024-09-12 16:43:52]
acc_max_epoch             19
acc_max_mean              0.8143401145935059
acc_max_std               0.016666250303387642
[2024-09-12 16:43:52]
Finished trial 2542b2dd7fd912765c31ce151f3b957b after 41.1s
[2024-09-12 16:44:03]
184 configs remaining (~2h 13m 19s, ETA: 18:57:22, based on a mean trial duration of 43.5s)
[2024-09-12 16:44:03]
========== CONFIG 69 ==========
Nin_virtual               16
Nhidden                   50
Nt                        4
Nin                       2800
[2024-09-12 16:44:03]
Starting trial 490f65fe32d60c545b543b5ab86b555e.
[2024-09-12 16:44:42]
acc_max_epoch             15
acc_max_mean              0.6859899759292603
acc_max_std               0.01632651686668396
[2024-09-12 16:44:42]
Finished trial 490f65fe32d60c545b543b5ab86b555e after 38.9s
[2024-09-12 16:44:52]
183 configs remaining (~2h 12m 32s, ETA: 18:57:25, based on a mean trial duration of 43.5s)
[2024-09-12 16:44:52]
========== CONFIG 70 ==========
Nin_virtual               16
Nhidden                   50
Nt                        6
Nin                       4200
[2024-09-12 16:44:52]
Starting trial c432a2c2f0622c9d7801870d733f96e7.
[2024-09-12 16:45:29]
acc_max_epoch             12
acc_max_mean              0.788468062877655
acc_max_std               0.015814175829291344
[2024-09-12 16:45:29]
Finished trial c432a2c2f0622c9d7801870d733f96e7 after 37.0s
[2024-09-12 16:45:42]
182 configs remaining (~2h 11m 45s, ETA: 18:57:28, based on a mean trial duration of 43.4s)
[2024-09-12 16:45:42]
========== CONFIG 71 ==========
Nin_virtual               16
Nhidden                   50
Nt                        8
Nin                       5600
[2024-09-12 16:45:42]
Starting trial 4fd7bb78696cf38032e7f8310a83bff1.
[2024-09-12 16:46:20]
acc_max_epoch             15
acc_max_mean              0.8323974013328552
acc_max_std               0.008038689382374287
[2024-09-12 16:46:20]
Finished trial 4fd7bb78696cf38032e7f8310a83bff1 after 37.6s
[2024-09-12 16:46:30]
181 configs remaining (~2h 10m 58s, ETA: 18:57:29, based on a mean trial duration of 43.4s)
[2024-09-12 16:46:30]
========== CONFIG 72 ==========
Nin_virtual               16
Nhidden                   50
Nt                        10
Nin                       7000
[2024-09-12 16:46:30]
Starting trial 88644b9bb0b20bdcc01b0c682944750e.
[2024-09-12 16:47:11]
acc_max_epoch             20
acc_max_mean              0.8288754820823669
acc_max_std               0.015371043235063553
[2024-09-12 16:47:11]
Finished trial 88644b9bb0b20bdcc01b0c682944750e after 40.4s
[2024-09-12 16:47:21]
180 configs remaining (~2h 10m 13s, ETA: 18:57:35, based on a mean trial duration of 43.4s)
[2024-09-12 16:47:21]
========== CONFIG 73 ==========
Nin_virtual               16
Nhidden                   50
Nt                        12
Nin                       8400
[2024-09-12 16:47:21]
Starting trial 70b36aa33e65ab70f8d9136ba35408aa.
[2024-09-12 16:48:02]
acc_max_epoch             20
acc_max_mean              0.8317644000053406
acc_max_std               0.016827892512083054
[2024-09-12 16:48:02]
Finished trial 70b36aa33e65ab70f8d9136ba35408aa after 41.0s
[2024-09-12 16:48:13]
179 configs remaining (~2h 9m 30s, ETA: 18:57:44, based on a mean trial duration of 43.4s)
[2024-09-12 16:48:13]
========== CONFIG 74 ==========
Nin_virtual               16
Nhidden                   50
Nt                        14
Nin                       9800
[2024-09-12 16:48:13]
Starting trial bfbed68fb1c09a4598f965a0087a0b37.
[2024-09-12 16:48:52]
acc_max_epoch             11
acc_max_mean              0.8306061625480652
acc_max_std               0.016994578763842583
[2024-09-12 16:48:52]
Finished trial bfbed68fb1c09a4598f965a0087a0b37 after 39.1s
[2024-09-12 16:49:03]
178 configs remaining (~2h 8m 45s, ETA: 18:57:48, based on a mean trial duration of 43.4s)
[2024-09-12 16:49:03]
========== CONFIG 75 ==========
Nin_virtual               16
Nhidden                   50
Nt                        16
Nin                       11200
[2024-09-12 16:49:03]
Starting trial a0dff6316e9d680e6802f6bc930237a9.
[2024-09-12 16:49:45]
acc_max_epoch             16
acc_max_mean              0.8148452043533325
acc_max_std               0.013273080810904503
[2024-09-12 16:49:45]
Finished trial a0dff6316e9d680e6802f6bc930237a9 after 42.0s
[2024-09-12 16:49:56]
177 configs remaining (~2h 8m 2s, ETA: 18:57:58, based on a mean trial duration of 43.4s)
[2024-09-12 16:49:56]
========== CONFIG 76 ==========
Nin_virtual               16
Nhidden                   50
Nt                        18
Nin                       12600
[2024-09-12 16:49:56]
Starting trial beaac204b4ca0eeaf83d8e8715e2e0bc.
[2024-09-12 16:50:39]
acc_max_epoch             20
acc_max_mean              0.8112189173698425
acc_max_std               0.012029756791889668
[2024-09-12 16:50:39]
Finished trial beaac204b4ca0eeaf83d8e8715e2e0bc after 42.6s
[2024-09-12 16:50:49]
176 configs remaining (~2h 7m 20s, ETA: 18:58:10, based on a mean trial duration of 43.4s)
[2024-09-12 16:50:49]
========== CONFIG 77 ==========
Nin_virtual               24
Nhidden                   50
Nt                        4
Nin                       2800
[2024-09-12 16:50:49]
Starting trial 4ece1cfd8ed54e0d23a3e9f614a48762.
[2024-09-12 16:51:30]
acc_max_epoch             13
acc_max_mean              0.721821665763855
acc_max_std               0.007956527173519135
[2024-09-12 16:51:30]
Finished trial 4ece1cfd8ed54e0d23a3e9f614a48762 after 40.1s
[2024-09-12 16:51:43]
175 configs remaining (~2h 6m 37s, ETA: 18:58:21, based on a mean trial duration of 43.4s)
[2024-09-12 16:51:43]
========== CONFIG 78 ==========
Nin_virtual               24
Nhidden                   50
Nt                        6
Nin                       4200
[2024-09-12 16:51:43]
Starting trial 83fee2e4069810b0728bd854bcc31965.
[2024-09-12 16:52:24]
acc_max_epoch             20
acc_max_mean              0.8170135021209717
acc_max_std               0.014992454089224339
[2024-09-12 16:52:24]
Finished trial 83fee2e4069810b0728bd854bcc31965 after 40.7s
[2024-09-12 16:52:35]
174 configs remaining (~2h 5m 55s, ETA: 18:58:30, based on a mean trial duration of 43.4s)
[2024-09-12 16:52:35]
========== CONFIG 79 ==========
Nin_virtual               24
Nhidden                   50
Nt                        8
Nin                       5600
[2024-09-12 16:52:35]
Starting trial 5efce4f06ec929ae7e3e1c92a51c0576.
[2024-09-12 16:53:18]
acc_max_epoch             9
acc_max_mean              0.8415050506591797
acc_max_std               0.005167678464204073
[2024-09-12 16:53:18]
Finished trial 5efce4f06ec929ae7e3e1c92a51c0576 after 43.5s
[2024-09-12 16:53:29]
173 configs remaining (~2h 5m 14s, ETA: 18:58:43, based on a mean trial duration of 43.4s)
[2024-09-12 16:53:29]
========== CONFIG 80 ==========
Nin_virtual               24
Nhidden                   50
Nt                        10
Nin                       7000
[2024-09-12 16:53:29]
Starting trial 41f9005394d5351caba1e99ae842ac8d.
[2024-09-12 16:54:11]
acc_max_epoch             19
acc_max_mean              0.8400977849960327
acc_max_std               0.01666107028722763
[2024-09-12 16:54:12]
Finished trial 41f9005394d5351caba1e99ae842ac8d after 42.2s
[2024-09-12 16:54:23]
172 configs remaining (~2h 4m 32s, ETA: 18:58:55, based on a mean trial duration of 43.4s)
[2024-09-12 16:54:23]
========== CONFIG 81 ==========
Nin_virtual               24
Nhidden                   50
Nt                        12
Nin                       8400
[2024-09-12 16:54:23]
Starting trial 189a1bfc41ffd5a083b975e861db614b.
[2024-09-12 16:55:08]
acc_max_epoch             18
acc_max_mean              0.8430034518241882
acc_max_std               0.011571378447115421
[2024-09-12 16:55:08]
Finished trial 189a1bfc41ffd5a083b975e861db614b after 45.2s
[2024-09-12 16:55:19]
171 configs remaining (~2h 3m 52s, ETA: 18:59:12, based on a mean trial duration of 43.5s)
[2024-09-12 16:55:19]
========== CONFIG 82 ==========
Nin_virtual               24
Nhidden                   50
Nt                        14
Nin                       9800
[2024-09-12 16:55:19]
Starting trial 1ffce2be2f717e31de1e46f5daa06991.
[2024-09-12 16:56:05]
acc_max_epoch             13
acc_max_mean              0.8314916491508484
acc_max_std               0.012845220975577831
[2024-09-12 16:56:05]
Finished trial 1ffce2be2f717e31de1e46f5daa06991 after 45.8s
[2024-09-12 16:56:16]
170 configs remaining (~2h 3m 13s, ETA: 18:59:29, based on a mean trial duration of 43.5s)
[2024-09-12 16:56:16]
========== CONFIG 83 ==========
Nin_virtual               24
Nhidden                   50
Nt                        16
Nin                       11200
[2024-09-12 16:56:16]
Starting trial c7f8e35dcaf495879bf0f2ed43939faf.
[2024-09-12 16:57:01]
acc_max_epoch             19
acc_max_mean              0.8407105207443237
acc_max_std               0.020044082775712013
[2024-09-12 16:57:01]
Finished trial c7f8e35dcaf495879bf0f2ed43939faf after 44.4s
[2024-09-12 16:57:12]
169 configs remaining (~2h 2m 31s, ETA: 18:59:44, based on a mean trial duration of 43.5s)
[2024-09-12 16:57:12]
========== CONFIG 84 ==========
Nin_virtual               24
Nhidden                   50
Nt                        18
Nin                       12600
[2024-09-12 16:57:12]
Starting trial eea3289b700907c85e9ac781cbc6ddd7.
[2024-09-12 16:57:59]
acc_max_epoch             19
acc_max_mean              0.8246196508407593
acc_max_std               0.007628541439771652
[2024-09-12 16:57:59]
Finished trial eea3289b700907c85e9ac781cbc6ddd7 after 47.2s
[2024-09-12 16:58:11]
168 configs remaining (~2h 1m 52s, ETA: 19:00:03, based on a mean trial duration of 43.5s)
[2024-09-12 16:58:11]
========== CONFIG 85 ==========
Nin_virtual               1
Nhidden                   100
Nt                        4
Nin                       2800
[2024-09-12 16:58:11]
Starting trial 9e7ae8a9e71a5beef28161bee249955b.
[2024-09-12 16:58:53]
acc_max_epoch             9
acc_max_mean              0.6240977048873901
acc_max_std               0.015145773068070412
[2024-09-12 16:58:53]
Finished trial 9e7ae8a9e71a5beef28161bee249955b after 41.8s
[2024-09-12 16:59:04]
167 configs remaining (~2h 1m 10s, ETA: 19:00:14, based on a mean trial duration of 43.5s)
[2024-09-12 16:59:04]
========== CONFIG 86 ==========
Nin_virtual               1
Nhidden                   100
Nt                        6
Nin                       4200
[2024-09-12 16:59:04]
Starting trial b9965383e9f9e1b32cc4ddc6589b43c5.
[2024-09-12 16:59:43]
acc_max_epoch             9
acc_max_mean              0.739050567150116
acc_max_std               0.013866840861737728
[2024-09-12 16:59:44]
Finished trial b9965383e9f9e1b32cc4ddc6589b43c5 after 39.4s
[2024-09-12 16:59:58]
166 configs remaining (~2h 0m 24s, ETA: 19:00:22, based on a mean trial duration of 43.5s)
[2024-09-12 16:59:58]
========== CONFIG 87 ==========
Nin_virtual               1
Nhidden                   100
Nt                        8
Nin                       5600
[2024-09-12 16:59:58]
Starting trial 45264180eb81d887415d7f351ee127a5.
[2024-09-12 17:00:37]
acc_max_epoch             11
acc_max_mean              0.8032829165458679
acc_max_std               0.011786533519625664
[2024-09-12 17:00:37]
Finished trial 45264180eb81d887415d7f351ee127a5 after 39.3s
[2024-09-12 17:00:49]
165 configs remaining (~1h 59m 41s, ETA: 19:00:30, based on a mean trial duration of 43.5s)
[2024-09-12 17:00:49]
========== CONFIG 88 ==========
Nin_virtual               1
Nhidden                   100
Nt                        10
Nin                       7000
[2024-09-12 17:00:49]
Starting trial fdb896074725bb51aa270a9209e5f021.
[2024-09-12 17:01:31]
acc_max_epoch             18
acc_max_mean              0.8218082189559937
acc_max_std               0.006453212816268206
[2024-09-12 17:01:31]
Finished trial fdb896074725bb51aa270a9209e5f021 after 42.1s
[2024-09-12 17:01:42]
164 configs remaining (~1h 59m 0s, ETA: 19:00:43, based on a mean trial duration of 43.5s)
[2024-09-12 17:01:42]
========== CONFIG 89 ==========
Nin_virtual               1
Nhidden                   100
Nt                        12
Nin                       8400
[2024-09-12 17:01:42]
Starting trial 292f32a6cc5dfa51085757b5325100ba.
[2024-09-12 17:02:22]
acc_max_epoch             16
acc_max_mean              0.8182021379470825
acc_max_std               0.011717675253748894
[2024-09-12 17:02:22]
Finished trial 292f32a6cc5dfa51085757b5325100ba after 39.8s
[2024-09-12 17:02:36]
163 configs remaining (~1h 58m 17s, ETA: 19:00:54, based on a mean trial duration of 43.5s)
[2024-09-12 17:02:36]
========== CONFIG 90 ==========
Nin_virtual               1
Nhidden                   100
Nt                        14
Nin                       9800
[2024-09-12 17:02:36]
Starting trial 893fcd040aec2288e21471469a7192fb.
[2024-09-12 17:03:16]
acc_max_epoch             18
acc_max_mean              0.8180707693099976
acc_max_std               0.022352788597345352
[2024-09-12 17:03:16]
Finished trial 893fcd040aec2288e21471469a7192fb after 39.8s
[2024-09-12 17:03:28]
162 configs remaining (~1h 57m 36s, ETA: 19:01:05, based on a mean trial duration of 43.6s)
[2024-09-12 17:03:28]
========== CONFIG 91 ==========
Nin_virtual               1
Nhidden                   100
Nt                        16
Nin                       11200
[2024-09-12 17:03:28]
Starting trial a234567ec532b83174a2db4f6330b3e4.
[2024-09-12 17:04:11]
acc_max_epoch             15
acc_max_mean              0.8252291083335876
acc_max_std               0.010118033736944199
[2024-09-12 17:04:11]
Finished trial a234567ec532b83174a2db4f6330b3e4 after 42.6s
[2024-09-12 17:04:23]
161 configs remaining (~1h 56m 55s, ETA: 19:01:18, based on a mean trial duration of 43.6s)
[2024-09-12 17:04:23]
========== CONFIG 92 ==========
Nin_virtual               1
Nhidden                   100
Nt                        18
Nin                       12600
[2024-09-12 17:04:23]
Starting trial 0cdd3b194572b9bef01b40acb681cc31.
[2024-09-12 17:05:05]
acc_max_epoch             11
acc_max_mean              0.8118385076522827
acc_max_std               0.02408275194466114
[2024-09-12 17:05:05]
Finished trial 0cdd3b194572b9bef01b40acb681cc31 after 42.7s
[2024-09-12 17:05:17]
160 configs remaining (~1h 56m 13s, ETA: 19:01:31, based on a mean trial duration of 43.6s)
[2024-09-12 17:05:17]
========== CONFIG 93 ==========
Nin_virtual               1
Nhidden                   150
Nt                        4
Nin                       2800
[2024-09-12 17:05:17]
Starting trial 9a9c5debb6fff871c13530c3de6ac39e.
[2024-09-12 17:05:59]
acc_max_epoch             15
acc_max_mean              0.6354310512542725
acc_max_std               0.0151870371773839
[2024-09-12 17:05:59]
Finished trial 9a9c5debb6fff871c13530c3de6ac39e after 41.4s
[2024-09-12 17:06:11]
159 configs remaining (~1h 55m 28s, ETA: 19:01:40, based on a mean trial duration of 43.6s)
[2024-09-12 17:06:11]
========== CONFIG 94 ==========
Nin_virtual               1
Nhidden                   150
Nt                        6
Nin                       4200
[2024-09-12 17:06:11]
Starting trial 4cc281b01f2575f5aa9ac4176faa8b58.
[2024-09-12 17:06:59]
acc_max_epoch             20
acc_max_mean              0.7731145620346069
acc_max_std               0.012745791114866734
[2024-09-12 17:06:59]
Finished trial 4cc281b01f2575f5aa9ac4176faa8b58 after 48.1s
[2024-09-12 17:07:11]
158 configs remaining (~1h 54m 50s, ETA: 19:02:02, based on a mean trial duration of 43.6s)
[2024-09-12 17:07:11]
========== CONFIG 95 ==========
Nin_virtual               1
Nhidden                   150
Nt                        8
Nin                       5600
[2024-09-12 17:07:11]
Starting trial f51db4fe90b6f7d6e527ec2435fa544d.
[2024-09-12 17:07:55]
acc_max_epoch             20
acc_max_mean              0.8056936264038086
acc_max_std               0.016427675262093544
[2024-09-12 17:07:55]
Finished trial f51db4fe90b6f7d6e527ec2435fa544d after 43.9s
[2024-09-12 17:08:07]
157 configs remaining (~1h 54m 10s, ETA: 19:02:18, based on a mean trial duration of 43.6s)
[2024-09-12 17:08:07]
========== CONFIG 96 ==========
Nin_virtual               1
Nhidden                   150
Nt                        10
Nin                       7000
[2024-09-12 17:08:07]
Starting trial 90d858e5406c973ecbd54ff4427deb29.
[2024-09-12 17:08:49]
acc_max_epoch             20
acc_max_mean              0.8345488905906677
acc_max_std               0.002748047700151801
[2024-09-12 17:08:49]
Finished trial 90d858e5406c973ecbd54ff4427deb29 after 41.9s
[2024-09-12 17:09:01]
156 configs remaining (~1h 53m 29s, ETA: 19:02:30, based on a mean trial duration of 43.6s)
[2024-09-12 17:09:01]
========== CONFIG 97 ==========
Nin_virtual               1
Nhidden                   150
Nt                        12
Nin                       8400
[2024-09-12 17:09:01]
Starting trial b7946d454eeb7b1a64ed889ee68cea48.
[2024-09-12 17:09:46]
acc_max_epoch             19
acc_max_mean              0.8334142565727234
acc_max_std               0.010492791421711445
[2024-09-12 17:09:46]
Finished trial b7946d454eeb7b1a64ed889ee68cea48 after 44.5s
[2024-09-12 17:09:58]
155 configs remaining (~1h 52m 48s, ETA: 19:02:47, based on a mean trial duration of 43.7s)
[2024-09-12 17:09:58]
========== CONFIG 98 ==========
Nin_virtual               1
Nhidden                   150
Nt                        14
Nin                       9800
[2024-09-12 17:09:58]
Starting trial 200e7951694a3f7a7fea774b81e09023.
[2024-09-12 17:10:43]
acc_max_epoch             18
acc_max_mean              0.825976550579071
acc_max_std               0.009182947687804699
[2024-09-12 17:10:43]
Finished trial 200e7951694a3f7a7fea774b81e09023 after 44.6s
[2024-09-12 17:10:55]
154 configs remaining (~1h 52m 9s, ETA: 19:03:05, based on a mean trial duration of 43.7s)
[2024-09-12 17:10:55]
========== CONFIG 99 ==========
Nin_virtual               1
Nhidden                   150
Nt                        16
Nin                       11200
[2024-09-12 17:10:55]
Starting trial 132452c097fe3686389d45a9af132845.
[2024-09-12 17:11:37]
acc_max_epoch             15
acc_max_mean              0.8118081092834473
acc_max_std               0.0022396135609596968
[2024-09-12 17:11:37]
Finished trial 132452c097fe3686389d45a9af132845 after 42.3s
[2024-09-12 17:11:52]
153 configs remaining (~1h 51m 30s, ETA: 19:03:22, based on a mean trial duration of 43.7s)
[2024-09-12 17:11:52]
========== CONFIG 100 ==========
Nin_virtual               1
Nhidden                   150
Nt                        18
Nin                       12600
[2024-09-12 17:11:52]
Starting trial 2cf61c36a5c1c979d83c9289556894b7.
[2024-09-12 17:12:35]
acc_max_epoch             11
acc_max_mean              0.8031246662139893
acc_max_std               0.013963929377496243
[2024-09-12 17:12:35]
Finished trial 2cf61c36a5c1c979d83c9289556894b7 after 42.5s
[2024-09-12 17:12:47]
152 configs remaining (~1h 50m 46s, ETA: 19:03:34, based on a mean trial duration of 43.7s)
[2024-09-12 17:12:47]
========== CONFIG 101 ==========
Nin_virtual               1
Nhidden                   200
Nt                        4
Nin                       2800
[2024-09-12 17:12:47]
Starting trial c26f8428232fbf40f09cb6b1c16700c3.
[2024-09-12 17:13:33]
acc_max_epoch             17
acc_max_mean              0.6199731230735779
acc_max_std               0.012550252489745617
[2024-09-12 17:13:33]
Finished trial c26f8428232fbf40f09cb6b1c16700c3 after 45.3s
[2024-09-12 17:13:45]
151 configs remaining (~1h 50m 5s, ETA: 19:03:50, based on a mean trial duration of 43.7s)
[2024-09-12 17:13:45]
========== CONFIG 102 ==========
Nin_virtual               1
Nhidden                   200
Nt                        6
Nin                       4200
[2024-09-12 17:13:45]
Starting trial 65cf7b9e20b79f3988ff756d51dad3a2.
[2024-09-12 17:14:28]
acc_max_epoch             16
acc_max_mean              0.7463637590408325
acc_max_std               0.010663038119673729
[2024-09-12 17:14:28]
Finished trial 65cf7b9e20b79f3988ff756d51dad3a2 after 43.1s
[2024-09-12 17:14:43]
150 configs remaining (~1h 49m 22s, ETA: 19:04:06, based on a mean trial duration of 43.8s)
[2024-09-12 17:14:43]
========== CONFIG 103 ==========
Nin_virtual               1
Nhidden                   200
Nt                        8
Nin                       5600
[2024-09-12 17:14:43]
Starting trial 135645458f178a2e19f31fc8db3660ea.
[2024-09-12 17:15:27]
acc_max_epoch             19
acc_max_mean              0.8090909719467163
acc_max_std               0.0037404268514364958
[2024-09-12 17:15:27]
Finished trial 135645458f178a2e19f31fc8db3660ea after 43.2s
[2024-09-12 17:15:39]
149 configs remaining (~1h 48m 39s, ETA: 19:04:19, based on a mean trial duration of 43.8s)
[2024-09-12 17:15:39]
========== CONFIG 104 ==========
Nin_virtual               1
Nhidden                   200
Nt                        10
Nin                       7000
[2024-09-12 17:15:39]
Starting trial 1df802391d476a78f9a70d06ee6b3ceb.
[2024-09-12 17:16:26]
acc_max_epoch             18
acc_max_mean              0.8118385076522827
acc_max_std               0.01793215610086918
[2024-09-12 17:16:26]
Finished trial 1df802391d476a78f9a70d06ee6b3ceb after 46.2s
[2024-09-12 17:16:38]
148 configs remaining (~1h 47m 58s, ETA: 19:04:37, based on a mean trial duration of 43.8s)
[2024-09-12 17:16:38]
========== CONFIG 105 ==========
Nin_virtual               1
Nhidden                   200
Nt                        12
Nin                       8400
[2024-09-12 17:16:38]
Starting trial 5dd82ab8cc7c6ad469c659dd659fef07.
[2024-09-12 17:17:24]
acc_max_epoch             13
acc_max_mean              0.8186566233634949
acc_max_std               0.028384340927004814
[2024-09-12 17:17:24]
Finished trial 5dd82ab8cc7c6ad469c659dd659fef07 after 46.2s
[2024-09-12 17:17:37]
147 configs remaining (~1h 47m 17s, ETA: 19:04:55, based on a mean trial duration of 43.8s)
[2024-09-12 17:17:37]
========== CONFIG 106 ==========
Nin_virtual               1
Nhidden                   200
Nt                        14
Nin                       9800
[2024-09-12 17:17:37]
Starting trial 0574bf0e6aeabec4fe788ce4d3c91de3.
[2024-09-12 17:18:21]
acc_max_epoch             15
acc_max_mean              0.7997711896896362
acc_max_std               0.0233008973300457
[2024-09-12 17:18:21]
Finished trial 0574bf0e6aeabec4fe788ce4d3c91de3 after 43.9s
[2024-09-12 17:18:34]
146 configs remaining (~1h 46m 34s, ETA: 19:05:08, based on a mean trial duration of 43.8s)
[2024-09-12 17:18:34]
========== CONFIG 107 ==========
Nin_virtual               1
Nhidden                   200
Nt                        16
Nin                       11200
[2024-09-12 17:18:34]
Starting trial 11b860374df4c62d43bc96991b7bad8c.
[2024-09-12 17:19:21]
acc_max_epoch             14
acc_max_mean              0.8148688077926636
acc_max_std               0.0022709297481924295
[2024-09-12 17:19:21]
Finished trial 11b860374df4c62d43bc96991b7bad8c after 46.6s
[2024-09-12 17:19:34]
145 configs remaining (~1h 45m 52s, ETA: 19:05:26, based on a mean trial duration of 43.8s)
[2024-09-12 17:19:34]
========== CONFIG 108 ==========
Nin_virtual               1
Nhidden                   200
Nt                        18
Nin                       12600
[2024-09-12 17:19:34]
Starting trial 7237fb5b1edc2a5f5a96db422cf1c31c.
[2024-09-12 17:20:20]
acc_max_epoch             15
acc_max_mean              0.8112020492553711
acc_max_std               0.002710797358304262
[2024-09-12 17:20:20]
Finished trial 7237fb5b1edc2a5f5a96db422cf1c31c after 46.7s
[2024-09-12 17:20:33]
144 configs remaining (~1h 45m 11s, ETA: 19:05:45, based on a mean trial duration of 43.8s)
[2024-09-12 17:20:33]
========== CONFIG 109 ==========
Nin_virtual               2
Nhidden                   100
Nt                        4
Nin                       2800
[2024-09-12 17:20:33]
Starting trial c851c8aa803c73311fc07c998f85a017.
[2024-09-12 17:21:09]
acc_max_epoch             18
acc_max_mean              0.6285017728805542
acc_max_std               0.009303759783506393
[2024-09-12 17:21:09]
Finished trial c851c8aa803c73311fc07c998f85a017 after 36.0s
[2024-09-12 17:21:25]
143 configs remaining (~1h 44m 28s, ETA: 19:05:54, based on a mean trial duration of 43.8s)
[2024-09-12 17:21:25]
========== CONFIG 110 ==========
Nin_virtual               2
Nhidden                   100
Nt                        6
Nin                       4200
[2024-09-12 17:21:25]
Starting trial 3c917bbd931047e488495a9ea9dc2ef8.
[2024-09-12 17:22:01]
acc_max_epoch             9
acc_max_mean              0.7579663991928101
acc_max_std               0.0027495436370372772
[2024-09-12 17:22:01]
Finished trial 3c917bbd931047e488495a9ea9dc2ef8 after 36.0s
[2024-09-12 17:22:14]
142 configs remaining (~1h 43m 45s, ETA: 19:05:59, based on a mean trial duration of 43.8s)
[2024-09-12 17:22:14]
========== CONFIG 111 ==========
Nin_virtual               2
Nhidden                   100
Nt                        8
Nin                       5600
[2024-09-12 17:22:14]
Starting trial da74f42259744942a7993524fb1c7884.
[2024-09-12 17:22:53]
acc_max_epoch             20
acc_max_mean              0.8125993609428406
acc_max_std               0.008271552622318268
[2024-09-12 17:22:53]
Finished trial da74f42259744942a7993524fb1c7884 after 38.8s
[2024-09-12 17:23:06]
141 configs remaining (~1h 43m 2s, ETA: 19:06:09, based on a mean trial duration of 43.8s)
[2024-09-12 17:23:06]
========== CONFIG 112 ==========
Nin_virtual               2
Nhidden                   100
Nt                        10
Nin                       7000
[2024-09-12 17:23:06]
Starting trial 6db27231a46bedbdd97dd9b64012f206.
[2024-09-12 17:23:45]
acc_max_epoch             11
acc_max_mean              0.8245152235031128
acc_max_std               0.017236124724149704
[2024-09-12 17:23:45]
Finished trial 6db27231a46bedbdd97dd9b64012f206 after 39.1s
[2024-09-12 17:23:58]
140 configs remaining (~1h 42m 17s, ETA: 19:06:15, based on a mean trial duration of 43.8s)
[2024-09-12 17:23:58]
========== CONFIG 113 ==========
Nin_virtual               2
Nhidden                   100
Nt                        12
Nin                       8400
[2024-09-12 17:23:58]
Starting trial d1b5e76cc97ed0a294296aea85c8784e.
[2024-09-12 17:24:35]
acc_max_epoch             20
acc_max_mean              0.8293098211288452
acc_max_std               0.014039400033652782
[2024-09-12 17:24:35]
Finished trial d1b5e76cc97ed0a294296aea85c8784e after 36.6s
[2024-09-12 17:24:48]
139 configs remaining (~1h 41m 34s, ETA: 19:06:23, based on a mean trial duration of 43.8s)
[2024-09-12 17:24:48]
========== CONFIG 114 ==========
Nin_virtual               2
Nhidden                   100
Nt                        14
Nin                       9800
[2024-09-12 17:24:48]
Starting trial 21501efa624d6ffc1f3f49ad5e9f1156.
[2024-09-12 17:25:28]
acc_max_epoch             20
acc_max_mean              0.8310338258743286
acc_max_std               0.010713175870478153
[2024-09-12 17:25:28]
Finished trial 21501efa624d6ffc1f3f49ad5e9f1156 after 39.3s
[2024-09-12 17:25:41]
138 configs remaining (~1h 40m 53s, ETA: 19:06:34, based on a mean trial duration of 43.9s)
[2024-09-12 17:25:41]
========== CONFIG 115 ==========
Nin_virtual               2
Nhidden                   100
Nt                        16
Nin                       11200
[2024-09-12 17:25:41]
Starting trial 182f6cea7d758601370507f1fc438091.
[2024-09-12 17:26:21]
acc_max_epoch             20
acc_max_mean              0.8210067749023438
acc_max_std               0.003293924266472459
[2024-09-12 17:26:21]
Finished trial 182f6cea7d758601370507f1fc438091 after 39.8s
[2024-09-12 17:26:34]
137 configs remaining (~1h 40m 11s, ETA: 19:06:46, based on a mean trial duration of 43.9s)
[2024-09-12 17:26:34]
========== CONFIG 116 ==========
Nin_virtual               2
Nhidden                   100
Nt                        18
Nin                       12600
[2024-09-12 17:26:34]
Starting trial e6e19d25468ce8d089d565311302616c.
[2024-09-12 17:27:12]
acc_max_epoch             19
acc_max_mean              0.8231818675994873
acc_max_std               0.007012546062469482
[2024-09-12 17:27:12]
Finished trial e6e19d25468ce8d089d565311302616c after 37.3s
[2024-09-12 17:27:28]
136 configs remaining (~1h 39m 25s, ETA: 19:06:53, based on a mean trial duration of 43.9s)
[2024-09-12 17:27:28]
========== CONFIG 117 ==========
Nin_virtual               2
Nhidden                   150
Nt                        4
Nin                       2800
[2024-09-12 17:27:28]
Starting trial 9ff1cf002b1c5d010a0c8a0049d15cf3.
[2024-09-12 17:28:06]
acc_max_epoch             11
acc_max_mean              0.6314882636070251
acc_max_std               0.01531003788113594
[2024-09-12 17:28:06]
Finished trial 9ff1cf002b1c5d010a0c8a0049d15cf3 after 38.6s
[2024-09-12 17:28:20]
135 configs remaining (~1h 38m 42s, ETA: 19:07:03, based on a mean trial duration of 43.9s)
[2024-09-12 17:28:20]
========== CONFIG 118 ==========
Nin_virtual               2
Nhidden                   150
Nt                        6
Nin                       4200
[2024-09-12 17:28:20]
Starting trial 7b5bafd27a377bc8391512f9b5fa169d.
[2024-09-12 17:29:01]
acc_max_epoch             12
acc_max_mean              0.7577340602874756
acc_max_std               0.004068103153258562
[2024-09-12 17:29:01]
Finished trial 7b5bafd27a377bc8391512f9b5fa169d after 41.2s
[2024-09-12 17:29:15]
134 configs remaining (~1h 38m 2s, ETA: 19:07:17, based on a mean trial duration of 43.9s)
[2024-09-12 17:29:15]
========== CONFIG 119 ==========
Nin_virtual               2
Nhidden                   150
Nt                        8
Nin                       5600
[2024-09-12 17:29:15]
Starting trial 19bd41cfc28ca7545cb5f33f9424dd18.
[2024-09-12 17:29:56]
acc_max_epoch             14
acc_max_mean              0.8130674362182617
acc_max_std               0.009952403604984283
[2024-09-12 17:29:56]
Finished trial 19bd41cfc28ca7545cb5f33f9424dd18 after 41.3s
[2024-09-12 17:30:10]
133 configs remaining (~1h 37m 21s, ETA: 19:07:32, based on a mean trial duration of 43.9s)
[2024-09-12 17:30:10]
========== CONFIG 120 ==========
Nin_virtual               2
Nhidden                   150
Nt                        10
Nin                       7000
[2024-09-12 17:30:10]
Starting trial bd4e9780772cb5a0b2a64a2ce342a6a0.
[2024-09-12 17:30:49]
acc_max_epoch             20
acc_max_mean              0.8336600065231323
acc_max_std               0.016335951164364815
[2024-09-12 17:30:49]
Finished trial bd4e9780772cb5a0b2a64a2ce342a6a0 after 39.0s
[2024-09-12 17:31:05]
132 configs remaining (~1h 36m 39s, ETA: 19:07:45, based on a mean trial duration of 43.9s)
[2024-09-12 17:31:05]
========== CONFIG 121 ==========
Nin_virtual               2
Nhidden                   150
Nt                        12
Nin                       8400
[2024-09-12 17:31:05]
Starting trial 4ed7c88c135d4f305ff5a59ab6d7529e.
[2024-09-12 17:31:45]
acc_max_epoch             20
acc_max_mean              0.83683842420578
acc_max_std               0.013246370479464531
[2024-09-12 17:31:45]
Finished trial 4ed7c88c135d4f305ff5a59ab6d7529e after 39.2s
[2024-09-12 17:31:58]
131 configs remaining (~1h 35m 54s, ETA: 19:07:53, based on a mean trial duration of 43.9s)
[2024-09-12 17:31:58]
========== CONFIG 122 ==========
Nin_virtual               2
Nhidden                   150
Nt                        14
Nin                       9800
[2024-09-12 17:31:58]
Starting trial 32b9d34a4e686048d8a565e09af96b91.
[2024-09-12 17:32:40]
acc_max_epoch             19
acc_max_mean              0.8245152831077576
acc_max_std               0.0021531691309064627
[2024-09-12 17:32:40]
Finished trial 32b9d34a4e686048d8a565e09af96b91 after 41.9s
[2024-09-12 17:32:54]
130 configs remaining (~1h 35m 14s, ETA: 19:08:08, based on a mean trial duration of 44.0s)
[2024-09-12 17:32:54]
========== CONFIG 123 ==========
Nin_virtual               2
Nhidden                   150
Nt                        16
Nin                       11200
[2024-09-12 17:32:54]
Starting trial a8c39801c1135c074b8d22301ad564ff.
[2024-09-12 17:33:37]
acc_max_epoch             20
acc_max_mean              0.8189563155174255
acc_max_std               0.02216433361172676
[2024-09-12 17:33:37]
Finished trial a8c39801c1135c074b8d22301ad564ff after 42.4s
[2024-09-12 17:33:51]
129 configs remaining (~1h 34m 33s, ETA: 19:08:25, based on a mean trial duration of 44.0s)
[2024-09-12 17:33:51]
========== CONFIG 124 ==========
Nin_virtual               2
Nhidden                   150
Nt                        18
Nin                       12600
[2024-09-12 17:33:51]
Starting trial 1f1c58f45de1ab9241911d0271c2f742.
[2024-09-12 17:34:30]
acc_max_epoch             15
acc_max_mean              0.8301516771316528
acc_max_std               0.014621111564338207
[2024-09-12 17:34:30]
Finished trial 1f1c58f45de1ab9241911d0271c2f742 after 39.7s
[2024-09-12 17:34:47]
128 configs remaining (~1h 33m 52s, ETA: 19:08:39, based on a mean trial duration of 44.0s)
[2024-09-12 17:34:47]
========== CONFIG 125 ==========
Nin_virtual               2
Nhidden                   200
Nt                        4
Nin                       2800
[2024-09-12 17:34:47]
Starting trial a59eb9b2699002146074c1c9a0ecc64a.
[2024-09-12 17:35:28]
acc_max_epoch             17
acc_max_mean              0.6219293475151062
acc_max_std               0.004864088259637356
[2024-09-12 17:35:28]
Finished trial a59eb9b2699002146074c1c9a0ecc64a after 41.0s
[2024-09-12 17:35:42]
127 configs remaining (~1h 33m 7s, ETA: 19:08:49, based on a mean trial duration of 44.0s)
[2024-09-12 17:35:42]
========== CONFIG 126 ==========
Nin_virtual               2
Nhidden                   200
Nt                        6
Nin                       4200
[2024-09-12 17:35:42]
Starting trial 91c003b3de1e13f20dcfce265ce7ee16.
[2024-09-12 17:36:26]
acc_max_epoch             20
acc_max_mean              0.7396701574325562
acc_max_std               0.016122475266456604
[2024-09-12 17:36:26]
Finished trial 91c003b3de1e13f20dcfce265ce7ee16 after 43.6s
[2024-09-12 17:36:40]
126 configs remaining (~1h 32m 26s, ETA: 19:09:06, based on a mean trial duration of 44.0s)
[2024-09-12 17:36:40]
========== CONFIG 127 ==========
Nin_virtual               2
Nhidden                   200
Nt                        8
Nin                       5600
[2024-09-12 17:36:40]
Starting trial 65bcc26b1a140cfc696b0ae24ea8c558.
[2024-09-12 17:37:21]
acc_max_epoch             20
acc_max_mean              0.8038350939750671
acc_max_std               0.011085969395935535
[2024-09-12 17:37:21]
Finished trial 65bcc26b1a140cfc696b0ae24ea8c558 after 41.1s
[2024-09-12 17:37:38]
125 configs remaining (~1h 31m 45s, ETA: 19:09:24, based on a mean trial duration of 44.0s)
[2024-09-12 17:37:38]
========== CONFIG 128 ==========
Nin_virtual               2
Nhidden                   200
Nt                        10
Nin                       7000
[2024-09-12 17:37:38]
Starting trial 386cda00da06082b47a1eef3e139ab34.
[2024-09-12 17:38:19]
acc_max_epoch             17
acc_max_mean              0.7977374792098999
acc_max_std               0.006669739726930857
[2024-09-12 17:38:19]
Finished trial 386cda00da06082b47a1eef3e139ab34 after 41.5s
[2024-09-12 17:38:34]
124 configs remaining (~1h 31m 5s, ETA: 19:09:39, based on a mean trial duration of 44.1s)
[2024-09-12 17:38:34]
========== CONFIG 129 ==========
Nin_virtual               2
Nhidden                   200
Nt                        12
Nin                       8400
[2024-09-12 17:38:34]
Starting trial 3002ba163df15a5300ceafac0c466d7d.
[2024-09-12 17:39:18]
acc_max_epoch             20
acc_max_mean              0.8311044573783875
acc_max_std               0.004345561843365431
[2024-09-12 17:39:18]
Finished trial 3002ba163df15a5300ceafac0c466d7d after 44.3s
[2024-09-12 17:39:33]
123 configs remaining (~1h 30m 21s, ETA: 19:09:54, based on a mean trial duration of 44.1s)
[2024-09-12 17:39:33]
========== CONFIG 130 ==========
Nin_virtual               2
Nhidden                   200
Nt                        14
Nin                       9800
[2024-09-12 17:39:33]
Starting trial 275ded38519793dd199f810548008f45.
[2024-09-12 17:40:17]
acc_max_epoch             11
acc_max_mean              0.8118619918823242
acc_max_std               0.013167271390557289
[2024-09-12 17:40:17]
Finished trial 275ded38519793dd199f810548008f45 after 44.5s
[2024-09-12 17:40:32]
122 configs remaining (~1h 29m 36s, ETA: 19:10:08, based on a mean trial duration of 44.1s)
[2024-09-12 17:40:32]
========== CONFIG 131 ==========
Nin_virtual               2
Nhidden                   200
Nt                        16
Nin                       11200
[2024-09-12 17:40:32]
Starting trial 7483bdba34932f37d41e1b366b059344.
[2024-09-12 17:41:14]
acc_max_epoch             13
acc_max_mean              0.8203940391540527
acc_max_std               0.007846795953810215
[2024-09-12 17:41:14]
Finished trial 7483bdba34932f37d41e1b366b059344 after 42.2s
[2024-09-12 17:41:31]
121 configs remaining (~1h 28m 52s, ETA: 19:10:24, based on a mean trial duration of 44.1s)
[2024-09-12 17:41:31]
========== CONFIG 132 ==========
Nin_virtual               2
Nhidden                   200
Nt                        18
Nin                       12600
[2024-09-12 17:41:31]
Starting trial 8d748a77220cc697fe1f4c6a4ac1bc5c.
[2024-09-12 17:42:13]
acc_max_epoch             9
acc_max_mean              0.8154680728912354
acc_max_std               0.028345802798867226
[2024-09-12 17:42:13]
Finished trial 8d748a77220cc697fe1f4c6a4ac1bc5c after 42.4s
[2024-09-12 17:42:28]
120 configs remaining (~1h 28m 8s, ETA: 19:10:36, based on a mean trial duration of 44.1s)
[2024-09-12 17:42:28]
========== CONFIG 133 ==========
Nin_virtual               4
Nhidden                   100
Nt                        4
Nin                       2800
[2024-09-12 17:42:28]
Starting trial 8ebb4a4549f8045b93005bc384bbfb08.
[2024-09-12 17:43:07]
acc_max_epoch             9
acc_max_mean              0.6430135369300842
acc_max_std               0.007309188600629568
[2024-09-12 17:43:08]
Finished trial 8ebb4a4549f8045b93005bc384bbfb08 after 39.6s
[2024-09-12 17:43:22]
119 configs remaining (~1h 27m 23s, ETA: 19:10:46, based on a mean trial duration of 44.1s)
[2024-09-12 17:43:22]
========== CONFIG 134 ==========
Nin_virtual               4
Nhidden                   100
Nt                        6
Nin                       4200
[2024-09-12 17:43:22]
Starting trial c7fe7fb5e29bc3c99b510f3151734597.
[2024-09-12 17:44:02]
acc_max_epoch             16
acc_max_mean              0.7504613399505615
acc_max_std               0.014753760769963264
[2024-09-12 17:44:02]
Finished trial c7fe7fb5e29bc3c99b510f3151734597 after 39.6s
[2024-09-12 17:44:17]
118 configs remaining (~1h 26m 38s, ETA: 19:10:55, based on a mean trial duration of 44.1s)
[2024-09-12 17:44:17]
========== CONFIG 135 ==========
Nin_virtual               4
Nhidden                   100
Nt                        8
Nin                       5600
[2024-09-12 17:44:17]
Starting trial 17fcb44a52329587019963fc554f3817.
[2024-09-12 17:44:56]
acc_max_epoch             19
acc_max_mean              0.8134714961051941
acc_max_std               0.012432998977601528
[2024-09-12 17:44:56]
Finished trial 17fcb44a52329587019963fc554f3817 after 39.7s
[2024-09-12 17:45:11]
117 configs remaining (~1h 25m 53s, ETA: 19:11:05, based on a mean trial duration of 44.0s)
[2024-09-12 17:45:11]
========== CONFIG 136 ==========
Nin_virtual               4
Nhidden                   100
Nt                        10
Nin                       7000
[2024-09-12 17:45:11]
Starting trial 40fe899be89f109c5fd8396a1e5873a3.
[2024-09-12 17:45:49]
acc_max_epoch             19
acc_max_mean              0.8338351249694824
acc_max_std               0.024655703455209732
[2024-09-12 17:45:49]
Finished trial 40fe899be89f109c5fd8396a1e5873a3 after 37.4s
[2024-09-12 17:46:03]
116 configs remaining (~1h 25m 7s, ETA: 19:11:11, based on a mean trial duration of 44.0s)
[2024-09-12 17:46:03]
========== CONFIG 137 ==========
Nin_virtual               4
Nhidden                   100
Nt                        12
Nin                       8400
[2024-09-12 17:46:03]
Starting trial ed2bcb43bae6ae6417da8426eb754570.
[2024-09-12 17:46:44]
acc_max_epoch             9
acc_max_mean              0.8275017738342285
acc_max_std               0.012231364846229553
[2024-09-12 17:46:44]
Finished trial ed2bcb43bae6ae6417da8426eb754570 after 40.4s
[2024-09-12 17:46:59]
115 configs remaining (~1h 24m 22s, ETA: 19:11:22, based on a mean trial duration of 44.0s)
[2024-09-12 17:46:59]
========== CONFIG 138 ==========
Nin_virtual               4
Nhidden                   100
Nt                        14
Nin                       9800
[2024-09-12 17:46:59]
Starting trial 2def85856bce97726807665868f2bd44.
[2024-09-12 17:47:39]
acc_max_epoch             17
acc_max_mean              0.8272391557693481
acc_max_std               0.006603605579584837
[2024-09-12 17:47:39]
Finished trial 2def85856bce97726807665868f2bd44 after 40.4s
[2024-09-12 17:47:54]
114 configs remaining (~1h 23m 40s, ETA: 19:11:35, based on a mean trial duration of 44.0s)
[2024-09-12 17:47:54]
========== CONFIG 139 ==========
Nin_virtual               4
Nhidden                   100
Nt                        16
Nin                       11200
[2024-09-12 17:47:54]
Starting trial a136d8135a2c64515e93a8cbf6969907.
[2024-09-12 17:48:35]
acc_max_epoch             18
acc_max_mean              0.83298659324646
acc_max_std               0.011087751016020775
[2024-09-12 17:48:35]
Finished trial a136d8135a2c64515e93a8cbf6969907 after 40.9s
[2024-09-12 17:48:50]
113 configs remaining (~1h 22m 57s, ETA: 19:11:47, based on a mean trial duration of 44.0s)
[2024-09-12 17:48:50]
========== CONFIG 140 ==========
Nin_virtual               4
Nhidden                   100
Nt                        18
Nin                       12600
[2024-09-12 17:48:50]
Starting trial 18bce4f2e0b64ec24a1b20e5516a2eca.
[2024-09-12 17:49:29]
acc_max_epoch             20
acc_max_mean              0.8292862772941589
acc_max_std               0.02195943519473076
[2024-09-12 17:49:29]
Finished trial 18bce4f2e0b64ec24a1b20e5516a2eca after 38.5s
[2024-09-12 17:49:44]
112 configs remaining (~1h 22m 13s, ETA: 19:11:57, based on a mean trial duration of 44.1s)
[2024-09-12 17:49:44]
========== CONFIG 141 ==========
Nin_virtual               4
Nhidden                   150
Nt                        4
Nin                       2800
[2024-09-12 17:49:44]
Starting trial 2d16627c84e387d610625eb13ddd969f.
[2024-09-12 17:50:27]
acc_max_epoch             15
acc_max_mean              0.6506667137145996
acc_max_std               0.007073099724948406
[2024-09-12 17:50:27]
Finished trial 2d16627c84e387d610625eb13ddd969f after 43.0s
[2024-09-12 17:50:42]
111 configs remaining (~1h 21m 31s, ETA: 19:12:13, based on a mean trial duration of 44.1s)
[2024-09-12 17:50:42]
========== CONFIG 142 ==========
Nin_virtual               4
Nhidden                   150
Nt                        6
Nin                       4200
[2024-09-12 17:50:42]
Starting trial c7016143991c264e29111e46b321c00e.
[2024-09-12 17:51:25]
acc_max_epoch             20
acc_max_mean              0.7625421285629272
acc_max_std               0.0130969462916255
[2024-09-12 17:51:25]
Finished trial c7016143991c264e29111e46b321c00e after 43.1s
[2024-09-12 17:51:40]
110 configs remaining (~1h 20m 47s, ETA: 19:12:28, based on a mean trial duration of 44.1s)
[2024-09-12 17:51:40]
========== CONFIG 143 ==========
Nin_virtual               4
Nhidden                   150
Nt                        8
Nin                       5600
[2024-09-12 17:51:40]
Starting trial 2770ec6a5fbafb0128c604031cabc68b.
