[2024-09-17 10:15:05]
CONSTANTS:
  device_count              1
  seed                      0
  I0                        1.25
  eps                       1e-06
  Nin_virtual               16
  Nhidden                   100
  Nlayer                    3
  Nout                      20
  K                         700
  dt                        0.001
  Nbatch                    2000
  lr                        0.004
  tau_lr                    100
  beta1                     0.9
  beta2                     0.999
  p_flip                    0
  Nepochs                   50
  Ntrain                    None
  Nin                       700
  Nsamples                  3
  normalize_times           1
[2024-09-17 10:15:05]
VARIABLES: tau, w_scale, T, gamma
[2024-09-17 10:15:43]
432 configs remaining (~1d 16h 53m 15s, ETA: 03:08:58, based on a mean trial duration of 340.7s)
[2024-09-17 10:15:43]
========== CONFIG 1 ==========
tau                       0.1
w_scale                   0.1
T                         0.5
gamma                     0.001
[2024-09-17 10:15:43]
Starting trial 3650ab9de0bcbcac0d9a3d1c95884430.
[2024-09-17 10:18:38]
acc_max_epoch             2
acc_max_mean              0.0644
acc_max_std               0.0162
acc_ord_max_epoch         2
acc_ord_max_mean          0.0644
acc_ord_max_std           0.0162
activity_final_mean       0
loss_final_mean           3
[2024-09-17 10:18:38]
Finished trial 3650ab9de0bcbcac0d9a3d1c95884430 after 174.4s
[2024-09-17 10:19:17]
431 configs remaining (~1d 16h 44m 51s, ETA: 03:04:08, based on a mean trial duration of 340.4s)
[2024-09-17 10:19:17]
========== CONFIG 2 ==========
tau                       0.5
w_scale                   0.1
T                         0.5
gamma                     0.001
[2024-09-17 10:19:17]
Starting trial 50050373720fd0d4294b19507b7d2d83.
[2024-09-17 10:21:58]
acc_max_epoch             49
acc_max_mean              0.491
acc_max_std               0.0336
acc_ord_max_epoch         49
acc_ord_max_mean          0.458
acc_ord_max_std           0.0326
activity_final_mean       0.385
loss_final_mean           2.02
[2024-09-17 10:21:59]
Finished trial 50050373720fd0d4294b19507b7d2d83 after 161.4s
[2024-09-17 10:22:37]
430 configs remaining (~1d 16h 38m 31s, ETA: 03:01:08, based on a mean trial duration of 340.3s)
[2024-09-17 10:22:37]
========== CONFIG 3 ==========
tau                       1
w_scale                   0.1
T                         0.5
gamma                     0.001
[2024-09-17 10:22:37]
Starting trial 0d94bc53cd1cef4ccfdb11c0a4cec830.
[2024-09-17 10:25:19]
acc_max_epoch             45
acc_max_mean              0.578
acc_max_std               0.0116
acc_ord_max_epoch         5
acc_ord_max_mean          0.0492
acc_ord_max_std           0.00348
activity_final_mean       0.302
loss_final_mean           1.69
[2024-09-17 10:25:19]
Finished trial 0d94bc53cd1cef4ccfdb11c0a4cec830 after 161.7s
[2024-09-17 10:25:58]
429 configs remaining (~1d 16h 29m 12s, ETA: 02:55:11, based on a mean trial duration of 339.7s)
[2024-09-17 10:25:58]
========== CONFIG 4 ==========
tau                       2
w_scale                   0.1
T                         0.5
gamma                     0.001
[2024-09-17 10:25:58]
Starting trial 3db5c701c5bcf897388268ae8db99e7d.
[2024-09-17 10:28:40]
acc_max_epoch             43
acc_max_mean              0.0838
acc_max_std               0.00619
acc_ord_max_epoch         5
acc_ord_max_mean          0.0492
acc_ord_max_std           0.00348
activity_final_mean       0.464
loss_final_mean           2.99
[2024-09-17 10:28:40]
Finished trial 3db5c701c5bcf897388268ae8db99e7d after 162.3s
[2024-09-17 10:29:20]
428 configs remaining (~1d 16h 18m 44s, ETA: 02:48:04, based on a mean trial duration of 339.1s)
[2024-09-17 10:29:20]
========== CONFIG 5 ==========
tau                       0.1
w_scale                   0.2
T                         0.5
gamma                     0.001
[2024-09-17 10:29:20]
Starting trial 969e1bcbeb4014c65d2f3c8220008b96.
[2024-09-17 10:32:01]
acc_max_epoch             1
acc_max_mean              0.0581
acc_max_std               0.013
acc_ord_max_epoch         1
acc_ord_max_mean          0.0581
acc_ord_max_std           0.013
activity_final_mean       0
loss_final_mean           3
[2024-09-17 10:32:01]
Finished trial 969e1bcbeb4014c65d2f3c8220008b96 after 161.4s
[2024-09-17 10:32:41]
427 configs remaining (~1d 15h 57m 5s, ETA: 02:29:46, based on a mean trial duration of 336.8s)
[2024-09-17 10:32:41]
========== CONFIG 6 ==========
tau                       0.1
w_scale                   0.5
T                         0.5
gamma                     0.001
[2024-09-17 10:32:41]
Starting trial 82779541577b1630c3e1445cbb63329f.
[2024-09-17 10:35:22]
acc_max_epoch             19
acc_max_mean              0.0559
acc_max_std               0.00147
acc_ord_max_epoch         19
acc_ord_max_mean          0.0559
acc_ord_max_std           0.00147
activity_final_mean       0
loss_final_mean           3
[2024-09-17 10:35:22]
Finished trial 82779541577b1630c3e1445cbb63329f after 161.3s
[2024-09-17 10:36:02]
426 configs remaining (~1d 15h 43m 19s, ETA: 02:19:21, based on a mean trial duration of 335.7s)
[2024-09-17 10:36:02]
========== CONFIG 7 ==========
tau                       0.1
w_scale                   1
T                         0.5
gamma                     0.001
[2024-09-17 10:36:02]
Starting trial 9a9f3dd6549afd13cfdd4ad69c8f6216.
[2024-09-17 10:38:43]
acc_max_epoch             19
acc_max_mean              0.0559
acc_max_std               0.00147
acc_ord_max_epoch         19
acc_ord_max_mean          0.0559
acc_ord_max_std           0.00147
activity_final_mean       0
loss_final_mean           3
[2024-09-17 10:38:43]
Finished trial 9a9f3dd6549afd13cfdd4ad69c8f6216 after 161.4s
[2024-09-17 10:39:24]
425 configs remaining (~1d 15h 31m 27s, ETA: 02:10:51, based on a mean trial duration of 334.8s)
[2024-09-17 10:39:24]
========== CONFIG 8 ==========
tau                       0.1
w_scale                   2
T                         0.5
gamma                     0.001
[2024-09-17 10:39:24]
Starting trial cabb65e20cac01e5353ff4234d820e72.
[2024-09-17 10:42:05]
acc_max_epoch             17
acc_max_mean              0.116
acc_max_std               0.0931
acc_ord_max_epoch         17
acc_ord_max_mean          0.116
acc_ord_max_std           0.0931
activity_final_mean       0
loss_final_mean           3
[2024-09-17 10:42:05]
Finished trial cabb65e20cac01e5353ff4234d820e72 after 160.9s
[2024-09-17 10:42:45]
424 configs remaining (~1d 15h 13m 57s, ETA: 01:56:43, based on a mean trial duration of 333.1s)
[2024-09-17 10:42:45]
========== CONFIG 9 ==========
tau                       0.1
w_scale                   5
T                         0.5
gamma                     0.001
[2024-09-17 10:42:45]
Starting trial 286105b5334b2232461c9b965d4efd82.
[2024-09-17 10:45:27]
acc_max_epoch             1
acc_max_mean              0.0578
acc_max_std               0.00925
acc_ord_max_epoch         1
acc_ord_max_mean          0.0578
acc_ord_max_std           0.00925
activity_final_mean       0
loss_final_mean           3
[2024-09-17 10:45:27]
Finished trial 286105b5334b2232461c9b965d4efd82 after 161.5s
[2024-09-17 10:46:08]
423 configs remaining (~1d 15h 6m 24s, ETA: 01:52:32, based on a mean trial duration of 332.8s)
[2024-09-17 10:46:08]
========== CONFIG 10 ==========
tau                       0.5
w_scale                   0.2
T                         0.5
gamma                     0.001
[2024-09-17 10:46:08]
Starting trial b94523b9b28db1853a24ceb74e3b7a2d.
[2024-09-17 10:48:49]
acc_max_epoch             48
acc_max_mean              0.543
acc_max_std               0.0221
acc_ord_max_epoch         48
acc_ord_max_mean          0.506
acc_ord_max_std           0.00941
activity_final_mean       0.426
loss_final_mean           2.01
[2024-09-17 10:48:49]
Finished trial b94523b9b28db1853a24ceb74e3b7a2d after 160.9s
[2024-09-17 10:49:30]
422 configs remaining (~1d 14h 57m 42s, ETA: 01:47:13, based on a mean trial duration of 332.4s)
[2024-09-17 10:49:30]
========== CONFIG 11 ==========
tau                       0.5
w_scale                   0.5
T                         0.5
gamma                     0.001
[2024-09-17 10:49:30]
Starting trial cba8d6925f38c263b7b887ab3b4d0246.
[2024-09-17 10:52:11]
acc_max_epoch             46
acc_max_mean              0.582
acc_max_std               0.014
acc_ord_max_epoch         46
acc_ord_max_mean          0.549
acc_ord_max_std           0.00709
activity_final_mean       0.385
loss_final_mean           2.01
[2024-09-17 10:52:11]
Finished trial cba8d6925f38c263b7b887ab3b4d0246 after 160.7s
[2024-09-17 10:52:52]
421 configs remaining (~1d 14h 46m 25s, ETA: 01:39:18, based on a mean trial duration of 331.6s)
[2024-09-17 10:52:52]
========== CONFIG 12 ==========
tau                       0.5
w_scale                   1
T                         0.5
gamma                     0.001
[2024-09-17 10:52:52]
Starting trial 248d2db25a25a15cd8780be2defe6619.
[2024-09-17 10:55:33]
acc_max_epoch             37
acc_max_mean              0.62
acc_max_std               0.0164
acc_ord_max_epoch         44
acc_ord_max_mean          0.565
acc_ord_max_std           0.00802
activity_final_mean       0.337
loss_final_mean           1.98
[2024-09-17 10:55:33]
Finished trial 248d2db25a25a15cd8780be2defe6619 after 160.4s
[2024-09-17 10:56:15]
420 configs remaining (~1d 14h 41m 16s, ETA: 01:37:31, based on a mean trial duration of 331.6s)
[2024-09-17 10:56:15]
========== CONFIG 13 ==========
tau                       0.5
w_scale                   2
T                         0.5
gamma                     0.001
[2024-09-17 10:56:15]
Starting trial e84e53de1678ab6525cb34e92d71f469.
[2024-09-17 10:58:55]
acc_max_epoch             46
acc_max_mean              0.615
acc_max_std               0.0266
acc_ord_max_epoch         46
acc_ord_max_mean          0.554
acc_ord_max_std           0.031
activity_final_mean       0.304
loss_final_mean           1.99
[2024-09-17 10:58:55]
Finished trial e84e53de1678ab6525cb34e92d71f469 after 160.2s
[2024-09-17 10:59:36]
419 configs remaining (~1d 14h 26m 57s, ETA: 01:26:34, based on a mean trial duration of 330.4s)
[2024-09-17 10:59:36]
========== CONFIG 14 ==========
tau                       0.5
w_scale                   5
T                         0.5
gamma                     0.001
[2024-09-17 10:59:36]
Starting trial 2805834d7a34224da051ec18540525d2.
[2024-09-17 11:02:18]
acc_max_epoch             41
acc_max_mean              0.529
acc_max_std               0.0285
acc_ord_max_epoch         41
acc_ord_max_mean          0.47
acc_ord_max_std           0.0512
activity_final_mean       0.409
loss_final_mean           2.06
[2024-09-17 11:02:18]
Finished trial 2805834d7a34224da051ec18540525d2 after 161.2s
[2024-09-17 11:02:59]
418 configs remaining (~1d 14h 21m 13s, ETA: 01:24:13, based on a mean trial duration of 330.3s)
[2024-09-17 11:02:59]
========== CONFIG 15 ==========
tau                       1
w_scale                   0.2
T                         0.5
gamma                     0.001
[2024-09-17 11:02:59]
Starting trial 08040a29fef5a19b989d46a5680e2fe8.
