[2024-09-17 10:18:29]
CONSTANTS:
  device_count              1
  seed                      0
  I0                        1.25
  eps                       1e-06
  Nin_virtual               16
  Nhidden                   100
  Nlayer                    2
  Nout                      20
  K                         700
  dt                        0.001
  Nbatch                    2000
  lr                        0.004
  tau_lr                    100
  beta1                     0.9
  beta2                     0.999
  p_flip                    0
  Nepochs                   50
  Ntrain                    None
  Nin                       700
  Nsamples                  3
  normalize_times           1
[2024-09-17 10:18:29]
VARIABLES: tau, w_scale, T, gamma
[2024-09-17 10:19:07]
432 configs remaining (~1d 16h 53m 15s, ETA: 03:12:22, based on a mean trial duration of 340.7s)
[2024-09-17 10:19:07]
========== CONFIG 1 ==========
tau                       0.1
w_scale                   0.1
T                         0.5
gamma                     0.001
[2024-09-17 10:19:07]
Starting trial 93601d7e4b044a45913079c982c411ab.
[2024-09-17 10:21:10]
acc_max_epoch             8
acc_max_mean              0.237
acc_max_std               0.0491
acc_ord_max_epoch         8
acc_ord_max_mean          0.237
acc_ord_max_std           0.0491
activity_final_mean       1.32
loss_final_mean           2.8
[2024-09-17 10:21:10]
Finished trial 93601d7e4b044a45913079c982c411ab after 123.0s
[2024-09-17 10:21:48]
431 configs remaining (~1d 16h 41m 19s, ETA: 03:03:08, based on a mean trial duration of 339.9s)
[2024-09-17 10:21:48]
========== CONFIG 2 ==========
tau                       0.5
w_scale                   0.1
T                         0.5
gamma                     0.001
[2024-09-17 10:21:48]
Starting trial c6002594aaed1b53c76e3b0e305f2184.
[2024-09-17 10:23:41]
acc_max_epoch             48
acc_max_mean              0.568
acc_max_std               0.0331
acc_ord_max_epoch         48
acc_ord_max_mean          0.504
acc_ord_max_std           0.011
activity_final_mean       0.543
loss_final_mean           2.09
[2024-09-17 10:23:41]
Finished trial c6002594aaed1b53c76e3b0e305f2184 after 112.8s
[2024-09-17 10:24:20]
430 configs remaining (~1d 16h 34m 50s, ETA: 02:59:11, based on a mean trial duration of 339.7s)
[2024-09-17 10:24:20]
========== CONFIG 3 ==========
tau                       1
w_scale                   0.1
T                         0.5
gamma                     0.001
[2024-09-17 10:24:20]
Starting trial b7be2a1a56374491dda59b7b233d7c4c.
[2024-09-17 10:26:13]
acc_max_epoch             42
acc_max_mean              0.561
acc_max_std               0.0261
acc_ord_max_epoch         47
acc_ord_max_mean          0.219
acc_ord_max_std           0.00898
activity_final_mean       0.338
loss_final_mean           1.76
[2024-09-17 10:26:13]
Finished trial b7be2a1a56374491dda59b7b233d7c4c after 113.2s
[2024-09-17 10:26:52]
429 configs remaining (~1d 16h 22m 5s, ETA: 02:48:58, based on a mean trial duration of 338.8s)
[2024-09-17 10:26:52]
========== CONFIG 4 ==========
tau                       2
w_scale                   0.1
T                         0.5
gamma                     0.001
[2024-09-17 10:26:52]
Starting trial 57f5160152cde7edfa5c6556115542fc.
[2024-09-17 10:28:46]
acc_max_epoch             50
acc_max_mean              0.532
acc_max_std               0.0331
acc_ord_max_epoch         5
acc_ord_max_mean          0.0492
acc_ord_max_std           0.00348
activity_final_mean       0.253
loss_final_mean           2.01
[2024-09-17 10:28:46]
Finished trial 57f5160152cde7edfa5c6556115542fc after 113.4s
[2024-09-17 10:29:25]
428 configs remaining (~1d 16h 15m 11s, ETA: 02:44:37, based on a mean trial duration of 338.6s)
[2024-09-17 10:29:25]
========== CONFIG 5 ==========
tau                       0.1
w_scale                   0.2
T                         0.5
gamma                     0.001
[2024-09-17 10:29:25]
Starting trial 8bf1726cc932e2f40c30005508ca751b.
[2024-09-17 10:31:17]
acc_max_epoch             8
acc_max_mean              0.248
acc_max_std               0.0109
acc_ord_max_epoch         8
acc_ord_max_mean          0.248
acc_ord_max_std           0.0109
activity_final_mean       1.35
loss_final_mean           2.86
[2024-09-17 10:31:17]
Finished trial 8bf1726cc932e2f40c30005508ca751b after 112.0s
[2024-09-17 10:31:57]
427 configs remaining (~1d 15h 59m 50s, ETA: 02:31:47, based on a mean trial duration of 337.2s)
[2024-09-17 10:31:57]
========== CONFIG 6 ==========
tau                       0.1
w_scale                   0.5
T                         0.5
gamma                     0.001
[2024-09-17 10:31:57]
Starting trial 25c56691aa255b26bb5e77343db0a2b4.
[2024-09-17 10:33:49]
acc_max_epoch             7
acc_max_mean              0.239
acc_max_std               0.0457
acc_ord_max_epoch         7
acc_ord_max_mean          0.239
acc_ord_max_std           0.0457
activity_final_mean       1.29
loss_final_mean           2.78
[2024-09-17 10:33:49]
Finished trial 25c56691aa255b26bb5e77343db0a2b4 after 112.1s
[2024-09-17 10:34:29]
426 configs remaining (~1d 15h 41m 46s, ETA: 02:16:15, based on a mean trial duration of 335.5s)
[2024-09-17 10:34:29]
========== CONFIG 7 ==========
tau                       0.1
w_scale                   1
T                         0.5
gamma                     0.001
[2024-09-17 10:34:29]
Starting trial 00c2fc442a7e8ffd7f21dd4443732623.
[2024-09-17 10:36:21]
acc_max_epoch             5
acc_max_mean              0.271
acc_max_std               0.0126
acc_ord_max_epoch         5
acc_ord_max_mean          0.271
acc_ord_max_std           0.0126
activity_final_mean       1.47
loss_final_mean           2.87
[2024-09-17 10:36:21]
Finished trial 00c2fc442a7e8ffd7f21dd4443732623 after 112.2s
[2024-09-17 10:37:02]
425 configs remaining (~1d 15h 30m 51s, ETA: 02:07:54, based on a mean trial duration of 334.7s)
[2024-09-17 10:37:02]
========== CONFIG 8 ==========
tau                       0.1
w_scale                   2
T                         0.5
gamma                     0.001
[2024-09-17 10:37:02]
Starting trial 896cb0ded2d7d9922b25015cf473bf11.
[2024-09-17 10:38:54]
acc_max_epoch             11
acc_max_mean              0.245
acc_max_std               0.0364
acc_ord_max_epoch         11
acc_ord_max_mean          0.245
acc_ord_max_std           0.0364
activity_final_mean       1.41
loss_final_mean           2.86
[2024-09-17 10:38:54]
Finished trial 896cb0ded2d7d9922b25015cf473bf11 after 111.9s
[2024-09-17 10:39:35]
424 configs remaining (~1d 15h 22m 31s, ETA: 02:02:07, based on a mean trial duration of 334.3s)
[2024-09-17 10:39:35]
========== CONFIG 9 ==========
tau                       0.1
w_scale                   5
T                         0.5
gamma                     0.001
[2024-09-17 10:39:35]
Starting trial ade6dbcca38239c6cbce73a563c27132.
