[2024-09-16 23:55:56]
CONSTANTS:
  device_count              1
  seed                      0
  tau                       1/6 pi^-1
  I0                        1.25
  eps                       1e-06
  Nout                      20
  w_scale                   0.5
  T                         2
  K                         700
  dt                        0.001
  gamma                     0.01
  Nbatch                    2000
  lr                        0.004
  tau_lr                    100
  beta1                     0.9
  beta2                     0.999
  p_flip                    0
  Nepochs                   50
  Ntrain                    None
  Nin                       700
  Nsamples                  3
  normalize_times           1
[2024-09-16 23:55:56]
VARIABLES: Nin_virtual, Nhidden, Nlayer
[2024-09-16 23:56:11]
120 configs remaining (~11h 32m 10s, ETA: 11:28:21, based on a mean trial duration of 346.1s)
[2024-09-16 23:56:11]
========== CONFIG 1 ==========
Nin_virtual               1
Nhidden                   100
Nlayer                    2
[2024-09-16 23:56:11]
Starting trial 604e69ff813a5214d9e069e32bd0dceb.
[2024-09-16 23:57:42]
acc_max_epoch             45
acc_max_mean              0.433
acc_max_std               0.0291
[2024-09-16 23:57:42]
Finished trial 604e69ff813a5214d9e069e32bd0dceb after 90.8s
[2024-09-16 23:57:58]
119 configs remaining (~11h 18m 17s, ETA: 11:16:15, based on a mean trial duration of 342.0s)
[2024-09-16 23:57:58]
========== CONFIG 2 ==========
Nin_virtual               4
Nhidden                   100
Nlayer                    2
[2024-09-16 23:57:58]
Starting trial 044518f98c9cfbac6fcba102d68a8231.
[2024-09-16 23:59:27]
acc_max_epoch             47
acc_max_mean              0.584
acc_max_std               0.00159
[2024-09-16 23:59:27]
Finished trial 044518f98c9cfbac6fcba102d68a8231 after 89.8s
[2024-09-16 23:59:43]
118 configs remaining (~11h 1m 32s, ETA: 11:01:16, based on a mean trial duration of 336.4s)
[2024-09-16 23:59:43]
========== CONFIG 3 ==========
Nin_virtual               8
Nhidden                   100
Nlayer                    2
[2024-09-16 23:59:43]
Starting trial 7d4dc141d1d086aaf70cd18216311252.
[2024-09-17 00:01:31]
acc_max_epoch             47
acc_max_mean              0.575
acc_max_std               0.000718
[2024-09-17 00:01:31]
Finished trial 7d4dc141d1d086aaf70cd18216311252 after 108.5s
[2024-09-17 00:01:47]
117 configs remaining (~10h 45m 50s, ETA: 10:47:38, based on a mean trial duration of 331.2s)
[2024-09-17 00:01:47]
========== CONFIG 4 ==========
Nin_virtual               16
Nhidden                   100
Nlayer                    2
[2024-09-17 00:01:47]
Starting trial 4415d3bb2b229c89c44321052ecd8a96.
[2024-09-17 00:03:47]
acc_max_epoch             48
acc_max_mean              0.572
acc_max_std               0.0148
[2024-09-17 00:03:47]
Finished trial 4415d3bb2b229c89c44321052ecd8a96 after 119.4s
[2024-09-17 00:04:03]
116 configs remaining (~10h 31m 24s, ETA: 10:35:27, based on a mean trial duration of 326.6s)
[2024-09-17 00:04:03]
========== CONFIG 5 ==========
Nin_virtual               32
Nhidden                   100
Nlayer                    2
[2024-09-17 00:04:03]
Starting trial c57697b2c7253aaa3a1aab4c30f5e501.
[2024-09-17 00:06:14]
acc_max_epoch             34
acc_max_mean              0.502
acc_max_std               0.019
[2024-09-17 00:06:14]
Finished trial c57697b2c7253aaa3a1aab4c30f5e501 after 131.4s
[2024-09-17 00:06:31]
115 configs remaining (~10h 17m 56s, ETA: 10:24:27, based on a mean trial duration of 322.4s)
[2024-09-17 00:06:31]
========== CONFIG 6 ==========
Nin_virtual               48
Nhidden                   100
Nlayer                    2
[2024-09-17 00:06:31]
Starting trial df51951029f6362cf5164dacf6ce9cb5.
[2024-09-17 00:08:49]
acc_max_epoch             38
acc_max_mean              0.482
acc_max_std               0.0131
[2024-09-17 00:08:49]
Finished trial df51951029f6362cf5164dacf6ce9cb5 after 137.9s
[2024-09-17 00:09:05]
114 configs remaining (~10h 7m 36s, ETA: 10:16:42, based on a mean trial duration of 319.8s)
[2024-09-17 00:09:05]
========== CONFIG 7 ==========
Nin_virtual               64
Nhidden                   100
Nlayer                    2
[2024-09-17 00:09:05]
Starting trial a56bff56c8813c6275ec372f4ff337d8.
[2024-09-17 00:11:32]
acc_max_epoch             35
acc_max_mean              0.506
acc_max_std               0.0363
[2024-09-17 00:11:32]
Finished trial a56bff56c8813c6275ec372f4ff337d8 after 146.1s
[2024-09-17 00:11:48]
113 configs remaining (~10h 10m 45s, ETA: 10:22:34, based on a mean trial duration of 324.3s)
[2024-09-17 00:11:48]
========== CONFIG 8 ==========
Nin_virtual               80
Nhidden                   100
Nlayer                    2
[2024-09-17 00:11:48]
Starting trial fad6d886c83a59b9fc9fd68a7457e2fb.
[2024-09-17 00:14:21]
acc_max_epoch             31
acc_max_mean              0.495
acc_max_std               0.0167
[2024-09-17 00:14:21]
Finished trial fad6d886c83a59b9fc9fd68a7457e2fb after 152.2s
[2024-09-17 00:14:38]
112 configs remaining (~9h 59m 6s, ETA: 10:13:44, based on a mean trial duration of 321.0s)
[2024-09-17 00:14:38]
========== CONFIG 9 ==========
Nin_virtual               100
Nhidden                   100
Nlayer                    2
[2024-09-17 00:14:38]
Starting trial b800a16a0e90b712d4f45ea3137bbf52.
[2024-09-17 00:17:16]
acc_max_epoch             41
acc_max_mean              0.501
acc_max_std               0.0269
[2024-09-17 00:17:16]
Finished trial b800a16a0e90b712d4f45ea3137bbf52 after 158.1s
[2024-09-17 00:17:33]
111 configs remaining (~9h 48m 6s, ETA: 10:05:40, based on a mean trial duration of 317.9s)
[2024-09-17 00:17:33]
========== CONFIG 10 ==========
Nin_virtual               120
Nhidden                   100
Nlayer                    2
[2024-09-17 00:17:34]
Starting trial 753a8d679d41a04755dda1470abfda71.
[2024-09-17 00:20:14]
acc_max_epoch             46
acc_max_mean              0.504
acc_max_std               0.012
[2024-09-17 00:20:14]
Finished trial 753a8d679d41a04755dda1470abfda71 after 160.1s
[2024-09-17 00:20:31]
110 configs remaining (~9h 37m 36s, ETA: 09:58:08, based on a mean trial duration of 315.1s)
[2024-09-17 00:20:31]
========== CONFIG 11 ==========
Nin_virtual               1
Nhidden                   200
Nlayer                    2
[2024-09-17 00:20:31]
Starting trial 47c0d6a0c4b9447986fd072949f20b5d.
[2024-09-17 00:22:22]
acc_max_epoch             45
acc_max_mean              0.436
acc_max_std               0.027
[2024-09-17 00:22:22]
Finished trial 47c0d6a0c4b9447986fd072949f20b5d after 111.2s
[2024-09-17 00:22:40]
109 configs remaining (~9h 28m 12s, ETA: 09:50:52, based on a mean trial duration of 312.8s)
[2024-09-17 00:22:40]
========== CONFIG 12 ==========
Nin_virtual               1
Nhidden                   300
Nlayer                    2
[2024-09-17 00:22:40]
Starting trial 71361e92bcfc70620cbfbfae111ad6c3.
[2024-09-17 00:24:57]
acc_max_epoch             50
acc_max_mean              0.456
acc_max_std               0.00725
[2024-09-17 00:24:57]
Finished trial 71361e92bcfc70620cbfbfae111ad6c3 after 137.5s
[2024-09-17 00:25:15]
108 configs remaining (~9h 17m 21s, ETA: 09:42:36, based on a mean trial duration of 309.6s)
[2024-09-17 00:25:15]
========== CONFIG 13 ==========
Nin_virtual               1
Nhidden                   400
Nlayer                    2
[2024-09-17 00:25:15]
Starting trial 40cdcf8da531c8d021b21a0b3b6c3dda.
[2024-09-17 00:28:00]
acc_max_epoch             50
acc_max_mean              0.428
acc_max_std               0.00925
[2024-09-17 00:28:00]
Finished trial 40cdcf8da531c8d021b21a0b3b6c3dda after 164.7s
[2024-09-17 00:28:18]
107 configs remaining (~9h 7m 25s, ETA: 09:35:43, based on a mean trial duration of 307.0s)
[2024-09-17 00:28:18]
========== CONFIG 14 ==========
Nin_virtual               4
Nhidden                   200
Nlayer                    2
[2024-09-17 00:28:18]
Starting trial ebe46734cf1ce72ac71e8c1019a75d89.
[2024-09-17 00:30:22]
acc_max_epoch             45
acc_max_mean              0.603
acc_max_std               0.00967
[2024-09-17 00:30:22]
Finished trial ebe46734cf1ce72ac71e8c1019a75d89 after 123.7s
[2024-09-17 00:30:40]
106 configs remaining (~8h 56m 57s, ETA: 09:27:38, based on a mean trial duration of 303.9s)
[2024-09-17 00:30:40]
========== CONFIG 15 ==========
Nin_virtual               4
Nhidden                   300
Nlayer                    2
[2024-09-17 00:30:40]
Starting trial 98bc2fbbf27842cbfe6c8a6518514f34.
[2024-09-17 00:33:15]
acc_max_epoch             46
acc_max_mean              0.599
acc_max_std               0.0339
[2024-09-17 00:33:15]
Finished trial 98bc2fbbf27842cbfe6c8a6518514f34 after 154.7s
[2024-09-17 00:33:33]
105 configs remaining (~8h 46m 55s, ETA: 09:20:29, based on a mean trial duration of 301.1s)
[2024-09-17 00:33:33]
========== CONFIG 16 ==========
Nin_virtual               4
Nhidden                   400
Nlayer                    2
[2024-09-17 00:33:33]
Starting trial d388680b69e5a12e00eb0745aaae883a.
[2024-09-17 00:36:41]
acc_max_epoch             34
acc_max_mean              0.587
acc_max_std               0.0167
[2024-09-17 00:36:41]
Finished trial d388680b69e5a12e00eb0745aaae883a after 187.7s
[2024-09-17 00:37:00]
104 configs remaining (~8h 49m 48s, ETA: 09:26:49, based on a mean trial duration of 305.7s)
[2024-09-17 00:37:00]
========== CONFIG 17 ==========
Nin_virtual               8
Nhidden                   200
Nlayer                    2
[2024-09-17 00:37:00]
Starting trial f65aefaf53a47f5074787bcdd5fecdcc.
[2024-09-17 00:39:30]
acc_max_epoch             32
acc_max_mean              0.603
acc_max_std               0.0141
[2024-09-17 00:39:30]
Finished trial f65aefaf53a47f5074787bcdd5fecdcc after 149.8s
[2024-09-17 00:39:49]
103 configs remaining (~8h 40m 28s, ETA: 09:20:18, based on a mean trial duration of 303.2s)
[2024-09-17 00:39:49]
========== CONFIG 18 ==========
Nin_virtual               8
Nhidden                   300
Nlayer                    2
[2024-09-17 00:39:49]
Starting trial bbf8aad7d2f58e01e5498e222cdff321.
[2024-09-17 00:43:04]
acc_max_epoch             43
acc_max_mean              0.599
acc_max_std               0.0159
[2024-09-17 00:43:04]
Finished trial bbf8aad7d2f58e01e5498e222cdff321 after 194.3s
[2024-09-17 00:43:22]
102 configs remaining (~8h 31m 44s, ETA: 09:15:07, based on a mean trial duration of 301.0s)
[2024-09-17 00:43:22]
========== CONFIG 19 ==========
Nin_virtual               8
Nhidden                   400
Nlayer                    2
[2024-09-17 00:43:22]
Starting trial 803e903ec52702757de0b65dfd0cf117.
[2024-09-17 00:47:22]
acc_max_epoch             46
acc_max_mean              0.591
acc_max_std               0.0026
[2024-09-17 00:47:22]
Finished trial 803e903ec52702757de0b65dfd0cf117 after 239.6s
[2024-09-17 00:47:42]
101 configs remaining (~8h 24m 28s, ETA: 09:12:10, based on a mean trial duration of 299.7s)
[2024-09-17 00:47:42]
========== CONFIG 20 ==========
Nin_virtual               16
Nhidden                   200
Nlayer                    2
[2024-09-17 00:47:42]
Starting trial 477cda38c58482891b4c7a5dcb1ce243.
[2024-09-17 00:50:27]
acc_max_epoch             46
acc_max_mean              0.572
acc_max_std               0.0156
[2024-09-17 00:50:27]
Finished trial 477cda38c58482891b4c7a5dcb1ce243 after 164.9s
[2024-09-17 00:50:46]
100 configs remaining (~8h 16m 30s, ETA: 09:07:17, based on a mean trial duration of 297.9s)
[2024-09-17 00:50:46]
========== CONFIG 21 ==========
Nin_virtual               16
Nhidden                   300
Nlayer                    2
[2024-09-17 00:50:46]
Starting trial 1252e61003fc68aa55fc5fce4bd9f04c.
[2024-09-17 00:54:19]
acc_max_epoch             35
acc_max_mean              0.595
acc_max_std               0.0382
[2024-09-17 00:54:19]
Finished trial 1252e61003fc68aa55fc5fce4bd9f04c after 213.1s
[2024-09-17 00:54:38]
99 configs remaining (~8h 9m 8s, ETA: 09:03:47, based on a mean trial duration of 296.5s)
[2024-09-17 00:54:38]
========== CONFIG 22 ==========
Nin_virtual               16
Nhidden                   400
Nlayer                    2
[2024-09-17 00:54:38]
Starting trial 4592e6ece5b3b89dcfb1c4d1f522c64c.
[2024-09-17 00:59:01]
acc_max_epoch             40
acc_max_mean              0.602
acc_max_std               0.0463
[2024-09-17 00:59:02]
Finished trial 4592e6ece5b3b89dcfb1c4d1f522c64c after 263.0s
[2024-09-17 00:59:21]
98 configs remaining (~8h 3m 16s, ETA: 09:02:38, based on a mean trial duration of 295.9s)
[2024-09-17 00:59:21]
========== CONFIG 23 ==========
Nin_virtual               32
Nhidden                   200
Nlayer                    2
[2024-09-17 00:59:21]
Starting trial 61a9b437ddb458664ec05b37a598d52a.
[2024-09-17 01:02:24]
acc_max_epoch             38
acc_max_mean              0.531
acc_max_std               0.0315
[2024-09-17 01:02:24]
Finished trial 61a9b437ddb458664ec05b37a598d52a after 183.2s
[2024-09-17 01:02:44]
97 configs remaining (~8h 8m 33s, ETA: 09:11:18, based on a mean trial duration of 302.2s)
[2024-09-17 01:02:44]
========== CONFIG 24 ==========
Nin_virtual               32
Nhidden                   300
Nlayer                    2
[2024-09-17 01:02:44]
Starting trial eb920acd830c834373b721fdea37dc5a.
[2024-09-17 01:06:43]
acc_max_epoch             49
acc_max_mean              0.536
acc_max_std               0.00996
[2024-09-17 01:06:43]
Finished trial eb920acd830c834373b721fdea37dc5a after 238.6s
[2024-09-17 01:07:03]
96 configs remaining (~8h 1m 23s, ETA: 09:08:27, based on a mean trial duration of 300.9s)
[2024-09-17 01:07:03]
========== CONFIG 25 ==========
Nin_virtual               32
Nhidden                   400
Nlayer                    2
[2024-09-17 01:07:03]
Starting trial 292d051182249e8ea89c0c14b6724315.
[2024-09-17 01:12:01]
acc_max_epoch             49
acc_max_mean              0.527
acc_max_std               0.00443
[2024-09-17 01:12:01]
Finished trial 292d051182249e8ea89c0c14b6724315 after 297.4s
[2024-09-17 01:12:21]
95 configs remaining (~7h 55m 38s, ETA: 09:08:00, based on a mean trial duration of 300.4s)
[2024-09-17 01:12:21]
========== CONFIG 26 ==========
Nin_virtual               48
Nhidden                   200
Nlayer                    2
[2024-09-17 01:12:21]
Starting trial 55d7c684b4707b98d0b83c43273e18e5.
[2024-09-17 01:15:36]
acc_max_epoch             49
acc_max_mean              0.535
acc_max_std               0.0244
[2024-09-17 01:15:36]
Finished trial 55d7c684b4707b98d0b83c43273e18e5 after 194.6s
[2024-09-17 01:15:56]
94 configs remaining (~7h 49m 56s, ETA: 09:05:53, based on a mean trial duration of 300.0s)
[2024-09-17 01:15:56]
========== CONFIG 27 ==========
Nin_virtual               48
Nhidden                   300
Nlayer                    2
[2024-09-17 01:15:56]
Starting trial 4c9bf030a55f874daa1c2e1aa697d75f.
[2024-09-17 01:20:13]
acc_max_epoch             49
acc_max_mean              0.539
acc_max_std               0.00658
[2024-09-17 01:20:13]
Finished trial 4c9bf030a55f874daa1c2e1aa697d75f after 256.4s
[2024-09-17 01:20:33]
93 configs remaining (~7h 43m 30s, ETA: 09:04:04, based on a mean trial duration of 299.0s)
[2024-09-17 01:20:33]
========== CONFIG 28 ==========
Nin_virtual               48
Nhidden                   400
Nlayer                    2
[2024-09-17 01:20:33]
Starting trial fc6c56134e79fae51a2a05362c8c1cfb.
[2024-09-17 01:25:53]
acc_max_epoch             47
acc_max_mean              0.507
acc_max_std               0.0295
[2024-09-17 01:25:53]
Finished trial fc6c56134e79fae51a2a05362c8c1cfb after 319.8s
[2024-09-17 01:26:15]
92 configs remaining (~7h 38m 24s, ETA: 09:04:39, based on a mean trial duration of 299.0s)
[2024-09-17 01:26:15]
========== CONFIG 29 ==========
Nin_virtual               64
Nhidden                   200
Nlayer                    2
[2024-09-17 01:26:15]
Starting trial 1cc2718466821056212642d4f289d055.
[2024-09-17 01:29:39]
acc_max_epoch             36
acc_max_mean              0.511
acc_max_std               0.0287
[2024-09-17 01:29:39]
Finished trial 1cc2718466821056212642d4f289d055 after 204.5s
[2024-09-17 01:30:00]
91 configs remaining (~7h 33m 8s, ETA: 09:03:08, based on a mean trial duration of 298.8s)
[2024-09-17 01:30:00]
========== CONFIG 30 ==========
Nin_virtual               64
Nhidden                   300
Nlayer                    2
[2024-09-17 01:30:00]
Starting trial cf6ed27a4a812a743542b38a309eb117.
[2024-09-17 01:34:28]
acc_max_epoch             35
acc_max_mean              0.51
acc_max_std               0.0147
[2024-09-17 01:34:28]
Finished trial cf6ed27a4a812a743542b38a309eb117 after 268.1s
[2024-09-17 01:34:50]
90 configs remaining (~7h 38m 10s, ETA: 09:13:00, based on a mean trial duration of 305.4s)
[2024-09-17 01:34:50]
========== CONFIG 31 ==========
Nin_virtual               64
Nhidden                   400
Nlayer                    2
[2024-09-17 01:34:50]
Starting trial a246ce0d6394ca6be584bc1300682827.
[2024-09-17 01:40:26]
acc_max_epoch             43
acc_max_mean              0.502
acc_max_std               0.0106
[2024-09-17 01:40:26]
Finished trial a246ce0d6394ca6be584bc1300682827 after 335.4s
[2024-09-17 01:40:48]
89 configs remaining (~7h 32m 32s, ETA: 09:13:20, based on a mean trial duration of 305.1s)
[2024-09-17 01:40:48]
========== CONFIG 32 ==========
Nin_virtual               80
Nhidden                   200
Nlayer                    2
[2024-09-17 01:40:48]
Starting trial 34469f934dbbb92f2e428ee98e000de1.
[2024-09-17 01:44:24]
acc_max_epoch             46
acc_max_mean              0.509
acc_max_std               0.00537
[2024-09-17 01:44:24]
Finished trial 34469f934dbbb92f2e428ee98e000de1 after 216.7s
[2024-09-17 01:44:46]
88 configs remaining (~7h 26m 50s, ETA: 09:11:37, based on a mean trial duration of 304.7s)
[2024-09-17 01:44:46]
========== CONFIG 33 ==========
Nin_virtual               80
Nhidden                   300
Nlayer                    2
[2024-09-17 01:44:46]
Starting trial d6cba5acb1c25e2937526517f44ce595.
[2024-09-17 01:49:32]
acc_max_epoch             29
acc_max_mean              0.506
acc_max_std               0.02
[2024-09-17 01:49:32]
Finished trial d6cba5acb1c25e2937526517f44ce595 after 285.3s
[2024-09-17 01:49:54]
87 configs remaining (~7h 22m 26s, ETA: 09:12:20, based on a mean trial duration of 305.1s)
[2024-09-17 01:49:54]
========== CONFIG 34 ==========
Nin_virtual               80
Nhidden                   400
Nlayer                    2
[2024-09-17 01:49:54]
Starting trial 40430237be1615e27411fecc355bedf9.
[2024-09-17 01:55:54]
acc_max_epoch             44
acc_max_mean              0.515
acc_max_std               0.0274
[2024-09-17 01:55:54]
Finished trial 40430237be1615e27411fecc355bedf9 after 359.8s
[2024-09-17 01:56:15]
86 configs remaining (~7h 16m 50s, ETA: 09:13:05, based on a mean trial duration of 304.8s)
[2024-09-17 01:56:15]
========== CONFIG 35 ==========
Nin_virtual               100
Nhidden                   200
Nlayer                    2
[2024-09-17 01:56:15]
Starting trial 59a00a323276ec3514eda74ee73ee964.
[2024-09-17 02:00:00]
acc_max_epoch             45
acc_max_mean              0.514
acc_max_std               0.017
[2024-09-17 02:00:00]
Finished trial 59a00a323276ec3514eda74ee73ee964 after 224.6s
[2024-09-17 02:00:22]
85 configs remaining (~7h 11m 19s, ETA: 09:11:42, based on a mean trial duration of 304.5s)
[2024-09-17 02:00:22]
========== CONFIG 36 ==========
Nin_virtual               100
Nhidden                   300
Nlayer                    2
[2024-09-17 02:00:22]
Starting trial f1af887e01808b81d9dc1bc679079dfa.
[2024-09-17 02:05:19]
acc_max_epoch             33
acc_max_mean              0.513
acc_max_std               0.0128
[2024-09-17 02:05:19]
Finished trial f1af887e01808b81d9dc1bc679079dfa after 297.0s
[2024-09-17 02:05:42]
84 configs remaining (~7h 7m 9s, ETA: 09:12:52, based on a mean trial duration of 305.1s)
[2024-09-17 02:05:42]
========== CONFIG 37 ==========
Nin_virtual               100
Nhidden                   400
Nlayer                    2
[2024-09-17 02:05:42]
Starting trial 338b0cf82482a0b0004af15bcc26df23.
[2024-09-17 02:11:55]
acc_max_epoch             32
acc_max_mean              0.518
acc_max_std               0.000922
[2024-09-17 02:11:55]
Finished trial 338b0cf82482a0b0004af15bcc26df23 after 372.9s
[2024-09-17 02:12:19]
83 configs remaining (~7h 1m 51s, ETA: 09:14:10, based on a mean trial duration of 305.0s)
[2024-09-17 02:12:19]
========== CONFIG 38 ==========
Nin_virtual               120
Nhidden                   200
Nlayer                    2
[2024-09-17 02:12:19]
Starting trial cff091470aa3be5c07d419cc662a1ad7.
[2024-09-17 02:16:05]
acc_max_epoch             49
acc_max_mean              0.526
acc_max_std               0.017
[2024-09-17 02:16:05]
Finished trial cff091470aa3be5c07d419cc662a1ad7 after 225.8s
[2024-09-17 02:16:28]
82 configs remaining (~6h 56m 29s, ETA: 09:12:57, based on a mean trial duration of 304.7s)
[2024-09-17 02:16:28]
========== CONFIG 39 ==========
Nin_virtual               120
Nhidden                   300
Nlayer                    2
[2024-09-17 02:16:28]
Starting trial 6fca0f03af6de472ae1670650777a33b.
[2024-09-17 02:21:22]
acc_max_epoch             40
acc_max_mean              0.514
acc_max_std               0.0119
[2024-09-17 02:21:22]
Finished trial 6fca0f03af6de472ae1670650777a33b after 293.9s
[2024-09-17 02:21:46]
81 configs remaining (~6h 52m 25s, ETA: 09:14:11, based on a mean trial duration of 305.5s)
[2024-09-17 02:21:46]
========== CONFIG 40 ==========
Nin_virtual               120
Nhidden                   400
Nlayer                    2
[2024-09-17 02:21:46]
Starting trial 5fe539ef99c5dbc5b2af39acc2336d42.
[2024-09-17 02:27:58]
acc_max_epoch             48
acc_max_mean              0.521
acc_max_std               0.0138
[2024-09-17 02:27:58]
Finished trial 5fe539ef99c5dbc5b2af39acc2336d42 after 372.2s
[2024-09-17 02:28:22]
80 configs remaining (~6h 47m 9s, ETA: 09:15:32, based on a mean trial duration of 305.4s)
[2024-09-17 02:28:22]
========== CONFIG 41 ==========
Nin_virtual               1
Nhidden                   100
Nlayer                    3
[2024-09-17 02:28:22]
Starting trial 795703a40deb30207e50e43a4018e1b8.
[2024-09-17 02:30:03]
acc_max_epoch             50
acc_max_mean              0.466
acc_max_std               0.00903
[2024-09-17 02:30:03]
Finished trial 795703a40deb30207e50e43a4018e1b8 after 100.9s
[2024-09-17 02:30:27]
79 configs remaining (~6h 40m 56s, ETA: 09:11:24, based on a mean trial duration of 304.5s)
[2024-09-17 02:30:27]
========== CONFIG 42 ==========
Nin_virtual               1
Nhidden                   100
Nlayer                    4
[2024-09-17 02:30:27]
Starting trial b782993dcd0c74dbc741be7437d4400a.
[2024-09-17 02:32:35]
acc_max_epoch             50
acc_max_mean              0.325
acc_max_std               0.044
[2024-09-17 02:32:35]
Finished trial b782993dcd0c74dbc741be7437d4400a after 127.4s
[2024-09-17 02:32:57]
78 configs remaining (~6h 35m 7s, ETA: 09:08:04, based on a mean trial duration of 303.9s)
[2024-09-17 02:32:57]
========== CONFIG 43 ==========
Nin_virtual               4
Nhidden                   100
Nlayer                    3
[2024-09-17 02:32:57]
Starting trial bd92c6acc9abd6c286d084a884c9cbce.
[2024-09-17 02:34:58]
acc_max_epoch             39
acc_max_mean              0.677
acc_max_std               0.0134
[2024-09-17 02:34:58]
Finished trial bd92c6acc9abd6c286d084a884c9cbce after 120.9s
[2024-09-17 02:35:23]
77 configs remaining (~6h 29m 4s, ETA: 09:04:27, based on a mean trial duration of 303.2s)
[2024-09-17 02:35:23]
========== CONFIG 44 ==========
Nin_virtual               4
Nhidden                   100
Nlayer                    4
[2024-09-17 02:35:23]
Starting trial 8c9567850c2dd245d8959ac4cc09dc8b.
[2024-09-17 02:37:53]
acc_max_epoch             50
acc_max_mean              0.633
acc_max_std               0.0289
[2024-09-17 02:37:53]
Finished trial 8c9567850c2dd245d8959ac4cc09dc8b after 150.7s
[2024-09-17 02:38:18]
76 configs remaining (~6h 23m 38s, ETA: 09:01:57, based on a mean trial duration of 302.9s)
[2024-09-17 02:38:18]
========== CONFIG 45 ==========
Nin_virtual               8
Nhidden                   100
Nlayer                    3
[2024-09-17 02:38:18]
Starting trial 9f2585eb9682f031c545ea46def7f3d5.
[2024-09-17 02:40:46]
acc_max_epoch             45
acc_max_mean              0.71
acc_max_std               0.023
[2024-09-17 02:40:46]
Finished trial 9f2585eb9682f031c545ea46def7f3d5 after 147.5s
[2024-09-17 02:41:11]
75 configs remaining (~6h 16m 34s, ETA: 08:57:45, based on a mean trial duration of 301.3s)
[2024-09-17 02:41:11]
========== CONFIG 46 ==========
Nin_virtual               8
Nhidden                   100
Nlayer                    4
[2024-09-17 02:41:11]
Starting trial 5e92c384f0c91d747aa275cc3348e27f.
[2024-09-17 02:44:24]
acc_max_epoch             50
acc_max_mean              0.67
acc_max_std               0.0364
[2024-09-17 02:44:24]
Finished trial 5e92c384f0c91d747aa275cc3348e27f after 193.6s
[2024-09-17 02:44:49]
74 configs remaining (~6h 10m 9s, ETA: 08:54:59, based on a mean trial duration of 300.1s)
[2024-09-17 02:44:49]
========== CONFIG 47 ==========
Nin_virtual               16
Nhidden                   100
Nlayer                    3
[2024-09-17 02:44:49]
Starting trial ae0b7c529cf17401365407ba33d0d369.
[2024-09-17 02:47:31]
acc_max_epoch             47
acc_max_mean              0.717
acc_max_std               0.0129
[2024-09-17 02:47:31]
Finished trial ae0b7c529cf17401365407ba33d0d369 after 161.8s
[2024-09-17 02:47:57]
73 configs remaining (~6h 3m 42s, ETA: 08:51:39, based on a mean trial duration of 298.9s)
[2024-09-17 02:47:57]
========== CONFIG 48 ==========
Nin_virtual               16
Nhidden                   100
Nlayer                    4
[2024-09-17 02:47:57]
Starting trial 0bbb0850525c7089f7d983ee47a746d5.
[2024-09-17 02:51:26]
acc_max_epoch             46
acc_max_mean              0.686
acc_max_std               0.00624
[2024-09-17 02:51:26]
Finished trial 0bbb0850525c7089f7d983ee47a746d5 after 209.8s
[2024-09-17 02:51:52]
72 configs remaining (~5h 57m 52s, ETA: 08:49:44, based on a mean trial duration of 298.2s)
[2024-09-17 02:51:52]
========== CONFIG 49 ==========
Nin_virtual               32
Nhidden                   100
Nlayer                    3
[2024-09-17 02:51:52]
Starting trial 3ac169184eb0dc0cdea6ff16d78e5237.
[2024-09-17 02:54:55]
acc_max_epoch             49
acc_max_mean              0.683
acc_max_std               0.00947
[2024-09-17 02:54:55]
Finished trial 3ac169184eb0dc0cdea6ff16d78e5237 after 182.7s
[2024-09-17 02:55:18]
71 configs remaining (~5h 51m 56s, ETA: 08:47:15, based on a mean trial duration of 297.4s)
[2024-09-17 02:55:18]
========== CONFIG 50 ==========
Nin_virtual               32
Nhidden                   100
Nlayer                    4
[2024-09-17 02:55:18]
Starting trial 7e6c3fde3f48fd63de7314bc0da4facc.
[2024-09-17 02:59:18]
acc_max_epoch             50
acc_max_mean              0.652
acc_max_std               0.00562
[2024-09-17 02:59:18]
Finished trial 7e6c3fde3f48fd63de7314bc0da4facc after 239.6s
[2024-09-17 02:59:44]
70 configs remaining (~5h 46m 45s, ETA: 08:46:29, based on a mean trial duration of 297.2s)
[2024-09-17 02:59:44]
========== CONFIG 51 ==========
Nin_virtual               48
Nhidden                   100
Nlayer                    3
[2024-09-17 02:59:44]
Starting trial c931f0da388ce4fe9819394fe4472d65.
[2024-09-17 03:02:56]
acc_max_epoch             48
acc_max_mean              0.66
acc_max_std               0.0255
[2024-09-17 03:02:56]
Finished trial c931f0da388ce4fe9819394fe4472d65 after 191.8s
[2024-09-17 03:03:22]
69 configs remaining (~5h 40m 22s, ETA: 08:43:44, based on a mean trial duration of 296.0s)
[2024-09-17 03:03:22]
========== CONFIG 52 ==========
Nin_virtual               48
Nhidden                   100
Nlayer                    4
[2024-09-17 03:03:22]
Starting trial c8750b08c1076c2d4d31ce34dec76313.
[2024-09-17 03:07:35]
acc_max_epoch             44
acc_max_mean              0.645
acc_max_std               0.0149
[2024-09-17 03:07:35]
Finished trial c8750b08c1076c2d4d31ce34dec76313 after 252.7s
[2024-09-17 03:08:01]
68 configs remaining (~5h 33m 38s, ETA: 08:41:40, based on a mean trial duration of 294.4s)
[2024-09-17 03:08:01]
========== CONFIG 53 ==========
Nin_virtual               64
Nhidden                   100
Nlayer                    3
[2024-09-17 03:08:01]
Starting trial 0737542ef6bce63c70da4e3ca6387c28.
[2024-09-17 03:11:27]
acc_max_epoch             46
acc_max_mean              0.686
acc_max_std               0.0202
[2024-09-17 03:11:27]
Finished trial 0737542ef6bce63c70da4e3ca6387c28 after 205.5s
[2024-09-17 03:11:53]
67 configs remaining (~5h 27m 43s, ETA: 08:39:37, based on a mean trial duration of 293.5s)
[2024-09-17 03:11:53]
========== CONFIG 54 ==========
Nin_virtual               64
Nhidden                   100
Nlayer                    4
[2024-09-17 03:11:53]
Starting trial 3bddf83aef2817e5f4dac1e3d300bd07.
[2024-09-17 03:16:19]
acc_max_epoch             49
acc_max_mean              0.636
acc_max_std               0.0173
[2024-09-17 03:16:19]
Finished trial 3bddf83aef2817e5f4dac1e3d300bd07 after 266.1s
[2024-09-17 03:16:46]
66 configs remaining (~5h 21m 52s, ETA: 08:38:38, based on a mean trial duration of 292.6s)
[2024-09-17 03:16:46]
========== CONFIG 55 ==========
Nin_virtual               80
Nhidden                   100
Nlayer                    3
[2024-09-17 03:16:46]
Starting trial 7a5c1edee9bb04393ea3ff073d40e640.
[2024-09-17 03:20:22]
acc_max_epoch             50
acc_max_mean              0.66
acc_max_std               0.0293
[2024-09-17 03:20:22]
Finished trial 7a5c1edee9bb04393ea3ff073d40e640 after 215.3s
[2024-09-17 03:20:49]
65 configs remaining (~5h 16m 21s, ETA: 08:37:10, based on a mean trial duration of 292.0s)
[2024-09-17 03:20:49]
========== CONFIG 56 ==========
Nin_virtual               80
Nhidden                   100
Nlayer                    4
[2024-09-17 03:20:49]
Starting trial 9475eaf960f537680b944c4d9ea6696d.
[2024-09-17 03:25:34]
acc_max_epoch             50
acc_max_mean              0.633
acc_max_std               0.017
[2024-09-17 03:25:34]
Finished trial 9475eaf960f537680b944c4d9ea6696d after 285.5s
[2024-09-17 03:25:59]
64 configs remaining (~5h 10m 54s, ETA: 08:36:54, based on a mean trial duration of 291.5s)
[2024-09-17 03:25:59]
========== CONFIG 57 ==========
Nin_virtual               100
Nhidden                   100
Nlayer                    3
[2024-09-17 03:25:59]
Starting trial 8af743e8b42b1a0a565a93dc7f1650ab.
[2024-09-17 03:29:44]
acc_max_epoch             45
acc_max_mean              0.646
acc_max_std               0.0131
[2024-09-17 03:29:45]
Finished trial 8af743e8b42b1a0a565a93dc7f1650ab after 225.2s
[2024-09-17 03:30:12]
63 configs remaining (~5h 5m 38s, ETA: 08:35:51, based on a mean trial duration of 291.1s)
[2024-09-17 03:30:12]
========== CONFIG 58 ==========
Nin_virtual               100
Nhidden                   100
Nlayer                    4
[2024-09-17 03:30:12]
Starting trial 76b3c225c3dfe5d2ade26c0007f42d09.
[2024-09-17 03:35:06]
acc_max_epoch             50
acc_max_mean              0.623
acc_max_std               0.0159
[2024-09-17 03:35:06]
Finished trial 76b3c225c3dfe5d2ade26c0007f42d09 after 293.8s
[2024-09-17 03:35:34]
62 configs remaining (~5h 0m 23s, ETA: 08:35:57, based on a mean trial duration of 290.7s)
[2024-09-17 03:35:34]
========== CONFIG 59 ==========
Nin_virtual               120
Nhidden                   100
Nlayer                    3
[2024-09-17 03:35:34]
Starting trial 8f51f98f7c25136dfe9f18c2beeb8542.
[2024-09-17 03:39:18]
acc_max_epoch             49
acc_max_mean              0.653
acc_max_std               0.0172
[2024-09-17 03:39:18]
Finished trial 8f51f98f7c25136dfe9f18c2beeb8542 after 224.2s
[2024-09-17 03:39:46]
61 configs remaining (~4h 55m 19s, ETA: 08:35:05, based on a mean trial duration of 290.5s)
[2024-09-17 03:39:46]
========== CONFIG 60 ==========
Nin_virtual               120
Nhidden                   100
Nlayer                    4
[2024-09-17 03:39:46]
Starting trial c6c2597cb90e8cb68af2c4ff1145d84c.
[2024-09-17 03:44:40]
acc_max_epoch             49
acc_max_mean              0.61
acc_max_std               0.00767
[2024-09-17 03:44:40]
Finished trial c6c2597cb90e8cb68af2c4ff1145d84c after 294.0s
[2024-09-17 03:45:08]
60 configs remaining (~4h 50m 9s, ETA: 08:35:18, based on a mean trial duration of 290.2s)
[2024-09-17 03:45:08]
========== CONFIG 61 ==========
Nin_virtual               1
Nhidden                   200
Nlayer                    3
[2024-09-17 03:45:08]
Starting trial 30d9eb1d75e76ab1e8460e5e03b1d2a4.
[2024-09-17 03:47:45]
acc_max_epoch             47
acc_max_mean              0.468
acc_max_std               0.0259
[2024-09-17 03:47:45]
Finished trial 30d9eb1d75e76ab1e8460e5e03b1d2a4 after 156.6s
[2024-09-17 03:48:13]
59 configs remaining (~4h 44m 58s, ETA: 08:33:11, based on a mean trial duration of 289.8s)
[2024-09-17 03:48:13]
========== CONFIG 62 ==========
Nin_virtual               1
Nhidden                   200
Nlayer                    4
[2024-09-17 03:48:13]
Starting trial 717bea0d1fae4b7bb68db6b7a70f374a.
[2024-09-17 03:51:38]
acc_max_epoch             48
acc_max_mean              0.237
acc_max_std               0.046
[2024-09-17 03:51:39]
Finished trial 717bea0d1fae4b7bb68db6b7a70f374a after 205.6s
[2024-09-17 03:52:07]
58 configs remaining (~4h 39m 42s, ETA: 08:31:49, based on a mean trial duration of 289.4s)
[2024-09-17 03:52:07]
========== CONFIG 63 ==========
Nin_virtual               1
Nhidden                   300
Nlayer                    3
[2024-09-17 03:52:07]
Starting trial 43596e5dc2a4cb79c0448c4a4bb34442.
[2024-09-17 03:55:39]
acc_max_epoch             44
acc_max_mean              0.459
acc_max_std               0.0272
[2024-09-17 03:55:39]
Finished trial 43596e5dc2a4cb79c0448c4a4bb34442 after 211.7s
[2024-09-17 03:56:07]
57 configs remaining (~4h 34m 31s, ETA: 08:30:39, based on a mean trial duration of 289.0s)
[2024-09-17 03:56:07]
========== CONFIG 64 ==========
Nin_virtual               1
Nhidden                   300
Nlayer                    4
[2024-09-17 03:56:07]
Starting trial d8f46a8c65a9430754deff863baedea4.
[2024-09-17 04:00:57]
acc_max_epoch             49
acc_max_mean              0.216
acc_max_std               0.0269
[2024-09-17 04:00:57]
Finished trial d8f46a8c65a9430754deff863baedea4 after 289.1s
[2024-09-17 04:01:25]
56 configs remaining (~4h 29m 27s, ETA: 08:30:53, based on a mean trial duration of 288.7s)
[2024-09-17 04:01:25]
========== CONFIG 65 ==========
Nin_virtual               1
Nhidden                   400
Nlayer                    3
[2024-09-17 04:01:25]
Starting trial 2c60bd0aa25aacffef6859f649bbb799.
[2024-09-17 04:05:47]
acc_max_epoch             50
acc_max_mean              0.454
acc_max_std               0.0146
[2024-09-17 04:05:47]
Finished trial 2c60bd0aa25aacffef6859f649bbb799 after 261.7s
[2024-09-17 04:06:16]
55 configs remaining (~4h 24m 15s, ETA: 08:30:32, based on a mean trial duration of 288.3s)
[2024-09-17 04:06:16]
========== CONFIG 66 ==========
Nin_virtual               1
Nhidden                   400
Nlayer                    4
[2024-09-17 04:06:16]
Starting trial 1da705708641b68a949e6db75cf67dc0.
[2024-09-17 04:12:45]
acc_max_epoch             50
acc_max_mean              0.182
acc_max_std               0.00569
[2024-09-17 04:12:45]
Finished trial 1da705708641b68a949e6db75cf67dc0 after 388.5s
[2024-09-17 04:13:14]
54 configs remaining (~4h 19m 40s, ETA: 08:32:55, based on a mean trial duration of 288.5s)
[2024-09-17 04:13:14]
========== CONFIG 67 ==========
Nin_virtual               4
Nhidden                   200
Nlayer                    3
[2024-09-17 04:13:14]
Starting trial 4100df3266144b446ac6976e6fa7f8c0.
[2024-09-17 04:16:19]
acc_max_epoch             36
acc_max_mean              0.685
acc_max_std               0.0209
[2024-09-17 04:16:20]
Finished trial 4100df3266144b446ac6976e6fa7f8c0 after 185.7s
[2024-09-17 04:16:49]
53 configs remaining (~4h 14m 33s, ETA: 08:31:22, based on a mean trial duration of 288.2s)
[2024-09-17 04:16:49]
========== CONFIG 68 ==========
Nin_virtual               4
Nhidden                   200
Nlayer                    4
[2024-09-17 04:16:49]
Starting trial 3b0d51474c84a0b9f75088650b655a94.
[2024-09-17 04:21:02]
acc_max_epoch             50
acc_max_mean              0.638
acc_max_std               0.0128
[2024-09-17 04:21:02]
Finished trial 3b0d51474c84a0b9f75088650b655a94 after 253.5s
[2024-09-17 04:21:32]
52 configs remaining (~4h 9m 45s, ETA: 08:31:18, based on a mean trial duration of 288.2s)
[2024-09-17 04:21:32]
========== CONFIG 69 ==========
Nin_virtual               4
Nhidden                   300
Nlayer                    3
[2024-09-17 04:21:32]
Starting trial 0069be373525a8e294141ea7656f97a8.
[2024-09-17 04:25:49]
acc_max_epoch             50
acc_max_mean              0.697
acc_max_std               0.019
[2024-09-17 04:25:49]
Finished trial 0069be373525a8e294141ea7656f97a8 after 256.6s
[2024-09-17 04:26:19]
51 configs remaining (~4h 4m 49s, ETA: 08:31:08, based on a mean trial duration of 288.0s)
[2024-09-17 04:26:19]
========== CONFIG 70 ==========
Nin_virtual               4
Nhidden                   300
Nlayer                    4
[2024-09-17 04:26:19]
Starting trial 5e9ad5f948d6f2d61578e37fc19a0712.
[2024-09-17 04:32:12]
acc_max_epoch             11
acc_max_mean              0.0871
acc_max_std               0.0529
[2024-09-17 04:32:12]
Finished trial 5e9ad5f948d6f2d61578e37fc19a0712 after 353.4s
[2024-09-17 04:32:42]
50 configs remaining (~4h 0m 25s, ETA: 08:33:08, based on a mean trial duration of 288.5s)
[2024-09-17 04:32:42]
========== CONFIG 71 ==========
Nin_virtual               4
Nhidden                   400
Nlayer                    3
[2024-09-17 04:32:42]
Starting trial 8b922dbe29bb0fd6c2aa66936b6ad620.
[2024-09-17 04:38:11]
acc_max_epoch             45
acc_max_mean              0.687
acc_max_std               0.00586
[2024-09-17 04:38:11]
Finished trial 8b922dbe29bb0fd6c2aa66936b6ad620 after 328.3s
[2024-09-17 04:38:41]
49 configs remaining (~3h 55m 24s, ETA: 08:34:05, based on a mean trial duration of 288.3s)
[2024-09-17 04:38:41]
========== CONFIG 72 ==========
Nin_virtual               4
Nhidden                   400
Nlayer                    4
[2024-09-17 04:38:41]
Starting trial 590c3667893c56837d1a36b7aee24e3a.
[2024-09-17 04:45:51]
acc_max_epoch             2
acc_max_mean              0.0566
acc_max_std               0.0154
[2024-09-17 04:45:51]
Finished trial 590c3667893c56837d1a36b7aee24e3a after 430.1s
[2024-09-17 04:46:19]
48 configs remaining (~3h 50m 39s, ETA: 08:36:59, based on a mean trial duration of 288.3s)
[2024-09-17 04:46:19]
========== CONFIG 73 ==========
Nin_virtual               8
Nhidden                   200
Nlayer                    3
[2024-09-17 04:46:19]
Starting trial 5ed91c57250c178783e06f21827517d2.
[2024-09-17 04:50:18]
acc_max_epoch             42
acc_max_mean              0.735
acc_max_std               0.00598
[2024-09-17 04:50:18]
Finished trial 5ed91c57250c178783e06f21827517d2 after 239.1s
[2024-09-17 04:50:49]
47 configs remaining (~3h 46m 0s, ETA: 08:36:49, based on a mean trial duration of 288.5s)
[2024-09-17 04:50:49]
========== CONFIG 74 ==========
Nin_virtual               8
Nhidden                   200
Nlayer                    4
[2024-09-17 04:50:49]
Starting trial 1749bccb0b72f549271ec11a5252e33b.
[2024-09-17 04:56:20]
acc_max_epoch             23
acc_max_mean              0.591
acc_max_std               0.0118
[2024-09-17 04:56:20]
Finished trial 1749bccb0b72f549271ec11a5252e33b after 330.4s
[2024-09-17 04:56:51]
46 configs remaining (~3h 41m 26s, ETA: 08:38:17, based on a mean trial duration of 288.8s)
[2024-09-17 04:56:51]
========== CONFIG 75 ==========
Nin_virtual               8
Nhidden                   300
Nlayer                    3
[2024-09-17 04:56:51]
Starting trial 8f1563e56c8bb536766d9b81fde6d008.
[2024-09-17 05:02:25]
acc_max_epoch             44
acc_max_mean              0.768
acc_max_std               0.0231
[2024-09-17 05:02:25]
Finished trial 8f1563e56c8bb536766d9b81fde6d008 after 333.8s
[2024-09-17 05:02:53]
45 configs remaining (~3h 37m 6s, ETA: 08:40:00, based on a mean trial duration of 289.5s)
[2024-09-17 05:02:53]
========== CONFIG 76 ==========
Nin_virtual               8
Nhidden                   300
Nlayer                    4
[2024-09-17 05:02:53]
Starting trial 60080dda5094686ad8771f125ff4ea07.
[2024-09-17 05:10:44]
acc_max_epoch             3
acc_max_mean              0.0863
acc_max_std               0.0098
[2024-09-17 05:10:44]
Finished trial 60080dda5094686ad8771f125ff4ea07 after 471.0s
[2024-09-17 05:11:16]
44 configs remaining (~3h 32m 47s, ETA: 08:44:03, based on a mean trial duration of 290.2s)
[2024-09-17 05:11:16]
========== CONFIG 77 ==========
Nin_virtual               8
Nhidden                   400
Nlayer                    3
[2024-09-17 05:11:16]
Starting trial a3e1acfe927e1fc2baa245094521795a.
[2024-09-17 05:18:33]
acc_max_epoch             50
acc_max_mean              0.756
acc_max_std               0.0103
[2024-09-17 05:18:33]
Finished trial a3e1acfe927e1fc2baa245094521795a after 437.0s
[2024-09-17 05:19:05]
43 configs remaining (~3h 28m 32s, ETA: 08:47:37, based on a mean trial duration of 291.0s)
[2024-09-17 05:19:05]
========== CONFIG 78 ==========
Nin_virtual               8
Nhidden                   400
Nlayer                    4
[2024-09-17 05:19:05]
Starting trial 256baf306d3816d6e6d37ca7e067f2ba.
[2024-09-17 05:28:23]
acc_max_epoch             4
acc_max_mean              0.0658
acc_max_std               0.0255
[2024-09-17 05:28:23]
Finished trial 256baf306d3816d6e6d37ca7e067f2ba after 557.9s
[2024-09-17 05:28:52]
42 configs remaining (~3h 24m 47s, ETA: 08:53:40, based on a mean trial duration of 292.6s)
[2024-09-17 05:28:52]
========== CONFIG 79 ==========
Nin_virtual               16
Nhidden                   200
Nlayer                    3
[2024-09-17 05:28:52]
Starting trial 6e0ff342c27415de8cce82cd6487f1dc.
[2024-09-17 05:33:15]
acc_max_epoch             48
acc_max_mean              0.742
acc_max_std               0.0158
[2024-09-17 05:33:15]
Finished trial 6e0ff342c27415de8cce82cd6487f1dc after 262.9s
[2024-09-17 05:33:47]
41 configs remaining (~3h 20m 2s, ETA: 08:53:50, based on a mean trial duration of 292.7s)
[2024-09-17 05:33:47]
========== CONFIG 80 ==========
Nin_virtual               16
Nhidden                   200
Nlayer                    4
[2024-09-17 05:33:47]
Starting trial 5d284ea73ff84c323ba14edd2f077441.
[2024-09-17 05:39:54]
acc_max_epoch             34
acc_max_mean              0.663
acc_max_std               0.0122
[2024-09-17 05:39:54]
Finished trial 5d284ea73ff84c323ba14edd2f077441 after 366.8s
[2024-09-17 05:40:26]
40 configs remaining (~3h 15m 36s, ETA: 08:56:03, based on a mean trial duration of 293.4s)
[2024-09-17 05:40:26]
========== CONFIG 81 ==========
Nin_virtual               16
Nhidden                   300
Nlayer                    3
[2024-09-17 05:40:26]
Starting trial ca0affae1e52048de1799892dab65d33.
[2024-09-17 05:46:38]
acc_max_epoch             50
acc_max_mean              0.732
acc_max_std               0.0227
[2024-09-17 05:46:38]
Finished trial ca0affae1e52048de1799892dab65d33 after 371.1s
[2024-09-17 05:47:08]
39 configs remaining (~3h 11m 45s, ETA: 08:58:54, based on a mean trial duration of 295.0s)
[2024-09-17 05:47:08]
========== CONFIG 82 ==========
Nin_virtual               16
Nhidden                   300
Nlayer                    4
[2024-09-17 05:47:08]
Starting trial 90ffca18f565f113c787c64a9eaacb73.
[2024-09-17 05:55:44]
acc_max_epoch             3
acc_max_mean              0.0896
acc_max_std               0.00463
[2024-09-17 05:55:44]
Finished trial 90ffca18f565f113c787c64a9eaacb73 after 515.7s
[2024-09-17 05:56:16]
38 configs remaining (~3h 7m 20s, ETA: 09:03:37, based on a mean trial duration of 295.8s)
[2024-09-17 05:56:16]
========== CONFIG 83 ==========
Nin_virtual               16
Nhidden                   400
Nlayer                    3
[2024-09-17 05:56:16]
Starting trial f12e0a46a41069f12d2b1e692590778c.
[2024-09-17 06:04:28]
acc_max_epoch             48
acc_max_mean              0.743
acc_max_std               0.0124
[2024-09-17 06:04:28]
Finished trial f12e0a46a41069f12d2b1e692590778c after 492.0s
[2024-09-17 06:05:01]
37 configs remaining (~3h 3m 2s, ETA: 09:08:04, based on a mean trial duration of 296.8s)
[2024-09-17 06:05:01]
========== CONFIG 84 ==========
Nin_virtual               16
Nhidden                   400
Nlayer                    4
[2024-09-17 06:05:01]
Starting trial b8cb043f1902fbea6f913d38e79393d1.
[2024-09-17 06:15:09]
acc_max_epoch             0
acc_max_mean              0.0499
acc_max_std               0.00271
[2024-09-17 06:15:09]
Finished trial b8cb043f1902fbea6f913d38e79393d1 after 608.2s
[2024-09-17 06:15:40]
36 configs remaining (~2h 59m 27s, ETA: 09:15:08, based on a mean trial duration of 299.1s)
[2024-09-17 06:15:40]
========== CONFIG 85 ==========
Nin_virtual               32
Nhidden                   200
Nlayer                    3
[2024-09-17 06:15:40]
Starting trial 1455f2ad5986688fcfc5a1f46b990fe8.
[2024-09-17 06:20:37]
acc_max_epoch             50
acc_max_mean              0.721
acc_max_std               0.018
[2024-09-17 06:20:37]
Finished trial 1455f2ad5986688fcfc5a1f46b990fe8 after 296.7s
[2024-09-17 06:21:10]
35 configs remaining (~2h 54m 46s, ETA: 09:15:57, based on a mean trial duration of 299.6s)
[2024-09-17 06:21:10]
========== CONFIG 86 ==========
Nin_virtual               32
Nhidden                   200
Nlayer                    4
[2024-09-17 06:21:10]
Starting trial ed92a4836f5605334a6f3d4b5c7f0b92.
[2024-09-17 06:28:01]
acc_max_epoch             18
acc_max_mean              0.306
acc_max_std               0.186
[2024-09-17 06:28:01]
Finished trial ed92a4836f5605334a6f3d4b5c7f0b92 after 410.5s
[2024-09-17 06:28:34]
34 configs remaining (~2h 50m 16s, ETA: 09:18:51, based on a mean trial duration of 300.5s)
[2024-09-17 06:28:34]
========== CONFIG 87 ==========
Nin_virtual               32
Nhidden                   300
Nlayer                    3
[2024-09-17 06:28:34]
Starting trial 6b84fc8231b7a0f8129d93dd52240093.
[2024-09-17 06:35:40]
acc_max_epoch             48
acc_max_mean              0.703
acc_max_std               0.0083
[2024-09-17 06:35:40]
Finished trial 6b84fc8231b7a0f8129d93dd52240093 after 425.7s
[2024-09-17 06:36:11]
33 configs remaining (~2h 46m 29s, ETA: 09:22:41, based on a mean trial duration of 302.7s)
[2024-09-17 06:36:11]
========== CONFIG 88 ==========
Nin_virtual               32
Nhidden                   300
Nlayer                    4
[2024-09-17 06:36:11]
Starting trial 2941d9fc35a3813c295fff0a557c1b38.
[2024-09-17 06:45:50]
acc_max_epoch             3
acc_max_mean              0.0878
acc_max_std               0.00564
[2024-09-17 06:45:51]
Finished trial 2941d9fc35a3813c295fff0a557c1b38 after 579.4s
[2024-09-17 06:46:24]
32 configs remaining (~2h 42m 1s, ETA: 09:28:26, based on a mean trial duration of 303.8s)
[2024-09-17 06:46:24]
========== CONFIG 89 ==========
Nin_virtual               32
Nhidden                   400
Nlayer                    3
[2024-09-17 06:46:24]
Starting trial 7e0500f16c561dc86b1ca0dfaf9186fe.
[2024-09-17 06:55:53]
acc_max_epoch             50
acc_max_mean              0.719
acc_max_std               0.012
[2024-09-17 06:55:53]
Finished trial 7e0500f16c561dc86b1ca0dfaf9186fe after 568.3s
[2024-09-17 06:56:27]
31 configs remaining (~2h 37m 39s, ETA: 09:34:06, based on a mean trial duration of 305.1s)
[2024-09-17 06:56:27]
========== CONFIG 90 ==========
Nin_virtual               32
Nhidden                   400
Nlayer                    4
[2024-09-17 06:56:27]
Starting trial d81becfaa6c90dd9b2ae04831ca42156.
[2024-09-17 07:07:45]
acc_max_epoch             3
acc_max_mean              0.0684
acc_max_std               0.0162
[2024-09-17 07:07:45]
Finished trial d81becfaa6c90dd9b2ae04831ca42156 after 678.1s
[2024-09-17 07:08:19]
30 configs remaining (~2h 33m 55s, ETA: 09:42:14, based on a mean trial duration of 307.8s)
[2024-09-17 07:08:19]
========== CONFIG 91 ==========
Nin_virtual               48
Nhidden                   200
Nlayer                    3
[2024-09-17 07:08:19]
Starting trial 78c7d9e5bedbc7cc9993cc356013bc32.
[2024-09-17 07:13:36]
acc_max_epoch             50
acc_max_mean              0.699
acc_max_std               0.00785
[2024-09-17 07:13:36]
Finished trial 78c7d9e5bedbc7cc9993cc356013bc32 after 316.5s
[2024-09-17 07:14:10]
29 configs remaining (~2h 29m 5s, ETA: 09:43:16, based on a mean trial duration of 308.5s)
[2024-09-17 07:14:10]
========== CONFIG 92 ==========
Nin_virtual               48
Nhidden                   200
Nlayer                    4
[2024-09-17 07:14:10]
Starting trial 7afa67ecce257101e75ce719dc91fc5d.
[2024-09-17 07:21:35]
acc_max_epoch             38
acc_max_mean              0.424
acc_max_std               0.265
[2024-09-17 07:21:35]
Finished trial 7afa67ecce257101e75ce719dc91fc5d after 445.1s
[2024-09-17 07:22:10]
28 configs remaining (~2h 24m 55s, ETA: 09:47:05, based on a mean trial duration of 310.5s)
[2024-09-17 07:22:10]
========== CONFIG 93 ==========
Nin_virtual               48
Nhidden                   300
Nlayer                    3
[2024-09-17 07:22:10]
Starting trial 48a367d15c0e30da793aa3d296bee513.
[2024-09-17 07:29:47]
acc_max_epoch             50
acc_max_mean              0.684
acc_max_std               0.0206
[2024-09-17 07:29:47]
Finished trial 48a367d15c0e30da793aa3d296bee513 after 456.8s
[2024-09-17 07:30:22]
27 configs remaining (~2h 19m 57s, ETA: 09:50:20, based on a mean trial duration of 311.0s)
[2024-09-17 07:30:22]
========== CONFIG 94 ==========
Nin_virtual               48
Nhidden                   300
Nlayer                    4
[2024-09-17 07:30:22]
Starting trial fe77f6ecc5ed1460fe44bd43468e714b.
[2024-09-17 07:40:44]
acc_max_epoch             4
acc_max_mean              0.0865
acc_max_std               0.0309
[2024-09-17 07:40:44]
Finished trial fe77f6ecc5ed1460fe44bd43468e714b after 622.2s
[2024-09-17 07:41:19]
26 configs remaining (~2h 15m 49s, ETA: 09:57:09, based on a mean trial duration of 313.5s)
[2024-09-17 07:41:19]
========== CONFIG 95 ==========
Nin_virtual               48
Nhidden                   400
Nlayer                    3
[2024-09-17 07:41:19]
Starting trial 276d7c80836edd4dfda5451faa250f5c.
[2024-09-17 07:51:27]
acc_max_epoch             36
acc_max_mean              0.655
acc_max_std               0.0215
[2024-09-17 07:51:27]
Finished trial 276d7c80836edd4dfda5451faa250f5c after 607.7s
[2024-09-17 07:52:02]
25 configs remaining (~2h 11m 14s, ETA: 10:03:16, based on a mean trial duration of 315.0s)
[2024-09-17 07:52:02]
========== CONFIG 96 ==========
Nin_virtual               48
Nhidden                   400
Nlayer                    4
[2024-09-17 07:52:02]
Starting trial f36026c32c964a27348962cf83be13e7.
[2024-09-17 08:04:15]
acc_max_epoch             3
acc_max_mean              0.0553
acc_max_std               0.0152
[2024-09-17 08:04:15]
Finished trial f36026c32c964a27348962cf83be13e7 after 732.9s
[2024-09-17 08:04:51]
24 configs remaining (~2h 7m 10s, ETA: 10:12:01, based on a mean trial duration of 317.9s)
[2024-09-17 08:04:51]
========== CONFIG 97 ==========
Nin_virtual               64
Nhidden                   200
Nlayer                    3
[2024-09-17 08:04:51]
Starting trial 997768f445452315403c0daeb9eb0c0c.
[2024-09-17 08:10:25]
acc_max_epoch             48
acc_max_mean              0.692
acc_max_std               0.0189
[2024-09-17 08:10:25]
Finished trial 997768f445452315403c0daeb9eb0c0c after 334.3s
[2024-09-17 08:11:01]
23 configs remaining (~2h 2m 9s, ETA: 10:13:11, based on a mean trial duration of 318.7s)
[2024-09-17 08:11:01]
========== CONFIG 98 ==========
Nin_virtual               64
Nhidden                   200
Nlayer                    4
[2024-09-17 08:11:01]
Starting trial f2cd2af1e3440c8b1d47c4de5788ea65.
[2024-09-17 08:19:00]
acc_max_epoch             48
acc_max_mean              0.634
acc_max_std               0.0224
[2024-09-17 08:19:00]
Finished trial f2cd2af1e3440c8b1d47c4de5788ea65 after 479.0s
[2024-09-17 08:19:36]
22 configs remaining (~1h 57m 16s, ETA: 10:16:52, based on a mean trial duration of 319.8s)
[2024-09-17 08:19:36]
========== CONFIG 99 ==========
Nin_virtual               64
Nhidden                   300
Nlayer                    3
[2024-09-17 08:19:36]
Starting trial b85f1fce8fb9ebea48c28ac6c64f2f97.
[2024-09-17 08:27:39]
acc_max_epoch             49
acc_max_mean              0.684
acc_max_std               0.0146
[2024-09-17 08:27:39]
Finished trial b85f1fce8fb9ebea48c28ac6c64f2f97 after 482.9s
[2024-09-17 08:28:15]
21 configs remaining (~1h 52m 31s, ETA: 10:20:46, based on a mean trial duration of 321.5s)
[2024-09-17 08:28:15]
========== CONFIG 100 ==========
Nin_virtual               64
Nhidden                   300
Nlayer                    4
[2024-09-17 08:28:15]
Starting trial 883d9a26c1995241932b1a7425b58ab2.
[2024-09-17 08:39:15]
acc_max_epoch             4
acc_max_mean              0.0789
acc_max_std               0.0426
[2024-09-17 08:39:15]
Finished trial 883d9a26c1995241932b1a7425b58ab2 after 660.5s
[2024-09-17 08:39:51]
20 configs remaining (~1h 48m 0s, ETA: 10:27:52, based on a mean trial duration of 324.0s)
[2024-09-17 08:39:51]
========== CONFIG 101 ==========
Nin_virtual               64
Nhidden                   400
Nlayer                    3
[2024-09-17 08:39:51]
Starting trial 6eff19139f2a28e89a232d3d00fad3fa.
[2024-09-17 08:50:38]
acc_max_epoch             42
acc_max_mean              0.672
acc_max_std               0.012
[2024-09-17 08:50:38]
Finished trial 6eff19139f2a28e89a232d3d00fad3fa after 646.8s
[2024-09-17 08:51:15]
19 configs remaining (~1h 43m 6s, ETA: 10:34:21, based on a mean trial duration of 325.6s)
[2024-09-17 08:51:15]
========== CONFIG 102 ==========
Nin_virtual               64
Nhidden                   400
Nlayer                    4
[2024-09-17 08:51:15]
Starting trial e81f846402a33043a717ca3cfed2b265.
