[2024-09-15 15:21:57]
CONSTANTS:
  device_count              1
  seed                      0
  eps                       1e-06
  Nhidden                   100
  Nlayer                    2
  Nout                      20
  w_scale                   0.5
  T                         2
  K                         300
  dt                        0.001
  beta1                     0.9
  beta2                     0.999
  p_flip                    0
  Nepochs                   40
  Ntrain                    None
  Nin                       700
  Nsamples                  3
[2024-09-15 15:21:57]
VARIABLES: tau, I0, Nin_virtual, gamma, Nbatch, lr, tau_lr
[2024-09-15 15:22:03]
3888 configs remaining (~2d 22h 6m 19s, ETA: 13:28:22, based on a mean trial duration of 64.9s)
[2024-09-15 15:22:03]
========== CONFIG 1 ==========
tau                       1/3 pi^-1
I0                        1.12
Nin_virtual               1
gamma                     0.001
Nbatch                    500
lr                        0.001
tau_lr                    10
[2024-09-15 15:22:03]
Starting trial 4913dc8bcd31409f5f039263d75b0077.
