[2024-09-12 15:49:47]
CONSTANTS:
  device_count              1
  seed                      0
  tau                       1/6 pi^-1
  I0                        1.25
  eps                       1e-06
  Nlayer                    3
  Nout                      20
  w_scale                   0.5
  T                         2.0
  K                         300
  dt                        0.001
  gamma                     0.01
  Nbatch                    1000
  lr                        0.004
  tau_lr                    100.0
  beta1                     0.9
  beta2                     0.999
  p_flip                    0.0
  Nepochs                   20
  Ntrain                    None
  Nin_data                  700
  Nsamples                  3
[2024-09-12 15:49:47]
VARIABLES: Nin_virtual, Nhidden, Nt, Nin
[2024-09-12 15:49:53]
252 configs remaining (~3h 0m 51s, ETA: 18:50:45, based on a mean trial duration of 43.1s)
[2024-09-12 15:49:53]
========== CONFIG 1 ==========
Nin_virtual               1
Nhidden                   50
Nt                        2
Nin                       1400
[2024-09-12 15:49:53]
Starting trial 3ac468695c6bf8e6e9a4aa44d8f2d33f.
[2024-09-12 15:50:44]
acc_max_epoch             19
acc_max_mean              0.45838725566864014
acc_max_std               0.019644610583782196
[2024-09-12 15:50:44]
Finished trial 3ac468695c6bf8e6e9a4aa44d8f2d33f after 50.1s
[2024-09-12 15:50:50]
251 configs remaining (~3h 0m 7s, ETA: 18:50:58, based on a mean trial duration of 43.1s)
[2024-09-12 15:50:50]
========== CONFIG 2 ==========
Nin_virtual               2
Nhidden                   50
Nt                        2
Nin                       1400
[2024-09-12 15:50:50]
Starting trial 52cf257636354cdaccac35446c2570e3.
[2024-09-12 15:51:29]
acc_max_epoch             19
acc_max_mean              0.4881953001022339
acc_max_std               0.0036359457299113274
[2024-09-12 15:51:29]
Finished trial 52cf257636354cdaccac35446c2570e3 after 39.3s
[2024-09-12 15:51:36]
250 configs remaining (~2h 59m 10s, ETA: 18:50:46, based on a mean trial duration of 43.0s)
[2024-09-12 15:51:36]
========== CONFIG 3 ==========
Nin_virtual               4
Nhidden                   50
Nt                        2
Nin                       1400
[2024-09-12 15:51:36]
Starting trial 36969bf6d9bf204a2f693c0f92d728be.
[2024-09-12 15:52:16]
acc_max_epoch             18
acc_max_mean              0.5179394483566284
acc_max_std               0.006228213664144278
[2024-09-12 15:52:16]
Finished trial 36969bf6d9bf204a2f693c0f92d728be after 40.0s
[2024-09-12 15:52:23]
249 configs remaining (~2h 58m 14s, ETA: 18:50:37, based on a mean trial duration of 43.0s)
[2024-09-12 15:52:23]
========== CONFIG 4 ==========
Nin_virtual               8
Nhidden                   50
Nt                        2
Nin                       1400
[2024-09-12 15:52:23]
Starting trial 6aa22ecea5be8a02f16e7c4749fd81c8.
[2024-09-12 15:53:05]
acc_max_epoch             19
acc_max_mean              0.555764377117157
acc_max_std               0.0057914648205041885
[2024-09-12 15:53:05]
Finished trial 6aa22ecea5be8a02f16e7c4749fd81c8 after 41.8s
[2024-09-12 15:53:11]
248 configs remaining (~2h 57m 22s, ETA: 18:50:34, based on a mean trial duration of 42.9s)
[2024-09-12 15:53:11]
========== CONFIG 5 ==========
Nin_virtual               12
Nhidden                   50
Nt                        2
Nin                       1400
[2024-09-12 15:53:11]
Starting trial 91da8121210f7487a86ddcaa4da36775.
[2024-09-12 15:53:57]
acc_max_epoch             20
acc_max_mean              0.5673704147338867
acc_max_std               0.018337495625019073
[2024-09-12 15:53:57]
Finished trial 91da8121210f7487a86ddcaa4da36775 after 45.6s
[2024-09-12 15:54:03]
247 configs remaining (~2h 56m 35s, ETA: 18:50:39, based on a mean trial duration of 42.9s)
[2024-09-12 15:54:03]
========== CONFIG 6 ==========
Nin_virtual               16
Nhidden                   50
Nt                        2
Nin                       1400
[2024-09-12 15:54:03]
Starting trial 22e62546279784f476fbffe7e2ce34c6.
[2024-09-12 15:54:50]
acc_max_epoch             17
acc_max_mean              0.5749899744987488
acc_max_std               0.010642056353390217
[2024-09-12 15:54:50]
Finished trial 22e62546279784f476fbffe7e2ce34c6 after 46.5s
[2024-09-12 15:54:57]
246 configs remaining (~2h 55m 51s, ETA: 18:50:48, based on a mean trial duration of 42.9s)
[2024-09-12 15:54:57]
========== CONFIG 7 ==========
Nin_virtual               24
Nhidden                   50
Nt                        2
Nin                       1400
[2024-09-12 15:54:57]
Starting trial fd8d690f2f2157951b3dce0d660b32d9.
[2024-09-12 15:55:45]
acc_max_epoch             19
acc_max_mean              0.6063199043273926
acc_max_std               0.004171574953943491
[2024-09-12 15:55:45]
Finished trial fd8d690f2f2157951b3dce0d660b32d9 after 47.7s
[2024-09-12 15:55:51]
245 configs remaining (~2h 55m 14s, ETA: 18:51:06, based on a mean trial duration of 42.9s)
[2024-09-12 15:55:51]
========== CONFIG 8 ==========
Nin_virtual               1
Nhidden                   100
Nt                        2
Nin                       1400
[2024-09-12 15:55:51]
Starting trial d0ce456d1fe55f8ac2f4cc5fc1604146.
[2024-09-12 15:56:40]
acc_max_epoch             19
acc_max_mean              0.5052794814109802
acc_max_std               0.010367768816649914
[2024-09-12 15:56:40]
Finished trial d0ce456d1fe55f8ac2f4cc5fc1604146 after 48.7s
[2024-09-12 15:56:47]
244 configs remaining (~2h 54m 41s, ETA: 18:51:29, based on a mean trial duration of 43.0s)
[2024-09-12 15:56:47]
========== CONFIG 9 ==========
Nin_virtual               1
Nhidden                   150
Nt                        2
Nin                       1400
[2024-09-12 15:56:47]
Starting trial b4cc5e41d15d4b6d0ef8c9fc1f296a31.
[2024-09-12 15:57:44]
acc_max_epoch             19
acc_max_mean              0.46584177017211914
acc_max_std               0.018664905801415443
[2024-09-12 15:57:44]
Finished trial b4cc5e41d15d4b6d0ef8c9fc1f296a31 after 57.0s
[2024-09-12 15:57:51]
243 configs remaining (~2h 54m 7s, ETA: 18:51:58, based on a mean trial duration of 43.0s)
[2024-09-12 15:57:51]
========== CONFIG 10 ==========
Nin_virtual               1
Nhidden                   200
Nt                        2
Nin                       1400
[2024-09-12 15:57:51]
Starting trial a5ba79d14081e848ac5bf1e78f63b319.
[2024-09-12 15:58:50]
acc_max_epoch             20
acc_max_mean              0.4844478368759155
acc_max_std               0.031019853428006172
[2024-09-12 15:58:50]
Finished trial a5ba79d14081e848ac5bf1e78f63b319 after 58.5s
[2024-09-12 15:58:57]
242 configs remaining (~2h 53m 34s, ETA: 18:52:32, based on a mean trial duration of 43.0s)
[2024-09-12 15:58:57]
========== CONFIG 11 ==========
Nin_virtual               2
Nhidden                   100
Nt                        2
Nin                       1400
[2024-09-12 15:58:57]
Starting trial d858c262de437a3778a1ba33d06b7833.
[2024-09-12 15:59:41]
acc_max_epoch             20
acc_max_mean              0.4817811846733093
acc_max_std               0.00919246394187212
[2024-09-12 15:59:41]
Finished trial d858c262de437a3778a1ba33d06b7833 after 43.9s
[2024-09-12 15:59:48]
241 configs remaining (~2h 52m 46s, ETA: 18:52:35, based on a mean trial duration of 43.0s)
[2024-09-12 15:59:48]
========== CONFIG 12 ==========
Nin_virtual               2
Nhidden                   150
Nt                        2
Nin                       1400
[2024-09-12 15:59:48]
Starting trial cec7f422495c0d9ba43f1006ba95e7ed.
[2024-09-12 16:00:39]
acc_max_epoch             19
acc_max_mean              0.4957542419433594
acc_max_std               0.007155741564929485
[2024-09-12 16:00:40]
Finished trial cec7f422495c0d9ba43f1006ba95e7ed after 51.6s
[2024-09-12 16:00:47]
240 configs remaining (~2h 52m 10s, ETA: 18:52:58, based on a mean trial duration of 43.0s)
[2024-09-12 16:00:47]
========== CONFIG 13 ==========
Nin_virtual               2
Nhidden                   200
Nt                        2
Nin                       1400
[2024-09-12 16:00:47]
Starting trial c28fa3282c6353bb7b80e6eb31f9b7f5.
[2024-09-12 16:01:42]
acc_max_epoch             19
acc_max_mean              0.4744243025779724
acc_max_std               0.021886929869651794
[2024-09-12 16:01:42]
Finished trial c28fa3282c6353bb7b80e6eb31f9b7f5 after 55.5s
[2024-09-12 16:01:50]
239 configs remaining (~2h 51m 42s, ETA: 18:53:32, based on a mean trial duration of 43.1s)
[2024-09-12 16:01:50]
========== CONFIG 14 ==========
Nin_virtual               4
Nhidden                   100
Nt                        2
Nin                       1400
[2024-09-12 16:01:50]
Starting trial 710f4a2c681942098954afc7df41f668.
[2024-09-12 16:02:36]
acc_max_epoch             17
acc_max_mean              0.5269495844841003
acc_max_std               0.01619817689061165
[2024-09-12 16:02:36]
Finished trial 710f4a2c681942098954afc7df41f668 after 45.7s
[2024-09-12 16:02:43]
238 configs remaining (~2h 50m 57s, ETA: 18:53:40, based on a mean trial duration of 43.1s)
[2024-09-12 16:02:43]
========== CONFIG 15 ==========
Nin_virtual               4
Nhidden                   150
Nt                        2
Nin                       1400
[2024-09-12 16:02:43]
Starting trial ed5b5d96723ddb97e436846947d143b6.
[2024-09-12 16:03:39]
acc_max_epoch             19
acc_max_mean              0.5155993700027466
acc_max_std               0.013193360529839993
[2024-09-12 16:03:39]
Finished trial ed5b5d96723ddb97e436846947d143b6 after 55.9s
[2024-09-12 16:03:46]
237 configs remaining (~2h 50m 31s, ETA: 18:54:17, based on a mean trial duration of 43.2s)
[2024-09-12 16:03:46]
========== CONFIG 16 ==========
Nin_virtual               4
Nhidden                   200
Nt                        2
Nin                       1400
[2024-09-12 16:03:46]
Starting trial e31e0f14dcf91b7978ba4fca8c9719ab.
[2024-09-12 16:04:46]
acc_max_epoch             19
acc_max_mean              0.5172154903411865
acc_max_std               0.005835311487317085
[2024-09-12 16:04:46]
Finished trial e31e0f14dcf91b7978ba4fca8c9719ab after 60.1s
[2024-09-12 16:04:54]
236 configs remaining (~2h 50m 11s, ETA: 18:55:05, based on a mean trial duration of 43.3s)
[2024-09-12 16:04:54]
========== CONFIG 17 ==========
Nin_virtual               8
Nhidden                   100
Nt                        2
Nin                       1400
[2024-09-12 16:04:54]
Starting trial 0c1a9b9b15a6b039072b7de49e2a0d55.
[2024-09-12 16:05:45]
acc_max_epoch             20
acc_max_mean              0.5707340240478516
acc_max_std               0.021137235686182976
[2024-09-12 16:05:45]
Finished trial 0c1a9b9b15a6b039072b7de49e2a0d55 after 51.7s
[2024-09-12 16:05:54]
235 configs remaining (~2h 49m 41s, ETA: 18:55:35, based on a mean trial duration of 43.3s)
[2024-09-12 16:05:54]
========== CONFIG 18 ==========
Nin_virtual               8
Nhidden                   150
Nt                        2
Nin                       1400
[2024-09-12 16:05:54]
Starting trial 12f332a08f49c357b88e651b94d77fdc.
[2024-09-12 16:06:56]
acc_max_epoch             20
acc_max_mean              0.549666702747345
acc_max_std               0.03893632814288139
[2024-09-12 16:06:56]
Finished trial 12f332a08f49c357b88e651b94d77fdc after 62.3s
[2024-09-12 16:07:04]
234 configs remaining (~2h 49m 25s, ETA: 18:56:29, based on a mean trial duration of 43.4s)
[2024-09-12 16:07:04]
========== CONFIG 19 ==========
Nin_virtual               8
Nhidden                   200
Nt                        2
Nin                       1400
[2024-09-12 16:07:04]
Starting trial 924ae73a5d049e6e947411e144ac7fe2.
[2024-09-12 16:08:12]
acc_max_epoch             20
acc_max_mean              0.5534949898719788
acc_max_std               0.03134225681424141
[2024-09-12 16:08:12]
Finished trial 924ae73a5d049e6e947411e144ac7fe2 after 68.3s
[2024-09-12 16:08:20]
233 configs remaining (~2h 49m 7s, ETA: 18:57:27, based on a mean trial duration of 43.6s)
[2024-09-12 16:08:20]
========== CONFIG 20 ==========
Nin_virtual               12
Nhidden                   100
Nt                        2
Nin                       1400
[2024-09-12 16:08:20]
Starting trial bf0d9b5bd7952340170aed625d7f6254.
[2024-09-12 16:09:14]
acc_max_epoch             20
acc_max_mean              0.5784579515457153
acc_max_std               0.028841523453593254
[2024-09-12 16:09:14]
Finished trial bf0d9b5bd7952340170aed625d7f6254 after 54.8s
[2024-09-12 16:09:22]
232 configs remaining (~2h 48m 39s, ETA: 18:58:02, based on a mean trial duration of 43.6s)
[2024-09-12 16:09:22]
========== CONFIG 21 ==========
Nin_virtual               12
Nhidden                   150
Nt                        2
Nin                       1400
[2024-09-12 16:09:22]
Starting trial bef722b9cffcea0bb20608af38d50eaa.
[2024-09-12 16:10:27]
acc_max_epoch             20
acc_max_mean              0.5897172093391418
acc_max_std               0.014339246787130833
[2024-09-12 16:10:27]
Finished trial bef722b9cffcea0bb20608af38d50eaa after 64.7s
[2024-09-12 16:10:35]
231 configs remaining (~2h 48m 25s, ETA: 18:59:00, based on a mean trial duration of 43.7s)
[2024-09-12 16:10:35]
========== CONFIG 22 ==========
Nin_virtual               12
Nhidden                   200
Nt                        2
Nin                       1400
[2024-09-12 16:10:35]
Starting trial acd111d513ad9d41ec420cb3343d0702.
[2024-09-12 16:11:46]
acc_max_epoch             14
acc_max_mean              0.5807878971099854
acc_max_std               0.0057495455257594585
[2024-09-12 16:11:46]
Finished trial acd111d513ad9d41ec420cb3343d0702 after 71.3s
[2024-09-12 16:11:54]
230 configs remaining (~2h 48m 13s, ETA: 19:00:08, based on a mean trial duration of 43.9s)
[2024-09-12 16:11:54]
========== CONFIG 23 ==========
Nin_virtual               16
Nhidden                   100
Nt                        2
Nin                       1400
[2024-09-12 16:11:54]
Starting trial f37db266ae818ab40f790ae5697ffe35.
[2024-09-12 16:12:49]
acc_max_epoch             18
acc_max_mean              0.6065690517425537
acc_max_std               0.007465902250260115
[2024-09-12 16:12:49]
Finished trial f37db266ae818ab40f790ae5697ffe35 after 55.1s
[2024-09-12 16:12:58]
229 configs remaining (~2h 47m 51s, ETA: 19:00:49, based on a mean trial duration of 44.0s)
[2024-09-12 16:12:58]
========== CONFIG 24 ==========
Nin_virtual               16
Nhidden                   150
Nt                        2
Nin                       1400
[2024-09-12 16:12:58]
Starting trial 9409855f089c6d5c8a82de83bf9ff218.
[2024-09-12 16:14:04]
acc_max_epoch             20
acc_max_mean              0.5931212902069092
acc_max_std               0.005841031204909086
[2024-09-12 16:14:04]
Finished trial 9409855f089c6d5c8a82de83bf9ff218 after 66.2s
[2024-09-12 16:14:13]
228 configs remaining (~2h 47m 16s, ETA: 19:01:29, based on a mean trial duration of 44.0s)
[2024-09-12 16:14:13]
========== CONFIG 25 ==========
Nin_virtual               16
Nhidden                   200
Nt                        2
Nin                       1400
[2024-09-12 16:14:13]
Starting trial 6c8689e20c400d0b273ec14dc148eddf.
[2024-09-12 16:15:26]
acc_max_epoch             17
acc_max_mean              0.5970000624656677
acc_max_std               0.007588545326143503
[2024-09-12 16:15:26]
Finished trial 6c8689e20c400d0b273ec14dc148eddf after 73.0s
[2024-09-12 16:15:34]
227 configs remaining (~2h 46m 49s, ETA: 19:02:24, based on a mean trial duration of 44.1s)
[2024-09-12 16:15:34]
========== CONFIG 26 ==========
Nin_virtual               24
Nhidden                   100
Nt                        2
Nin                       1400
[2024-09-12 16:15:34]
Starting trial c2bdbc5e0a62e75f63c0eff38c975e82.
[2024-09-12 16:16:31]
acc_max_epoch             20
acc_max_mean              0.618700385093689
acc_max_std               0.013756630942225456
[2024-09-12 16:16:31]
Finished trial c2bdbc5e0a62e75f63c0eff38c975e82 after 57.1s
[2024-09-12 16:16:39]
226 configs remaining (~2h 46m 13s, ETA: 19:02:53, based on a mean trial duration of 44.1s)
[2024-09-12 16:16:39]
========== CONFIG 27 ==========
Nin_virtual               24
Nhidden                   150
Nt                        2
Nin                       1400
[2024-09-12 16:16:39]
Starting trial af3d84b42308733d8203e4031ead8669.
[2024-09-12 16:17:48]
acc_max_epoch             18
acc_max_mean              0.5990639925003052
acc_max_std               0.00862293690443039
[2024-09-12 16:17:48]
Finished trial af3d84b42308733d8203e4031ead8669 after 68.9s
[2024-09-12 16:17:56]
225 configs remaining (~2h 45m 51s, ETA: 19:03:48, based on a mean trial duration of 44.2s)
[2024-09-12 16:17:56]
========== CONFIG 28 ==========
Nin_virtual               24
Nhidden                   200
Nt                        2
Nin                       1400
[2024-09-12 16:17:56]
Starting trial 76f89588d352464c2e350d2f37a391f0.
[2024-09-12 16:19:13]
acc_max_epoch             19
acc_max_mean              0.6026061177253723
acc_max_std               0.01052838284522295
[2024-09-12 16:19:13]
Finished trial 76f89588d352464c2e350d2f37a391f0 after 76.9s
[2024-09-12 16:19:22]
224 configs remaining (~2h 45m 42s, ETA: 19:05:04, based on a mean trial duration of 44.4s)
[2024-09-12 16:19:22]
========== CONFIG 29 ==========
Nin_virtual               1
Nhidden                   50
Nt                        4
Nin                       2800
[2024-09-12 16:19:22]
Starting trial 9bd72ef0f9cdf4f80fd840972c2fb6ed.
[2024-09-12 16:20:05]
acc_max_epoch             15
acc_max_mean              0.5619865655899048
acc_max_std               0.019728805869817734
[2024-09-12 16:20:05]
Finished trial 9bd72ef0f9cdf4f80fd840972c2fb6ed after 43.0s
[2024-09-12 16:20:13]
223 configs remaining (~2h 44m 48s, ETA: 19:05:01, based on a mean trial duration of 44.3s)
[2024-09-12 16:20:13]
========== CONFIG 30 ==========
Nin_virtual               1
Nhidden                   50
Nt                        6
Nin                       4200
[2024-09-12 16:20:13]
Starting trial d43178747b49b060cd8750edd19dc70b.
[2024-09-12 16:20:56]
acc_max_epoch             18
acc_max_mean              0.6799496412277222
acc_max_std               0.007596839684993029
[2024-09-12 16:20:56]
Finished trial d43178747b49b060cd8750edd19dc70b after 43.2s
[2024-09-12 16:21:05]
222 configs remaining (~2h 43m 55s, ETA: 19:05:01, based on a mean trial duration of 44.3s)
[2024-09-12 16:21:05]
========== CONFIG 31 ==========
Nin_virtual               1
Nhidden                   50
Nt                        8
Nin                       5600
[2024-09-12 16:21:05]
Starting trial dceb77b665869370452e26a57ff250c3.
[2024-09-12 16:21:48]
acc_max_epoch             17
acc_max_mean              0.7459596395492554
acc_max_std               0.024057868868112564
[2024-09-12 16:21:48]
Finished trial dceb77b665869370452e26a57ff250c3 after 43.5s
[2024-09-12 16:21:57]
221 configs remaining (~2h 43m 3s, ETA: 19:05:01, based on a mean trial duration of 44.3s)
[2024-09-12 16:21:57]
========== CONFIG 32 ==========
Nin_virtual               1
Nhidden                   50
Nt                        10
Nin                       7000
[2024-09-12 16:21:57]
Starting trial 06ecef42bda38cf496fe6f73212f8641.
[2024-09-12 16:22:41]
acc_max_epoch             18
acc_max_mean              0.7590371966362
acc_max_std               0.008833413943648338
[2024-09-12 16:22:41]
Finished trial 06ecef42bda38cf496fe6f73212f8641 after 44.0s
[2024-09-12 16:22:49]
220 configs remaining (~2h 42m 5s, ETA: 19:04:55, based on a mean trial duration of 44.2s)
[2024-09-12 16:22:49]
========== CONFIG 33 ==========
Nin_virtual               1
Nhidden                   50
Nt                        12
Nin                       8400
[2024-09-12 16:22:49]
Starting trial 3eecf96d4f7c0e414747a462d8c964cf.
[2024-09-12 16:23:34]
acc_max_epoch             19
acc_max_mean              0.7744276523590088
acc_max_std               0.01685415580868721
[2024-09-12 16:23:34]
Finished trial 3eecf96d4f7c0e414747a462d8c964cf after 44.1s
[2024-09-12 16:23:42]
219 configs remaining (~2h 41m 13s, ETA: 19:04:56, based on a mean trial duration of 44.2s)
[2024-09-12 16:23:42]
========== CONFIG 34 ==========
Nin_virtual               1
Nhidden                   50
Nt                        14
Nin                       9800
[2024-09-12 16:23:42]
Starting trial 71d515f2b23f7001d88a991f11dad71c.
[2024-09-12 16:24:29]
acc_max_epoch             20
acc_max_mean              0.7731953859329224
acc_max_std               0.01302027702331543
[2024-09-12 16:24:29]
Finished trial 71d515f2b23f7001d88a991f11dad71c after 46.5s
[2024-09-12 16:24:39]
218 configs remaining (~2h 40m 25s, ETA: 19:05:05, based on a mean trial duration of 44.2s)
[2024-09-12 16:24:39]
========== CONFIG 35 ==========
Nin_virtual               1
Nhidden                   50
Nt                        16
Nin                       11200
[2024-09-12 16:24:39]
Starting trial d77d68ccaf5163efc1414b495b461f7f.
[2024-09-12 16:25:29]
acc_max_epoch             20
acc_max_mean              0.7778486013412476
acc_max_std               0.009162482805550098
[2024-09-12 16:25:29]
Finished trial d77d68ccaf5163efc1414b495b461f7f after 49.6s
[2024-09-12 16:25:38]
217 configs remaining (~2h 39m 39s, ETA: 19:05:17, based on a mean trial duration of 44.1s)
[2024-09-12 16:25:38]
========== CONFIG 36 ==========
Nin_virtual               1
Nhidden                   50
Nt                        18
Nin                       12600
[2024-09-12 16:25:38]
Starting trial 4652f12ae13fa3e785cb4fdf9bd1d0d3.
[2024-09-12 16:26:26]
acc_max_epoch             18
acc_max_mean              0.7658923864364624
acc_max_std               0.01599368266761303
[2024-09-12 16:26:26]
Finished trial 4652f12ae13fa3e785cb4fdf9bd1d0d3 after 48.5s
[2024-09-12 16:26:35]
216 configs remaining (~2h 38m 45s, ETA: 19:05:20, based on a mean trial duration of 44.1s)
[2024-09-12 16:26:35]
========== CONFIG 37 ==========
Nin_virtual               2
Nhidden                   50
Nt                        4
Nin                       2800
[2024-09-12 16:26:35]
Starting trial 2460097870ce196b697de08426cde92e.
[2024-09-12 16:27:15]
acc_max_epoch             15
acc_max_mean              0.5661212801933289
acc_max_std               0.03245553746819496
[2024-09-12 16:27:15]
Finished trial 2460097870ce196b697de08426cde92e after 40.0s
[2024-09-12 16:27:24]
215 configs remaining (~2h 37m 52s, ETA: 19:05:16, based on a mean trial duration of 44.1s)
[2024-09-12 16:27:24]
========== CONFIG 38 ==========
Nin_virtual               2
Nhidden                   50
Nt                        6
Nin                       4200
[2024-09-12 16:27:24]
Starting trial b1b0c8a24a09a3e7c4fa3f6dd962a871.
[2024-09-12 16:28:04]
acc_max_epoch             20
acc_max_mean              0.6816903352737427
acc_max_std               0.018524780869483948
[2024-09-12 16:28:04]
Finished trial b1b0c8a24a09a3e7c4fa3f6dd962a871 after 40.2s
[2024-09-12 16:28:13]
214 configs remaining (~2h 36m 58s, ETA: 19:05:12, based on a mean trial duration of 44.0s)
[2024-09-12 16:28:13]
========== CONFIG 39 ==========
Nin_virtual               2
Nhidden                   50
Nt                        8
Nin                       5600
[2024-09-12 16:28:13]
Starting trial caf2666290022246ca5edd04b99757be.
[2024-09-12 16:28:53]
acc_max_epoch             20
acc_max_mean              0.770404040813446
acc_max_std               0.01890379749238491
[2024-09-12 16:28:54]
Finished trial caf2666290022246ca5edd04b99757be after 40.3s
[2024-09-12 16:29:03]
213 configs remaining (~2h 36m 6s, ETA: 19:05:09, based on a mean trial duration of 44.0s)
[2024-09-12 16:29:03]
========== CONFIG 40 ==========
Nin_virtual               2
Nhidden                   50
Nt                        10
Nin                       7000
[2024-09-12 16:29:03]
Starting trial 8cdf65f0ff23cb69ccc2ccf8819d154f.
[2024-09-12 16:29:42]
acc_max_epoch             18
acc_max_mean              0.7672929763793945
acc_max_std               0.012359153479337692
[2024-09-12 16:29:42]
Finished trial 8cdf65f0ff23cb69ccc2ccf8819d154f after 39.0s
[2024-09-12 16:29:52]
212 configs remaining (~2h 35m 14s, ETA: 19:05:07, based on a mean trial duration of 43.9s)
[2024-09-12 16:29:52]
========== CONFIG 41 ==========
Nin_virtual               2
Nhidden                   50
Nt                        12
Nin                       8400
[2024-09-12 16:29:52]
Starting trial 089a9393f9179fd32e3c86e2230c9c66.
[2024-09-12 16:30:32]
acc_max_epoch             20
acc_max_mean              0.7674815654754639
acc_max_std               0.026029758155345917
[2024-09-12 16:30:32]
Finished trial 089a9393f9179fd32e3c86e2230c9c66 after 39.2s
[2024-09-12 16:30:41]
211 configs remaining (~2h 34m 20s, ETA: 19:05:02, based on a mean trial duration of 43.9s)
[2024-09-12 16:30:41]
========== CONFIG 42 ==========
Nin_virtual               2
Nhidden                   50
Nt                        14
Nin                       9800
[2024-09-12 16:30:41]
Starting trial 6b6696156d8d642c9155b756913d647b.
[2024-09-12 16:31:22]
acc_max_epoch             20
acc_max_mean              0.7794984579086304
acc_max_std               0.01832488738000393
[2024-09-12 16:31:22]
Finished trial 6b6696156d8d642c9155b756913d647b after 40.9s
[2024-09-12 16:31:31]
210 configs remaining (~2h 33m 30s, ETA: 19:05:02, based on a mean trial duration of 43.9s)
[2024-09-12 16:31:31]
========== CONFIG 43 ==========
Nin_virtual               2
Nhidden                   50
Nt                        16
Nin                       11200
[2024-09-12 16:31:31]
Starting trial 3e0a9a6c6a9dd65d0d51bfa42ab003a1.
[2024-09-12 16:32:13]
acc_max_epoch             19
acc_max_mean              0.7692896723747253
acc_max_std               0.014682401902973652
[2024-09-12 16:32:13]
Finished trial 3e0a9a6c6a9dd65d0d51bfa42ab003a1 after 41.5s
[2024-09-12 16:32:22]
209 configs remaining (~2h 32m 40s, ETA: 19:05:02, based on a mean trial duration of 43.8s)
[2024-09-12 16:32:22]
========== CONFIG 44 ==========
Nin_virtual               2
Nhidden                   50
Nt                        18
Nin                       12600
[2024-09-12 16:32:22]
Starting trial f8fe3250fef9e2574a75e42af7a24b29.
[2024-09-12 16:33:02]
acc_max_epoch             20
acc_max_mean              0.7511786222457886
acc_max_std               0.027977220714092255
[2024-09-12 16:33:02]
Finished trial f8fe3250fef9e2574a75e42af7a24b29 after 39.8s
[2024-09-12 16:33:11]
208 configs remaining (~2h 31m 47s, ETA: 19:04:59, based on a mean trial duration of 43.8s)
[2024-09-12 16:33:11]
========== CONFIG 45 ==========
Nin_virtual               4
Nhidden                   50
Nt                        4
Nin                       2800
[2024-09-12 16:33:11]
Starting trial 3b42521d06f2ad7f6ee5c5f7634c4450.
[2024-09-12 16:33:52]
acc_max_epoch             15
acc_max_mean              0.5873805284500122
acc_max_std               0.03376733511686325
[2024-09-12 16:33:52]
Finished trial 3b42521d06f2ad7f6ee5c5f7634c4450 after 41.1s
[2024-09-12 16:34:02]
207 configs remaining (~2h 30m 57s, ETA: 19:05:00, based on a mean trial duration of 43.8s)
[2024-09-12 16:34:02]
========== CONFIG 46 ==========
Nin_virtual               4
Nhidden                   50
Nt                        6
Nin                       4200
[2024-09-12 16:34:02]
Starting trial d4108acce1c31f6b7f04b6a1b4a7f176.
[2024-09-12 16:34:43]
acc_max_epoch             15
acc_max_mean              0.7119327783584595
acc_max_std               0.023216845467686653
[2024-09-12 16:34:43]
Finished trial d4108acce1c31f6b7f04b6a1b4a7f176 after 41.3s
[2024-09-12 16:34:53]
206 configs remaining (~2h 30m 8s, ETA: 19:05:01, based on a mean trial duration of 43.7s)
[2024-09-12 16:34:53]
========== CONFIG 47 ==========
Nin_virtual               4
Nhidden                   50
Nt                        8
Nin                       5600
[2024-09-12 16:34:53]
Starting trial d421d1f5e553c3665d6d66cdb9d535f1.
[2024-09-12 16:35:32]
acc_max_epoch             18
acc_max_mean              0.7722458839416504
acc_max_std               0.01298661157488823
[2024-09-12 16:35:32]
Finished trial d421d1f5e553c3665d6d66cdb9d535f1 after 39.5s
[2024-09-12 16:35:44]
205 configs remaining (~2h 29m 17s, ETA: 19:05:01, based on a mean trial duration of 43.7s)
[2024-09-12 16:35:44]
========== CONFIG 48 ==========
Nin_virtual               4
Nhidden                   50
Nt                        10
Nin                       7000
[2024-09-12 16:35:44]
Starting trial f087dfcb1ab26df5fad0fdc006c7f835.
[2024-09-12 16:36:24]
acc_max_epoch             20
acc_max_mean              0.7776432037353516
acc_max_std               0.011996445246040821
[2024-09-12 16:36:24]
Finished trial f087dfcb1ab26df5fad0fdc006c7f835 after 39.9s
[2024-09-12 16:36:34]
204 configs remaining (~2h 28m 27s, ETA: 19:05:01, based on a mean trial duration of 43.7s)
[2024-09-12 16:36:34]
========== CONFIG 49 ==========
Nin_virtual               4
Nhidden                   50
Nt                        12
Nin                       8400
[2024-09-12 16:36:34]
Starting trial 4c0aa7add4cfae254db15aea4845a31f.
[2024-09-12 16:37:16]
acc_max_epoch             19
acc_max_mean              0.7775758504867554
acc_max_std               0.009931981563568115
[2024-09-12 16:37:16]
Finished trial 4c0aa7add4cfae254db15aea4845a31f after 42.2s
[2024-09-12 16:37:26]
203 configs remaining (~2h 27m 39s, ETA: 19:05:05, based on a mean trial duration of 43.6s)
[2024-09-12 16:37:26]
========== CONFIG 50 ==========
Nin_virtual               4
Nhidden                   50
Nt                        14
Nin                       9800
[2024-09-12 16:37:26]
Starting trial ad07e2bffc36594ed3cd98671462a011.
[2024-09-12 16:38:06]
acc_max_epoch             20
acc_max_mean              0.7750539779663086
acc_max_std               0.02553243190050125
[2024-09-12 16:38:06]
Finished trial ad07e2bffc36594ed3cd98671462a011 after 40.1s
[2024-09-12 16:38:16]
202 configs remaining (~2h 26m 49s, ETA: 19:05:05, based on a mean trial duration of 43.6s)
[2024-09-12 16:38:16]
========== CONFIG 51 ==========
Nin_virtual               4
Nhidden                   50
Nt                        16
Nin                       11200
[2024-09-12 16:38:16]
Starting trial 554c43f18221ff60e7bb84754c18d9e9.
[2024-09-12 16:38:58]
acc_max_epoch             20
acc_max_mean              0.7800876498222351
acc_max_std               0.01031138189136982
[2024-09-12 16:38:58]
Finished trial 554c43f18221ff60e7bb84754c18d9e9 after 42.6s
[2024-09-12 16:39:08]
201 configs remaining (~2h 25m 58s, ETA: 19:05:07, based on a mean trial duration of 43.6s)
[2024-09-12 16:39:08]
========== CONFIG 52 ==========
Nin_virtual               4
Nhidden                   50
Nt                        18
Nin                       12600
[2024-09-12 16:39:08]
Starting trial cd75264b2163e1289647893bdf8d4b1b.
[2024-09-12 16:39:51]
acc_max_epoch             19
acc_max_mean              0.7545961141586304
acc_max_std               0.023402662947773933
[2024-09-12 16:39:51]
Finished trial cd75264b2163e1289647893bdf8d4b1b after 42.8s
[2024-09-12 16:40:01]
200 configs remaining (~2h 25m 10s, ETA: 19:05:11, based on a mean trial duration of 43.6s)
[2024-09-12 16:40:01]
========== CONFIG 53 ==========
Nin_virtual               8
Nhidden                   50
Nt                        4
Nin                       2800
[2024-09-12 16:40:01]
Starting trial 76d27ab5f6f98b221aa834dea63dd14a.
[2024-09-12 16:40:42]
acc_max_epoch             15
acc_max_mean              0.6032054424285889
acc_max_std               0.049521852284669876
[2024-09-12 16:40:42]
Finished trial 76d27ab5f6f98b221aa834dea63dd14a after 41.3s
[2024-09-12 16:40:54]
199 configs remaining (~2h 24m 22s, ETA: 19:05:17, based on a mean trial duration of 43.5s)
[2024-09-12 16:40:54]
========== CONFIG 54 ==========
Nin_virtual               8
Nhidden                   50
Nt                        6
Nin                       4200
[2024-09-12 16:40:54]
Starting trial 769ddbebfb2e57cb3ff15a17336fdfff.
[2024-09-12 16:41:36]
acc_max_epoch             18
acc_max_mean              0.736397385597229
acc_max_std               0.008365918882191181
[2024-09-12 16:41:36]
Finished trial 769ddbebfb2e57cb3ff15a17336fdfff after 41.4s
[2024-09-12 16:41:46]
198 configs remaining (~2h 23m 35s, ETA: 19:05:21, based on a mean trial duration of 43.5s)
[2024-09-12 16:41:46]
========== CONFIG 55 ==========
Nin_virtual               8
Nhidden                   50
Nt                        8
Nin                       5600
[2024-09-12 16:41:46]
Starting trial 9f72ff6b5f67a532fadc58db1ec6090c.
[2024-09-12 16:42:30]
acc_max_epoch             17
acc_max_mean              0.7852694392204285
acc_max_std               0.02329404465854168
[2024-09-12 16:42:30]
Finished trial 9f72ff6b5f67a532fadc58db1ec6090c after 43.8s
[2024-09-12 16:42:40]
197 configs remaining (~2h 22m 48s, ETA: 19:05:28, based on a mean trial duration of 43.5s)
[2024-09-12 16:42:40]
========== CONFIG 56 ==========
Nin_virtual               8
Nhidden                   50
Nt                        10
Nin                       7000
[2024-09-12 16:42:40]
Starting trial 9816ca61e0452e7119d04a7a827c347c.
[2024-09-12 16:43:24]
acc_max_epoch             17
acc_max_mean              0.7786464691162109
acc_max_std               0.033295247703790665
[2024-09-12 16:43:24]
Finished trial 9816ca61e0452e7119d04a7a827c347c after 44.3s
[2024-09-12 16:43:35]
196 configs remaining (~2h 22m 2s, ETA: 19:05:37, based on a mean trial duration of 43.5s)
[2024-09-12 16:43:35]
========== CONFIG 57 ==========
Nin_virtual               8
Nhidden                   50
Nt                        12
Nin                       8400
[2024-09-12 16:43:35]
Starting trial 093e4d60d9cb134300500bcfc08437be.
[2024-09-12 16:44:17]
acc_max_epoch             17
acc_max_mean              0.7759630084037781
acc_max_std               0.020133398473262787
[2024-09-12 16:44:17]
Finished trial 093e4d60d9cb134300500bcfc08437be after 42.5s
[2024-09-12 16:44:28]
195 configs remaining (~2h 21m 16s, ETA: 19:05:44, based on a mean trial duration of 43.5s)
[2024-09-12 16:44:28]
========== CONFIG 58 ==========
Nin_virtual               8
Nhidden                   50
Nt                        14
Nin                       9800
[2024-09-12 16:44:28]
Starting trial 3dec5f534bcbafa9edb0231201af12c8.
[2024-09-12 16:45:12]
acc_max_epoch             20
acc_max_mean              0.7961549162864685
acc_max_std               0.008305682800710201
[2024-09-12 16:45:12]
Finished trial 3dec5f534bcbafa9edb0231201af12c8 after 44.6s
[2024-09-12 16:45:23]
194 configs remaining (~2h 20m 31s, ETA: 19:05:54, based on a mean trial duration of 43.5s)
[2024-09-12 16:45:23]
========== CONFIG 59 ==========
Nin_virtual               8
Nhidden                   50
Nt                        16
Nin                       11200
[2024-09-12 16:45:23]
Starting trial fd446c1e95351bfd3d88f32cc98fa7d1.
[2024-09-12 16:46:06]
acc_max_epoch             20
acc_max_mean              0.7915422320365906
acc_max_std               0.004054916091263294
[2024-09-12 16:46:06]
Finished trial fd446c1e95351bfd3d88f32cc98fa7d1 after 43.1s
[2024-09-12 16:46:18]
193 configs remaining (~2h 19m 43s, ETA: 19:06:02, based on a mean trial duration of 43.4s)
[2024-09-12 16:46:18]
========== CONFIG 60 ==========
Nin_virtual               8
Nhidden                   50
Nt                        18
Nin                       12600
[2024-09-12 16:46:18]
Starting trial 88da3c3a0202e4c4d130762c01c83fa2.
[2024-09-12 16:47:02]
acc_max_epoch             18
acc_max_mean              0.7645926475524902
acc_max_std               0.021894555538892746
[2024-09-12 16:47:02]
Finished trial 88da3c3a0202e4c4d130762c01c83fa2 after 43.4s
[2024-09-12 16:47:12]
192 configs remaining (~2h 18m 56s, ETA: 19:06:09, based on a mean trial duration of 43.4s)
[2024-09-12 16:47:12]
========== CONFIG 61 ==========
Nin_virtual               12
Nhidden                   50
Nt                        4
Nin                       2800
[2024-09-12 16:47:12]
Starting trial 9d69ec6113ec0ba8afeadc6df7a0868b.
[2024-09-12 16:47:59]
acc_max_epoch             20
acc_max_mean              0.6435016989707947
acc_max_std               0.03500455617904663
[2024-09-12 16:47:59]
Finished trial 9d69ec6113ec0ba8afeadc6df7a0868b after 47.0s
[2024-09-12 16:48:10]
191 configs remaining (~2h 18m 13s, ETA: 19:06:23, based on a mean trial duration of 43.4s)
[2024-09-12 16:48:10]
========== CONFIG 62 ==========
Nin_virtual               12
Nhidden                   50
Nt                        6
Nin                       4200
[2024-09-12 16:48:10]
Starting trial 3021c6b6f1f01dc0bb3b75adb70fe5b6.
[2024-09-12 16:48:55]
acc_max_epoch             19
acc_max_mean              0.7378317713737488
acc_max_std               0.008459759876132011
[2024-09-12 16:48:55]
Finished trial 3021c6b6f1f01dc0bb3b75adb70fe5b6 after 45.1s
[2024-09-12 16:49:06]
190 configs remaining (~2h 17m 27s, ETA: 19:06:33, based on a mean trial duration of 43.4s)
[2024-09-12 16:49:06]
========== CONFIG 63 ==========
Nin_virtual               12
Nhidden                   50
Nt                        8
Nin                       5600
[2024-09-12 16:49:06]
Starting trial 55bf33422ff1d4db44b1cb47065e39ce.
[2024-09-12 16:49:53]
acc_max_epoch             17
acc_max_mean              0.79374760389328
acc_max_std               0.013937171548604965
[2024-09-12 16:49:53]
Finished trial 55bf33422ff1d4db44b1cb47065e39ce after 47.6s
[2024-09-12 16:50:04]
189 configs remaining (~2h 16m 45s, ETA: 19:06:49, based on a mean trial duration of 43.4s)
[2024-09-12 16:50:04]
========== CONFIG 64 ==========
Nin_virtual               12
Nhidden                   50
Nt                        10
Nin                       7000
[2024-09-12 16:50:04]
Starting trial d1a1619be16c3e318d40ce8074511297.
[2024-09-12 16:50:52]
acc_max_epoch             17
acc_max_mean              0.7916836142539978
acc_max_std               0.015395928174257278
[2024-09-12 16:50:52]
Finished trial d1a1619be16c3e318d40ce8074511297 after 48.3s
[2024-09-12 16:51:03]
188 configs remaining (~2h 16m 4s, ETA: 19:07:07, based on a mean trial duration of 43.4s)
[2024-09-12 16:51:03]
========== CONFIG 65 ==========
Nin_virtual               12
Nhidden                   50
Nt                        12
Nin                       8400
[2024-09-12 16:51:03]
Starting trial e8625d063f64a3a5babbf799163be571.
[2024-09-12 16:51:52]
acc_max_epoch             17
acc_max_mean              0.7903434634208679
acc_max_std               0.028258180245757103
[2024-09-12 16:51:52]
Finished trial e8625d063f64a3a5babbf799163be571 after 48.7s
[2024-09-12 16:52:03]
187 configs remaining (~2h 15m 21s, ETA: 19:07:25, based on a mean trial duration of 43.4s)
[2024-09-12 16:52:03]
========== CONFIG 66 ==========
Nin_virtual               12
Nhidden                   50
Nt                        14
Nin                       9800
[2024-09-12 16:52:03]
Starting trial f906a1baacd6f008c99ec0adf1afba01.
[2024-09-12 16:52:50]
acc_max_epoch             17
acc_max_mean              0.7902626991271973
acc_max_std               0.020375913009047508
[2024-09-12 16:52:50]
Finished trial f906a1baacd6f008c99ec0adf1afba01 after 46.8s
[2024-09-12 16:53:03]
186 configs remaining (~2h 14m 38s, ETA: 19:07:42, based on a mean trial duration of 43.4s)
[2024-09-12 16:53:03]
========== CONFIG 67 ==========
Nin_virtual               12
Nhidden                   50
Nt                        16
Nin                       11200
[2024-09-12 16:53:03]
Starting trial e0ef7d1498ff425835fd86cbc8860a47.
[2024-09-12 16:53:50]
acc_max_epoch             20
acc_max_mean              0.780387282371521
acc_max_std               0.014570516534149647
[2024-09-12 16:53:50]
Finished trial e0ef7d1498ff425835fd86cbc8860a47 after 47.4s
[2024-09-12 16:54:01]
185 configs remaining (~2h 13m 57s, ETA: 19:07:59, based on a mean trial duration of 43.4s)
[2024-09-12 16:54:01]
========== CONFIG 68 ==========
Nin_virtual               12
Nhidden                   50
Nt                        18
Nin                       12600
[2024-09-12 16:54:01]
Starting trial 3017bc8129429ea5bb6f5156e87a7f50.
[2024-09-12 16:54:52]
acc_max_epoch             17
acc_max_mean              0.7638216018676758
acc_max_std               0.02326156198978424
[2024-09-12 16:54:52]
Finished trial 3017bc8129429ea5bb6f5156e87a7f50 after 50.1s
[2024-09-12 16:55:03]
184 configs remaining (~2h 13m 17s, ETA: 19:08:20, based on a mean trial duration of 43.5s)
[2024-09-12 16:55:03]
========== CONFIG 69 ==========
Nin_virtual               16
Nhidden                   50
Nt                        4
Nin                       2800
[2024-09-12 16:55:03]
Starting trial 092b81d832fa2923aa766a06ec234110.
[2024-09-12 16:55:51]
acc_max_epoch             15
acc_max_mean              0.6571718454360962
acc_max_std               0.022815097123384476
[2024-09-12 16:55:51]
Finished trial 092b81d832fa2923aa766a06ec234110 after 48.5s
[2024-09-12 16:56:02]
183 configs remaining (~2h 12m 37s, ETA: 19:08:40, based on a mean trial duration of 43.5s)
[2024-09-12 16:56:02]
========== CONFIG 70 ==========
Nin_virtual               16
Nhidden                   50
Nt                        6
Nin                       4200
[2024-09-12 16:56:02]
Starting trial 8b1eaede54d06204be29246b990e4396.
[2024-09-12 16:56:49]
acc_max_epoch             19
acc_max_mean              0.7725354433059692
acc_max_std               0.007126153912395239
[2024-09-12 16:56:49]
Finished trial 8b1eaede54d06204be29246b990e4396 after 46.4s
[2024-09-12 16:57:00]
182 configs remaining (~2h 11m 56s, ETA: 19:08:57, based on a mean trial duration of 43.5s)
[2024-09-12 16:57:00]
========== CONFIG 71 ==========
Nin_virtual               16
Nhidden                   50
Nt                        8
Nin                       5600
[2024-09-12 16:57:00]
Starting trial 171744ddea520ef08202caff92dbbcdd.
[2024-09-12 16:57:49]
acc_max_epoch             19
acc_max_mean              0.8037172555923462
acc_max_std               0.02208084799349308
[2024-09-12 16:57:49]
Finished trial 171744ddea520ef08202caff92dbbcdd after 49.2s
[2024-09-12 16:58:01]
181 configs remaining (~2h 11m 16s, ETA: 19:09:17, based on a mean trial duration of 43.5s)
[2024-09-12 16:58:01]
========== CONFIG 72 ==========
Nin_virtual               16
Nhidden                   50
Nt                        10
Nin                       7000
[2024-09-12 16:58:01]
Starting trial 0b48053530f241f1003303da2cfa06e7.
[2024-09-12 16:58:48]
acc_max_epoch             18
acc_max_mean              0.7975994348526001
acc_max_std               0.023501688614487648
[2024-09-12 16:58:48]
Finished trial 0b48053530f241f1003303da2cfa06e7 after 47.6s
[2024-09-12 16:59:02]
180 configs remaining (~2h 10m 37s, ETA: 19:09:39, based on a mean trial duration of 43.5s)
[2024-09-12 16:59:02]
========== CONFIG 73 ==========
Nin_virtual               16
Nhidden                   50
Nt                        12
Nin                       8400
[2024-09-12 16:59:02]
Starting trial 21d7f7747012ad64122cfa07b2988cfe.
[2024-09-12 16:59:50]
acc_max_epoch             20
acc_max_mean              0.7984714508056641
acc_max_std               0.012258258648216724
[2024-09-12 16:59:50]
Finished trial 21d7f7747012ad64122cfa07b2988cfe after 48.1s
[2024-09-12 17:00:01]
179 configs remaining (~2h 9m 52s, ETA: 19:09:54, based on a mean trial duration of 43.5s)
[2024-09-12 17:00:01]
========== CONFIG 74 ==========
Nin_virtual               16
Nhidden                   50
Nt                        14
Nin                       9800
[2024-09-12 17:00:01]
Starting trial 92e89d98a2d360b9e8f2d6b92b52e2f9.
[2024-09-12 17:00:52]
acc_max_epoch             19
acc_max_mean              0.7960472106933594
acc_max_std               0.017866607755422592
[2024-09-12 17:00:52]
Finished trial 92e89d98a2d360b9e8f2d6b92b52e2f9 after 50.9s
[2024-09-12 17:01:04]
178 configs remaining (~2h 9m 10s, ETA: 19:10:15, based on a mean trial duration of 43.5s)
[2024-09-12 17:01:04]
========== CONFIG 75 ==========
Nin_virtual               16
Nhidden                   50
Nt                        16
Nin                       11200
[2024-09-12 17:01:04]
Starting trial f9cfa81fe70ce2f8f67e9f1fc7654ddc.
[2024-09-12 17:01:53]
acc_max_epoch             19
acc_max_mean              0.7823233008384705
acc_max_std               0.03354114294052124
[2024-09-12 17:01:53]
Finished trial f9cfa81fe70ce2f8f67e9f1fc7654ddc after 49.2s
[2024-09-12 17:02:04]
177 configs remaining (~2h 8m 29s, ETA: 19:10:34, based on a mean trial duration of 43.6s)
[2024-09-12 17:02:04]
========== CONFIG 76 ==========
Nin_virtual               16
Nhidden                   50
Nt                        18
Nin                       12600
[2024-09-12 17:02:04]
Starting trial 012a441faeca202ffaeea59c17458123.
[2024-09-12 17:02:57]
acc_max_epoch             18
acc_max_mean              0.7850236296653748
acc_max_std               0.03127018362283707
[2024-09-12 17:02:57]
Finished trial 012a441faeca202ffaeea59c17458123 after 52.1s
[2024-09-12 17:03:08]
176 configs remaining (~2h 7m 48s, ETA: 19:10:56, based on a mean trial duration of 43.6s)
[2024-09-12 17:03:08]
========== CONFIG 77 ==========
Nin_virtual               24
Nhidden                   50
Nt                        4
Nin                       2800
[2024-09-12 17:03:08]
Starting trial c1778d272ea0f05a8ec1a1b8dcc4d75f.
[2024-09-12 17:03:58]
acc_max_epoch             20
acc_max_mean              0.6777710914611816
acc_max_std               0.013903854414820671
[2024-09-12 17:03:58]
Finished trial c1778d272ea0f05a8ec1a1b8dcc4d75f after 49.9s
[2024-09-12 17:04:10]
175 configs remaining (~2h 7m 5s, ETA: 19:11:16, based on a mean trial duration of 43.6s)
[2024-09-12 17:04:10]
========== CONFIG 78 ==========
Nin_virtual               24
Nhidden                   50
Nt                        6
Nin                       4200
[2024-09-12 17:04:10]
Starting trial c271c8d7597c81270dbc5187de683fa9.
[2024-09-12 17:04:58]
acc_max_epoch             18
acc_max_mean              0.7726095914840698
acc_max_std               0.020321957767009735
[2024-09-12 17:04:58]
Finished trial c271c8d7597c81270dbc5187de683fa9 after 48.1s
[2024-09-12 17:05:10]
174 configs remaining (~2h 6m 24s, ETA: 19:11:34, based on a mean trial duration of 43.6s)
[2024-09-12 17:05:10]
========== CONFIG 79 ==========
Nin_virtual               24
Nhidden                   50
Nt                        8
Nin                       5600
[2024-09-12 17:05:10]
Starting trial 81602ce0dd9a02056b43fbd67fb8ecf2.
[2024-09-12 17:06:01]
acc_max_epoch             19
acc_max_mean              0.801882266998291
acc_max_std               0.014532282948493958
[2024-09-12 17:06:01]
Finished trial 81602ce0dd9a02056b43fbd67fb8ecf2 after 51.0s
[2024-09-12 17:06:13]
173 configs remaining (~2h 5m 42s, ETA: 19:11:55, based on a mean trial duration of 43.6s)
[2024-09-12 17:06:13]
========== CONFIG 80 ==========
Nin_virtual               24
Nhidden                   50
Nt                        10
Nin                       7000
[2024-09-12 17:06:13]
Starting trial 3ab3f0e34a2135f15107e63b60606c42.
[2024-09-12 17:07:05]
acc_max_epoch             17
acc_max_mean              0.8022391200065613
acc_max_std               0.006419772282242775
[2024-09-12 17:07:05]
Finished trial 3ab3f0e34a2135f15107e63b60606c42 after 52.0s
[2024-09-12 17:07:17]
172 configs remaining (~2h 5m 5s, ETA: 19:12:22, based on a mean trial duration of 43.6s)
[2024-09-12 17:07:17]
========== CONFIG 81 ==========
Nin_virtual               24
Nhidden                   50
Nt                        12
Nin                       8400
[2024-09-12 17:07:17]
Starting trial 3ee5132c1a906e639b21c27136b4241e.
[2024-09-12 17:08:07]
acc_max_epoch             16
acc_max_mean              0.8086061477661133
acc_max_std               0.010368491522967815
[2024-09-12 17:08:07]
Finished trial 3ee5132c1a906e639b21c27136b4241e after 50.2s
[2024-09-12 17:08:21]
171 configs remaining (~2h 4m 24s, ETA: 19:12:46, based on a mean trial duration of 43.7s)
[2024-09-12 17:08:21]
========== CONFIG 82 ==========
Nin_virtual               24
Nhidden                   50
Nt                        14
Nin                       9800
[2024-09-12 17:08:21]
Starting trial a2a29c20fe1386558f8e7fe8f2962283.
[2024-09-12 17:09:12]
acc_max_epoch             18
acc_max_mean              0.7951617240905762
acc_max_std               0.01121318805962801
[2024-09-12 17:09:12]
Finished trial a2a29c20fe1386558f8e7fe8f2962283 after 50.8s
[2024-09-12 17:09:24]
170 configs remaining (~2h 3m 43s, ETA: 19:13:08, based on a mean trial duration of 43.7s)
[2024-09-12 17:09:24]
========== CONFIG 83 ==========
Nin_virtual               24
Nhidden                   50
Nt                        16
Nin                       11200
[2024-09-12 17:09:24]
Starting trial 5f0e3ff375a8ac95f314e23318a489c0.
[2024-09-12 17:10:18]
acc_max_epoch             19
acc_max_mean              0.812464714050293
acc_max_std               0.00609253067523241
[2024-09-12 17:10:18]
Finished trial 5f0e3ff375a8ac95f314e23318a489c0 after 53.9s
[2024-09-12 17:10:30]
169 configs remaining (~2h 3m 4s, ETA: 19:13:35, based on a mean trial duration of 43.7s)
[2024-09-12 17:10:30]
========== CONFIG 84 ==========
Nin_virtual               24
Nhidden                   50
Nt                        18
Nin                       12600
[2024-09-12 17:10:30]
Starting trial 7f5ed467bb6c326aa21275dd16552346.
[2024-09-12 17:11:25]
acc_max_epoch             19
acc_max_mean              0.7977239489555359
acc_max_std               0.021921595558524132
[2024-09-12 17:11:25]
Finished trial 7f5ed467bb6c326aa21275dd16552346 after 54.7s
[2024-09-12 17:11:37]
168 configs remaining (~2h 2m 26s, ETA: 19:14:04, based on a mean trial duration of 43.7s)
[2024-09-12 17:11:37]
========== CONFIG 85 ==========
Nin_virtual               1
Nhidden                   100
Nt                        4
Nin                       2800
[2024-09-12 17:11:37]
Starting trial f69479bc7e247cc1643b894d79e4a7af.
[2024-09-12 17:12:23]
acc_max_epoch             15
acc_max_mean              0.5816532373428345
acc_max_std               0.014111493714153767
[2024-09-12 17:12:23]
Finished trial f69479bc7e247cc1643b894d79e4a7af after 45.5s
[2024-09-12 17:12:35]
167 configs remaining (~2h 1m 43s, ETA: 19:14:18, based on a mean trial duration of 43.7s)
[2024-09-12 17:12:35]
========== CONFIG 86 ==========
Nin_virtual               1
Nhidden                   100
Nt                        6
Nin                       4200
[2024-09-12 17:12:35]
Starting trial b086489ce0789cc418728d243c93c48b.
[2024-09-12 17:13:23]
acc_max_epoch             18
acc_max_mean              0.6997946500778198
acc_max_std               0.01573476381599903
[2024-09-12 17:13:23]
Finished trial b086489ce0789cc418728d243c93c48b after 48.0s
[2024-09-12 17:13:36]
166 configs remaining (~2h 1m 0s, ETA: 19:14:36, based on a mean trial duration of 43.7s)
[2024-09-12 17:13:36]
========== CONFIG 87 ==========
Nin_virtual               1
Nhidden                   100
Nt                        8
Nin                       5600
[2024-09-12 17:13:36]
Starting trial 2feb2142c877363c6f37aa54572ce184.
[2024-09-12 17:14:24]
acc_max_epoch             15
acc_max_mean              0.7684041261672974
acc_max_std               0.014075837098062038
[2024-09-12 17:14:24]
Finished trial 2feb2142c877363c6f37aa54572ce184 after 48.0s
[2024-09-12 17:14:36]
165 configs remaining (~2h 0m 19s, ETA: 19:14:56, based on a mean trial duration of 43.8s)
[2024-09-12 17:14:36]
========== CONFIG 88 ==========
Nin_virtual               1
Nhidden                   100
Nt                        10
Nin                       7000
[2024-09-12 17:14:36]
Starting trial b86c324feabf64658e40de96ac8a7ff3.
[2024-09-12 17:15:22]
acc_max_epoch             18
acc_max_mean              0.8037914037704468
acc_max_std               0.007201099302619696
[2024-09-12 17:15:22]
Finished trial b86c324feabf64658e40de96ac8a7ff3 after 45.9s
[2024-09-12 17:15:35]
164 configs remaining (~1h 59m 36s, ETA: 19:15:11, based on a mean trial duration of 43.8s)
[2024-09-12 17:15:35]
========== CONFIG 89 ==========
Nin_virtual               1
Nhidden                   100
Nt                        12
Nin                       8400
[2024-09-12 17:15:35]
Starting trial a8e5de6c65163dc1c220bd095d0fde63.
[2024-09-12 17:16:23]
acc_max_epoch             16
acc_max_mean              0.7943233251571655
acc_max_std               0.012415272183716297
[2024-09-12 17:16:23]
Finished trial a8e5de6c65163dc1c220bd095d0fde63 after 48.6s
[2024-09-12 17:16:36]
163 configs remaining (~1h 58m 54s, ETA: 19:15:30, based on a mean trial duration of 43.8s)
[2024-09-12 17:16:36]
========== CONFIG 90 ==========
Nin_virtual               1
Nhidden                   100
Nt                        14
Nin                       9800
[2024-09-12 17:16:36]
Starting trial da04484d9b1863f1efecba6db4c62c1d.
[2024-09-12 17:17:24]
acc_max_epoch             18
acc_max_mean              0.7882862091064453
acc_max_std               0.03493359684944153
[2024-09-12 17:17:24]
Finished trial da04484d9b1863f1efecba6db4c62c1d after 48.5s
[2024-09-12 17:17:37]
162 configs remaining (~1h 58m 13s, ETA: 19:15:51, based on a mean trial duration of 43.8s)
[2024-09-12 17:17:37]
========== CONFIG 91 ==========
Nin_virtual               1
Nhidden                   100
Nt                        16
Nin                       11200
[2024-09-12 17:17:37]
Starting trial 62b76cfbabcac775360c0f6a5350c9d6.
[2024-09-12 17:18:23]
acc_max_epoch             18
acc_max_mean              0.7981785535812378
acc_max_std               0.007395910564810038
[2024-09-12 17:18:23]
Finished trial 62b76cfbabcac775360c0f6a5350c9d6 after 46.3s
[2024-09-12 17:18:36]
161 configs remaining (~1h 57m 32s, ETA: 19:16:08, based on a mean trial duration of 43.8s)
[2024-09-12 17:18:36]
========== CONFIG 92 ==========
Nin_virtual               1
Nhidden                   100
Nt                        18
Nin                       12600
[2024-09-12 17:18:36]
Starting trial 678302622b1c00e8dea6d27a2931f69e.
[2024-09-12 17:19:25]
acc_max_epoch             17
acc_max_mean              0.7859193086624146
acc_max_std               0.011137803085148335
[2024-09-12 17:19:25]
Finished trial 678302622b1c00e8dea6d27a2931f69e after 49.1s
[2024-09-12 17:19:38]
160 configs remaining (~1h 56m 51s, ETA: 19:16:30, based on a mean trial duration of 43.8s)
[2024-09-12 17:19:38]
========== CONFIG 93 ==========
Nin_virtual               1
Nhidden                   150
Nt                        4
Nin                       2800
[2024-09-12 17:19:38]
Starting trial 2cdff6318ff57beaf13430c546e4f81e.
[2024-09-12 17:20:33]
acc_max_epoch             20
acc_max_mean              0.5796027183532715
acc_max_std               0.028932703658938408
[2024-09-12 17:20:33]
Finished trial 2cdff6318ff57beaf13430c546e4f81e after 54.9s
[2024-09-12 17:20:46]
159 configs remaining (~1h 56m 13s, ETA: 19:16:59, based on a mean trial duration of 43.9s)
[2024-09-12 17:20:46]
========== CONFIG 94 ==========
Nin_virtual               1
Nhidden                   150
Nt                        6
Nin                       4200
[2024-09-12 17:20:46]
Starting trial 7294a8a8637313e099f005048959b8bb.
[2024-09-12 17:21:38]
acc_max_epoch             15
acc_max_mean              0.705191969871521
acc_max_std               0.009964153170585632
[2024-09-12 17:21:38]
Finished trial 7294a8a8637313e099f005048959b8bb after 52.5s
[2024-09-12 17:21:54]
158 configs remaining (~1h 55m 29s, ETA: 19:17:24, based on a mean trial duration of 43.9s)
[2024-09-12 17:21:54]
========== CONFIG 95 ==========
Nin_virtual               1
Nhidden                   150
Nt                        8
Nin                       5600
[2024-09-12 17:21:54]
Starting trial aff0c2deced4428d899414ce4581e14f.
[2024-09-12 17:22:46]
acc_max_epoch             18
acc_max_mean              0.7703065276145935
acc_max_std               0.015301179140806198
[2024-09-12 17:22:47]
Finished trial aff0c2deced4428d899414ce4581e14f after 52.6s
[2024-09-12 17:23:00]
157 configs remaining (~1h 54m 46s, ETA: 19:17:46, based on a mean trial duration of 43.9s)
[2024-09-12 17:23:00]
========== CONFIG 96 ==========
Nin_virtual               1
Nhidden                   150
Nt                        10
Nin                       7000
[2024-09-12 17:23:00]
Starting trial e600dff78fd40747fcdb2dbd621a6ed3.
[2024-09-12 17:23:55]
acc_max_epoch             18
acc_max_mean              0.8120371699333191
acc_max_std               0.007703121285885572
[2024-09-12 17:23:55]
Finished trial e600dff78fd40747fcdb2dbd621a6ed3 after 55.5s
[2024-09-12 17:24:08]
156 configs remaining (~1h 54m 3s, ETA: 19:18:11, based on a mean trial duration of 43.9s)
[2024-09-12 17:24:08]
========== CONFIG 97 ==========
Nin_virtual               1
Nhidden                   150
Nt                        12
Nin                       8400
[2024-09-12 17:24:08]
Starting trial f1ae4c40cb7e3a8c4497a0d2f646e1cd.
[2024-09-12 17:25:04]
acc_max_epoch             19
acc_max_mean              0.7806565761566162
acc_max_std               0.01737036369740963
[2024-09-12 17:25:04]
Finished trial f1ae4c40cb7e3a8c4497a0d2f646e1cd after 55.5s
[2024-09-12 17:25:17]
155 configs remaining (~1h 53m 20s, ETA: 19:18:38, based on a mean trial duration of 43.9s)
[2024-09-12 17:25:17]
========== CONFIG 98 ==========
Nin_virtual               1
Nhidden                   150
Nt                        14
Nin                       9800
[2024-09-12 17:25:17]
Starting trial 9babb8f122a9b58d1bee2435b68bea64.
[2024-09-12 17:26:10]
acc_max_epoch             20
acc_max_mean              0.7983435392379761
acc_max_std               0.02059486322104931
[2024-09-12 17:26:10]
Finished trial 9babb8f122a9b58d1bee2435b68bea64 after 53.0s
[2024-09-12 17:26:26]
154 configs remaining (~1h 52m 38s, ETA: 19:19:05, based on a mean trial duration of 43.9s)
[2024-09-12 17:26:26]
========== CONFIG 99 ==========
Nin_virtual               1
Nhidden                   150
Nt                        16
Nin                       11200
[2024-09-12 17:26:26]
Starting trial d844357f83600d53ffac60521e640468.
[2024-09-12 17:27:19]
acc_max_epoch             14
acc_max_mean              0.8094176054000854
acc_max_std               0.01338605210185051
[2024-09-12 17:27:19]
Finished trial d844357f83600d53ffac60521e640468 after 53.3s
[2024-09-12 17:27:33]
153 configs remaining (~1h 51m 54s, ETA: 19:19:27, based on a mean trial duration of 43.9s)
[2024-09-12 17:27:33]
========== CONFIG 100 ==========
Nin_virtual               1
Nhidden                   150
Nt                        18
Nin                       12600
[2024-09-12 17:27:33]
Starting trial f2a22910a9a033e658f6fc94ff478a0b.
[2024-09-12 17:28:29]
acc_max_epoch             17
acc_max_mean              0.7992256879806519
acc_max_std               0.007835139520466328
[2024-09-12 17:28:29]
Finished trial f2a22910a9a033e658f6fc94ff478a0b after 56.3s
[2024-09-12 17:28:43]
152 configs remaining (~1h 51m 13s, ETA: 19:19:56, based on a mean trial duration of 43.9s)
[2024-09-12 17:28:43]
========== CONFIG 101 ==========
Nin_virtual               1
Nhidden                   200
Nt                        4
Nin                       2800
[2024-09-12 17:28:43]
Starting trial c99866a563b91c8576134a17bb9695f5.
[2024-09-12 17:29:40]
acc_max_epoch             20
acc_max_mean              0.5745859146118164
acc_max_std               0.00855885911732912
[2024-09-12 17:29:40]
Finished trial c99866a563b91c8576134a17bb9695f5 after 57.2s
[2024-09-12 17:29:53]
151 configs remaining (~1h 50m 33s, ETA: 19:20:27, based on a mean trial duration of 43.9s)
[2024-09-12 17:29:53]
========== CONFIG 102 ==========
Nin_virtual               1
Nhidden                   200
Nt                        6
Nin                       4200
[2024-09-12 17:29:53]
Starting trial 987b22a48c98aae952bd1d48f183ff08.
[2024-09-12 17:30:48]
acc_max_epoch             20
acc_max_mean              0.709356963634491
acc_max_std               0.0039253695867955685
[2024-09-12 17:30:48]
Finished trial 987b22a48c98aae952bd1d48f183ff08 after 55.0s
[2024-09-12 17:31:02]
150 configs remaining (~1h 49m 52s, ETA: 19:20:54, based on a mean trial duration of 43.9s)
[2024-09-12 17:31:02]
========== CONFIG 103 ==========
Nin_virtual               1
Nhidden                   200
Nt                        8
Nin                       5600
[2024-09-12 17:31:02]
Starting trial 26e7cba247b5403157e44aca7d454c97.
[2024-09-12 17:31:59]
acc_max_epoch             15
acc_max_mean              0.7654579877853394
acc_max_std               0.0008623549365438521
[2024-09-12 17:31:59]
Finished trial 26e7cba247b5403157e44aca7d454c97 after 57.5s
[2024-09-12 17:32:13]
149 configs remaining (~1h 49m 9s, ETA: 19:21:23, based on a mean trial duration of 44.0s)
[2024-09-12 17:32:13]
========== CONFIG 104 ==========
Nin_virtual               1
Nhidden                   200
Nt                        10
Nin                       7000
[2024-09-12 17:32:13]
Starting trial 0cf3f8969e55189f88deb883cff38ae6.
[2024-09-12 17:33:11]
acc_max_epoch             20
acc_max_mean              0.8072021007537842
acc_max_std               0.01718277670443058
[2024-09-12 17:33:11]
Finished trial 0cf3f8969e55189f88deb883cff38ae6 after 58.0s
[2024-09-12 17:33:25]
148 configs remaining (~1h 48m 30s, ETA: 19:21:55, based on a mean trial duration of 44.0s)
[2024-09-12 17:33:25]
========== CONFIG 105 ==========
Nin_virtual               1
Nhidden                   200
Nt                        12
Nin                       8400
[2024-09-12 17:33:25]
Starting trial 36732a63edfa284807ad55a6a1c793f4.
[2024-09-12 17:34:20]
acc_max_epoch             19
acc_max_mean              0.8118553161621094
acc_max_std               0.010438107885420322
[2024-09-12 17:34:20]
Finished trial 36732a63edfa284807ad55a6a1c793f4 after 55.4s
[2024-09-12 17:34:37]
147 configs remaining (~1h 47m 49s, ETA: 19:22:26, based on a mean trial duration of 44.0s)
[2024-09-12 17:34:37]
========== CONFIG 106 ==========
Nin_virtual               1
Nhidden                   200
Nt                        14
Nin                       9800
[2024-09-12 17:34:37]
Starting trial fa68608281fcffb74b915a5b0e1d766c.
[2024-09-12 17:35:32]
acc_max_epoch             18
acc_max_mean              0.8141347765922546
acc_max_std               0.003641305724158883
[2024-09-12 17:35:32]
Finished trial fa68608281fcffb74b915a5b0e1d766c after 55.5s
[2024-09-12 17:35:46]
146 configs remaining (~1h 47m 7s, ETA: 19:22:53, based on a mean trial duration of 44.0s)
[2024-09-12 17:35:46]
========== CONFIG 107 ==========
Nin_virtual               1
Nhidden                   200
Nt                        16
Nin                       11200
[2024-09-12 17:35:46]
Starting trial 2194474732670e86594a9a576ac34c48.
[2024-09-12 17:36:44]
acc_max_epoch             19
acc_max_mean              0.8045353889465332
acc_max_std               0.016495561227202415
[2024-09-12 17:36:44]
Finished trial 2194474732670e86594a9a576ac34c48 after 58.2s
[2024-09-12 17:36:58]
145 configs remaining (~1h 46m 27s, ETA: 19:23:26, based on a mean trial duration of 44.1s)
[2024-09-12 17:36:58]
========== CONFIG 108 ==========
Nin_virtual               1
Nhidden                   200
Nt                        18
Nin                       12600
[2024-09-12 17:36:58]
Starting trial e881035b3727f84647476ff5ccdad066.
[2024-09-12 17:37:57]
acc_max_epoch             14
acc_max_mean              0.7927542924880981
acc_max_std               0.01334008015692234
[2024-09-12 17:37:57]
Finished trial e881035b3727f84647476ff5ccdad066 after 58.6s
[2024-09-12 17:38:11]
144 configs remaining (~1h 45m 47s, ETA: 19:23:59, based on a mean trial duration of 44.1s)
[2024-09-12 17:38:11]
========== CONFIG 109 ==========
Nin_virtual               2
Nhidden                   100
Nt                        4
Nin                       2800
[2024-09-12 17:38:11]
Starting trial a9598a53a42916fd3659617142974304.
[2024-09-12 17:38:54]
acc_max_epoch             20
acc_max_mean              0.5881684422492981
acc_max_std               0.005726423114538193
[2024-09-12 17:38:54]
Finished trial a9598a53a42916fd3659617142974304 after 43.0s
[2024-09-12 17:39:11]
143 configs remaining (~1h 45m 2s, ETA: 19:24:13, based on a mean trial duration of 44.1s)
[2024-09-12 17:39:11]
========== CONFIG 110 ==========
Nin_virtual               2
Nhidden                   100
Nt                        6
Nin                       4200
[2024-09-12 17:39:11]
Starting trial b9cb8c88711b21aab99d56721dae260f.
[2024-09-12 17:39:54]
acc_max_epoch             17
acc_max_mean              0.707101047039032
acc_max_std               0.029518133029341698
[2024-09-12 17:39:54]
Finished trial b9cb8c88711b21aab99d56721dae260f after 43.1s
[2024-09-12 17:40:08]
142 configs remaining (~1h 44m 18s, ETA: 19:24:26, based on a mean trial duration of 44.1s)
[2024-09-12 17:40:08]
========== CONFIG 111 ==========
Nin_virtual               2
Nhidden                   100
Nt                        8
Nin                       5600
[2024-09-12 17:40:08]
Starting trial 187c299c322a7a24e3d9064d9552bd95.
[2024-09-12 17:40:54]
acc_max_epoch             18
acc_max_mean              0.7846431732177734
acc_max_std               0.009850230067968369
[2024-09-12 17:40:54]
Finished trial 187c299c322a7a24e3d9064d9552bd95 after 45.9s
[2024-09-12 17:41:08]
141 configs remaining (~1h 43m 34s, ETA: 19:24:43, based on a mean trial duration of 44.1s)
[2024-09-12 17:41:08]
========== CONFIG 112 ==========
Nin_virtual               2
Nhidden                   100
Nt                        10
Nin                       7000
[2024-09-12 17:41:08]
Starting trial 0f4812ddd7af1008681d0b23dc309128.
[2024-09-12 17:41:52]
acc_max_epoch             17
acc_max_mean              0.7927206754684448
acc_max_std               0.012074245139956474
[2024-09-12 17:41:52]
Finished trial 0f4812ddd7af1008681d0b23dc309128 after 43.5s
[2024-09-12 17:42:06]
140 configs remaining (~1h 42m 49s, ETA: 19:24:56, based on a mean trial duration of 44.1s)
[2024-09-12 17:42:06]
========== CONFIG 113 ==========
Nin_virtual               2
Nhidden                   100
Nt                        12
Nin                       8400
[2024-09-12 17:42:06]
Starting trial ccfaf8a0792a700d927fba66fdbd4ae4.
[2024-09-12 17:42:52]
acc_max_epoch             15
acc_max_mean              0.7964142560958862
acc_max_std               0.0246232058852911
[2024-09-12 17:42:52]
Finished trial ccfaf8a0792a700d927fba66fdbd4ae4 after 46.3s
[2024-09-12 17:43:07]
139 configs remaining (~1h 42m 6s, ETA: 19:25:13, based on a mean trial duration of 44.1s)
[2024-09-12 17:43:07]
========== CONFIG 114 ==========
Nin_virtual               2
Nhidden                   100
Nt                        14
Nin                       9800
[2024-09-12 17:43:07]
Starting trial 94d3f2414d906347fbf4c7322d659fab.
[2024-09-12 17:43:53]
acc_max_epoch             19
acc_max_mean              0.7973132133483887
acc_max_std               0.025047771632671356
[2024-09-12 17:43:53]
Finished trial 94d3f2414d906347fbf4c7322d659fab after 46.5s
[2024-09-12 17:44:08]
138 configs remaining (~1h 41m 21s, ETA: 19:25:29, based on a mean trial duration of 44.1s)
[2024-09-12 17:44:08]
========== CONFIG 115 ==========
Nin_virtual               2
Nhidden                   100
Nt                        16
Nin                       11200
[2024-09-12 17:44:08]
Starting trial 26ac1a48ea0a36dbd3782de26b78ca86.
[2024-09-12 17:44:52]
acc_max_epoch             18
acc_max_mean              0.804266095161438
acc_max_std               0.01332082413136959
[2024-09-12 17:44:52]
Finished trial 26ac1a48ea0a36dbd3782de26b78ca86 after 44.2s
[2024-09-12 17:45:09]
137 configs remaining (~1h 40m 35s, ETA: 19:25:45, based on a mean trial duration of 44.1s)
[2024-09-12 17:45:09]
========== CONFIG 116 ==========
Nin_virtual               2
Nhidden                   100
Nt                        18
Nin                       12600
[2024-09-12 17:45:09]
Starting trial 94ed70cf349574aa43736ab493311eb3.
[2024-09-12 17:45:53]
acc_max_epoch             19
acc_max_mean              0.795437753200531
acc_max_std               0.00491958437487483
[2024-09-12 17:45:53]
Finished trial 94ed70cf349574aa43736ab493311eb3 after 44.3s
[2024-09-12 17:46:08]
136 configs remaining (~1h 39m 48s, ETA: 19:25:56, based on a mean trial duration of 44.0s)
[2024-09-12 17:46:08]
========== CONFIG 117 ==========
Nin_virtual               2
Nhidden                   150
Nt                        4
Nin                       2800
[2024-09-12 17:46:08]
Starting trial 6897af36d51ecbb6c46dfba9424c0a00.
[2024-09-12 17:47:02]
acc_max_epoch             20
acc_max_mean              0.5920337438583374
acc_max_std               0.02485482767224312
[2024-09-12 17:47:02]
Finished trial 6897af36d51ecbb6c46dfba9424c0a00 after 53.7s
[2024-09-12 17:47:16]
135 configs remaining (~1h 39m 6s, ETA: 19:26:23, based on a mean trial duration of 44.0s)
[2024-09-12 17:47:16]
========== CONFIG 118 ==========
Nin_virtual               2
Nhidden                   150
Nt                        6
Nin                       4200
[2024-09-12 17:47:16]
Starting trial b23d8aec21b7bca6019de304bf757635.
[2024-09-12 17:48:07]
acc_max_epoch             20
acc_max_mean              0.7065455317497253
acc_max_std               0.016823172569274902
[2024-09-12 17:48:07]
Finished trial b23d8aec21b7bca6019de304bf757635 after 50.9s
[2024-09-12 17:48:25]
134 configs remaining (~1h 38m 23s, ETA: 19:26:48, based on a mean trial duration of 44.1s)
[2024-09-12 17:48:25]
========== CONFIG 119 ==========
Nin_virtual               2
Nhidden                   150
Nt                        8
Nin                       5600
[2024-09-12 17:48:25]
Starting trial f3914a562ccbb473369d5b9711f743be.
[2024-09-12 17:49:16]
acc_max_epoch             20
acc_max_mean              0.7822222709655762
acc_max_std               0.014228455722332
[2024-09-12 17:49:16]
Finished trial f3914a562ccbb473369d5b9711f743be after 51.1s
[2024-09-12 17:49:31]
133 configs remaining (~1h 37m 40s, ETA: 19:27:11, based on a mean trial duration of 44.1s)
[2024-09-12 17:49:31]
========== CONFIG 120 ==========
Nin_virtual               2
Nhidden                   150
Nt                        10
Nin                       7000
[2024-09-12 17:49:31]
Starting trial 99a973b794881a12a3594e85f13d8cb4.
[2024-09-12 17:50:25]
acc_max_epoch             20
acc_max_mean              0.7958048582077026
acc_max_std               0.012369292788207531
[2024-09-12 17:50:25]
Finished trial 99a973b794881a12a3594e85f13d8cb4 after 54.3s
[2024-09-12 17:50:40]
132 configs remaining (~1h 36m 57s, ETA: 19:27:38, based on a mean trial duration of 44.1s)
[2024-09-12 17:50:40]
========== CONFIG 121 ==========
Nin_virtual               2
Nhidden                   150
Nt                        12
Nin                       8400
[2024-09-12 17:50:40]
Starting trial 3df10fef25ecc5800daa2f0abfd172a5.
[2024-09-12 17:51:34]
acc_max_epoch             20
acc_max_mean              0.8082122206687927
acc_max_std               0.009414850734174252
[2024-09-12 17:51:35]
Finished trial 3df10fef25ecc5800daa2f0abfd172a5 after 54.4s
