[2024-09-15 15:23:39]
CONSTANTS:
  device_count              1
  seed                      0
  eps                       1e-06
  Nhidden                   100
  Nlayer                    2
  Nout                      20
  w_scale                   0.5
  T                         2
  K                         300
  dt                        0.001
  beta1                     0.9
  beta2                     0.999
  p_flip                    0
  Nepochs                   40
  Ntrain                    None
  Nin                       700
  Nsamples                  3
[2024-09-15 15:23:39]
VARIABLES: tau, I0, Nin_virtual, gamma, Nbatch, lr, tau_lr
[2024-09-15 15:23:45]
1440 configs remaining (~1d 1h 57m 53s, ETA: 17:21:39, based on a mean trial duration of 64.9s)
[2024-09-15 15:23:45]
========== CONFIG 1 ==========
tau                       1/3 pi^-1
I0                        1.12
Nin_virtual               1
gamma                     0.001
Nbatch                    500
lr                        0.001
tau_lr                    10
[2024-09-15 15:23:45]
Starting trial 4913dc8bcd31409f5f039263d75b0077.
