[2024-09-15 16:42:54]
CONSTANTS:
  device_count              1
  seed                      0
  eps                       1e-06
  Nhidden                   100
  Nlayer                    2
  Nout                      20
  w_scale                   0.5
  T                         2
  K                         300
  dt                        0.001
  Nbatch                    2000
  beta1                     0.9
  beta2                     0.999
  p_flip                    0
  Nepochs                   40
  Ntrain                    None
  Nin                       700
  Nsamples                  3
[2024-09-15 16:42:54]
VARIABLES: tau, I0, Nin_virtual, gamma, lr, tau_lr
[2024-09-15 16:43:11]
480 configs remaining (~8h 8m 41s, ETA: 00:51:52, based on a mean trial duration of 61.1s)
[2024-09-15 16:43:11]
========== CONFIG 1 ==========
tau                       1/3 pi^-1
I0                        1.12
Nin_virtual               1
gamma                     0.001
lr                        0.001
tau_lr                    10
[2024-09-15 16:43:11]
This config has already been used in trial 5d9a0f54f5de89198f73110fada6819b and finished successfully. Skipping.
[2024-09-15 16:43:28]
479 configs remaining (~8h 7m 40s, ETA: 00:51:08, based on a mean trial duration of 61.1s)
[2024-09-15 16:43:28]
========== CONFIG 2 ==========
tau                       1/6 pi^-1
I0                        1.12
Nin_virtual               1
gamma                     0.001
lr                        0.001
tau_lr                    10
[2024-09-15 16:43:28]
This config has already been used in trial 2aa597d84f4e7e3039dad0b410ec11a6 and finished successfully. Skipping.
[2024-09-15 16:43:44]
478 configs remaining (~8h 6m 38s, ETA: 00:50:23, based on a mean trial duration of 61.1s)
[2024-09-15 16:43:44]
========== CONFIG 3 ==========
tau                       1/3 pi^-1
I0                        1.25
Nin_virtual               1
gamma                     0.001
lr                        0.001
tau_lr                    10
[2024-09-15 16:43:44]
This config has already been used in trial 495db8a06554ce30b4b5b2ae29edbd1f and finished successfully. Skipping.
[2024-09-15 16:44:01]
477 configs remaining (~8h 5m 37s, ETA: 00:49:39, based on a mean trial duration of 61.1s)
[2024-09-15 16:44:01]
========== CONFIG 4 ==========
tau                       1/3 pi^-1
I0                        1.38
Nin_virtual               1
gamma                     0.001
lr                        0.001
tau_lr                    10
[2024-09-15 16:44:01]
This config has already been used in trial 122aa936e10d2580c0f2f1d65cffd516 and finished successfully. Skipping.
[2024-09-15 16:44:17]
476 configs remaining (~8h 4m 36s, ETA: 00:48:54, based on a mean trial duration of 61.1s)
[2024-09-15 16:44:17]
========== CONFIG 5 ==========
tau                       1/6 pi^-1
I0                        1.25
Nin_virtual               1
gamma                     0.001
lr                        0.001
tau_lr                    10
[2024-09-15 16:44:17]
This config has already been used in trial 1b230e68be9489042334857d98c244d3 and finished successfully. Skipping.
[2024-09-15 16:44:34]
475 configs remaining (~8h 3m 35s, ETA: 00:48:10, based on a mean trial duration of 61.1s)
[2024-09-15 16:44:34]
========== CONFIG 6 ==========
tau                       1/6 pi^-1
I0                        1.38
Nin_virtual               1
gamma                     0.001
lr                        0.001
tau_lr                    10
[2024-09-15 16:44:34]
This config has already been used in trial ea1d95d5f4db553b3bdf1c3b14b59330 and finished successfully. Skipping.
[2024-09-15 16:44:50]
474 configs remaining (~8h 2m 34s, ETA: 00:47:25, based on a mean trial duration of 61.1s)
[2024-09-15 16:44:50]
========== CONFIG 7 ==========
tau                       1/3 pi^-1
I0                        1.12
Nin_virtual               4
gamma                     0.001
lr                        0.001
tau_lr                    10
[2024-09-15 16:44:50]
This config has already been used in trial a4318e70660b7c144db7d7bb0688b947 and finished successfully. Skipping.
[2024-09-15 16:45:07]
473 configs remaining (~8h 1m 33s, ETA: 00:46:40, based on a mean trial duration of 61.1s)
[2024-09-15 16:45:07]
========== CONFIG 8 ==========
tau                       1/3 pi^-1
I0                        1.12
Nin_virtual               8
gamma                     0.001
lr                        0.001
tau_lr                    10
[2024-09-15 16:45:07]
This config has already been used in trial 54adcfd2b3bb4845a146a39d73dc9cb5 and finished successfully. Skipping.
[2024-09-15 16:45:23]
472 configs remaining (~8h 0m 32s, ETA: 00:45:56, based on a mean trial duration of 61.1s)
[2024-09-15 16:45:23]
========== CONFIG 9 ==========
tau                       1/3 pi^-1
I0                        1.12
Nin_virtual               16
gamma                     0.001
lr                        0.001
tau_lr                    10
[2024-09-15 16:45:24]
This config has already been used in trial 925880298371a6ae9a2b4673ce145958 and finished successfully. Skipping.
[2024-09-15 16:45:40]
471 configs remaining (~7h 59m 31s, ETA: 00:45:11, based on a mean trial duration of 61.1s)
[2024-09-15 16:45:40]
========== CONFIG 10 ==========
tau                       1/3 pi^-1
I0                        1.12
Nin_virtual               32
gamma                     0.001
lr                        0.001
tau_lr                    10
[2024-09-15 16:45:40]
This config has already been used in trial 74c298596240d65e54542ad9d2fb2483 and finished successfully. Skipping.
[2024-09-15 16:45:56]
470 configs remaining (~7h 58m 30s, ETA: 00:44:27, based on a mean trial duration of 61.1s)
[2024-09-15 16:45:56]
========== CONFIG 11 ==========
tau                       1/6 pi^-1
I0                        1.12
Nin_virtual               4
gamma                     0.001
lr                        0.001
tau_lr                    10
[2024-09-15 16:45:57]
This config has already been used in trial 05b7821a5512b9238ec611e832936fae and finished successfully. Skipping.
[2024-09-15 16:46:13]
469 configs remaining (~7h 56m 11s, ETA: 00:42:24, based on a mean trial duration of 60.9s)
[2024-09-15 16:46:13]
========== CONFIG 12 ==========
tau                       1/6 pi^-1
I0                        1.12
Nin_virtual               8
gamma                     0.001
lr                        0.001
tau_lr                    10
[2024-09-15 16:46:13]
This config has already been used in trial 7fe606f18bd86a22879241daa00d37ce and finished successfully. Skipping.
[2024-09-15 16:46:29]
468 configs remaining (~7h 53m 52s, ETA: 00:40:22, based on a mean trial duration of 60.8s)
[2024-09-15 16:46:29]
========== CONFIG 13 ==========
tau                       1/6 pi^-1
I0                        1.12
Nin_virtual               16
gamma                     0.001
lr                        0.001
tau_lr                    10
[2024-09-15 16:46:29]
This config has already been used in trial 41f072f2417ae52fad6d6e19607c6a12 and finished successfully. Skipping.
[2024-09-15 16:46:46]
467 configs remaining (~7h 52m 51s, ETA: 00:39:38, based on a mean trial duration of 60.8s)
[2024-09-15 16:46:46]
========== CONFIG 14 ==========
tau                       1/6 pi^-1
I0                        1.12
Nin_virtual               32
gamma                     0.001
lr                        0.001
tau_lr                    10
[2024-09-15 16:46:46]
This config has already been used in trial 63400e4526be193fc1fda7b9f0db6686 and finished successfully. Skipping.
[2024-09-15 16:47:02]
466 configs remaining (~7h 51m 50s, ETA: 00:38:53, based on a mean trial duration of 60.8s)
[2024-09-15 16:47:02]
========== CONFIG 15 ==========
tau                       1/3 pi^-1
I0                        1.25
Nin_virtual               4
gamma                     0.001
lr                        0.001
tau_lr                    10
[2024-09-15 16:47:02]
This config has already been used in trial 2cbae03bfe26a7bda4ede394dc3379ac and finished successfully. Skipping.
[2024-09-15 16:47:19]
465 configs remaining (~7h 50m 50s, ETA: 00:38:09, based on a mean trial duration of 60.8s)
[2024-09-15 16:47:19]
========== CONFIG 16 ==========
tau                       1/3 pi^-1
I0                        1.25
Nin_virtual               8
gamma                     0.001
lr                        0.001
tau_lr                    10
[2024-09-15 16:47:19]
This config has already been used in trial ca619c3867a6aa35a06228efc401f39f and finished successfully. Skipping.
[2024-09-15 16:47:35]
464 configs remaining (~7h 49m 49s, ETA: 00:37:25, based on a mean trial duration of 60.8s)
[2024-09-15 16:47:35]
========== CONFIG 17 ==========
tau                       1/3 pi^-1
I0                        1.25
Nin_virtual               16
gamma                     0.001
lr                        0.001
tau_lr                    10
[2024-09-15 16:47:35]
This config has already been used in trial 962b180e30fefc936aa409dbb6ead244 and finished successfully. Skipping.
[2024-09-15 16:47:52]
463 configs remaining (~7h 48m 48s, ETA: 00:36:40, based on a mean trial duration of 60.8s)
[2024-09-15 16:47:52]
========== CONFIG 18 ==========
tau                       1/3 pi^-1
I0                        1.25
Nin_virtual               32
gamma                     0.001
lr                        0.001
tau_lr                    10
[2024-09-15 16:47:52]
This config has already been used in trial 6989afdebd381a379c9ae221de4fd0e5 and finished successfully. Skipping.
